[COT 2024-02-29 21:16:56] 76561198036774377: Set GodMode To true [guid=mBNlxASsPlOcry0dpDl8K-WgHNR5WMCMmoJ9NhpU4FY=]
[COT 2024-02-29 21:16:56] 76561198036774377: Set Invisibility To 1 [guid=mBNlxASsPlOcry0dpDl8K-WgHNR5WMCMmoJ9NhpU4FY=]
[COT 2024-02-29 21:16:57] 76561198036774377: Set Invisibility To 0 [guid=mBNlxASsPlOcry0dpDl8K-WgHNR5WMCMmoJ9NhpU4FY=]
[COT 2024-02-29 21:35:42] 76561199407766611: Set GodMode To true [guid=spMEkRl42onhFHdF_u42e0T03x2sj347kUc600NXdGA=]
[COT 2024-02-29 21:35:43] 76561199407766611: Set Invisibility To 1 [guid=spMEkRl42onhFHdF_u42e0T03x2sj347kUc600NXdGA=]
[COT 2024-02-29 21:35:44] 76561199407766611: Set UnlimitedAmmo To true [guid=spMEkRl42onhFHdF_u42e0T03x2sj347kUc600NXdGA=]
[COT 2024-02-29 21:36:02] 76561199407766611: Teleported to position <6239.034180, 65.215996, 8338.746094>
[COT 2024-02-29 21:36:12] 76561199407766611: Spawned Entity ADMIN GEAR-DOC-TOP (DOC_ADMIN_DOC_TOP<b7b47c20>, 100, 80, 0) at <6239.161621, 65.216003, 8339.113281>
[COT 2024-02-29 21:36:45] 76561199407766611: Teleported to position <6457.133789, 22.910337, 3415.884277>
[COT 2024-02-29 21:36:58] 76561199407766611: Entered the Free Camera
[COT 2024-02-29 21:39:00] 76561199407766611: Left the Free Camera
[COT 2024-02-29 21:39:11] 76561199407766611: Teleported to position <5676.561523, 66.187500, 8103.290039>
[COT 2024-02-29 21:39:19] 76561199407766611: Teleported to position <5234.836914, 219.708130, 5173.270996>
[COT 2024-02-29 21:40:04] 76561199407766611: Spawned Entity Medium Tent (MediumTent<e75cc1c0>, 100, 600, 0) at <5126.593750, 222.902420, 5008.610352>
[COT 2024-02-29 21:40:45] 76561199407766611: Spawned Entity Ammo_408Cheytac (TWP_Ammo_408Cheytac<a5b216d0>, 10, 100, 0) at <5124.205566, 222.914978, 5008.854492>
[COT 2024-02-29 21:40:57] 76561199407766611: Spawned Entity M200 (408Cheytac) (CZ527_Base<acbc3670>, 10, 300, 0) at <5124.205566, 222.914978, 5008.854492>
[COT 2024-02-29 21:41:21] 76561199407766611: Spawned Entity Doc's Glock - Black/FDE (DOC_GLOCK_BLKFDE<acbc0230>, 100, 2800, 0) at <5124.205566, 222.914978, 5008.854492>
[COT 2024-02-29 21:41:35] 76561199407766611: Spawned Entity Bunker's Pistol Suppressor (ItemSuppressor<ac32c0f0>, 100, 1800, 0) at <5124.205566, 222.914978, 5008.854492>
[COT 2024-02-29 21:42:31] 76561199407766611: Spawned Entity Hryvnia Banknotes Stack (ExpansionBanknoteHryvnia<c0dc25c0>, 280, 100, 0) at <5124.151367, 222.956085, 5009.275879>
[COT 2024-02-29 21:42:31] 76561199407766611: Spawned Entity Hryvnia Banknotes Stack (ExpansionBanknoteHryvnia<c0dbe060>, 280, 100, 0) at <5124.151367, 222.956085, 5009.275879>
[COT 2024-02-29 21:42:31] 76561199407766611: Spawned Entity Hryvnia Banknotes Stack (ExpansionBanknoteHryvnia<c0dc3ce0>, 280, 100, 0) at <5124.151367, 222.956085, 5009.275879>
[COT 2024-02-29 21:42:32] 76561199407766611: Spawned Entity Hryvnia Banknotes Stack (ExpansionBanknoteHryvnia<c0dc0ea0>, 280, 100, 0) at <5124.151367, 222.956085, 5009.275879>
[COT 2024-02-29 21:42:32] 76561199407766611: Spawned Entity Hryvnia Banknotes Stack (ExpansionBanknoteHryvnia<c0dc1a30>, 280, 100, 0) at <5124.151367, 222.956085, 5009.275879>
[COT 2024-02-29 21:42:32] 76561199407766611: Spawned Entity Hryvnia Banknotes Stack (ExpansionBanknoteHryvnia<c0dc8dd0>, 280, 100, 0) at <5124.151367, 222.956085, 5009.275879>
[COT 2024-02-29 21:42:32] 76561199407766611: Spawned Entity Hryvnia Banknotes Stack (ExpansionBanknoteHryvnia<c0dc9960>, 280, 100, 0) at <5124.151367, 222.956085, 5009.275879>
[COT 2024-02-29 21:42:32] 76561199407766611: Spawned Entity Hryvnia Banknotes Stack (ExpansionBanknoteHryvnia<c0dc3150>, 280, 100, 0) at <5124.151367, 222.956085, 5009.275879>
[COT 2024-02-29 21:42:32] 76561199407766611: Spawned Entity Hryvnia Banknotes Stack (ExpansionBanknoteHryvnia<c0dc5400>, 280, 100, 0) at <5124.151367, 222.956085, 5009.275879>
[COT 2024-02-29 21:42:32] 76561199407766611: Spawned Entity Hryvnia Banknotes Stack (ExpansionBanknoteHryvnia<c0dd6980>, 280, 100, 0) at <5124.151367, 222.956085, 5009.275879>
[COT 2024-02-29 21:42:32] 76561199407766611: Spawned Entity Hryvnia Banknotes Stack (ExpansionBanknoteHryvnia<c0dd2fb0>, 280, 100, 0) at <5124.151367, 222.956085, 5009.275879>
[COT 2024-02-29 21:42:33] 76561199407766611: Spawned Entity Hryvnia Banknotes Stack (ExpansionBanknoteHryvnia<c0dd8c30>, 280, 100, 0) at <5124.151367, 222.956085, 5009.275879>
[COT 2024-02-29 21:42:33] 76561199407766611: Spawned Entity Hryvnia Banknotes Stack (ExpansionBanknoteHryvnia<c0dda350>, 280, 100, 0) at <5124.151367, 222.956085, 5009.275879>
[COT 2024-02-29 21:42:33] 76561199407766611: Spawned Entity Hryvnia Banknotes Stack (ExpansionBanknoteHryvnia<c0dd46d0>, 280, 100, 0) at <5124.151367, 222.956085, 5009.275879>
[COT 2024-02-29 21:42:33] 76561199407766611: Spawned Entity Hryvnia Banknotes Stack (ExpansionBanknoteHryvnia<c0ddd190>, 280, 100, 0) at <5124.151367, 222.956085, 5009.275879>
[COT 2024-02-29 21:42:33] 76561199407766611: Spawned Entity Hryvnia Banknotes Stack (ExpansionBanknoteHryvnia<c0dddd20>, 280, 100, 0) at <5124.151367, 222.956085, 5009.275879>
[COT 2024-02-29 21:42:33] 76561199407766611: Spawned Entity Hryvnia Banknotes Stack (ExpansionBanknoteHryvnia<c0de8a90>, 280, 100, 0) at <5124.151367, 222.956085, 5009.275879>
[COT 2024-02-29 21:42:33] 76561199407766611: Spawned Entity Hryvnia Banknotes Stack (ExpansionBanknoteHryvnia<c0de5c50>, 280, 100, 0) at <5124.151367, 222.956085, 5009.275879>
[COT 2024-02-29 21:42:50] 76561199407766611: Spawned Entity Boxed Nails (NailBox<b73eb9f0>, 100, 80, 0) at <5124.151367, 222.956085, 5009.275879>
[COT 2024-02-29 21:42:50] 76561199407766611: Spawned Entity Boxed Nails (NailBox<b73e51e0>, 100, 80, 0) at <5124.151367, 222.956085, 5009.275879>
[COT 2024-02-29 21:42:50] 76561199407766611: Spawned Entity Boxed Nails (NailBox<b73d98e0>, 100, 80, 0) at <5124.151367, 222.956085, 5009.275879>
[COT 2024-02-29 21:42:50] 76561199407766611: Spawned Entity Boxed Nails (NailBox<c16fd400>, 100, 80, 0) at <5124.151367, 222.956085, 5009.275879>
[COT 2024-02-29 21:42:51] 76561199407766611: Spawned Entity Boxed Nails (NailBox<c16f7780>, 100, 80, 0) at <5124.151367, 222.956085, 5009.275879>
[COT 2024-02-29 21:42:51] 76561199407766611: Spawned Entity Boxed Nails (NailBox<c16f6bf0>, 100, 80, 0) at <5124.151367, 222.956085, 5009.275879>
[COT 2024-02-29 21:42:51] 76561199407766611: Spawned Entity Boxed Nails (NailBox<c16fdf90>, 100, 80, 0) at <5124.151367, 222.956085, 5009.275879>
[COT 2024-02-29 21:42:51] 76561199407766611: Spawned Entity Boxed Nails (NailBox<c16f8ea0>, 100, 80, 0) at <5124.151367, 222.956085, 5009.275879>
[COT 2024-02-29 21:42:51] 76561199407766611: Spawned Entity Boxed Nails (NailBox<c16f9a30>, 100, 80, 0) at <5124.151367, 222.956085, 5009.275879>
[COT 2024-02-29 21:42:51] 76561199407766611: Spawned Entity Boxed Nails (NailBox<c1701960>, 100, 80, 0) at <5124.151367, 222.956085, 5009.275879>
[COT 2024-02-29 21:42:51] 76561199407766611: Spawned Entity Boxed Nails (NailBox<c16fb150>, 100, 80, 0) at <5124.151367, 222.956085, 5009.275879>
[COT 2024-02-29 21:42:52] 76561199407766611: Spawned Entity Boxed Nails (NailBox<c1708170>, 100, 80, 0) at <5124.151367, 222.956085, 5009.275879>
[COT 2024-02-29 21:42:52] 76561199407766611: Spawned Entity Boxed Nails (NailBox<c1705330>, 100, 80, 0) at <5124.151367, 222.956085, 5009.275879>
[COT 2024-02-29 21:42:52] 76561199407766611: Spawned Entity Boxed Nails (NailBox<c17100a0>, 100, 80, 0) at <5124.151367, 222.956085, 5009.275879>
[COT 2024-02-29 21:42:52] 76561199407766611: Spawned Entity Boxed Nails (NailBox<c17117c0>, 100, 80, 0) at <5124.151367, 222.956085, 5009.275879>
[COT 2024-02-29 21:43:30] 76561199407766611: Teleported to position <9334.749023, 2.643424, 1150.676270>
[COT 2024-02-29 21:45:09] 76561199407766611: Set GodMode To true [guid=spMEkRl42onhFHdF_u42e0T03x2sj347kUc600NXdGA=]
[COT 2024-02-29 21:45:10] 76561199407766611: Set Invisibility To 1 [guid=spMEkRl42onhFHdF_u42e0T03x2sj347kUc600NXdGA=]
[COT 2024-02-29 21:45:11] 76561199407766611: Healed [guid=spMEkRl42onhFHdF_u42e0T03x2sj347kUc600NXdGA=]
[COT 2024-02-29 21:45:34] 76561199407766611: Spawned Entity Large Tent (LargeTent<bc1b8330>, 100, 2000, 0) at <9306.604492, 2.642621, 1125.871826>
[COT 2024-02-29 21:46:03] 76561199407766611: Spawned Entity Doc's Glock - Gold (DOC_GLOCK_GOLD<966e7160>, 100, 2800, 0) at <9304.373047, 2.710781, 1125.172729>
[COT 2024-02-29 21:46:41] 76561199407766611: Spawned Entity HoneyBadgerGold (300WinMag) (M4A1_Base<9670e460>, 100, 200, 0) at <9304.359375, 2.710781, 1125.173950>
[COT 2024-02-29 21:46:54] 76561199407766611: Spawned Entity HoneyBadgerGold_mag_40Rnd (Mag_STANAG_30Rnd<aec7c2c0>, 40, 100, 0) at <9304.355469, 2.710781, 1125.175049>
[COT 2024-02-29 21:47:37] 76561199407766611: Spawned Entity Doc's Gold Pistol Suppressor (ItemSuppressor<ae7afce0>, 40, 1800, 0) at <9306.665039, 3.592232, 1126.699951>
[COT 2024-02-29 21:48:23] 76561199407766611: Spawned Entity Flashlight (Flashlight<ae7cee10>, 100, 70, 0) at <9310.066406, 2.642663, 1132.209106>
[COT 2024-02-29 21:48:57] 76561199407766611: Teleported to position <230.957047, 149.609985, 5660.822754>
[COT 2024-02-29 21:49:19] 76561199407766611: Spawned Entity Signal Pistol (Flaregun<ae54dc20>, 100, 150, 0) at <244.728333, 149.609985, 5675.310547>
[COT 2024-02-29 21:50:23] 76561199407766611: Spawned Entity Sea Chest (SeaChest<1ea6c6e0>, 100, 600, 0) at <262.147003, 169.925400, 5673.955078>
[COT 2024-02-29 21:52:26] 76561199407766611: Entered the Free Camera
[COT 2024-02-29 21:52:34] 76561199407766611: ESP: ESP updating
[COT 2024-02-29 21:52:48] 76561199407766611: Left the Free Camera
[COT 2024-02-29 21:53:08] 76561199407766611: Spawned Entity Flare (Ammo_Flare<f139ad70>, 20, 100, 0) at <328.311310, 126.598427, 6623.719238>
[COT 2024-02-29 21:53:31] 76561199407766611: Entered the Free Camera
[COT 2024-02-29 21:54:07] 76561199407766611: Left the Free Camera
[COT 2024-02-29 21:54:27] 76561199407766611: Spawned Entity Medium Tent (MediumTent_Green<e75d5e90>, 100, 600, 0) at <327.346100, 126.595253, 6623.542480>
[COT 2024-02-29 21:55:39] 76561199407766611: Spawned Entity M200 (408Cheytac) (CZ527_Base<ccafc7b0>, 100, 300, 0) at <328.945526, 126.615646, 6624.748047>
[COT 2024-02-29 21:56:01] 76561199407766611: Spawned Entity PO-X Antidote (AntiChemInjector<c8d260>, 100, 50, 0) at <328.946106, 126.615646, 6624.747559>
[COT 2024-02-29 21:56:12] 76561199407766611: Spawned Entity PO-X Antidote (AntiChemInjector<ac5d7b20>, 100, 50, 0) at <328.944214, 126.615639, 6624.718262>
[COT 2024-02-29 21:57:05] 76561199407766611: Teleported to position <3661.992676, 338.621521, 4917.242188>
[COT 2024-02-29 21:57:35] 76561199407766611: Spawned Entity Medium Tent (MediumTent_Orange<43361570>, 100, 600, 0) at <3693.951904, 338.568939, 4929.157715>
[COT 2024-02-29 21:58:35] 76561199407766611: Spawned Entity ColtPython (357) (TWP_ColtPython<ae534a20>, 100, 200, 0) at <3693.931152, 338.569427, 4930.164063>
[COT 2024-02-29 22:00:27] 76561199407766611: Teleported to position <6615.238770, 21.269701, 3664.678223>
[COT 2024-02-29 22:01:21] 76561199407766611: Set Invisibility To 0 [guid=spMEkRl42onhFHdF_u42e0T03x2sj347kUc600NXdGA=]
