[COT 2024-03-11 22:09:57] 76561198036774377: Spawned Entity Parking Meter Construction-Kit (ExpansionParkingMeterKit<91e7f9e0>, 100, 200, 0) at <9086.298828, 60.995338, 4686.602539>
[COT 2024-03-11 22:10:08] 76561198036774377: Spawned Entity Car Battery (CarBattery<91e8e120>, 50, 200, 0) at <9084.601563, 61.140732, 4685.437988>
[COT 2024-03-11 22:10:17] 76561198036774377: Spawned Entity Circuit Board - MK3 (ExpansionCircuitBoard_MK3<91e8ecb0>, 50, 20, 0) at <9083.690430, 61.228123, 4686.055664>
[COT 2024-03-11 22:11:08] 76561198036774377: Spawned Entity G65_Pride (G65<8aa53d60>, 100, 10000, 0) at <9087.568359, 60.885048, 4687.250977>
[COT 2024-03-11 22:12:24] 76561198036774377: Deleted Entity G65_Pride:22254 at <9087.564453, 60.818611, 4687.250977>
[COT 2024-03-11 22:12:36] 76561198036774377: Spawned Entity Olga 24 (CivilianSedan_Black<8aa59580>, 100, 1000, 0) at <9088.767578, 60.776848, 4687.330078>
[COT 2024-03-11 22:21:16] 76561198036774377: Deleted Entity CivilianSedan_Black:20118 at <9088.841797, 60.758110, 4687.318359>
[COT 2024-03-11 22:21:19] 76561198036774377: Deleted Entity EpoxyPutty:22314 at <9088.578125, 60.794292, 4684.502930>
[COT 2024-03-11 22:21:20] 76561198036774377: Deleted Entity SparkPlug:8375 at <9088.578125, 60.785336, 4684.502930>
[COT 2024-03-11 22:21:21] 76561198036774377: Deleted Entity LugWrench:22128 at <9088.578125, 60.810997, 4684.502930>
[COT 2024-03-11 22:21:22] 76561198036774377: Deleted Entity Wrench:8478 at <9088.578125, 60.782028, 4684.502930>
[COT 2024-03-11 22:21:23] 76561198036774377: Deleted Entity Screwdriver:22129 at <9088.578125, 60.794006, 4684.502930>
[COT 2024-03-11 22:21:24] 76561198036774377: Deleted Entity Blowtorch:6770 at <9088.578125, 60.869209, 4684.502930>
[COT 2024-03-11 22:21:26] 76561198036774377: Deleted Entity Blowtorch:8067 at <9088.578125, 60.869209, 4684.502930>
[COT 2024-03-11 22:21:27] 76561198036774377: Deleted Entity HeadlightH7:10012 at <9088.578125, 60.804901, 4684.502930>
[COT 2024-03-11 22:21:28] 76561198036774377: Deleted Entity HeadlightH7:9800 at <9088.578125, 60.806541, 4684.502930>
[COT 2024-03-11 22:21:51] 76561198036774377: Deleted Entity MetalWire:13218 at <9084.660156, 61.158585, 4686.606934>
[COT 2024-03-11 22:21:53] 76561198036774377: Deleted Entity MetalWire:19144 at <9084.660156, 61.158585, 4686.606934>
[COT 2024-03-11 22:22:57] 76561198036774377: Entered the Free Camera
[COT 2024-03-11 22:23:01] 76561198036774377: Left the Free Camera
[COT 2024-03-11 22:23:48] 76561198036774377: Spawned vehicle Gunter 2 (Hatchback_02) at <9078.390625, 61.505966, 4681.145020>
[COT 2024-03-11 22:24:05] 76561198036774377: Spawned Entity Keys (ExpansionCarKey<9bbe2f60>, 100, 100, 0) at <9076.208984, 61.545322, 4681.139160>
[COT 2024-03-11 22:29:47] 76561198036774377: Teleported to position <6590.976074, 21.265652, 3646.789551>
