[COT 2024-03-06 17:02:21] 76561199108250772: Set GodMode To true [guid=OAdpPkJP2Ps_W7h2ttR1bK23ekHCzrxw0mDT3zqLMdU=]
[COT 2024-03-06 17:02:22] 76561199108250772: Set cannot be targeted by AI to true [guid=OAdpPkJP2Ps_W7h2ttR1bK23ekHCzrxw0mDT3zqLMdU=]
[COT 2024-03-06 17:02:22] 76561199108250772: Set UnlimitedStamina To true [guid=OAdpPkJP2Ps_W7h2ttR1bK23ekHCzrxw0mDT3zqLMdU=]
[COT 2024-03-06 17:02:23] 76561199108250772: Set UnlimitedAmmo To true [guid=OAdpPkJP2Ps_W7h2ttR1bK23ekHCzrxw0mDT3zqLMdU=]
[COT 2024-03-06 17:06:12] 76561199108250772: Teleported to position <3293.102783, 136.387192, 10164.906250>
[COT 2024-03-06 17:06:14] 76561199108250772: Entered the Free Camera
[COT 2024-03-06 17:06:36] 76561199108250772: Left the Free Camera
[COT 2024-03-06 17:07:00] 76561199108250772: Teleported [guid=-r2araXommLNgd2kLCOg5MUhQUGYZRsIrQF--_XcIVE=] to <1734.006470, 125.539406, 10108.979492>
[COT 2024-03-06 17:33:11] 76561199108250772: Teleported to position <210.119019, 103.358986, 7122.625977>
[COT 2024-03-06 17:33:17] 76561199108250772: Entered the Free Camera
[COT 2024-03-06 17:34:07] 76561199108250772: Left the Free Camera
[COT 2024-03-06 17:34:18] 76561199108250772: Teleported to position <6596.985352, 21.228817, 3649.759521>
[COT 2024-03-06 17:34:34] 76561199108250772: Set GodMode To true [guid=OAdpPkJP2Ps_W7h2ttR1bK23ekHCzrxw0mDT3zqLMdU=]
[COT 2024-03-06 17:34:38] 76561199108250772: Healed [guid=OAdpPkJP2Ps_W7h2ttR1bK23ekHCzrxw0mDT3zqLMdU=]
[COT 2024-03-06 17:34:39] 76561199108250772: Set UnlimitedAmmo To true [guid=OAdpPkJP2Ps_W7h2ttR1bK23ekHCzrxw0mDT3zqLMdU=]
[COT 2024-03-06 17:34:40] 76561199108250772: Set UnlimitedStamina To true [guid=OAdpPkJP2Ps_W7h2ttR1bK23ekHCzrxw0mDT3zqLMdU=]
[COT 2024-03-06 17:34:40] 76561199108250772: Set cannot be targeted by AI to true [guid=OAdpPkJP2Ps_W7h2ttR1bK23ekHCzrxw0mDT3zqLMdU=]
[COT 2024-03-06 20:36:09] 76561199407766611: Set GodMode To true [guid=spMEkRl42onhFHdF_u42e0T03x2sj347kUc600NXdGA=]
[COT 2024-03-06 20:36:10] 76561199407766611: Set Invisibility To 1 [guid=spMEkRl42onhFHdF_u42e0T03x2sj347kUc600NXdGA=]
[COT 2024-03-06 20:37:39] 76561199407766611: Healed [guid=-r2araXommLNgd2kLCOg5MUhQUGYZRsIrQF--_XcIVE=]
[COT 2024-03-06 20:44:15] 76561199407766611: Teleported to position <6179.860840, 35.774658, 9671.111328>
[COT 2024-03-06 20:44:41] 76561199407766611: Entered the Free Camera
[COT 2024-03-06 20:45:15] 76561199407766611: Left the Free Camera
[COT 2024-03-06 20:45:57] 76561199407766611: Spawned Entity MUSTANG Rust  (MUSTANG_rust<23d52f20>, 100, 3000, 0) at <5924.303711, 35.797932, 9352.660156>
[COT 2024-03-06 20:48:25] 76561199407766611: Spawned Entity Lock Pick (Lockpick<c8cbcfc0>, 100, 125, 0) at <5909.394043, 35.989323, 9361.958008>
[COT 2024-03-06 20:49:12] 76561199407766611: Teleported to position <376.889038, 4.362386, 910.221558>
[COT 2024-03-06 20:49:19] 76561199407766611: Entered the Free Camera
[COT 2024-03-06 20:49:52] 76561199407766611: Teleported to position <34.149899, -52.788567, 68.298950>
[COT 2024-03-06 20:49:53] 76561199407766611: Teleported to position <34.149899, -52.788567, 68.298950>
[COT 2024-03-06 20:49:57] 76561199407766611: Left the Free Camera
[COT 2024-03-06 20:50:16] 76561199407766611: Entered the Free Camera
[COT 2024-03-06 20:50:35] 76561199407766611: Left the Free Camera
[COT 2024-03-06 20:50:49] 76561199407766611: Entered the Free Camera
[COT 2024-03-06 20:50:53] 76561199407766611: Left the Free Camera
[COT 2024-03-06 20:51:46] 76561199407766611: Teleported to position <3846.587402, 186.560867, 7033.645020>
