[COT 2024-03-04 06:12:26] 76561199407766611: Set GodMode To true [guid=spMEkRl42onhFHdF_u42e0T03x2sj347kUc600NXdGA=]
[COT 2024-03-04 06:12:27] 76561199407766611: Set Invisibility To 1 [guid=spMEkRl42onhFHdF_u42e0T03x2sj347kUc600NXdGA=]
[COT 2024-03-04 06:12:28] 76561199407766611: Set UnlimitedAmmo To true [guid=spMEkRl42onhFHdF_u42e0T03x2sj347kUc600NXdGA=]
[COT 2024-03-04 06:12:53] 76561199407766611: Teleported to position <1624.315918, 7.672257, 1034.139404>
[COT 2024-03-04 06:13:02] 76561199407766611: ESP: ESP updating
[COT 2024-03-04 06:13:08] 76561199407766611: Entered the Free Camera
[COT 2024-03-04 06:16:32] 76561199407766611: Left the Free Camera
[COT 2024-03-04 06:16:40] 76561199407766611: ESP: Clearing ESP
[COT 2024-03-04 06:18:54] 76561199407766611: Teleported to position <150.941437, 105.440018, 7077.671875>
[COT 2024-03-04 06:18:59] 76561199407766611: Entered the Free Camera
[COT 2024-03-04 06:19:08] 76561199407766611: Left the Free Camera
[COT 2024-03-04 06:20:43] 76561199407766611: ESP: ESP updating
[COT 2024-03-04 06:20:59] 76561199407766611: Healed [guid=KWl3ojgjStHOe3-iLRChpUG8crsNiNfei3BT6NCIfaw=]
[COT 2024-03-04 06:21:03] 76561199407766611: Healed [guid=s7vJf2NuCNme1MUM_sgLr2G3yzcxYg10pO0s-GAKExM=]
[COT 2024-03-04 06:21:36] 76561199407766611: Spawned Entity Road Flare (Roadflare<bb8c1d40>, 20, 100, 0) at <154.787918, 105.441162, 7037.434570>
[COT 2024-03-04 06:21:45] 76561199407766611: Set Invisibility To 0 [guid=spMEkRl42onhFHdF_u42e0T03x2sj347kUc600NXdGA=]
[COT 2024-03-04 06:23:18] 76561199407766611: Spawned Entity Initiates Chain Tunic of The Withering Flesh (DOC_CULT_CHAINTOP<17103fc0>, 100, 550, 0) at <153.009201, 105.147675, 7058.309570>
[COT 2024-03-04 06:23:39] 76561199407766611: Spawned Entity Initiates Blade Of The Withering Flesh (DOC_SWORD_BASE_MEDIEVAL<b9b400b0>, 100, 600, 0) at <152.002777, 105.161919, 7059.028809>
[COT 2024-03-04 06:24:53] 76561199407766611: Spawned Entity Soul Reaver (DOC_SOULREAVER_SWORD<91ce3350>, 100, 600, 0) at <151.287277, 105.188301, 7056.419922>
[COT 2024-03-04 06:26:37] 76561199407766611: Spawned Entity Initiates Chain Chausses of The Withering Flesh (DOC_CULT_CHAINPANT<b38e98c0>, 100, 550, 0) at <238.851959, 100.285187, 7234.523438>
[COT 2024-03-04 06:27:02] 76561199407766611: Spawned Entity Initiates Blade Of The Withering Flesh (DOC_SWORD_BASE_MEDIEVAL<a161fc70>, 100, 600, 0) at <238.738495, 100.301430, 7234.294922>
[COT 2024-03-04 06:27:32] 76561199407766611: Set Invisibility To 1 [guid=spMEkRl42onhFHdF_u42e0T03x2sj347kUc600NXdGA=]
[COT 2024-03-04 06:27:35] 76561199407766611: Entered the Free Camera
[COT 2024-03-04 06:30:37] 76561199407766611: Left the Free Camera
[COT 2024-03-04 06:30:53] 76561199407766611: Teleported to position <2778.666748, 477.073242, 3412.551270>
[COT 2024-03-04 06:30:55] 76561199407766611: Entered the Free Camera
[COT 2024-03-04 06:32:07] 76561199407766611: Left the Free Camera
[COT 2024-03-04 06:32:14] 76561199407766611: Teleported to position <9573.333008, 3.841617, 9900.444336>
