[COT 2024-03-13 13:51:43] 76561199407766611: Set GodMode To true [guid=spMEkRl42onhFHdF_u42e0T03x2sj347kUc600NXdGA=]
[COT 2024-03-13 13:51:56] 76561199407766611: Spawned Entity MVS Rucksack - Midnight Camo (MountainBag_ColorBase<178e7bd0>, 100, 300, 0) at <6237.757324, 65.211960, 8136.687012>
[COT 2024-03-13 13:52:48] 76561199407766611: Spawned Entity Nails (Nail<17909b40>, 99, 80, 0) at <6242.736328, 65.212097, 8137.657227>
[COT 2024-03-13 13:52:48] 76561199407766611: Spawned Entity Nails (Nail<17903330>, 99, 80, 0) at <6242.627441, 65.251556, 8137.647461>
[COT 2024-03-13 13:52:49] 76561199407766611: Spawned Entity Nails (Nail<1790c980>, 99, 80, 0) at <6242.505859, 65.295540, 8137.636230>
[COT 2024-03-13 13:52:49] 76561199407766611: Spawned Entity Nails (Nail<17910ee0>, 99, 80, 0) at <6242.359863, 65.348335, 8137.624023>
[COT 2024-03-13 13:52:49] 76561199407766611: Spawned Entity Nails (Nail<1790a6d0>, 99, 80, 0) at <6242.234375, 65.393814, 8137.613770>
[COT 2024-03-13 13:52:49] 76561199407766611: Spawned Entity Nails (Nail<17910350>, 99, 80, 0) at <6242.087402, 65.446632, 8137.602051>
[COT 2024-03-13 13:52:49] 76561199407766611: Spawned Entity Nails (Nail<17911a70>, 99, 80, 0) at <6241.963379, 65.490929, 8137.591797>
[COT 2024-03-13 13:52:50] 76561199407766611: Spawned Entity Nails (Nail<1790e0a0>, 99, 80, 0) at <6241.869629, 65.524208, 8137.583496>
[COT 2024-03-13 13:52:50] 76561199407766611: Spawned Entity Nails (Nail<1790bdf0>, 99, 80, 0) at <6241.722656, 65.576515, 8137.571289>
[COT 2024-03-13 13:52:50] 76561199407766611: Spawned Entity Nails (Nail<1790d510>, 99, 80, 0) at <6241.595215, 65.622078, 8137.560547>
[COT 2024-03-13 13:52:51] 76561199407766611: Spawned Entity Nails (Nail<1790b260>, 99, 80, 0) at <6241.459961, 65.669853, 8137.549805>
[COT 2024-03-13 13:52:57] 76561199407766611: Spawned Entity Packed Blue God Cannabis Seeds (CP_CannabisSeedsPackBlue<17711780>, 99, 5, 0) at <6241.336914, 65.715393, 8137.541992>
[COT 2024-03-13 13:52:57] 76561199407766611: Spawned Entity Packed Blue God Cannabis Seeds (CP_CannabisSeedsPackBlue<17713a30>, 99, 5, 0) at <6241.232910, 65.752594, 8137.532715>
[COT 2024-03-13 13:52:57] 76561199407766611: Spawned Entity Packed Blue God Cannabis Seeds (CP_CannabisSeedsPackBlue<17710060>, 99, 5, 0) at <6241.135254, 65.787216, 8137.524902>
[COT 2024-03-13 13:52:57] 76561199407766611: Spawned Entity Packed Blue God Cannabis Seeds (CP_CannabisSeedsPackBlue<177145c0>, 99, 5, 0) at <6241.005859, 65.833542, 8137.514160>
[COT 2024-03-13 13:52:57] 76561199407766611: Spawned Entity Packed Blue God Cannabis Seeds (CP_CannabisSeedsPackBlue<17715150>, 99, 5, 0) at <6240.911133, 65.867210, 8137.506836>
[COT 2024-03-13 13:52:57] 76561199407766611: Spawned Entity Packed Blue God Cannabis Seeds (CP_CannabisSeedsPackBlue<17715ce0>, 99, 5, 0) at <6240.813965, 65.901764, 8137.499512>
[COT 2024-03-13 13:52:58] 76561199407766611: Spawned Entity Packed Blue God Cannabis Seeds (CP_CannabisSeedsPackBlue<17717400>, 99, 5, 0) at <6240.717285, 65.936226, 8137.491699>
[COT 2024-03-13 13:52:58] 76561199407766611: Spawned Entity Packed Blue God Cannabis Seeds (CP_CannabisSeedsPackBlue<17716870>, 99, 5, 0) at <6240.620117, 65.971077, 8137.483887>
[COT 2024-03-13 13:52:58] 76561199407766611: Spawned Entity Packed Blue God Cannabis Seeds (CP_CannabisSeedsPackBlue<17717f90>, 99, 5, 0) at <6240.525879, 66.005043, 8137.476074>
[COT 2024-03-13 13:52:58] 76561199407766611: Spawned Entity Packed Blue God Cannabis Seeds (CP_CannabisSeedsPackBlue<17718b20>, 99, 5, 0) at <6240.431641, 66.038849, 8137.469238>
[COT 2024-03-13 13:53:08] 76561199407766611: Spawned Entity Empty 1oz Bag (CP_EmptyBag<17712ea0>, 16, 100, 0) at <6243.194336, 65.212029, 8137.274902>
[COT 2024-03-13 13:53:08] 76561199407766611: Spawned Entity Empty 1oz Bag (CP_EmptyBag<17712310>, 16, 100, 0) at <6243.187500, 65.214584, 8137.275391>
[COT 2024-03-13 13:53:09] 76561199407766611: Spawned Entity Empty 1oz Bag (CP_EmptyBag<1771c4f0>, 16, 100, 0) at <6243.187500, 65.214577, 8137.275391>
[COT 2024-03-13 13:53:09] 76561199407766611: Spawned Entity Empty 1oz Bag (CP_EmptyBag<1771d080>, 16, 100, 0) at <6243.187988, 65.214157, 8137.274414>
[COT 2024-03-13 13:53:09] 76561199407766611: Spawned Entity Empty 1oz Bag (CP_EmptyBag<177196b0>, 16, 100, 0) at <6243.096191, 65.244194, 8137.274414>
[COT 2024-03-13 13:53:09] 76561199407766611: Spawned Entity Empty 1oz Bag (CP_EmptyBag<1771f330>, 16, 100, 0) at <6243.094727, 65.244789, 8137.273438>
[COT 2024-03-13 13:53:09] 76561199407766611: Spawned Entity Empty 1oz Bag (CP_EmptyBag<17720a50>, 16, 100, 0) at <6243.094727, 65.244598, 8137.273438>
[COT 2024-03-13 13:53:09] 76561199407766611: Spawned Entity Empty 1oz Bag (CP_EmptyBag<1771add0>, 16, 100, 0) at <6243.094238, 65.244797, 8137.274902>
[COT 2024-03-13 13:53:09] 76561199407766611: Spawned Entity Empty 1oz Bag (CP_EmptyBag<1771fec0>, 16, 100, 0) at <6243.088867, 65.246468, 8137.274902>
[COT 2024-03-13 13:53:10] 76561199407766611: Spawned Entity Empty 1oz Bag (CP_EmptyBag<1771e7a0>, 16, 100, 0) at <6243.088379, 65.246819, 8137.274902>
[COT 2024-03-13 13:53:10] 76561199407766611: Spawned Entity Empty 1oz Bag (CP_EmptyBag<1771dc10>, 16, 100, 0) at <6243.083008, 65.248856, 8137.273926>
[COT 2024-03-13 13:53:10] 76561199407766611: Spawned Entity Empty 1oz Bag (CP_EmptyBag<1771a240>, 16, 100, 0) at <6243.076172, 65.251312, 8137.272461>
[COT 2024-03-13 13:53:10] 76561199407766611: Spawned Entity Empty 1oz Bag (CP_EmptyBag<177215e0>, 16, 100, 0) at <6243.067383, 65.254517, 8137.271973>
[COT 2024-03-13 13:53:10] 76561199407766611: Spawned Entity Empty 1oz Bag (CP_EmptyBag<17722170>, 16, 100, 0) at <6243.067871, 65.254501, 8137.271973>
[COT 2024-03-13 13:53:10] 76561199407766611: Spawned Entity Empty 1oz Bag (CP_EmptyBag<1771b960>, 16, 100, 0) at <6243.066895, 65.254997, 8137.271973>
[COT 2024-03-13 13:53:11] 76561199407766611: Spawned Entity Empty 1oz Bag (CP_EmptyBag<17729510>, 16, 100, 0) at <6243.065918, 65.255440, 8137.271973>
[COT 2024-03-13 13:53:11] 76561199407766611: Spawned Entity Empty 1oz Bag (CP_EmptyBag<17728980>, 16, 100, 0) at <6243.065918, 65.255455, 8137.271973>
[COT 2024-03-13 13:53:11] 76561199407766611: Spawned Entity Empty 1oz Bag (CP_EmptyBag<17727260>, 16, 100, 0) at <6243.066406, 65.255348, 8137.270996>
[COT 2024-03-13 13:53:15] 76561199407766611: Spawned Entity Duct Tape (DuctTape<17724fb0>, 100, 50, 0) at <6243.062500, 65.255127, 8137.275391>
[COT 2024-03-13 13:54:28] 76561199407766611: Spawned Entity Duct Tape (DuctTape<18006180>, 100, 50, 0) at <6243.698242, 65.212082, 8137.633789>
[COT 2024-03-13 13:54:28] 76561199407766611: Spawned Entity Duct Tape (DuctTape<1800d520>, 100, 50, 0) at <6243.602051, 65.305946, 8137.624512>
[COT 2024-03-13 13:54:41] 76561199407766611: Spawned Entity Cement Mixer Kit (BBP_Cement_Mixer_Kit<180078a0>, 100, 100, 0) at <6243.710938, 65.212082, 8137.634766>
[COT 2024-03-13 13:55:03] 76561199407766611: Spawned Entity M107 (50BMG) (SVD_Base<f9af7f0>, 100, 250, 0) at <6244.929199, 65.212097, 8137.735352>
[COT 2024-03-13 13:55:06] 76561199407766611: Spawned Entity M107 (50BMG) (SVD_Base<f9a9c80>, 100, 250, 0) at <6244.151367, 65.212082, 8137.625977>
[COT 2024-03-13 13:55:11] 76561199407766611: Spawned Entity M107_mag_15Rnd (Mag_SVD_10Rnd<175824e0>, 15, 100, 0) at <6244.785645, 65.211952, 8136.843750>
[COT 2024-03-13 13:55:11] 76561199407766611: Spawned Entity M107_mag_15Rnd (Mag_SVD_10Rnd<17589880>, 15, 100, 0) at <6244.693359, 65.257736, 8136.859863>
[COT 2024-03-13 13:55:11] 76561199407766611: Spawned Entity M107_mag_15Rnd (Mag_SVD_10Rnd<17583070>, 15, 100, 0) at <6244.603027, 65.302910, 8136.875977>
[COT 2024-03-13 13:55:12] 76561199407766611: Spawned Entity M107_mag_15Rnd (Mag_SVD_10Rnd<1758e970>, 15, 100, 0) at <6244.516602, 65.346291, 8136.890625>
[COT 2024-03-13 13:55:45] 76561199407766611: Spawned Entity Concrete Mix (BBP_Cement<1758f500>, 2, 400, 0) at <6246.392090, 65.212326, 8139.405762>
[COT 2024-03-13 13:55:45] 76561199407766611: Spawned Entity Concrete Mix (BBP_Cement<17597fc0>, 2, 400, 0) at <6246.172363, 65.354599, 8139.265137>
[COT 2024-03-13 13:55:45] 76561199407766611: Spawned Entity Concrete Mix (BBP_Cement<1759fef0>, 2, 400, 0) at <6245.947754, 65.501060, 8139.118652>
[COT 2024-03-13 13:55:46] 76561199407766611: Spawned Entity Concrete Mix (BBP_Cement<1759a270>, 2, 400, 0) at <6245.723145, 65.647522, 8138.973633>
[COT 2024-03-13 13:55:46] 76561199407766611: Spawned Entity Concrete Mix (BBP_Cement<175a21a0>, 2, 400, 0) at <6245.501953, 65.793991, 8138.830078>
[COT 2024-03-13 13:55:47] 76561199407766611: Spawned Entity Concrete Mix (BBP_Cement<175a0a80>, 2, 400, 0) at <6245.320801, 65.913315, 8138.712891>
[COT 2024-03-13 13:55:52] 76561199407766611: Spawned Entity Mortar Mix (BBP_Mortar_Mix<175996e0>, 4, 100, 0) at <6245.105469, 66.051109, 8138.574707>
[COT 2024-03-13 13:55:52] 76561199407766611: Spawned Entity Mortar Mix (BBP_Mortar_Mix<175a1610>, 4, 100, 0) at <6244.955078, 66.149818, 8138.477051>
[COT 2024-03-13 13:55:52] 76561199407766611: Spawned Entity Mortar Mix (BBP_Mortar_Mix<1759b990>, 4, 100, 0) at <6244.786133, 66.261299, 8138.366699>
[COT 2024-03-13 13:55:52] 76561199407766611: Spawned Entity Mortar Mix (BBP_Mortar_Mix<175a2d30>, 4, 100, 0) at <6244.639160, 66.358292, 8138.270996>
[COT 2024-03-13 13:55:52] 76561199407766611: Spawned Entity Mortar Mix (BBP_Mortar_Mix<175a9540>, 4, 100, 0) at <6244.469727, 66.469772, 8138.161621>
[COT 2024-03-13 13:55:53] 76561199407766611: Spawned Entity Mortar Mix (BBP_Mortar_Mix<175a5b70>, 4, 100, 0) at <6244.325195, 66.564796, 8138.067871>
[COT 2024-03-13 13:56:01] 76561199407766611: Spawned Entity MVS Rucksack - Multicam (MountainBag_ColorBase<175a38c0>, 4, 300, 0) at <6244.185059, 66.654373, 8137.977051>
[COT 2024-03-13 13:56:36] 76561199407766611: Teleported to <4310.166504, 9.237482, 1090.576660> [guid=RjqUafmWjW9Q1BHza4n7WoZ_8uUWujoz2w-ciuQaZcs=]
[COT 2024-03-13 13:57:41] 76561199407766611: Spawned Entity Concrete Bricks (BBP_Concrete_Brick_Pile<17d23620>, 5, 400, 0) at <4312.894043, 9.185354, 1090.059448>
[COT 2024-03-13 13:57:41] 76561199407766611: Spawned Entity Concrete Bricks (BBP_Concrete_Brick_Pile<17d241b0>, 5, 400, 0) at <4312.633301, 9.374527, 1090.001099>
[COT 2024-03-13 13:57:41] 76561199407766611: Spawned Entity Concrete Bricks (BBP_Concrete_Brick_Pile<17d24d40>, 5, 400, 0) at <4312.366699, 9.568101, 1089.941528>
[COT 2024-03-13 13:57:58] 76561199407766611: Spawned Entity Cable Reel (CableReel<189f0400>, 100, 90, 0) at <4311.630371, 9.237154, 1089.662231>
[COT 2024-03-13 13:57:58] 76561199407766611: Spawned Entity Cable Reel (CableReel<189e9060>, 100, 90, 0) at <4311.408691, 9.598166, 1089.633301>
[COT 2024-03-13 13:57:58] 76561199407766611: Spawned Entity Cable Reel (CableReel<189f6c10>, 100, 90, 0) at <4311.249023, 9.858418, 1089.612427>
[COT 2024-03-13 13:59:13] 76561199407766611: Teleported to position <4904.316895, 88.398979, 3185.777588>
