[COT 2024-03-07 22:04:54] 76561199108250772: Set GodMode To true [guid=OAdpPkJP2Ps_W7h2ttR1bK23ekHCzrxw0mDT3zqLMdU=]
[COT 2024-03-07 22:04:56] 76561199108250772: Set cannot be targeted by AI to true [guid=OAdpPkJP2Ps_W7h2ttR1bK23ekHCzrxw0mDT3zqLMdU=]
[COT 2024-03-07 22:04:57] 76561199108250772: Set UnlimitedStamina To true [guid=OAdpPkJP2Ps_W7h2ttR1bK23ekHCzrxw0mDT3zqLMdU=]
[COT 2024-03-07 22:04:57] 76561199108250772: Set UnlimitedAmmo To true [guid=OAdpPkJP2Ps_W7h2ttR1bK23ekHCzrxw0mDT3zqLMdU=]
[COT 2024-03-07 22:07:10] 76561199108250772: Teleported to position <5930.327637, 65.017067, 3550.266113>
[COT 2024-03-07 22:07:12] 76561199108250772: Entered the Free Camera
[COT 2024-03-07 22:07:36] 76561199108250772: Left the Free Camera
[COT 2024-03-07 22:07:51] 76561199108250772: Spawned Entity Sea Chest (SeaChest<9573ed20>, 100, 600, 0) at <5022.442871, 164.004059, 3626.373291>
[COT 2024-03-07 22:08:41] 76561199108250772: Set GodMode To false [guid=OAdpPkJP2Ps_W7h2ttR1bK23ekHCzrxw0mDT3zqLMdU=]
[COT 2024-03-07 22:09:15] 76561199108250772: Entered the Free Camera
[COT 2024-03-07 22:09:28] 76561199108250772: Left the Free Camera
[COT 2024-03-07 22:09:43] 76561199108250772: Spawned Entity Medium Tent (MediumTent<c415fd70>, 100, 600, 0) at <4395.917480, 136.213669, 3424.043701>
[COT 2024-03-07 22:10:46] 76561199108250772: Spawned Entity Boxed Nails (NailBox<a5353870>, 100, 80, 0) at <4391.373535, 136.906097, 3426.252441>
[COT 2024-03-07 22:11:00] 76561199108250772: Spawned Entity Boxed Nails (NailBox<f7c40590>, 100, 80, 0) at <4391.286621, 136.877747, 3426.370361>
[COT 2024-03-07 22:11:10] 76561199108250772: Spawned Entity Boxed Nails (NailBox<f7c49be0>, 1000, 80, 0) at <4391.478027, 136.876144, 3426.231689>
[COT 2024-03-07 22:11:17] 76561199108250772: Spawned Entity Boxed Nails (NailBox<1382bdf0>, 100, 80, 0) at <4391.205078, 136.917923, 3426.355225>
[COT 2024-03-07 22:11:31] 76561199108250772: Spawned Entity Concrete Bricks (BBP_Concrete_Brick_Pile<13826170>, 5, 400, 0) at <4391.558594, 136.921127, 3426.087402>
[COT 2024-03-07 22:11:58] 76561199108250772: Spawned Entity Mortar Mix (BBP_Mortar_Mix<c405eb50>, 4, 100, 0) at <4391.475098, 136.947495, 3426.099609>
[COT 2024-03-07 22:12:29] 76561199108250772: Spawned Entity Cement Mixer Kit (BBP_Cement_Mixer_Kit<bca70290>, 4, 100, 0) at <4391.392090, 137.153458, 3425.773193>
[COT 2024-03-07 22:12:56] 76561199108250772: Spawned Entity Hatchet (Hatchet<bca77630>, 100, 150, 0) at <4391.391602, 137.154556, 3425.771484>
[COT 2024-03-07 22:13:31] 76561199108250772: Spawned Entity Hand Saw (HandSaw<c728e7b0>, 100, 100, 0) at <4391.551270, 137.163681, 3425.636230>
[COT 2024-03-07 22:13:45] 76561199108250772: Spawned Entity Hand Saw (HandSaw<bfbf0c00>, 100, 100, 0) at <4391.550293, 137.164429, 3425.635498>
[COT 2024-03-07 22:14:17] 76561199108250772: Spawned Entity Firefighter Axe (FirefighterAxe<bfc09520>, 100, 250, 0) at <4391.562500, 137.168579, 3425.618408>
[COT 2024-03-07 22:14:35] 76561199108250772: Spawned Entity Sharpening Stone (Whetstone<c2143890>, 100, 50, 0) at <4391.562500, 137.168671, 3425.618408>
[COT 2024-03-07 22:14:55] 76561199108250772: Spawned Entity Sharpening Stone (Whetstone<15127a90>, 100, 50, 0) at <4391.564941, 137.166931, 3425.619873>
[COT 2024-03-07 22:15:19] 76561199108250772: Spawned Entity Concrete Mix (BBP_Cement<b2a2cb40>, 2, 400, 0) at <4391.565918, 137.166641, 3425.619385>
[COT 2024-03-07 22:15:33] 76561199108250772: Spawned Entity Concrete Mix (BBP_Cement<b2a31c30>, 2, 400, 0) at <4391.566406, 137.166794, 3425.619141>
[COT 2024-03-07 22:21:46] 76561199108250772: Spawned Entity Sheet Metal (MetalPlate<bc74cf20>, 10, 100, 0) at <4391.575684, 137.009171, 3425.908936>
[COT 2024-03-07 22:22:11] 76561199108250772: Spawned Entity Code Lock (ExpansionCodeLock<bc73e7e0>, 100, 100, 0) at <4391.573730, 137.009476, 3425.909668>
[COT 2024-03-07 22:22:19] 76561199108250772: Spawned Entity Code Lock (ExpansionCodeLock<babb68e0>, 100, 100, 0) at <4391.575195, 137.009552, 3425.908691>
[COT 2024-03-07 22:22:39] 76561199108250772: Spawned Entity Barbed Wire (BarbedWire<b05e7890>, 2, 300, 0) at <4391.572754, 137.014328, 3425.901611>
[COT 2024-03-07 22:22:50] 76561199108250772: Spawned Entity Barbed Wire (BarbedWire<b05f0350>, 2, 300, 0) at <4391.560547, 137.023071, 3425.893799>
[COT 2024-03-07 22:30:35] 76561199108250772: Teleported to position <4031.586426, 300.245667, 4653.537109>
[COT 2024-03-07 22:30:37] 76561199108250772: Entered the Free Camera
[COT 2024-03-07 22:30:51] 76561199108250772: Left the Free Camera
[COT 2024-03-07 22:31:13] 76561199108250772: Spawned Entity Tripwire (TripwireTrap<ca83a20>, 100, 50, 0) at <3673.811523, 339.491516, 4874.125977>
[COT 2024-03-07 22:31:36] 76561199108250772: Set GodMode To true [guid=OAdpPkJP2Ps_W7h2ttR1bK23ekHCzrxw0mDT3zqLMdU=]
[COT 2024-03-07 22:31:38] 76561199108250772: Set GodMode To false [guid=OAdpPkJP2Ps_W7h2ttR1bK23ekHCzrxw0mDT3zqLMdU=]
[COT 2024-03-07 22:31:43] 76561199108250772: Spawned Entity EGD-5 Frag Grenade (RGD5Grenade<b783cf80>, 100, 50, 0) at <3673.677490, 339.491516, 4874.441895>
[COT 2024-03-07 22:32:02] 76561199108250772: Spawned Entity Land Mine (LandMineTrap<b7846040>, 100, 70, 0) at <3674.057373, 339.491516, 4874.202148>
[COT 2024-03-07 22:32:26] 76561199108250772: Spawned Entity Bear Trap (BearTrap<a2691230>, 100, 200, 0) at <3674.215576, 339.491516, 4873.966309>
[COT 2024-03-07 22:33:32] 76561199108250772: Spawned Entity MMG Equipment Locker Black Kit (mmg_equipment_locker_black_kit<b0bbbed0>, 100, 100, 0) at <3672.571289, 339.491516, 4873.247559>
[COT 2024-03-07 22:34:09] 76561199108250772: Spawned Entity MMG Equipment Locker Rusty Kit (mmg_equipment_locker_grey_kit<c04e2510>, 100, 100, 0) at <3670.629150, 340.397980, 4873.402344>
[COT 2024-03-07 22:34:13] 76561199108250772: Entered the Free Camera
[COT 2024-03-07 22:34:33] 76561199108250772: Left the Free Camera
[COT 2024-03-07 22:35:02] 76561199108250772: ESP: Viewing ESP
[COT 2024-03-07 22:35:04] 76561199108250772: Entered the Free Camera
[COT 2024-03-07 22:35:20] 76561199108250772: Left the Free Camera
[COT 2024-03-07 22:35:33] 76561199108250772: Spawned Entity Sea Chest (SeaChest<b495bfa0>, 100, 600, 0) at <3675.255371, 339.491516, 4875.593262>
[COT 2024-03-07 22:36:34] 76561199108250772: Entered the Free Camera
[COT 2024-03-07 22:36:36] 76561199108250772: Left the Free Camera
[COT 2024-03-07 22:36:52] 76561199108250772: Teleported to position <7792.772461, 44.482677, 2592.783203>
[COT 2024-03-07 22:36:59] 76561199108250772: Entered the Free Camera
[COT 2024-03-07 22:37:11] 76561199108250772: Left the Free Camera
[COT 2024-03-07 22:37:22] 76561199108250772: ESP: Clearing ESP
[COT 2024-03-07 22:37:37] 76561199108250772: Spawned Entity MMG SupplyCrate Unfinished Wooden (mmg_storage_openable_noLock_base<c1d56c80>, 100, 1000, 0) at <7565.439941, 60.502117, 2105.139160>
[COT 2024-03-07 22:38:34] 76561199108250772: Spawned Entity MMG Equipment Locker Green (mmg_locker_base<c7513150>, 100, 1000, 0) at <7567.425781, 60.502117, 2106.030518>
