[COT 2024-02-25 23:40:00] 76561199407766611: Set GodMode To true [guid=spMEkRl42onhFHdF_u42e0T03x2sj347kUc600NXdGA=]
[COT 2024-02-25 23:40:01] 76561199407766611: Set Invisibility To 1 [guid=spMEkRl42onhFHdF_u42e0T03x2sj347kUc600NXdGA=]
[COT 2024-02-25 23:40:01] 76561199407766611: Set UnlimitedStamina To true [guid=spMEkRl42onhFHdF_u42e0T03x2sj347kUc600NXdGA=]
[COT 2024-02-25 23:40:02] 76561199407766611: Set UnlimitedAmmo To true [guid=spMEkRl42onhFHdF_u42e0T03x2sj347kUc600NXdGA=]
[COT 2024-02-25 23:40:38] 76561199407766611: Spawned Entity ADMIN GEAR-DOC-TOP (DOC_ADMIN_DOC_TOP<350d8c80>, 100, 80, 0) at <965.274780, 3.802270, 675.747192>
[COT 2024-02-25 23:40:41] 76561199407766611: Spawned Entity ADMIN GEAR-DOC-BOTTOM (DOC_ADMIN_DOC_BOTTOM<350d2470>, 100, 80, 0) at <965.245239, 3.984850, 675.684814>
[COT 2024-02-25 23:41:24] 76561199407766611: Teleported to position <1632.000122, 112.259995, 9687.111328>
[COT 2024-02-25 23:41:58] 76561199407766611: Spawned Entity Bocchi the Suppressor (ItemSuppressor<284a8f20>, 100, 1800, 0) at <1669.896362, 119.310074, 9738.654297>
[COT 2024-02-25 23:41:59] 76561199407766611: Spawned Entity Doc's Personal Sidearm - ADMIN EDITION (DOC_ADMIN_DOC_BOCCHIGLOCK<33558b80>, 100, 3000, 0) at <1669.886597, 119.320808, 9738.640625>
[COT 2024-02-25 23:42:37] 76561199407766611: Entered the Free Camera
[COT 2024-02-25 23:42:42] 76561199407766611: ESP: ESP updating
[COT 2024-02-25 23:44:21] 76561199407766611: Left the Free Camera
[COT 2024-02-25 23:44:29] 76561199407766611: Teleported to position <3482.505859, 99.884567, 8038.579102>
[COT 2024-02-25 23:44:30] 76561199407766611: Entered the Free Camera
[COT 2024-02-25 23:45:06] 76561199407766611: Left the Free Camera
[COT 2024-02-25 23:45:25] 76561199407766611: Spawned Entity PONTIAC (rust) (PONTIAC_rust<7f6f5050>, 100, 10000, 0) at <3192.934326, 100.288521, 8080.583496>
[COT 2024-02-25 23:45:35] 76561199407766611: Spawned Entity Водительская дверь PONTIAC (PONTIAC_Doors_Driver<72f45bb0>, 100, 500, 0) at <3190.964844, 100.288521, 8079.974121>
[COT 2024-02-25 23:45:36] 76561199407766611: Spawned Entity Передняя правая дверь от PONTIAC (PONTIAC_Doors_coDriver<72f46740>, 100, 500, 0) at <3190.893799, 100.602898, 8080.620117>
[COT 2024-02-25 23:45:41] 76561199407766611: Spawned Entity Капот от PONTIAC (PONTIAC_Doors_hood<316dda40>, 100, 500, 0) at <3190.820801, 100.926964, 8081.296875>
[COT 2024-02-25 23:45:44] 76561199407766611: Spawned Entity PONTIAC Trunk (PONTIAC_Doors_trunk<316eb5f0>, 100, 500, 0) at <3190.753418, 101.233734, 8081.907227>
[COT 2024-02-25 23:45:55] 76561199407766611: Spawned Entity Колесо от PONTIAC (PONTIAC_Wheel<316e9340>, 100, 52, 0) at <3190.614258, 100.288498, 8083.415527>
[COT 2024-02-25 23:45:56] 76561199407766611: Spawned Entity Колесо от PONTIAC (PONTIAC_Wheel<316e5970>, 100, 52, 0) at <3190.614258, 100.879570, 8083.415527>
[COT 2024-02-25 23:45:56] 76561199407766611: Spawned Entity Колесо от PONTIAC (PONTIAC_Wheel<316efb50>, 100, 52, 0) at <3190.614014, 101.329689, 8083.415527>
[COT 2024-02-25 23:45:56] 76561199407766611: Spawned Entity Колесо от PONTIAC (PONTIAC_Wheel<316f2990>, 100, 52, 0) at <3190.614014, 101.990631, 8083.415527>
[COT 2024-02-25 23:47:09] 76561199407766611: Teleported to position <605.162842, 33.161552, 3527.606201>
[COT 2024-02-25 23:48:12] 76561199407766611: Spawned Entity MotorHome rust (MotorHome_rust<80e26030>, 100, 5000, 0) at <556.446289, 27.116480, 3483.712646>
[COT 2024-02-25 23:48:33] 76561199407766611: Spawned Entity MotorHome Wheel (MotorHome_Wheel<352ac8c0>, 100, 438, 0) at <558.457458, 27.256638, 3484.452637>
[COT 2024-02-25 23:48:33] 76561199407766611: Spawned Entity MotorHome Wheel (MotorHome_Wheel<352a60b0>, 100, 438, 0) at <558.481262, 28.172714, 3484.437744>
[COT 2024-02-25 23:48:33] 76561199407766611: Spawned Entity MotorHome Wheel (MotorHome_Wheel<352a6c40>, 100, 438, 0) at <558.560181, 27.766661, 3483.983398>
[COT 2024-02-25 23:48:33] 76561199407766611: Spawned Entity MotorHome Wheel (MotorHome_Wheel<352b0e20>, 100, 438, 0) at <557.959778, 28.516253, 3484.931641>
[COT 2024-02-25 23:48:38] 76561199407766611: Spawned Entity Door Motorhome (MotorHome_Doors_Driver<352c2f30>, 100, 2500, 0) at <557.979431, 27.315802, 3485.681885>
[COT 2024-02-25 23:48:40] 76561199407766611: Spawned Entity MotorHome hood red left (MotorHome_Doors_hood_left<70d45080>, 100, 2500, 0) at <557.968323, 27.723112, 3485.708008>
[COT 2024-02-25 23:48:42] 76561199407766611: Spawned Entity MotorHome hood green left (MotorHome_Doors_hood_left<70d47330>, 100, 2500, 0) at <557.968262, 28.042149, 3485.708008>
[COT 2024-02-25 23:49:02] 76561199407766611: Spawned Entity Door Motorhome black (MotorHome_Doors_Driver<70d43960>, 100, 2500, 0) at <558.257813, 27.401388, 3487.065918>
[COT 2024-02-25 23:49:50] 76561199407766611: Spawned Entity MotorHome hood white right (MotorHome_Doors_hood_right<204fda30>, 100, 2500, 0) at <558.222412, 27.309364, 3485.428955>
[COT 2024-02-25 23:50:51] 76561199407766611: Teleported to position <5249.470703, 56.129997, 2738.936035>
[COT 2024-02-25 23:51:27] 76561199407766611: Spawned Entity Citroen 2CV Rust  (Citroen2CV_rust<6c6a4bd0>, 100, 5000, 0) at <5269.665527, 56.130001, 2728.459229>
[COT 2024-02-25 23:51:42] 76561199407766611: Spawned Entity Citroen 2CV Wheel (Citroen2CV_Wheel<3580abf0>, 100, 70, 0) at <5268.489258, 56.142487, 2728.978027>
[COT 2024-02-25 23:51:42] 76561199407766611: Spawned Entity Citroen 2CV Wheel (Citroen2CV_Wheel<3580cea0>, 100, 70, 0) at <5268.489258, 56.523605, 2728.978027>
[COT 2024-02-25 23:51:44] 76561199407766611: Spawned Entity Citroen 2CV Wheel (Citroen2CV_Wheel<358187a0>, 100, 138, 0) at <5268.489258, 56.904724, 2728.978027>
[COT 2024-02-25 23:51:44] 76561199407766611: Spawned Entity Citroen 2CV Wheel (Citroen2CV_Wheel<3581b5e0>, 100, 138, 0) at <5268.489258, 57.285843, 2728.978027>
[COT 2024-02-25 23:51:48] 76561199407766611: Spawned Entity Citroen 2CV Left Door (Citroen2CV_Doors_Driver<35821df0>, 100, 344, 0) at <5268.343262, 56.142483, 2727.881348>
[COT 2024-02-25 23:51:51] 76561199407766611: Spawned Entity Citroen 2CV Green Right Door (Citroen2CV_Doors_coDriver<1c2e7460>, 100, 344, 0) at <5268.296875, 56.530468, 2727.768555>
[COT 2024-02-25 23:51:56] 76561199407766611: Spawned Entity Citroen 2CV Black Rear left door (Citroen2CV_Doors_cargo1<1c2ee800>, 100, 344, 0) at <5268.108398, 56.903206, 2727.865234>
[COT 2024-02-25 23:51:57] 76561199407766611: Spawned Entity Citroen 2CV Black Rear right door (Citroen2CV_Doors_cargo2<1c2e7ff0>, 100, 344, 0) at <5267.966309, 57.280426, 2727.839355>
[COT 2024-02-25 23:52:02] 76561199407766611: Spawned Entity Citroen 2CV Red Hood (Citroen2CV_Doors_hood<1c2f72c0>, 100, 344, 0) at <5268.059570, 57.529984, 2727.659180>
[COT 2024-02-25 23:52:04] 76561199407766611: Spawned Entity Citroen 2CV Pink trunk (Citroen2CV_Doors_trunk<1c2f2d60>, 100, 344, 0) at <5267.829590, 57.891560, 2727.497559>
[COT 2024-02-25 23:52:42] 76561199407766611: Teleported to position <8323.640625, 70.843918, 3481.793945>
[COT 2024-02-25 23:53:05] 76561199407766611: Spawned Entity BMW X5 White  (BMW_X5_white<84e83260>, 100, 10000, 0) at <8327.589844, 70.843948, 3481.082520>
[COT 2024-02-25 23:53:14] 76561199407766611: Spawned Entity BMW X5 Flecktarn trunk (BMW_X5_Doors_trunk<17628470>, 100, 4500, 0) at <8325.912109, 70.843918, 3483.940918>
[COT 2024-02-25 23:53:16] 76561199407766611: Spawned Entity BMW X5 Red Right Door (BMW_X5_Doors_coDriver<17635490>, 100, 4500, 0) at <8325.456055, 71.179199, 3483.512207>
[COT 2024-02-25 23:53:18] 76561199407766611: Spawned Entity BMW X5 Hood (BMW_X5_Doors_hood<25be7870>, 100, 4500, 0) at <8325.454102, 71.178757, 3483.512207>
[COT 2024-02-25 23:53:20] 76561199407766611: Spawned Entity BMW X5 White  Rear left door (BMW_X5_Doors_cargo1<25be8f90>, 100, 4500, 0) at <8324.875977, 71.609566, 3482.969727>
[COT 2024-02-25 23:53:28] 76561199407766611: Spawned Entity BMW X5 Left Door (BMW_X5_Doors_Driver<25be9b20>, 100, 4500, 0) at <8324.361328, 71.985527, 3482.490479>
[COT 2024-02-25 23:53:47] 76561199407766611: Spawned Entity BMW X5 White  Rear right door (BMW_X5_Doors_cargo2<1bc62d70>, 100, 4500, 0) at <8328.657227, 70.843918, 3480.312744>
[COT 2024-02-25 23:53:58] 76561199407766611: Spawned Entity BMW_X5_Wheel (black) (BMW_X5_Wheel<1bc64490>, 100, 283, 0) at <8329.412109, 70.843918, 3480.722900>
[COT 2024-02-25 23:53:58] 76561199407766611: Spawned Entity BMW_X5_Wheel (black) (BMW_X5_Wheel<1bc5f3a0>, 100, 283, 0) at <8329.461914, 71.289650, 3480.482910>
[COT 2024-02-25 23:53:59] 76561199407766611: Spawned Entity BMW_X5_Wheel (black) (BMW_X5_Wheel<1bc5ff30>, 100, 283, 0) at <8329.512695, 71.735374, 3480.244629>
[COT 2024-02-25 23:53:59] 76561199407766611: Spawned Entity BMW_X5_Wheel (black) (BMW_X5_Wheel<1bc63900>, 100, 283, 0) at <8329.610352, 72.038795, 3479.808838>
[COT 2024-02-25 23:54:54] 76561199407766611: Spawned Entity Compass (Compass<7b1632a0>, 100, 70, 0) at <6509.658203, 65.080147, 8414.737305>
[COT 2024-02-25 23:54:54] 76561199407766611: Spawned Entity Compass (Compass<7b16a640>, 100, 70, 0) at <6509.665039, 65.155312, 8414.748047>
[COT 2024-02-25 23:55:24] 76561199407766611: Spawned Entity ToyotaHilux Red (ToyotaHilux_red<7b6a7180>, 100, 5000, 0) at <6631.918945, 65.199326, 8487.416016>
[COT 2024-02-25 23:55:33] 76561199407766611: Spawned Entity ToyotaHilux Red Hood (ToyotaHilux_Doors_hood<22c82280>, 100, 2500, 0) at <6630.812500, 65.297951, 8491.071289>
[COT 2024-02-25 23:55:35] 76561199407766611: Spawned Entity ToyotaHilux Red Trunk (ToyotaHilux_Doors_trunk<22c92c70>, 100, 2500, 0) at <6630.510742, 65.617027, 8490.276367>
[COT 2024-02-25 23:55:42] 76561199407766611: Spawned Entity ToyotaHilux Red Left Door (ToyotaHilux_Doors_Driver<22c8fe30>, 100, 2500, 0) at <6630.272461, 65.866020, 8489.647461>
[COT 2024-02-25 23:55:47] 76561199407766611: Spawned Entity ToyotaHilux Red Right Door (ToyotaHilux_Doors_coDriver<22c8c460>, 100, 2500, 0) at <6630.039063, 66.121422, 8489.019531>
[COT 2024-02-25 23:56:05] 76561199407766611: Spawned Entity ToyotaHilux Wheel (ToyotaHilux_Wheel<78ae45d0>, 100, 1500, 0) at <6630.683105, 65.309647, 8488.580078>
[COT 2024-02-25 23:56:07] 76561199407766611: Spawned Entity ToyotaHilux Wheel (ToyotaHilux_Wheel<78ade950>, 100, 655, 0) at <6630.683105, 65.809280, 8488.580078>
[COT 2024-02-25 23:56:09] 76561199407766611: Spawned Entity ToyotaHilux Wheel (ToyotaHilux_Wheel<78ae5cf0>, 100, 278, 0) at <6630.683105, 66.308914, 8488.580078>
[COT 2024-02-25 23:56:11] 76561199407766611: Spawned Entity ToyotaHilux Wheel (ToyotaHilux_Wheel<78ae6880>, 100, 966, 0) at <6630.683105, 66.808548, 8488.580078>
[COT 2024-02-25 23:56:57] 76561199407766611: Entered the Free Camera
[COT 2024-02-25 23:57:06] 76561199407766611: Left the Free Camera
[COT 2024-02-25 23:57:47] 76561199407766611: Spawned Entity Keys (ExpansionCarKey<14684c00>, 100, 100, 0) at <6516.423828, 161.108490, 7202.018066>
[COT 2024-02-25 23:57:59] 76561199407766611: Entered the Free Camera
[COT 2024-02-26 00:14:32] 76561199407766611: Set GodMode To true [guid=spMEkRl42onhFHdF_u42e0T03x2sj347kUc600NXdGA=]
[COT 2024-02-26 00:14:33] 76561199407766611: Set Invisibility To 1 [guid=spMEkRl42onhFHdF_u42e0T03x2sj347kUc600NXdGA=]
[COT 2024-02-26 00:14:35] 76561199407766611: Set UnlimitedAmmo To true [guid=spMEkRl42onhFHdF_u42e0T03x2sj347kUc600NXdGA=]
[COT 2024-02-26 00:14:40] 76561199407766611: Teleported to position <3381.054688, 99.884567, 8026.797852>
[COT 2024-02-26 00:14:45] 76561199407766611: Entered the Free Camera
[COT 2024-02-26 00:16:38] 76561199407766611: ESP: ESP updating
[COT 2024-02-26 00:16:51] 76561199407766611: ESP: Clearing ESP
[COT 2024-02-26 00:22:42] 76561199407766611: Spawned Entity A Vindication of the Rights of Women (ItemBook<1c995ec0>, 100, 100, 0) at <3593.986328, 100.097649, 7958.314941>
[COT 2024-02-26 00:30:25] 76561199407766611: Left the Free Camera
[COT 2024-02-26 00:31:24] 76561199407766611: Spawned Entity M70 Tundra (Winchester70_Base<3a7578a0>, 100, 200, 0) at <3421.545410, 110.890381, 7915.413086>
[COT 2024-02-26 00:31:42] 76561199407766611: Spawned Entity M70 Tundra (Winchester70_Base<3a761560>, 100, 200, 0) at <3421.551514, 110.890381, 7915.413086>
[COT 2024-02-26 00:33:00] 76561199407766611: Spawned Entity Doc's Dark Blue Suppressor (ItemSuppressor<389c47a0>, 100, 1800, 0) at <3421.676025, 110.890381, 7915.094238>
[COT 2024-02-26 00:34:15] 76561199407766611: Spawned Entity Universal Suppressor (ImprovisedSuppressor<2079b5b0>, 100, 8, 0) at <3421.669434, 110.929596, 7915.111328>
[COT 2024-02-26 00:35:06] 76561199407766611: Teleported to position <3997.787598, 178.123611, 7154.194336>
[COT 2024-02-26 00:35:59] 76561199407766611: Spawned Entity #STR_EXPANSION_ADMIN #STR_EXPANSION_CAR_KEYS (ExpansionCarAdminKey<31c40900>, 100, 100, 0) at <3982.427246, 178.412369, 7170.312500>
[COT 2024-02-26 00:38:06] 76561199407766611: Teleported to position <6512.754883, 161.095993, 7185.406250>
[COT 2024-02-26 00:39:04] 76561199407766611: Healed [guid=spMEkRl42onhFHdF_u42e0T03x2sj347kUc600NXdGA=]
[COT 2024-02-26 00:39:25] 76561199407766611: Teleported to position <346.666870, 149.609985, 5699.362793>
[COT 2024-02-26 00:39:50] 76561199407766611: Spawned Entity Splitting Axe (WoodAxe<72f45020>, 100, 250, 0) at <329.713013, 149.609985, 5684.849609>
[COT 2024-02-26 00:39:59] 76561199407766611: Spawned Entity Hand Saw (HandSaw<72f489f0>, 100, 100, 0) at <329.638214, 149.722672, 5684.809570>
[COT 2024-02-26 00:40:27] 76561199407766611: Entered the Free Camera
[COT 2024-02-26 00:41:05] 76561199407766611: Left the Free Camera
[COT 2024-02-26 00:43:06] 76561199407766611: Teleported to position <3239.040527, 99.884567, 8324.978516>
[COT 2024-02-26 00:43:25] 76561199407766611: Set GodMode To false [guid=spMEkRl42onhFHdF_u42e0T03x2sj347kUc600NXdGA=]
[COT 2024-02-26 00:43:27] 76561199407766611: Set GodMode To true [guid=spMEkRl42onhFHdF_u42e0T03x2sj347kUc600NXdGA=]
[COT 2024-02-26 00:43:36] 76561199407766611: Teleported to position <6510.925293, 161.096085, 7179.528320>
[COT 2024-02-26 00:44:01] 76561199407766611: Entered the Free Camera
[COT 2024-02-26 00:44:51] 76561199407766611: Left the Free Camera
[COT 2024-02-26 00:45:25] 76561199407766611: Entered the Free Camera
[COT 2024-02-26 00:45:35] 76561199407766611: Left the Free Camera
[COT 2024-02-26 00:46:12] 76561199407766611: Spawned Entity Firewood (Firewood<28a1b8d0>, 1, 500, 0) at <6519.422363, 161.703842, 7212.556152>
[COT 2024-02-26 00:46:12] 76561199407766611: Spawned Entity Firewood (Firewood<28a167e0>, 1, 500, 0) at <6519.416992, 161.880463, 7212.570313>
[COT 2024-02-26 00:46:12] 76561199407766611: Spawned Entity Firewood (Firewood<28a220e0>, 1, 500, 0) at <6519.411621, 162.057083, 7212.584473>
[COT 2024-02-26 00:46:13] 76561199407766611: Spawned Entity Firewood (Firewood<28a1cff0>, 1, 500, 0) at <6519.406738, 162.233704, 7212.600098>
[COT 2024-02-26 00:46:13] 76561199407766611: Spawned Entity Firewood (Firewood<28a1db80>, 1, 500, 0) at <6519.403320, 162.410324, 7212.615234>
[COT 2024-02-26 00:46:30] 76561199407766611: Spawned Entity Rag (Rag<28a2aba0>, 6, 50, 0) at <6520.126953, 162.179855, 7212.957520>
[COT 2024-02-26 00:46:48] 76561199407766611: Spawned Entity Lighter (PetrolLighter<358164f0>, 20, 20, 0) at <6519.862305, 161.703842, 7212.961426>
[COT 2024-02-26 00:47:13] 76561199407766611: Spawned Entity Firewood (Firewood<3a90fa40>, 1, 500, 0) at <6519.246094, 161.703842, 7212.573242>
[COT 2024-02-26 00:47:13] 76561199407766611: Spawned Entity Firewood (Firewood<3a919c20>, 1, 500, 0) at <6519.245117, 161.880463, 7212.588379>
[COT 2024-02-26 00:47:13] 76561199407766611: Spawned Entity Firewood (Firewood<3a918500>, 1, 500, 0) at <6519.244141, 162.057083, 7212.604004>
[COT 2024-02-26 00:47:19] 76561199407766611: Spawned Entity Short Stick (WoodenStick<3a91b340>, 5, 50, 0) at <6519.244141, 162.233704, 7212.619141>
[COT 2024-02-26 00:47:27] 76561199407766611: Spawned Entity Short Stick (WoodenStick<3a936aa0>, 5, 50, 0) at <6519.868164, 161.703842, 7213.069824>
[COT 2024-02-26 00:47:45] 76561199407766611: Entered the Free Camera
[COT 2024-02-26 00:48:13] 76561199407766611: Left the Free Camera
[COT 2024-02-26 00:48:27] 76561199407766611: Teleported to position <4038.741211, 212.757584, 3118.773926>
[COT 2024-02-26 00:48:41] 76561199407766611: Entered the Free Camera
[COT 2024-02-26 00:49:12] 76561199407766611: Left the Free Camera
[COT 2024-02-26 01:45:11] 76561199407766611: Set GodMode To true [guid=spMEkRl42onhFHdF_u42e0T03x2sj347kUc600NXdGA=]
[COT 2024-02-26 01:45:12] 76561199407766611: Set Invisibility To 1 [guid=spMEkRl42onhFHdF_u42e0T03x2sj347kUc600NXdGA=]
[COT 2024-02-26 01:45:12] 76561199407766611: Set UnlimitedAmmo To true [guid=spMEkRl42onhFHdF_u42e0T03x2sj347kUc600NXdGA=]
[COT 2024-02-26 01:45:27] 76561199407766611: Teleported to position <3984.035645, 178.123611, 7148.353516>
[COT 2024-02-26 01:46:43] 76561199407766611: Teleported to position <5170.831055, 201.904984, 4030.701904>
[COT 2024-02-26 02:21:06] 76561199407766611: Teleported to position <8949.952148, 30.573133, 1813.826904>
[COT 2024-02-26 02:21:08] 76561199407766611: Entered the Free Camera
[COT 2024-02-26 02:21:18] 76561199407766611: ESP: Viewing ESP
[COT 2024-02-26 02:24:21] 76561199407766611: ESP: Clearing ESP
