[COT 2024-03-08 14:07:59] 76561199407766611: Set GodMode To true [guid=spMEkRl42onhFHdF_u42e0T03x2sj347kUc600NXdGA=]
[COT 2024-03-08 14:07:59] 76561199407766611: Set Invisibility To 1 [guid=spMEkRl42onhFHdF_u42e0T03x2sj347kUc600NXdGA=]
[COT 2024-03-08 14:08:06] 76561199407766611: Teleported to position <2367.706543, 122.260170, 10096.904297>
[COT 2024-03-08 14:08:08] 76561199407766611: Entered the Free Camera
[COT 2024-03-08 14:08:18] 76561199407766611: Left the Free Camera
[COT 2024-03-08 14:08:25] 76561199407766611: Entered the Free Camera
[COT 2024-03-08 14:08:37] 76561199407766611: Left the Free Camera
[COT 2024-03-08 14:08:48] 76561199407766611: Spawned Entity Flag Pole Kit (TerritoryFlagKit<3b901b50>, 100, 200, 0) at <1740.961060, 138.328888, 10205.951172>
[COT 2024-03-08 14:10:31] 76561199407766611: Entered the Free Camera
[COT 2024-03-08 14:10:35] 76561199407766611: Left the Free Camera
[COT 2024-03-08 14:11:02] 76561199407766611: Entered the Free Camera
[COT 2024-03-08 14:11:13] 76561199407766611: Deleted Entity TerritoryFlag:13689 at <1743.464233, 138.612869, 10204.407227>
[COT 2024-03-08 14:11:24] 76561199407766611: Left the Free Camera
[COT 2024-03-08 14:11:30] 76561199407766611: Spawned Entity Flag Pole Kit (TerritoryFlagKit<3b055b50>, 100, 200, 0) at <1719.253418, 136.598175, 10169.049805>
[COT 2024-03-08 14:12:16] 76561199407766611: Entered the Free Camera
[COT 2024-03-08 14:12:22] 76561199407766611: Left the Free Camera
[COT 2024-03-08 14:16:10] 76561199407766611: Spawned Entity (Large/Small) Door Kit (BBP_Door_Kit<477760b0>, 100, 100, 0) at <1727.348633, 125.717354, 10099.615234>
[COT 2024-03-08 14:16:40] 76561199407766611: Spawned Entity ADMIN HAMMER (BBP_Admin_Hammer<34976f30>, 100, 100, 0) at <1727.344849, 125.717354, 10099.629883>
[COT 2024-03-08 14:17:02] 76561199407766611: Entered the Free Camera
[COT 2024-03-08 14:17:14] 76561199407766611: Left the Free Camera
[COT 2024-03-08 14:17:23] 76561199407766611: Spawned Entity (Large/Small) Door Kit (BBP_Door_Kit<47c7a540>, 100, 100, 0) at <1722.127930, 124.985695, 10096.869141>
[COT 2024-03-08 14:17:51] 76561199407766611: Spawned Entity (Large/Small) Door Kit (BBP_Door_Kit<39a15400>, 100, 100, 0) at <1729.939575, 125.717262, 10099.471680>
[COT 2024-03-08 14:22:27] 76561199407766611: Set GodMode To true [guid=spMEkRl42onhFHdF_u42e0T03x2sj347kUc600NXdGA=]
[COT 2024-03-08 14:22:28] 76561199407766611: Set Invisibility To 1 [guid=spMEkRl42onhFHdF_u42e0T03x2sj347kUc600NXdGA=]
[COT 2024-03-08 14:23:29] 76561199407766611: Spawned Entity (Large/Small) Window Kit (BBP_Window_Kit<39b41550>, 100, 100, 0) at <1727.970459, 128.455612, 10099.210938>
[COT 2024-03-08 14:24:04] 76561199407766611: Spawned Entity Code Lock (ExpansionCodeLock<392239a0>, 100, 100, 0) at <1727.787354, 125.717316, 10098.117188>
[COT 2024-03-08 14:24:08] 76561199407766611: Spawned Entity Code Lock (ExpansionCodeLock<47f5c0f0>, 100, 100, 0) at <1725.877686, 125.717346, 10100.758789>
[COT 2024-03-08 14:25:27] 76561199407766611: Spawned Entity Code Lock (ExpansionCodeLock<351608c0>, 100, 100, 0) at <1726.919189, 125.717316, 10100.459961>
[COT 2024-03-08 14:27:39] 76561199407766611: Stripped [guid=spMEkRl42onhFHdF_u42e0T03x2sj347kUc600NXdGA=]
[COT 2024-03-08 14:27:40] 76561199407766611: Set Invisibility To 0 [guid=spMEkRl42onhFHdF_u42e0T03x2sj347kUc600NXdGA=]
[COT 2024-03-08 14:27:45] 76561199407766611: Spawned Entity Code Lock (ExpansionCodeLock<4486bbb0>, 100, 100, 0) at <1730.176270, 125.717262, 10099.822266>
[COT 2024-03-08 14:29:13] 76561199407766611: Spawned Entity MVS Holster - Tan (PlateCarrierHolster<96ea7f50>, 100, 100, 0) at <1729.336548, 125.717354, 10099.282227>
[COT 2024-03-08 14:29:29] 76561199407766611: Spawned Entity MVS Combat Pants - Tan (BDUPants<96ebc310>, 100, 100, 0) at <1729.171997, 125.717354, 10100.034180>
[COT 2024-03-08 14:31:07] 76561199407766611: Spawned Entity MVS Combat Belt - Tan (Modular_Belt_Base<4794f000>, 100, 100, 0) at <1728.689087, 125.717354, 10099.628906>
[COT 2024-03-08 14:31:30] 76561199407766611: Spawned Entity Beretta Double Edge Burton (44Mag) (FNX45_Base<4649f1c0>, 100, 200, 0) at <1728.879272, 125.717354, 10099.666992>
[COT 2024-03-08 14:32:15] 76561199407766611: Spawned Entity Doc's Black M4 RIS Handguard (DOC_M4RIS_BLACK<3ff23b40>, 100, 250, 0) at <1728.575073, 125.717354, 10099.690430>
[COT 2024-03-08 14:32:52] 76561199407766611: Spawned Entity Buster Sword (DOC_BUSTER_SWORD<3ff4d9e0>, 100, 600, 0) at <1726.909424, 125.717354, 10100.785156>
[COT 2024-03-08 14:35:27] 76561199407766611: Spawned Entity Doc's Black M4 (DOC_M4_BLACK<2cd0e0f0>, 100, 1200, 0) at <1728.794922, 125.717354, 10099.666992>
[COT 2024-03-08 14:35:43] 76561199407766611: Spawned Entity Doc's Black Stanag69 (DOC_STANAG69_BLACK<45a666e0>, 69, 200, 0) at <1728.795166, 125.717354, 10099.657227>
[COT 2024-03-08 14:35:46] 76561199407766611: Spawned Entity Doc's Black Stanag69 (DOC_STANAG69_BLACK<45a6f1a0>, 69, 200, 0) at <1727.283447, 125.717354, 10100.182617>
[COT 2024-03-08 14:35:53] 76561199407766611: Spawned Entity Doc's Black Stanag69 (DOC_STANAG69_BLACK<45a79f10>, 69, 200, 0) at <1727.310547, 125.717354, 10099.302734>
[COT 2024-03-08 14:36:23] 76561199407766611: Spawned Entity Doc's Black M4 Carstock (DOC_M4CARSTOCK_BLACK<95086b40>, 100, 200, 0) at <1728.284302, 125.717354, 10099.861328>
[COT 2024-03-08 14:37:09] 76561199407766611: Spawned Entity Doc's Black Stanag69 (DOC_STANAG69_BLACK<9508c7c0>, 69, 200, 0) at <1729.031128, 125.717354, 10099.806641>
[COT 2024-03-08 14:37:11] 76561199407766611: Spawned Entity Doc's Black Stanag69 (DOC_STANAG69_BLACK<95085fb0>, 69, 200, 0) at <1727.581421, 125.717354, 10100.344727>
[COT 2024-03-08 14:37:30] 76561199407766611: Spawned Entity ATOG 6x48 Scope (ACOGOptic_6x<351d1430>, 100, 50, 0) at <1728.898682, 125.717354, 10099.921875>
[COT 2024-03-08 14:37:47] 76561199407766611: Spawned Entity Universal Suppressor (ImprovisedSuppressor<351e35b0>, 100, 8, 0) at <1728.557007, 125.717354, 10099.991211>
[COT 2024-03-08 14:37:50] 76561199407766611: Spawned Entity Universal Suppressor (ImprovisedSuppressor<351e41c0>, 100, 8, 0) at <1730.313110, 125.717354, 10099.951172>
[COT 2024-03-08 14:38:05] 76561199407766611: Spawned Entity Barrett M82 Desert (50BMG) (SVD_Base<38cdc1c0>, 100, 250, 0) at <1730.097290, 125.717354, 10100.901367>
[COT 2024-03-08 14:38:18] 76561199407766611: Deleted Entity TWP_BarrettM82Desert:15146 at <1730.097290, 125.717354, 10100.901367>
[COT 2024-03-08 14:38:23] 76561199407766611: Spawned Entity M107 (50BMG) (SVD_Base<38cdc1c0>, 100, 250, 0) at <1730.164185, 125.717354, 10100.806641>
[COT 2024-03-08 14:38:26] 76561199407766611: Spawned Entity M107_mag_15Rnd (Mag_SVD_10Rnd<950b09e0>, 15, 100, 0) at <1730.738037, 126.485458, 10100.705078>
[COT 2024-03-08 14:38:30] 76561199407766611: Spawned Entity M107_mag_15Rnd (Mag_SVD_10Rnd<49874310>, 15, 100, 0) at <1731.096680, 126.485458, 10102.800781>
[COT 2024-03-08 14:38:31] 76561199407766611: Spawned Entity M107_mag_15Rnd (Mag_SVD_10Rnd<49874ea0>, 15, 100, 0) at <1728.770630, 126.485451, 10101.371094>
[COT 2024-03-08 14:39:24] 76561199407766611: Spawned Entity MVS Sling Pack - Tan (MountainBag_ColorBase<34c5f7d0>, 100, 300, 0) at <1728.632935, 125.717354, 10099.358398>
[COT 2024-03-08 14:40:59] 76561199407766611: Spawned Entity MVS Sling Pack - Sand Tiger (MountainBag_ColorBase<92a32480>, 100, 300, 0) at <1728.627563, 125.717354, 10099.357422>
[COT 2024-03-08 14:41:33] 76561199407766611: Deleted Entity Candycane_Green:7052 at <1729.185791, 125.690376, 10100.166992>
[COT 2024-03-08 14:41:34] 76561199407766611: Deleted Entity DOC_BUSTER_SWORD:19192 at <1729.185791, 125.714844, 10100.292969>
[COT 2024-03-08 14:42:33] 76561199407766611: Spawned Entity Hunting Scope (HuntingOptic<45ca04a0>, 100, 50, 0) at <1729.520264, 125.717354, 10100.070313>
[COT 2024-03-08 14:42:46] 76561199407766611: Deleted Entity MVS_SlingPack_Orange_Camo_Bunker:14741 at <1728.627563, 125.832870, 10099.357422>
[COT 2024-03-08 14:43:17] 76561199407766611: Spawned Entity Golden Sword Of Ares (DOC_GOLDEN_ARES_SWORD<43424fa0>, 100, 600, 0) at <1728.394409, 125.717354, 10099.315430>
[COT 2024-03-08 14:43:50] 76561199407766611: Spawned Entity Brick of Blue God Weed (CP_CannabisBrickBlue<32c2dc80>, 1, 30, 0) at <1728.898682, 125.717354, 10099.667969>
[COT 2024-03-08 14:43:54] 76561199407766611: Spawned Entity Brick of Blue God Weed (CP_CannabisBrickBlue<32c372d0>, 1, 30, 0) at <1727.240845, 125.717354, 10099.859375>
[COT 2024-03-08 15:14:27] 76561199407766611: Spawned Entity Rangefinder (Rangefinder<3e3ccd90>, 100, 70, 0) at <1727.249756, 125.717354, 10102.150391>
[COT 2024-03-08 15:14:42] 76561199407766611: Spawned Entity Bandage (BandageDressing<40e48990>, 4, 50, 0) at <1727.252808, 125.717354, 10102.146484>
[COT 2024-03-08 15:14:46] 76561199407766611: Spawned Entity Bandage (BandageDressing<40e52b70>, 4, 50, 0) at <1727.261353, 125.717354, 10102.149414>
[COT 2024-03-08 15:14:49] 76561199407766611: Spawned Entity Bandage (BandageDressing<40e4da80>, 4, 50, 0) at <1727.255249, 125.717354, 10100.472656>
[COT 2024-03-08 15:14:55] 76561199407766611: Spawned Entity IV Saline Bag (SalineBagIV<30dc5e00>, 4, 20, 0) at <1727.350830, 125.717354, 10098.629883>
[COT 2024-03-08 15:15:05] 76561199407766611: Spawned Entity Morphine Auto-Injector (Morphine<30dc3b50>, 4, 50, 0) at <1726.442017, 125.717354, 10099.224609>
[COT 2024-03-08 15:15:09] 76561199407766611: Spawned Entity Morphine Auto-Injector (Morphine<30dc80b0>, 4, 50, 0) at <1726.042603, 125.717354, 10100.823242>
[COT 2024-03-08 15:16:10] 76561199407766611: Set GodMode To true [guid=spMEkRl42onhFHdF_u42e0T03x2sj347kUc600NXdGA=]
[COT 2024-03-08 15:16:11] 76561199407766611: Set Invisibility To 1 [guid=spMEkRl42onhFHdF_u42e0T03x2sj347kUc600NXdGA=]
[COT 2024-03-08 15:16:28] 76561199407766611: Teleported to position <1226.880127, 99.884567, 9532.444336>
[COT 2024-03-08 15:16:32] 76561199407766611: Entered the Free Camera
[COT 2024-03-08 15:16:47] 76561199407766611: Left the Free Camera
[COT 2024-03-08 15:17:36] 76561199407766611: Set UnlimitedAmmo To true [guid=spMEkRl42onhFHdF_u42e0T03x2sj347kUc600NXdGA=]
[COT 2024-03-08 15:18:44] 76561199407766611: Entered the Free Camera
[COT 2024-03-08 15:18:57] 76561199407766611: Left the Free Camera
[COT 2024-03-08 15:18:58] 76561199407766611: Entered the Free Camera
[COT 2024-03-08 15:19:13] 76561199407766611: Left the Free Camera
[COT 2024-03-08 15:20:23] 76561199407766611: Teleported to position <1813.333496, 111.499992, 4837.831055>
[COT 2024-03-08 15:21:03] 76561199407766611: Spawned Entity MMG Solo Locker Red (mmg_solo_locker_base<48e77150>, 100, 1000, 0) at <1978.310547, 113.103523, 4684.916504>
[COT 2024-03-08 15:21:59] 76561199407766611: Deleted Entity DOC_ADMIN_DOC_TOP:9470 at <1980.866943, 112.596542, 4685.882324>
[COT 2024-03-08 15:22:08] 76561199407766611: Spawned Entity Chicken Shirt 1 (DOC_SHIRT_CHOOK1<4437ace0>, 100, 70, 0) at <1981.007324, 112.587578, 4685.910645>
[COT 2024-03-08 15:25:33] 76561199407766611: Teleported to position <4052.979004, 18.400038, 300.954590>
[COT 2024-03-08 15:25:51] 76561199407766611: Entered the Free Camera
[COT 2024-03-08 15:26:01] 76561199407766611: Left the Free Camera
[COT 2024-03-08 15:26:14] 76561199407766611: Spawned Entity Large Tent (LargeTent<45ca8950>, 100, 2000, 0) at <3993.041260, 1.385644, 239.401367>
[COT 2024-03-08 15:26:39] 76561199407766611: Spawned Entity Barrett M82 Snow (50BMG) (SVD_Base<187180b0>, 100, 250, 0) at <3989.200195, 1.139665, 237.145401>
[COT 2024-03-08 15:26:45] 76561199407766611: Spawned Entity BarrettM82_mag_10Rnd (Mag_SVD_10Rnd<41689c20>, 10, 100, 0) at <3990.249023, 1.231616, 237.935333>
[COT 2024-03-08 15:26:59] 76561199407766611: Spawned Entity BarrettM82_mag_10Rnd (Mag_SVD_10Rnd<41690fc0>, 10, 100, 0) at <3989.115234, 1.148479, 237.546219>
[COT 2024-03-08 15:27:04] 76561199407766611: Spawned Entity BarrettM82 Schalldämpfer (TWP_BarrettM82_Suppressor<30fc7890>, 10, 100, 0) at <3990.513428, 1.172052, 235.770203>
[COT 2024-03-08 15:27:24] 76561199407766611: Spawned Entity Brick of Blue God Weed (CP_CannabisBrickBlue<30fc4a50>, 1, 30, 0) at <3990.171387, 1.195574, 237.041641>
[COT 2024-03-08 15:27:32] 76561199407766611: Spawned Entity Nails (Nail<92a04c10>, 99, 80, 0) at <3990.861328, 1.165321, 234.968796>
[COT 2024-03-08 15:27:57] 76561199407766611: Spawned Entity Hryvnia Banknotes Stack (ExpansionBanknoteHryvnia<34b01960>, 1450, 100, 0) at <3990.715576, 1.156376, 234.968338>
[COT 2024-03-08 15:29:38] 76561199407766611: Teleported to position <6594.364258, 21.314041, 3662.807617>
