[COT 2024-03-08 17:04:21] 76561199108250772: Set GodMode To true [guid=OAdpPkJP2Ps_W7h2ttR1bK23ekHCzrxw0mDT3zqLMdU=]
[COT 2024-03-08 17:04:22] 76561199108250772: Set UnlimitedAmmo To true [guid=OAdpPkJP2Ps_W7h2ttR1bK23ekHCzrxw0mDT3zqLMdU=]
[COT 2024-03-08 17:04:23] 76561199108250772: Set UnlimitedStamina To true [guid=OAdpPkJP2Ps_W7h2ttR1bK23ekHCzrxw0mDT3zqLMdU=]
[COT 2024-03-08 17:04:23] 76561199108250772: Set cannot be targeted by AI to true [guid=OAdpPkJP2Ps_W7h2ttR1bK23ekHCzrxw0mDT3zqLMdU=]
[COT 2024-03-08 17:04:35] 76561199108250772: Teleported to position <382.934326, 115.771034, 9976.506836>
[COT 2024-03-08 17:05:03] 76561199108250772: Spawned Entity Sea Chest (SeaChest<1549dfc0>, 100, 600, 0) at <367.210693, 115.904839, 9955.089844>
[COT 2024-03-08 17:06:26] 76561199108250772: Entered the Free Camera
[COT 2024-03-08 17:06:45] 76561199108250772: Left the Free Camera
[COT 2024-03-08 17:07:32] 76561199108250772: Spawned Entity Firewood (Firewood<1568fb90>, 1, 500, 0) at <1729.179688, 125.717354, 10103.117188>
[COT 2024-03-08 17:08:19] 76561199108250772: Spawned Entity Lighter (PetrolLighter<1ac59a50>, 20, 20, 0) at <1728.562500, 125.717354, 10102.706055>
[COT 2024-03-08 17:09:07] 76561199108250772: Spawned Entity Fire Barrel (BarrelHoles_Yellow<f69da450>, 100, 900, 0) at <1726.998657, 125.717354, 10102.741211>
[COT 2024-03-08 17:12:38] 76561199108250772: Spawned Entity MVS Heavy - Black (ModularVestSystem_Heavy<15571230>, 1000, 300, 0) at <1729.693359, 125.717354, 10101.972656>
[COT 2024-03-08 17:14:11] 76561199108250772: Spawned Entity MVS Heavy - ERDL (ModularVestSystem_Heavy<1b0de170>, 100, 300, 0) at <1729.243652, 125.717354, 10103.068359>
[COT 2024-03-08 17:15:03] 76561199108250772: Spawned Entity MVS Admin Pouch - ERDL (MVS_Pouch_Base<bd8e680>, 100, 100, 0) at <1728.410767, 125.717354, 10102.325195>
[COT 2024-03-08 17:15:16] 76561199108250772: Spawned Entity MVS Heavy LMG Pouch - ERDL (MVS_Pouch_Base<bd93770>, 100, 100, 0) at <1729.199097, 125.717354, 10102.572266>
[COT 2024-03-08 17:15:54] 76561199108250772: Spawned Entity MVS Utility Pouch - ERDL (MVS_Pouch_Base<1a970e50>, 100, 100, 0) at <1728.495361, 125.717354, 10102.466797>
[COT 2024-03-08 17:18:10] 76561199108250772: Spawned Entity MVS Compact Pack 1 - ERDL (MountainBag_ColorBase<1ba14fb0>, 100, 300, 0) at <1729.639526, 125.717354, 10102.890625>
[COT 2024-03-08 17:19:16] 76561199108250772: Spawned Entity MVS Combat Belt - ERDL (Modular_Belt_Base<1a5fdae0>, 100, 100, 0) at <1729.272095, 125.717354, 10102.627930>
[COT 2024-03-08 17:20:11] 76561199108250772: Spawned Entity MVS Sheath - ERDL (NylonKnifeSheath<1c72c160>, 1000, 100, 0) at <1729.080811, 125.717354, 10102.673828>
[COT 2024-03-08 17:20:21] 76561199108250772: Spawned Entity MVS Holster - ERDL (PlateCarrierHolster<1c739180>, 1000, 100, 0) at <1729.991211, 125.717354, 10102.122070>
[COT 2024-03-08 17:20:48] 76561199108250772: Spawned Entity Pouches (PlateCarrierPouches<1a5e9720>, 100, 200, 0) at <1729.793213, 125.717354, 10102.236328>
[COT 2024-03-08 17:21:46] 76561199108250772: Spawned Entity MVS Canteen - ERDL (Canteen<beca64f0>, 1000, 100, 512) at <1729.514160, 125.717354, 10102.365234>
[COT 2024-03-08 17:23:29] 76561199108250772: Spawned Entity MVS Holster - ERDL (PlateCarrierHolster<1a641d20>, 100, 100, 0) at <1729.182861, 125.717354, 10102.335938>
[COT 2024-03-08 17:24:06] 76561199108250772: Spawned Entity NVG Headstrap (NVGHeadstrap<1bcec710>, 100, 200, 0) at <1729.677002, 125.717354, 10102.471680>
[COT 2024-03-08 17:24:48] 76561199108250772: Spawned Entity MVS Warrior Helmet - ERDL (Mich2001Helmet<1bd03910>, 100, 100, 0) at <1729.686279, 125.717354, 10102.254883>
[COT 2024-03-08 17:25:52] 76561199108250772: Spawned Entity MVS Combat Pants - ERDL (BDUPants<1cdae8d0>, 100, 100, 0) at <1729.739868, 125.717354, 10102.161133>
[COT 2024-03-08 17:26:04] 76561199108250772: Spawned Entity MVS Combat Shirt - ERDL (TacticalShirt_ColorBase<1cda8c50>, 100, 100, 0) at <1729.670044, 125.717354, 10099.200195>
[COT 2024-03-08 17:26:25] 76561199108250772: Spawned Entity Tactical Gloves (TacticalGloves_Green<1cdc1570>, 100, 165, 0) at <1729.890381, 125.717354, 10101.945313>
[COT 2024-03-08 17:26:52] 76561199108250772: Spawned Entity Jungle Boots (JungleBoots_Green<1cdcabc0>, 100, 180, 0) at <1729.904053, 125.717354, 10101.901367>
[COT 2024-03-08 17:27:15] 76561199108250772: Spawned Entity Blue's Personal Sidearm - ADMIN EDITION (DOC_ADMIN_BLUE_GLOCK<159c6430>, 100, 3000, 0) at <1729.946167, 125.717354, 10101.782227>
[COT 2024-03-08 17:27:36] 76561199108250772: Spawned Entity Blue's Glock Mag (DOC_ADMIN_MAG_BLUE_GLOCK<e4e49c50>, 150, 100, 0) at <1729.915039, 125.717354, 10102.058594>
[COT 2024-03-08 17:28:16] 76561199108250772: Spawned Entity DMR25 (308 Win) (FAL_Base<b7714710>, 100, 300, 0) at <1730.002197, 125.717354, 10101.508789>
[COT 2024-03-08 17:28:22] 76561199108250772: Spawned Entity DMR25_mag_20Rnd (Mag_FAL_20Rnd<ba2d9a60>, 20, 100, 0) at <1730.282104, 125.717354, 10099.943359>
[COT 2024-03-08 17:28:37] 76561199108250772: Spawned Entity DMR25_mag_20Rnd (Mag_FAL_20Rnd<1c6aeb50>, 20, 100, 0) at <1729.844482, 125.717354, 10099.250977>
[COT 2024-03-08 17:29:27] 76561199108250772: Spawned Entity Ghillie Rifle Wrap (GhillieAtt_ColorBase<1c6ba450>, 100, 300, 0) at <1730.046021, 125.717354, 10101.590820>
[COT 2024-03-08 17:30:06] 76561199108250772: Spawned Entity Hunting Scope (HuntingOptic<1c6380b0>, 100, 50, 0) at <1729.987671, 125.717354, 10101.489258>
[COT 2024-03-08 17:30:49] 76561199108250772: Spawned Entity KA-74 (AK74<c20f0400>, 100, 250, 0) at <1730.442993, 125.717354, 10099.616211>
[COT 2024-03-08 17:30:54] 76561199108250772: Spawned Entity KA-74 (AK74<c20ee9e0>, 100, 250, 0) at <1730.732910, 125.717354, 10098.727539>
[COT 2024-03-08 17:31:13] 76561199108250772: Spawned Entity KA-101 (AK101<b39e6e30>, 100, 300, 0) at <1727.503296, 125.717354, 10100.149414>
[COT 2024-03-08 17:32:15] 76561199108250772: Spawned Entity Scar L (556x45) (FAL_Base<b39e5410>, 100, 200, 0) at <1727.211304, 125.717354, 10099.104492>
[COT 2024-03-08 17:32:45] 76561199108250772: Spawned Entity HK416 (556x45) (M4A1_Base<b39acec0>, 100, 200, 0) at <1726.854248, 125.717354, 10098.719727>
[COT 2024-03-08 17:32:51] 76561199108250772: Spawned Entity HK417 (308Win) (M4A1_Base<b76d9a90>, 100, 250, 0) at <1726.376099, 125.717354, 10100.176758>
[COT 2024-03-08 17:33:30] 76561199108250772: Spawned Entity HK417_mag_30Rnd (Mag_STANAG_30Rnd<1bcbcab0>, 30, 100, 0) at <1727.090088, 125.717354, 10099.388672>
[COT 2024-03-08 17:33:34] 76561199108250772: Spawned Entity HK417_mag_30Rnd (Mag_STANAG_30Rnd<1bcbb390>, 30, 100, 0) at <1726.458618, 125.717354, 10099.272461>
[COT 2024-03-08 17:34:45] 76561199108250772: Spawned Entity Cosmetic_Neversoft (ItemBase<1d722ab0>, 100, 100, 0) at <1729.257324, 125.717354, 10099.551758>
[COT 2024-03-08 17:35:08] 76561199108250772: Spawned Entity HK417_mag_30Rnd (Mag_STANAG_30Rnd<1d72fad0>, 30, 100, 0) at <1727.552246, 125.717346, 10098.562500>
[COT 2024-03-08 17:35:12] 76561199108250772: Spawned Entity HK417_mag_30Rnd (Mag_STANAG_30Rnd<1d732910>, 30, 100, 0) at <1726.601440, 125.717346, 10101.151367>
[COT 2024-03-08 17:35:16] 76561199108250772: Spawned Entity HK417_mag_30Rnd (Mag_STANAG_30Rnd<1d7334a0>, 30, 100, 0) at <1727.454346, 125.717354, 10100.959961>
[COT 2024-03-08 17:35:38] 76561199108250772: Spawned Entity Cooking Pot (Pot<becab960>, 2000, 200, 512) at <1727.160645, 125.717354, 10101.665039>
[COT 2024-03-08 17:36:22] 76561199108250772: Spawned Entity Beef Steak (CowSteakMeat<1d594de0>, 500, 50, 1) at <1727.075073, 125.717354, 10101.509766>
[COT 2024-03-08 17:36:24] 76561199108250772: Spawned Entity Beef Steak (CowSteakMeat<1d59e430>, 500, 50, 1) at <1726.786499, 125.717354, 10101.697266>
[COT 2024-03-08 17:36:27] 76561199108250772: Spawned Entity Beef Steak (CowSteakMeat<1d597c20>, 500, 50, 1) at <1727.069824, 125.717354, 10101.956055>
[COT 2024-03-08 17:36:28] 76561199108250772: Spawned Entity Beef Steak (CowSteakMeat<1d5a1e00>, 500, 50, 1) at <1727.066040, 125.758400, 10101.809570>
[COT 2024-03-08 17:36:28] 76561199108250772: Spawned Entity Beef Steak (CowSteakMeat<1d5a3520>, 500, 50, 1) at <1727.061523, 125.785553, 10101.712891>
[COT 2024-03-08 17:36:29] 76561199108250772: Spawned Entity Beef Steak (CowSteakMeat<1d59fb50>, 500, 50, 1) at <1727.055298, 125.818359, 10101.599609>
[COT 2024-03-08 17:36:29] 76561199108250772: Spawned Entity Beef Steak (CowSteakMeat<1d5a2990>, 500, 50, 1) at <1727.047485, 125.853218, 10101.476563>
[COT 2024-03-08 17:36:30] 76561199108250772: Spawned Entity Beef Steak (CowSteakMeat<1d5a57d0>, 500, 50, 1) at <1727.044067, 125.884331, 10101.365234>
[COT 2024-03-08 17:36:30] 76561199108250772: Spawned Entity Beef Steak (CowSteakMeat<1d5a1270>, 500, 50, 1) at <1727.043335, 125.911263, 10101.268555>
[COT 2024-03-08 17:36:31] 76561199108250772: Spawned Entity Beef Steak (CowSteakMeat<1d5a40b0>, 500, 50, 1) at <1727.043457, 125.935425, 10101.181641>
[COT 2024-03-08 17:38:19] 76561199108250772: Spawned Entity Firewood (Firewood<1cfc80a0>, 1, 500, 0) at <1726.965088, 125.717354, 10100.607422>
[COT 2024-03-08 17:38:24] 76561199108250772: Spawned Entity Firewood (Firewood<1cfdfe30>, 1, 500, 0) at <1728.040527, 125.717354, 10102.755859>
[COT 2024-03-08 17:38:24] 76561199108250772: Spawned Entity Firewood (Firewood<1cfddb80>, 1, 500, 0) at <1728.014038, 125.748077, 10102.627930>
[COT 2024-03-08 17:38:25] 76561199108250772: Spawned Entity Firewood (Firewood<1cfda1b0>, 1, 500, 0) at <1727.949707, 125.835426, 10102.264648>
[COT 2024-03-08 17:38:25] 76561199108250772: Spawned Entity Firewood (Firewood<1cfdb8d0>, 1, 500, 0) at <1727.904785, 125.897675, 10102.003906>
[COT 2024-03-08 17:38:26] 76561199108250772: Spawned Entity Firewood (Firewood<1cfdad40>, 1, 500, 0) at <1727.864868, 125.951645, 10101.779297>
[COT 2024-03-08 17:40:15] 76561199108250772: Spawned Entity .308 WIN Rounds (Ammo_308Win<1d5116b0>, 80, 100, 0) at <1727.139038, 125.717354, 10094.293945>
[COT 2024-03-08 17:40:16] 76561199108250772: Spawned Entity .308 WIN Rounds (Ammo_308Win<1d518a50>, 80, 100, 0) at <1727.141479, 125.736961, 10094.378906>
[COT 2024-03-08 17:40:16] 76561199108250772: Spawned Entity .308 WIN Rounds (Ammo_308Win<1d512240>, 80, 100, 0) at <1727.144409, 125.753586, 10094.449219>
[COT 2024-03-08 17:40:16] 76561199108250772: Spawned Entity .308 WIN Rounds (Ammo_308Win<1d51db40>, 80, 100, 0) at <1727.146362, 125.775391, 10094.541016>
[COT 2024-03-08 17:40:16] 76561199108250772: Spawned Entity .308 WIN Rounds (Ammo_308Win<1d51fdf0>, 80, 100, 0) at <1727.147827, 125.796638, 10094.629883>
[COT 2024-03-08 17:40:16] 76561199108250772: Spawned Entity .308 WIN Rounds (Ammo_308Win<1d51cfb0>, 80, 100, 0) at <1727.148438, 125.813705, 10094.702148>
[COT 2024-03-08 17:40:17] 76561199108250772: Spawned Entity .308 WIN Rounds (Ammo_308Win<1d5195e0>, 80, 100, 0) at <1727.148682, 125.829025, 10094.769531>
[COT 2024-03-08 17:40:17] 76561199108250772: Spawned Entity .308 WIN Rounds (Ammo_308Win<1d520980>, 80, 100, 0) at <1727.149780, 125.844398, 10094.835938>
[COT 2024-03-08 17:40:17] 76561199108250772: Spawned Entity .308 WIN Rounds (Ammo_308Win<1d51a170>, 80, 100, 0) at <1727.151245, 125.856941, 10094.889648>
[COT 2024-03-08 17:40:17] 76561199108250772: Spawned Entity .308 WIN Rounds (Ammo_308Win<1d521510>, 80, 100, 0) at <1727.152954, 125.876045, 10094.970703>
[COT 2024-03-08 17:40:17] 76561199108250772: Spawned Entity .308 WIN Rounds (Ammo_308Win<1d51ad00>, 80, 100, 0) at <1727.154907, 125.893562, 10095.043945>
[COT 2024-03-08 17:40:17] 76561199108250772: Spawned Entity .308 WIN Rounds (Ammo_308Win<1d51c420>, 80, 100, 0) at <1727.155273, 125.893677, 10095.042969>
[COT 2024-03-08 17:40:18] 76561199108250772: Spawned Entity .308 WIN Rounds (Ammo_308Win<1d5220a0>, 80, 100, 0) at <1727.157715, 125.911369, 10095.116211>
[COT 2024-03-08 17:40:18] 76561199108250772: Spawned Entity .308 WIN Rounds (Ammo_308Win<1d51e6d0>, 80, 100, 0) at <1727.159180, 125.911736, 10095.116211>
[COT 2024-03-08 17:40:18] 76561199108250772: Spawned Entity .308 WIN Rounds (Ammo_308Win<1d51b890>, 80, 100, 0) at <1727.162231, 125.928848, 10095.188477>
[COT 2024-03-08 17:40:18] 76561199108250772: Spawned Entity .308 WIN Rounds (Ammo_308Win<1d522c30>, 80, 100, 0) at <1727.164795, 125.945435, 10095.258789>
[COT 2024-03-08 17:40:18] 76561199108250772: Spawned Entity .308 WIN Rounds (Ammo_308Win<1d5237c0>, 80, 100, 0) at <1727.165771, 125.945221, 10095.257813>
[COT 2024-03-08 17:40:18] 76561199108250772: Spawned Entity .308 WIN Rounds (Ammo_308Win<1d525a70>, 80, 100, 0) at <1727.167236, 125.963783, 10095.336914>
[COT 2024-03-08 17:40:19] 76561199108250772: Spawned Entity .308 WIN Rounds (Ammo_308Win<1d51f260>, 80, 100, 0) at <1727.168091, 125.980499, 10095.408203>
[COT 2024-03-08 17:40:19] 76561199108250772: Spawned Entity .308 WIN Rounds (Ammo_308Win<1d5288b0>, 80, 100, 0) at <1727.168823, 125.997406, 10095.479492>
[COT 2024-03-08 17:40:19] 76561199108250772: Spawned Entity .308 WIN Rounds (Ammo_308Win<1d52ab60>, 80, 100, 0) at <1727.169189, 126.014618, 10095.552734>
[COT 2024-03-08 17:40:19] 76561199108250772: Spawned Entity .308 WIN Rounds (Ammo_308Win<1d529fd0>, 80, 100, 0) at <1727.169434, 126.031471, 10095.625000>
[COT 2024-03-08 17:40:19] 76561199108250772: Spawned Entity .308 WIN Rounds (Ammo_308Win<1d529440>, 80, 100, 0) at <1727.169434, 126.048668, 10095.698242>
[COT 2024-03-08 17:40:19] 76561199108250772: Spawned Entity .308 WIN Rounds (Ammo_308Win<1d52b6f0>, 80, 100, 0) at <1727.169434, 126.063660, 10095.763672>
[COT 2024-03-08 17:40:20] 76561199108250772: Spawned Entity .308 WIN Rounds (Ammo_308Win<1d52c280>, 80, 100, 0) at <1727.169434, 126.080124, 10095.833984>
[COT 2024-03-08 17:40:20] 76561199108250772: Spawned Entity .308 WIN Rounds (Ammo_308Win<1d52ce10>, 80, 100, 0) at <1727.168579, 126.079895, 10095.833008>
[COT 2024-03-08 17:40:20] 76561199108250772: Spawned Entity .308 WIN Rounds (Ammo_308Win<1d526600>, 80, 100, 0) at <1727.169556, 126.100487, 10095.920898>
[COT 2024-03-08 17:40:21] 76561199108250772: Spawned Entity .308 WIN Rounds (Ammo_308Win<1d52d9a0>, 80, 100, 0) at <1727.174438, 126.113716, 10095.973633>
[COT 2024-03-08 17:40:21] 76561199108250772: Spawned Entity .308 WIN Rounds (Ammo_308Win<1d527190>, 80, 100, 0) at <1727.175659, 126.134270, 10096.060547>
[COT 2024-03-08 17:40:21] 76561199108250772: Spawned Entity .308 WIN Rounds (Ammo_308Win<1d527d20>, 80, 100, 0) at <1727.175171, 126.153000, 10096.139648>
[COT 2024-03-08 17:40:21] 76561199108250772: Spawned Entity .308 WIN Rounds (Ammo_308Win<1d52f0c0>, 80, 100, 0) at <1727.173584, 126.166023, 10096.193359>
[COT 2024-03-08 17:40:21] 76561199108250772: Spawned Entity .308 WIN Rounds (Ammo_308Win<1d5307e0>, 80, 100, 0) at <1727.173096, 126.183853, 10096.268555>
[COT 2024-03-08 17:40:22] 76561199108250772: Spawned Entity .308 WIN Rounds (Ammo_308Win<1d5341b0>, 80, 100, 0) at <1727.173096, 126.199150, 10096.333984>
[COT 2024-03-08 17:40:22] 76561199108250772: Spawned Entity .308 WIN Rounds (Ammo_308Win<1d52fc50>, 80, 100, 0) at <1727.173706, 126.214142, 10096.397461>
[COT 2024-03-08 17:40:22] 76561199108250772: Spawned Entity .308 WIN Rounds (Ammo_308Win<1d534d40>, 80, 100, 0) at <1727.173340, 126.214249, 10096.398438>
[COT 2024-03-08 17:41:50] 76561199108250772: Spawned Entity Bandage (BandageDressing<c3ae1150>, 4, 50, 0) at <1726.911255, 125.717346, 10098.231445>
[COT 2024-03-08 17:41:50] 76561199108250772: Spawned Entity Bandage (BandageDressing<c3ae9c10>, 4, 50, 0) at <1726.914063, 125.743309, 10098.157227>
[COT 2024-03-08 17:41:51] 76561199108250772: Spawned Entity Bandage (BandageDressing<c3ae4b20>, 4, 50, 0) at <1726.914063, 125.770004, 10098.080078>
[COT 2024-03-08 17:42:41] 76561199108250772: Spawned Entity Splint (Splint<c5112b80>, 100, 70, 0) at <1726.907104, 125.717354, 10099.112305>
[COT 2024-03-08 17:43:05] 76561199108250772: Spawned Entity Tetracycline Pills (TetracyclineAntibiotics<b198eec0>, 12, 30, 0) at <1726.928955, 125.717354, 10100.112305>
[COT 2024-03-08 17:43:21] 76561199108250772: Spawned Entity Morphine Auto-Injector (Morphine<ac807ba0>, 12, 50, 0) at <1727.043335, 125.717354, 10099.676758>
[COT 2024-03-08 17:43:22] 76561199108250772: Spawned Entity Morphine Auto-Injector (Morphine<ac809e50>, 12, 50, 0) at <1727.041382, 125.736526, 10099.621094>
[COT 2024-03-08 17:43:30] 76561199108250772: Spawned Entity Multivitamin Pills (VitaminBottle<ac7d74f0>, 50, 50, 0) at <1727.042603, 125.757408, 10099.564453>
[COT 2024-03-08 17:44:06] 76561199108250772: Spawned Entity Hryvnia Banknotes Stack (ExpansionBanknoteHryvnia<ad944ce0>, 10045, 100, 0) at <1727.120483, 125.717361, 10099.305664>
[COT 2024-03-08 17:44:27] 76561199108250772: Spawned Entity Brick of Black Frost Weed (CP_CannabisBrickBlackFrost<ad93b690>, 1, 30, 0) at <1726.551025, 125.717354, 10099.666992>
[COT 2024-03-08 17:44:30] 76561199108250772: Spawned Entity Brick of Black Frost Weed (CP_CannabisBrickBlackFrost<c92cef20>, 1, 30, 0) at <1726.895142, 125.717361, 10099.228516>
[COT 2024-03-08 17:44:31] 76561199108250772: Spawned Entity Brick of Black Frost Weed (CP_CannabisBrickBlackFrost<c92cb550>, 1, 30, 0) at <1726.899170, 125.747192, 10099.126953>
[COT 2024-03-08 17:44:31] 76561199108250772: Spawned Entity Brick of Black Frost Weed (CP_CannabisBrickBlackFrost<c92c92a0>, 1, 30, 0) at <1726.910400, 125.773010, 10099.039063>
[COT 2024-03-08 17:44:32] 76561199108250772: Spawned Entity Brick of Black Frost Weed (CP_CannabisBrickBlackFrost<c92d5730>, 1, 30, 0) at <1726.917480, 125.800034, 10098.947266>
[COT 2024-03-08 17:44:59] 76561199108250772: Spawned Entity Packed Cannabis BlackFrost Seeds (CP_CannabisSeedsPackBlackFrost<c92c2a90>, 20, 5, 0) at <1726.934814, 125.717354, 10098.449219>
[COT 2024-03-08 17:44:59] 76561199108250772: Spawned Entity Packed Cannabis BlackFrost Seeds (CP_CannabisSeedsPackBlackFrost<c92bd9a0>, 20, 5, 0) at <1726.937500, 125.750099, 10098.356445>
[COT 2024-03-08 17:45:00] 76561199108250772: Spawned Entity Packed Cannabis BlackFrost Seeds (CP_CannabisSeedsPackBlackFrost<c92c58d0>, 20, 5, 0) at <1726.946167, 125.785728, 10098.253906>
[COT 2024-03-08 17:45:00] 76561199108250772: Spawned Entity Packed Cannabis BlackFrost Seeds (CP_CannabisSeedsPackBlackFrost<1b0cfa30>, 20, 5, 0) at <1726.954468, 125.820045, 10098.158203>
[COT 2024-03-08 17:45:01] 76561199108250772: Spawned Entity Packed Cannabis BlackFrost Seeds (CP_CannabisSeedsPackBlackFrost<1b0cd780>, 20, 5, 0) at <1726.961914, 125.864326, 10098.030273>
[COT 2024-03-08 17:45:01] 76561199108250772: Spawned Entity Packed Cannabis BlackFrost Seeds (CP_CannabisSeedsPackBlackFrost<1b0d2870>, 20, 5, 0) at <1726.967163, 125.896095, 10097.937500>
[COT 2024-03-08 17:45:02] 76561199108250772: Spawned Entity Packed Cannabis BlackFrost Seeds (CP_CannabisSeedsPackBlackFrost<1b0cc060>, 20, 5, 0) at <1726.969971, 125.926720, 10097.847656>
[COT 2024-03-08 17:45:02] 76561199108250772: Spawned Entity Packed Cannabis BlackFrost Seeds (CP_CannabisSeedsPackBlackFrost<1b0dbec0>, 20, 5, 0) at <1726.974487, 125.967941, 10097.729492>
[COT 2024-03-08 17:45:02] 76561199108250772: Spawned Entity Packed Cannabis BlackFrost Seeds (CP_CannabisSeedsPackBlackFrost<1b0d9c10>, 20, 5, 0) at <1726.981079, 126.002274, 10097.629883>
[COT 2024-03-08 17:45:03] 76561199108250772: Spawned Entity Packed Cannabis BlackFrost Seeds (CP_CannabisSeedsPackBlackFrost<1b0db330>, 20, 5, 0) at <1726.984375, 126.037415, 10097.529297>
[COT 2024-03-08 17:45:36] 76561199108250772: Spawned Entity Mossberg Patriot (Winchester70_Base<b39bfb30>, 100, 200, 0) at <1726.966553, 125.717354, 10098.089844>
[COT 2024-03-08 17:48:19] 76561199108250772: Spawned Entity Doc's Glock - Gold (DOC_GLOCK_GOLD<a9dcfa90>, 100, 2800, 0) at <1727.158325, 125.717346, 10097.476563>
[COT 2024-03-08 17:49:29] 76561199108250772: Teleported to position <928.795166, 151.101227, 7128.491211>
[COT 2024-03-08 17:51:27] 76561199108250772: Spawned Entity Duct Tape (DuctTape<c0bc2b20>, 100, 50, 0) at <920.126953, 151.733231, 7126.227539>
[COT 2024-03-08 17:54:22] 76561199108250772: Teleported to position <1751.248291, 125.392189, 10099.167969>
[COT 2024-03-08 17:57:16] 76561199108250772: Entered the Free Camera
[COT 2024-03-08 18:04:56] 76561199108250772: Left the Free Camera
[COT 2024-03-08 18:05:05] 76561199108250772: Spawned Entity 9V Battery (Battery9V<b789a710>, 50, 20, 0) at <1727.310425, 125.717354, 10097.385742>
[COT 2024-03-08 18:05:06] 76561199108250772: Spawned Entity 9V Battery (Battery9V<b78a8e50>, 50, 20, 0) at <1727.310059, 125.737595, 10097.339844>
[COT 2024-03-08 18:05:07] 76561199108250772: Spawned Entity 9V Battery (Battery9V<ca60a3a0>, 50, 20, 0) at <1727.312622, 125.756966, 10097.297852>
[COT 2024-03-08 18:05:07] 76561199108250772: Spawned Entity 9V Battery (Battery9V<ca6052b0>, 50, 20, 0) at <1727.320068, 125.796112, 10097.212891>
[COT 2024-03-08 18:05:08] 76561199108250772: Spawned Entity 9V Battery (Battery9V<ca605e40>, 50, 20, 0) at <1727.323730, 125.819740, 10097.159180>
[COT 2024-03-08 18:05:08] 76561199108250772: Spawned Entity 9V Battery (Battery9V<ca6080f0>, 50, 20, 0) at <1727.326172, 125.854103, 10097.079102>
[COT 2024-03-08 18:06:00] 76561199108250772: Teleported to <921.749329, 154.596497, 7144.693848> [guid=ebo0O4yOjYkK486s9SoqLuFc3tRe1vP1S2eE1IJxhV4=]
[COT 2024-03-08 18:07:05] 76561199108250772: Spawned Entity Concrete Mix (BBP_Cement<1c73b430>, 2, 400, 0) at <919.257874, 154.644073, 7143.523926>
[COT 2024-03-08 18:07:12] 76561199108250772: Spawned Entity Concrete Mix (BBP_Cement<1c73bfc0>, 2, 400, 0) at <917.727600, 154.596527, 7145.015625>
[COT 2024-03-08 18:07:54] 76561199108250772: Spawned Entity ADMIN HAMMER (BBP_Admin_Hammer<bedc3c60>, 100, 100, 0) at <924.313171, 154.596512, 7143.685059>
[COT 2024-03-08 18:14:29] 76561199108250772: Teleported to position <2780.444336, 122.702576, 10012.444336>
[COT 2024-03-08 18:14:41] 76561199108250772: Teleported to position <1735.452881, 123.994446, 10082.152344>
[COT 2024-03-08 18:16:42] 76561199108250772: Spawned Entity Firewood (Firewood<bab06790>, 1, 500, 0) at <1727.188721, 125.717354, 10101.589844>
[COT 2024-03-08 18:16:43] 76561199108250772: Spawned Entity Firewood (Firewood<bab05070>, 1, 500, 0) at <1727.183594, 125.755241, 10101.453125>
[COT 2024-03-08 18:16:44] 76561199108250772: Spawned Entity Firewood (Firewood<bab095d0>, 1, 500, 0) at <1727.174561, 125.791176, 10101.321289>
[COT 2024-03-08 18:16:44] 76561199108250772: Spawned Entity Firewood (Firewood<bab0b880>, 1, 500, 0) at <1727.144409, 125.891228, 10100.953125>
[COT 2024-03-08 18:16:45] 76561199108250772: Spawned Entity Firewood (Firewood<bab0c410>, 1, 500, 0) at <1727.130493, 125.927994, 10100.816406>
[COT 2024-03-08 18:16:45] 76561199108250772: Spawned Entity Firewood (Firewood<bab05c00>, 1, 500, 0) at <1727.120850, 125.962021, 10100.691406>
[COT 2024-03-08 18:17:26] 76561199108250772: Spawned Entity Lighter (PetrolLighter<1bd0daf0>, 20, 20, 0) at <1727.224487, 125.717354, 10098.547852>
[COT 2024-03-08 18:20:44] 76561199108250772: Spawned Entity Boxed Nails (NailBox<1c6abd10>, 100, 80, 0) at <1727.147339, 125.717361, 10098.200195>
[COT 2024-03-08 18:20:51] 76561199108250772: Spawned Entity Boxed Nails (NailBox<1c6a5500>, 100, 80, 0) at <1726.773804, 125.717354, 10100.174805>
[COT 2024-03-08 18:20:51] 76561199108250772: Spawned Entity Boxed Nails (NailBox<1c6ac8a0>, 100, 80, 0) at <1726.772583, 125.740280, 10100.074219>
[COT 2024-03-08 18:20:52] 76561199108250772: Spawned Entity Boxed Nails (NailBox<1c6a6090>, 100, 80, 0) at <1726.779663, 125.769310, 10099.947266>
[COT 2024-03-08 18:20:53] 76561199108250772: Spawned Entity Boxed Nails (NailBox<1c6b47d0>, 100, 80, 0) at <1726.789185, 125.799782, 10099.815430>
[COT 2024-03-08 18:20:53] 76561199108250772: Spawned Entity Boxed Nails (NailBox<1c6b0e00>, 100, 80, 0) at <1726.797974, 125.826782, 10099.698242>
[COT 2024-03-08 18:20:53] 76561199108250772: Spawned Entity Boxed Nails (NailBox<1c6adfc0>, 100, 80, 0) at <1726.802856, 125.852127, 10099.587891>
[COT 2024-03-08 18:20:54] 76561199108250772: Spawned Entity Boxed Nails (NailBox<1c6b1990>, 100, 80, 0) at <1726.805054, 125.878326, 10099.475586>
[COT 2024-03-08 18:20:54] 76561199108250772: Spawned Entity Boxed Nails (NailBox<1c6bafe0>, 100, 80, 0) at <1726.813110, 125.904778, 10099.361328>
[COT 2024-03-08 18:20:55] 76561199108250772: Spawned Entity Boxed Nails (NailBox<1c6c7470>, 100, 80, 0) at <1726.823486, 125.936020, 10099.228516>
[COT 2024-03-08 18:20:57] 76561199108250772: Spawned Entity Boxed Nails (NailBox<bc211c20>, 100, 80, 0) at <1726.827393, 125.962448, 10099.110352>
[COT 2024-03-08 18:20:57] 76561199108250772: Spawned Entity Boxed Nails (NailBox<bc218fc0>, 100, 80, 0) at <1726.834229, 125.985687, 10099.008789>
[COT 2024-03-08 18:20:58] 76561199108250772: Spawned Entity Boxed Nails (NailBox<bc2127b0>, 100, 80, 0) at <1726.838501, 126.013084, 10098.891602>
[COT 2024-03-08 18:20:58] 76561199108250772: Spawned Entity Boxed Nails (NailBox<bc213340>, 100, 80, 0) at <1726.842163, 126.045219, 10098.754883>
[COT 2024-03-08 18:20:59] 76561199108250772: Spawned Entity Boxed Nails (NailBox<bc21a6e0>, 100, 80, 0) at <1726.844604, 126.075706, 10098.622070>
[COT 2024-03-08 18:21:44] 76561199108250772: Spawned Entity Sharpening Stone (Whetstone<b372e430>, 100, 50, 0) at <1726.997314, 125.717354, 10099.583008>
[COT 2024-03-08 18:21:45] 76561199108250772: Spawned Entity Sharpening Stone (Whetstone<b3737a80>, 100, 50, 0) at <1727.003906, 125.734375, 10099.516602>
[COT 2024-03-08 18:21:45] 76561199108250772: Spawned Entity Sharpening Stone (Whetstone<b37410d0>, 100, 50, 0) at <1727.009644, 125.752907, 10099.444336>
[COT 2024-03-08 18:21:46] 76561199108250772: Spawned Entity Sharpening Stone (Whetstone<b373cb70>, 100, 50, 0) at <1727.013794, 125.771744, 10099.369141>
[COT 2024-03-08 18:21:46] 76561199108250772: Spawned Entity Sharpening Stone (Whetstone<b3745630>, 100, 50, 0) at <1727.018188, 125.801315, 10099.249023>
[COT 2024-03-08 18:21:47] 76561199108250772: Spawned Entity Sharpening Stone (Whetstone<b373ee20>, 100, 50, 0) at <1727.018311, 125.815430, 10099.192383>
[COT 2024-03-08 18:21:47] 76561199108250772: Spawned Entity Sharpening Stone (Whetstone<b3743f10>, 100, 50, 0) at <1727.021729, 125.829933, 10099.134766>
[COT 2024-03-08 18:21:48] 76561199108250772: Spawned Entity Sharpening Stone (Whetstone<b3749000>, 100, 50, 0) at <1727.025879, 125.859680, 10099.017578>
[COT 2024-03-08 18:21:48] 76561199108250772: Spawned Entity Sharpening Stone (Whetstone<b37503a0>, 100, 50, 0) at <1727.028320, 125.889626, 10098.901367>
[COT 2024-03-08 18:21:49] 76561199108250772: Spawned Entity Sharpening Stone (Whetstone<1cdd7be0>, 100, 50, 0) at <1727.028320, 125.916893, 10098.791016>
[COT 2024-03-08 18:22:26] 76561199108250772: Spawned Entity Land Mine (LandMineTrap<abc00820>, 100, 70, 0) at <1727.230103, 125.717346, 10098.336914>
[COT 2024-03-08 18:22:26] 76561199108250772: Spawned Entity Land Mine (LandMineTrap<abc0bd10>, 100, 70, 0) at <1727.235596, 125.746033, 10098.247070>
[COT 2024-03-08 18:22:27] 76561199108250772: Spawned Entity Land Mine (LandMineTrap<b1826e40>, 100, 70, 0) at <1727.237061, 125.773926, 10098.158203>
[COT 2024-03-08 18:22:28] 76561199108250772: Spawned Entity Land Mine (LandMineTrap<b1834760>, 100, 70, 0) at <1727.235107, 125.806374, 10098.052734>
[COT 2024-03-08 18:22:28] 76561199108250772: Spawned Entity Land Mine (LandMineTrap<b1833b50>, 100, 70, 0) at <1727.240356, 125.837189, 10097.956055>
[COT 2024-03-08 18:22:29] 76561199108250772: Spawned Entity Land Mine (LandMineTrap<b1835f80>, 100, 70, 0) at <1727.244629, 125.870438, 10097.851563>
[COT 2024-03-08 18:23:57] 76561199108250772: Spawned Entity Boxed 5.56x45mm Tracer Rounds (AmmoBox_556x45Tracer_20Rnd<b208b060>, 100, 100, 0) at <1726.946777, 125.717346, 10098.094727>
[COT 2024-03-08 18:23:58] 76561199108250772: Spawned Entity Boxed 5.56x45mm Tracer Rounds (AmmoBox_556x45Tracer_20Rnd<b209a330>, 100, 100, 0) at <1726.946655, 125.727936, 10098.064453>
[COT 2024-03-08 18:23:58] 76561199108250772: Spawned Entity Boxed 5.56x45mm Tracer Rounds (AmmoBox_556x45Tracer_20Rnd<b20946b0>, 100, 100, 0) at <1726.943604, 125.742210, 10098.017578>
[COT 2024-03-08 18:23:59] 76561199108250772: Spawned Entity Boxed 5.56x45mm Tracer Rounds (AmmoBox_556x45Tracer_20Rnd<b209d170>, 100, 100, 0) at <1726.946289, 125.757332, 10097.969727>
[COT 2024-03-08 18:24:00] 76561199108250772: Spawned Entity Boxed 5.56x45mm Tracer Rounds (AmmoBox_556x45Tracer_20Rnd<b209f420>, 100, 100, 0) at <1726.954102, 125.772301, 10097.926758>
[COT 2024-03-08 18:24:01] 76561199108250772: Spawned Entity Boxed 5.56x45mm Tracer Rounds (AmmoBox_556x45Tracer_20Rnd<b20a3980>, 100, 100, 0) at <1726.957642, 125.780991, 10097.899414>
[COT 2024-03-08 18:24:01] 76561199108250772: Spawned Entity Boxed 5.56x45mm Tracer Rounds (AmmoBox_556x45Tracer_20Rnd<b20a67c0>, 100, 100, 0) at <1726.957520, 125.793907, 10097.859375>
[COT 2024-03-08 18:24:02] 76561199108250772: Spawned Entity Boxed 5.56x45mm Tracer Rounds (AmmoBox_556x45Tracer_20Rnd<b20a0b40>, 100, 100, 0) at <1726.964600, 125.806488, 10097.822266>
[COT 2024-03-08 18:24:02] 76561199108250772: Spawned Entity Boxed 5.56x45mm Tracer Rounds (AmmoBox_556x45Tracer_20Rnd<b20b20c0>, 100, 100, 0) at <1726.969849, 125.819313, 10097.786133>
[COT 2024-03-08 18:24:03] 76561199108250772: Spawned Entity Boxed 5.56x45mm Tracer Rounds (AmmoBox_556x45Tracer_20Rnd<b20b6620>, 100, 100, 0) at <1726.974609, 125.833824, 10097.741211>
[COT 2024-03-08 18:24:51] 76561199108250772: Spawned Entity Gun Cleaning Kit (WeaponCleaningKit<c3718f20>, 100, 100, 0) at <1727.068237, 125.717346, 10098.893555>
[COT 2024-03-08 18:24:52] 76561199108250772: Spawned Entity Gun Cleaning Kit (WeaponCleaningKit<c371a640>, 100, 100, 0) at <1727.073242, 125.775749, 10098.694336>
[COT 2024-03-08 18:24:52] 76561199108250772: Spawned Entity Gun Cleaning Kit (WeaponCleaningKit<c3720e50>, 100, 100, 0) at <1727.083618, 125.821358, 10098.540039>
[COT 2024-03-08 18:24:53] 76561199108250772: Spawned Entity Gun Cleaning Kit (WeaponCleaningKit<c36e5a30>, 100, 100, 0) at <1727.089478, 125.857185, 10098.418945>
[COT 2024-03-08 18:31:15] 76561199108250772: Spawned Entity NBC Gloves (NBCGlovesGray<ca7f35e0>, 100, 120, 0) at <1727.121826, 125.717354, 10096.252930>
[COT 2024-03-08 18:31:19] 76561199108250772: Spawned Entity NBC Pants (NBCPantsGray<ca7f6fb0>, 100, 100, 0) at <1727.199951, 125.717354, 10098.350586>
[COT 2024-03-08 18:31:25] 76561199108250772: Spawned Entity NBC Boots (NBCBootsGray<ca7f1ec0>, 100, 80, 0) at <1726.582397, 125.717346, 10098.453125>
[COT 2024-03-08 18:31:31] 76561199108250772: Spawned Entity NBC Jacket (NBCJacketGray<ca7f2a50>, 100, 100, 0) at <1727.079956, 125.717361, 10099.292969>
[COT 2024-03-08 18:32:09] 76561199108250772: Spawned Entity Combat Gas Mask (GasMask<ba69bd40>, 225, 120, 0) at <1727.131958, 125.717354, 10099.412109>
[COT 2024-03-08 18:34:23] 76561199108250772: Teleported to position <4548.076660, 102.616943, 9181.350586>
[COT 2024-03-08 18:34:56] 76561199108250772: Spawned Entity Rope (Rope<c0f3a010>, 100, 200, 0) at <4547.297852, 102.604019, 9180.496094>
[COT 2024-03-08 18:38:32] 76561199108250772: Teleported to position <6608.548828, 21.336346, 3675.875244>
[COT 2024-03-08 18:55:34] 76561199108250772: Spawned Entity Sea Chest (SeaChest<c08f4bb0>, 100, 600, 0) at <6617.523926, 21.493814, 3665.892822>
[COT 2024-03-08 18:55:45] 76561199108250772: Spawned Entity Human Steak (HumanSteakMeat<c03f25c0>, 150, 50, 1) at <6618.088379, 21.493782, 3665.725098>
[COT 2024-03-08 18:55:45] 76561199108250772: Spawned Entity Human Steak (HumanSteakMeat<c03fd330>, 150, 50, 1) at <6618.171875, 21.520306, 3665.764648>
[COT 2024-03-08 18:55:45] 76561199108250772: Spawned Entity Human Steak (HumanSteakMeat<c03f6b20>, 150, 50, 1) at <6618.248047, 21.544544, 3665.799561>
[COT 2024-03-08 18:55:45] 76561199108250772: Spawned Entity Human Steak (HumanSteakMeat<c0402fb0>, 150, 50, 1) at <6618.324219, 21.568846, 3665.834961>
[COT 2024-03-08 18:55:46] 76561199108250772: Spawned Entity Human Steak (HumanSteakMeat<c0408c30>, 150, 50, 1) at <6618.324219, 21.569036, 3665.833984>
[COT 2024-03-08 18:55:46] 76561199108250772: Spawned Entity Human Steak (HumanSteakMeat<c040dd20>, 150, 50, 1) at <6618.503418, 21.626101, 3665.918701>
[COT 2024-03-08 18:55:46] 76561199108250772: Spawned Entity Human Steak (HumanSteakMeat<c0407510>, 150, 50, 1) at <6618.603027, 21.657705, 3665.964600>
[COT 2024-03-08 18:55:46] 76561199108250772: Spawned Entity Human Steak (HumanSteakMeat<c040c600>, 150, 50, 1) at <6618.602051, 21.657097, 3665.962891>
[COT 2024-03-08 18:55:46] 76561199108250772: Spawned Entity Human Steak (HumanSteakMeat<c0410b60>, 150, 50, 1) at <6618.744629, 21.702087, 3666.029297>
[COT 2024-03-08 18:55:46] 76561199108250772: Spawned Entity Human Steak (HumanSteakMeat<c040aee0>, 150, 50, 1) at <6618.835449, 21.730545, 3666.071533>
[COT 2024-03-08 18:55:47] 76561199108250772: Spawned Entity Human Steak (HumanSteakMeat<c0412e10>, 150, 50, 1) at <6619.002930, 21.783268, 3666.150635>
[COT 2024-03-08 18:55:47] 76561199108250772: Spawned Entity Human Steak (HumanSteakMeat<c04139a0>, 150, 50, 1) at <6619.083008, 21.808638, 3666.189697>
[COT 2024-03-08 18:55:47] 76561199108250772: Spawned Entity Human Steak (HumanSteakMeat<c0414530>, 150, 50, 1) at <6619.209961, 21.848843, 3666.250244>
[COT 2024-03-08 18:55:47] 76561199108250772: Spawned Entity Human Steak (HumanSteakMeat<c04167e0>, 150, 50, 1) at <6619.338379, 21.890032, 3666.312012>
[COT 2024-03-08 18:55:47] 76561199108250772: Spawned Entity Human Steak (HumanSteakMeat<c0417f00>, 150, 50, 1) at <6619.339355, 21.890511, 3666.312988>
[COT 2024-03-08 18:57:29] 76561199108250772: Spawned Entity Canned Bacon (TacticalBaconCan<1aa0afe0>, 100, 100, 0) at <6622.287109, 22.330349, 3664.705078>
[COT 2024-03-08 19:28:33] 76561199108250772: Teleported to position <7506.773438, 36.702084, 2808.887939>
[COT 2024-03-08 19:28:45] 76561199108250772: Teleported to position <6593.991211, 21.285503, 3655.939941>
[COT 2024-03-08 19:43:56] 76561199108250772: Teleported to <144.811340, 108.531677, 7060.588379> [guid=KWl3ojgjStHOe3-iLRChpUG8crsNiNfei3BT6NCIfaw=]
[COT 2024-03-08 19:44:36] 76561199108250772: Entered the Free Camera
[COT 2024-03-08 19:44:46] 76561199108250772: Left the Free Camera
[COT 2024-03-08 19:45:29] 76561199108250772: Entered the Free Camera
[COT 2024-03-08 19:45:42] 76561199108250772: Left the Free Camera
[COT 2024-03-08 19:46:15] 76561199108250772: Spawned Entity Rope (Rope<1d84a950>, 100, 200, 0) at <152.866333, 105.158798, 7056.660156>
[COT 2024-03-08 19:48:10] 76561199407766611: Set GodMode To true [guid=spMEkRl42onhFHdF_u42e0T03x2sj347kUc600NXdGA=]
[COT 2024-03-08 19:48:10] 76561199407766611: Set Invisibility To 1 [guid=spMEkRl42onhFHdF_u42e0T03x2sj347kUc600NXdGA=]
[COT 2024-03-08 19:48:41] 76561199108250772: Teleported to position <6595.866211, 21.185894, 3638.964355>
[COT 2024-03-08 19:51:13] 76561199108250772: ESP: Viewing ESP
[COT 2024-03-08 19:51:44] 76561199407766611: Set Invisibility To 0 [guid=spMEkRl42onhFHdF_u42e0T03x2sj347kUc600NXdGA=]
[COT 2024-03-08 19:54:44] 76561199108250772: ESP: Clearing ESP
[COT 2024-03-08 19:55:15] 76561199407766611: Spawned Entity Hryvnia Banknotes Stack (ExpansionBanknoteHryvnia<ba2e5ef0>, 9990, 100, 0) at <6588.253906, 21.358509, 3661.034424>
[COT 2024-03-08 19:55:55] 76561199108250772: Entered the Free Camera
[COT 2024-03-08 19:56:07] 76561199108250772: Left the Free Camera
[COT 2024-03-08 19:56:11] 76561199108250772: Entered the Free Camera
[COT 2024-03-08 19:56:20] 76561199407766611: Entered the Free Camera
[COT 2024-03-08 19:56:39] 76561199407766611: Left the Free Camera
[COT 2024-03-08 19:56:45] 76561199407766611: Entered the Free Camera
[COT 2024-03-08 19:56:46] 76561199108250772: Left the Free Camera
[COT 2024-03-08 19:57:03] 76561199108250772: Entered the Free Camera
[COT 2024-03-08 19:57:14] 76561199407766611: Left the Free Camera
[COT 2024-03-08 19:57:17] 76561199108250772: Left the Free Camera
[COT 2024-03-08 19:57:22] 76561199108250772: Entered the Free Camera
[COT 2024-03-08 19:57:31] 76561199108250772: Left the Free Camera
[COT 2024-03-08 19:57:51] 76561199108250772: Entered the Free Camera
[COT 2024-03-08 19:58:51] 76561199407766611: Spawned Entity KorthNighthawk (357) (TWP_KorthNighthawk<1e7944a0>, 100, 200, 0) at <6613.965332, 21.493465, 3666.399414>
[COT 2024-03-08 19:59:27] 76561199407766611: Spawned Entity 5.56x45mm Rounds (Ammo_556x45<b3b51410>, 80, 100, 0) at <6614.783691, 21.493254, 3668.032227>
[COT 2024-03-08 19:59:29] 76561199407766611: Spawned Entity 5.56x45mm Rounds (Ammo_556x45<b3b4c320>, 80, 100, 0) at <6613.743652, 21.493202, 3667.596924>
[COT 2024-03-08 19:59:31] 76561199407766611: Spawned Entity 5.56x45mm Rounds (Ammo_556x45<b3b4ceb0>, 80, 100, 0) at <6613.514160, 21.493032, 3668.555176>
[COT 2024-03-08 19:59:32] 76561199407766611: Spawned Entity 5.56x45mm Rounds (Ammo_556x45<b3b4da40>, 80, 100, 0) at <6614.230957, 21.492990, 3669.048828>
[COT 2024-03-08 19:59:34] 76561199407766611: Spawned Entity 5.56x45mm Rounds (Ammo_556x45<a49f47a0>, 80, 100, 0) at <6615.147461, 21.493023, 3669.323975>
[COT 2024-03-08 19:59:37] 76561199407766611: Spawned Entity 5.56x45mm Rounds (Ammo_556x45<a49f5ec0>, 80, 100, 0) at <6615.449707, 21.493282, 3668.520996>
[COT 2024-03-08 19:59:44] 76561199407766611: Spawned Entity Ammo_50BMG (TWP_Ammo_50BMG<a49f0dd0>, 10, 100, 0) at <6616.382813, 21.493351, 3669.088867>
[COT 2024-03-08 19:59:46] 76561199407766611: Spawned Entity Ammo_50BMG (TWP_Ammo_50BMG<a49f1960>, 10, 100, 0) at <6616.306641, 21.493620, 3667.897461>
[COT 2024-03-08 19:59:48] 76561199407766611: Spawned Entity Ammo_50BMG (TWP_Ammo_50BMG<a4a1c390>, 10, 100, 0) at <6616.536133, 21.493149, 3670.072754>
[COT 2024-03-08 20:00:11] 76561199407766611: Spawned Entity Ammo_44Mag (TWP_Ammo_44Mag<ae779fc0>, 30, 100, 0) at <6615.337402, 21.493364, 3668.075684>
[COT 2024-03-08 20:00:13] 76561199407766611: Spawned Entity Ammo_44Mag (TWP_Ammo_44Mag<ae77b6e0>, 30, 100, 0) at <6614.701172, 21.493008, 3669.094971>
[COT 2024-03-08 20:00:22] 76561199407766611: Spawned Entity Ammo_50BMG (TWP_Ammo_50BMG<ae77c270>, 10, 100, 0) at <6614.685059, 21.493010, 3669.061035>
[COT 2024-03-08 20:00:24] 76561199407766611: Spawned Entity Ammo_50BMG (TWP_Ammo_50BMG<ae77d990>, 10, 100, 0) at <6614.766602, 21.492908, 3669.726563>
[COT 2024-03-08 20:00:26] 76561199407766611: Spawned Entity Ammo_50BMG (TWP_Ammo_50BMG<ae7807d0>, 10, 100, 0) at <6615.616211, 21.492868, 3670.397217>
[COT 2024-03-08 20:01:47] 76561199108250772: Left the Free Camera
[COT 2024-03-08 20:02:01] 76561199407766611: Healed [guid=spMEkRl42onhFHdF_u42e0T03x2sj347kUc600NXdGA=]
[COT 2024-03-08 20:02:18] 76561199108250772: Spawned Entity 8-M4 Flashbang (FlashGrenade<ba3787d0>, 100, 20, 0) at <6622.703125, 21.493660, 3670.345947>
[COT 2024-03-08 20:02:19] 76561199108250772: Spawned Entity 8-M4 Flashbang (FlashGrenade<ba371b40>, 100, 20, 0) at <6622.633789, 21.507004, 3670.321533>
[COT 2024-03-08 20:02:19] 76561199108250772: Spawned Entity 8-M4 Flashbang (FlashGrenade<ba373360>, 100, 20, 0) at <6622.565918, 21.519367, 3670.300293>
[COT 2024-03-08 20:04:22] 76561199407766611: Spawned Entity 8-M4 Flashbang (FlashGrenade<c3bbf7d0>, 100, 20, 0) at <6610.023438, 21.481482, 3662.744873>
[COT 2024-03-08 20:04:22] 76561199407766611: Spawned Entity 8-M4 Flashbang (FlashGrenade<c3bce910>, 100, 20, 0) at <6610.094238, 21.501856, 3662.826660>
[COT 2024-03-08 20:04:23] 76561199407766611: Spawned Entity 8-M4 Flashbang (FlashGrenade<c59cc910>, 100, 20, 0) at <6610.168457, 21.522892, 3662.911133>
[COT 2024-03-08 20:04:26] 76561199407766611: Spawned Entity HolyGrenade (TWP_HolyGrenade<c59e1ad0>, 100, 50, 0) at <6610.253418, 21.546154, 3662.996338>
[COT 2024-03-08 20:04:26] 76561199407766611: Spawned Entity HolyGrenade (TWP_HolyGrenade<c59e9370>, 100, 50, 0) at <6610.253418, 21.546097, 3662.997070>
[COT 2024-03-08 20:04:26] 76561199407766611: Spawned Entity HolyGrenade (TWP_HolyGrenade<c59fb4f0>, 100, 50, 0) at <6610.252930, 21.545893, 3662.997803>
[COT 2024-03-08 20:04:27] 76561199407766611: Spawned Entity HolyGrenade (TWP_HolyGrenade<c59f78a0>, 100, 50, 0) at <6610.252930, 21.545607, 3662.998535>
[COT 2024-03-08 20:04:27] 76561199407766611: Spawned Entity HolyGrenade (TWP_HolyGrenade<c1a3b5c0>, 100, 50, 0) at <6610.252441, 21.545277, 3662.999023>
[COT 2024-03-08 20:04:32] 76561199407766611: Spawned Entity 6-M7 Frag Grenade (M67Grenade<c1a48ee0>, 100, 50, 0) at <6610.278320, 21.553202, 3663.026611>
[COT 2024-03-08 20:04:32] 76561199407766611: Spawned Entity 6-M7 Frag Grenade (M67Grenade<c1a5bc70>, 100, 50, 0) at <6610.317871, 21.564613, 3663.070068>
[COT 2024-03-08 20:04:32] 76561199407766611: Spawned Entity 6-M7 Frag Grenade (M67Grenade<b3b074a0>, 100, 50, 0) at <6610.358398, 21.576210, 3663.114502>
[COT 2024-03-08 20:04:50] 76561199407766611: Spawned Entity Tripwire (TripwireTrap<1e79b5b0>, 100, 50, 0) at <6615.146484, 21.493311, 3668.124268>
[COT 2024-03-08 20:04:50] 76561199407766611: Spawned Entity Tripwire (TripwireTrap<1e7944a0>, 100, 50, 0) at <6615.146973, 21.493311, 3668.123535>
[COT 2024-03-08 20:04:50] 76561199407766611: Spawned Entity Tripwire (TripwireTrap<1e7a97d0>, 100, 50, 0) at <6615.147949, 21.493311, 3668.122314>
[COT 2024-03-08 20:04:50] 76561199407766611: Spawned Entity Tripwire (TripwireTrap<1e7aa460>, 100, 50, 0) at <6615.149902, 21.493311, 3668.121338>
[COT 2024-03-08 20:04:50] 76561199407766611: Spawned Entity Tripwire (TripwireTrap<1e7aefc0>, 100, 50, 0) at <6615.151367, 21.493313, 3668.119873>
[COT 2024-03-08 20:04:55] 76561199407766611: Spawned Entity Pliers (Pliers<a4fe32a0>, 100, 100, 0) at <6615.146484, 21.493309, 3668.125244>
[COT 2024-03-08 20:05:21] 76561199407766611: Spawned Entity Bear Trap (BearTrap<b1811070>, 100, 200, 0) at <6609.812988, 21.489311, 3663.843262>
[COT 2024-03-08 20:05:21] 76561199407766611: Spawned Entity Bear Trap (BearTrap<b1820dc0>, 100, 200, 0) at <6610.001465, 21.557447, 3663.990234>
[COT 2024-03-08 20:05:21] 76561199407766611: Spawned Entity Bear Trap (BearTrap<a024990>, 100, 200, 0) at <6610.224121, 21.636969, 3664.162842>
[COT 2024-03-08 20:05:37] 76561199407766611: Spawned Entity Land Mine (LandMineTrap<ba36def0>, 100, 70, 0) at <6610.183594, 21.490950, 3664.161621>
[COT 2024-03-08 20:05:39] 76561199407766611: Spawned Entity Land Mine (LandMineTrap<ba373f70>, 100, 70, 0) at <6605.577148, 21.500881, 3666.292480>
[COT 2024-03-08 20:05:39] 76561199407766611: Spawned Entity Land Mine (LandMineTrap<1c641170>, 100, 70, 0) at <6605.660645, 21.527344, 3666.268311>
[COT 2024-03-08 20:05:39] 76561199407766611: Spawned Entity Land Mine (LandMineTrap<1c63e130>, 100, 70, 0) at <6605.752930, 21.556534, 3666.241211>
[COT 2024-03-08 20:05:39] 76561199407766611: Spawned Entity Land Mine (LandMineTrap<44adbde0>, 100, 70, 0) at <6605.837891, 21.583313, 3666.215820>
[COT 2024-03-08 20:05:40] 76561199407766611: Spawned Entity Land Mine (LandMineTrap<44acd8b0>, 100, 70, 0) at <6605.922852, 21.610170, 3666.190918>
[COT 2024-03-08 20:05:40] 76561199407766611: Spawned Entity Land Mine (LandMineTrap<c8c4bd90>, 100, 70, 0) at <6606.023926, 21.641935, 3666.161377>
[COT 2024-03-08 20:07:00] 76561199407766611: Teleported to position <4708.953125, 102.855949, 9255.232422>
[COT 2024-03-08 20:07:04] 76561199407766611: Set UnlimitedAmmo To true [guid=spMEkRl42onhFHdF_u42e0T03x2sj347kUc600NXdGA=]
[COT 2024-03-08 20:07:05] 76561199407766611: Set GodMode To false [guid=spMEkRl42onhFHdF_u42e0T03x2sj347kUc600NXdGA=]
[COT 2024-03-08 20:07:06] 76561199407766611: Set cannot be targeted by AI to true [guid=spMEkRl42onhFHdF_u42e0T03x2sj347kUc600NXdGA=]
[COT 2024-03-08 20:07:11] 76561199407766611: Set GodMode To true [guid=spMEkRl42onhFHdF_u42e0T03x2sj347kUc600NXdGA=]
[COT 2024-03-08 20:07:16] 76561199407766611: Set Invisibility To 1 [guid=spMEkRl42onhFHdF_u42e0T03x2sj347kUc600NXdGA=]
[COT 2024-03-08 20:07:56] 76561199407766611: ESP: ESP updating
[COT 2024-03-08 20:08:03] 76561199407766611: Entered the Free Camera
[COT 2024-03-08 20:08:54] 76561199407766611: Left the Free Camera
[COT 2024-03-08 20:11:24] 76561199407766611: Teleported to position <1276.427979, 120.250664, 10054.558594>
[COT 2024-03-08 20:11:26] 76561199407766611: Entered the Free Camera
[COT 2024-03-08 20:11:38] 76561199407766611: Left the Free Camera
[COT 2024-03-08 20:13:10] 76561199407766611: Spawned Entity Beef Steak (CowSteakMeat<bacd2490>, 500, 50, 3) at <1730.065552, 125.717354, 10098.709961>
[COT 2024-03-08 20:13:33] 76561199407766611: Spawned Entity Bones (Bone<bcc9bf90>, 10, 50, 0) at <1730.729126, 125.717354, 10098.291992>
[COT 2024-03-08 20:15:45] 76561199407766611: Spawned Entity Bocchi the Suppressor (ItemSuppressor<b7670460>, 100, 1800, 0) at <1726.724976, 125.717354, 10098.585938>
[COT 2024-03-08 20:15:50] 76561199407766611: Spawned Entity Doc's Personal Sidearm - ADMIN EDITION (DOC_ADMIN_DOC_BOCCHIGLOCK<159beea0>, 100, 3000, 0) at <1727.281494, 125.717354, 10096.749023>
[COT 2024-03-08 20:16:32] 76561199407766611: Set Invisibility To 0 [guid=spMEkRl42onhFHdF_u42e0T03x2sj347kUc600NXdGA=]
[COT 2024-03-08 20:16:36] 76561199407766611: Set cannot be targeted by AI to true [guid=spMEkRl42onhFHdF_u42e0T03x2sj347kUc600NXdGA=]
[COT 2024-03-08 20:17:17] 76561199407766611: Spawned Entity Ammo_50BMG (TWP_Ammo_50BMG<c2094730>, 10, 100, 0) at <1727.199829, 125.717354, 10098.139648>
[COT 2024-03-08 20:17:20] 76561199407766611: Spawned Entity Ammo_50BMG (TWP_Ammo_50BMG<bc4545d0>, 10, 100, 0) at <1727.893433, 125.717354, 10101.459961>
[COT 2024-03-08 20:17:20] 76561199407766611: Spawned Entity Ammo_50BMG (TWP_Ammo_50BMG<bc455160>, 10, 100, 0) at <1727.874756, 125.755005, 10101.367188>
[COT 2024-03-08 20:17:21] 76561199407766611: Spawned Entity Ammo_50BMG (TWP_Ammo_50BMG<bc450070>, 10, 100, 0) at <1727.850220, 125.803474, 10101.247070>
[COT 2024-03-08 20:17:28] 76561199407766611: Spawned Entity 5.56x45mm Rounds (Ammo_556x45<bc457fa0>, 80, 100, 0) at <1727.830322, 125.845543, 10101.139648>
[COT 2024-03-08 20:17:28] 76561199407766611: Spawned Entity 5.56x45mm Rounds (Ammo_556x45<bc455cf0>, 80, 100, 0) at <1727.817261, 125.870232, 10101.081055>
[COT 2024-03-08 20:17:28] 76561199407766611: Spawned Entity 5.56x45mm Rounds (Ammo_556x45<bc458b30>, 80, 100, 0) at <1727.803223, 125.897240, 10101.014648>
[COT 2024-03-08 20:51:59] 76561199407766611: Set GodMode To true [guid=spMEkRl42onhFHdF_u42e0T03x2sj347kUc600NXdGA=]
[COT 2024-03-08 20:52:00] 76561199407766611: Set cannot be targeted by AI to true [guid=spMEkRl42onhFHdF_u42e0T03x2sj347kUc600NXdGA=]
[COT 2024-03-08 20:52:02] 76561199407766611: Set UnlimitedAmmo To true [guid=spMEkRl42onhFHdF_u42e0T03x2sj347kUc600NXdGA=]
[COT 2024-03-08 20:52:59] 76561199407766611: Spawned Entity Lock Pick (Lockpick<c50f5170>, 100, 125, 0) at <1726.780640, 125.717346, 10100.077148>
[COT 2024-03-08 20:52:59] 76561199407766611: Spawned Entity Lock Pick (Lockpick<c5104440>, 100, 125, 0) at <1726.783447, 125.724396, 10100.059570>
[COT 2024-03-08 20:52:59] 76561199407766611: Spawned Entity Lock Pick (Lockpick<c50fe7c0>, 100, 125, 0) at <1726.791870, 125.742249, 10100.015625>
[COT 2024-03-08 20:53:30] 76561199407766611: Spawned Entity MVS Magazine Pouch - Tan (MVS_Pouch_Base<c39a2d70>, 100, 100, 0) at <1727.671265, 125.717354, 10101.915039>
[COT 2024-03-08 20:55:06] 76561199407766611: Entered the Free Camera
[COT 2024-03-08 20:55:40] 76561199407766611: Left the Free Camera
[COT 2024-03-08 22:26:18] 76561199108250772: Teleported to <1728.898560, 128.455612, 10099.813477> [guid=spMEkRl42onhFHdF_u42e0T03x2sj347kUc600NXdGA=]
[COT 2024-03-08 22:40:24] 76561199108250772: Set UnlimitedAmmo To true [guid=OAdpPkJP2Ps_W7h2ttR1bK23ekHCzrxw0mDT3zqLMdU=]
[COT 2024-03-08 22:40:25] 76561199108250772: Set cannot be targeted by AI to true [guid=OAdpPkJP2Ps_W7h2ttR1bK23ekHCzrxw0mDT3zqLMdU=]
[COT 2024-03-08 22:40:26] 76561199108250772: Set GodMode To true [guid=OAdpPkJP2Ps_W7h2ttR1bK23ekHCzrxw0mDT3zqLMdU=]
[COT 2024-03-08 22:40:28] 76561199108250772: Set UnlimitedStamina To true [guid=OAdpPkJP2Ps_W7h2ttR1bK23ekHCzrxw0mDT3zqLMdU=]
[COT 2024-03-08 22:46:26] 76561199108250772: Spawned Entity Compass (Compass<b38a78e0>, 100, 70, 0) at <1729.927368, 128.455597, 10101.886719>
[COT 2024-03-08 22:46:40] 76561199407766611: Spawned Entity Cosmetic_Sandwich (ItemBase<a446bdf0>, 100, 100, 0) at <1726.640747, 128.455612, 10102.005859>
[COT 2024-03-08 22:46:44] 76561199407766611: Spawned Entity Cosmetic_Sandwich (ItemBase<a4470ee0>, 100, 100, 0) at <1728.615601, 128.455597, 10102.245117>
[COT 2024-03-08 22:48:36] 76561199108250772: Spawned Entity Cours Light (SodaCan_ColorBase<a1ef8790>, 300, 30, 0) at <1726.430420, 125.717354, 10099.625000>
[COT 2024-03-08 22:48:36] 76561199108250772: Spawned Entity Cours Light (SodaCan_ColorBase<a1f09d10>, 300, 30, 0) at <1726.443115, 125.737381, 10099.547852>
[COT 2024-03-08 22:53:22] 76561199407766611: Spawned Entity Compass (Compass<b4203890>, 100, 70, 0) at <1727.075806, 125.717346, 10095.999023>
