[COT 2024-03-05 22:02:10] 76561199108250772: Set UnlimitedAmmo To true [guid=OAdpPkJP2Ps_W7h2ttR1bK23ekHCzrxw0mDT3zqLMdU=]
[COT 2024-03-05 22:02:10] 76561199108250772: Set UnlimitedStamina To true [guid=OAdpPkJP2Ps_W7h2ttR1bK23ekHCzrxw0mDT3zqLMdU=]
[COT 2024-03-05 22:02:11] 76561199108250772: Set cannot be targeted by AI to true [guid=OAdpPkJP2Ps_W7h2ttR1bK23ekHCzrxw0mDT3zqLMdU=]
[COT 2024-03-05 22:02:12] 76561199108250772: Set GodMode To true [guid=OAdpPkJP2Ps_W7h2ttR1bK23ekHCzrxw0mDT3zqLMdU=]
[COT 2024-03-05 22:02:48] 76561199108250772: Teleported to position <139.632278, 105.669640, 7048.452148>
[COT 2024-03-05 22:02:54] 76561199108250772: Entered the Free Camera
[COT 2024-03-05 22:03:16] 76561199108250772: Left the Free Camera
[COT 2024-03-05 22:03:38] 76561199108250772: Spawned Entity #STR_EXPANSION_ADMIN #STR_EXPANSION_CAR_KEYS (ExpansionCarAdminKey<aae30d60>, 100, 100, 0) at <652.698608, 117.048058, 6969.401855>
[COT 2024-03-05 22:05:24] 76561199108250772: Teleported to position <395.434387, 102.168770, 8481.553711>
[COT 2024-03-05 22:05:53] 76561199108250772: Teleported to position <3371.583984, 278.247498, 6166.096191>
[COT 2024-03-05 22:09:55] 76561199108250772: Spawned Entity Lock Pick (Lockpick<be657c0>, 100, 125, 0) at <3343.460693, 278.422485, 6178.606445>
[COT 2024-03-05 22:10:40] 76561199108250772: Spawned Entity Nissan warrior Camo (Nissan_warrior_kamo<bf1c95a0>, 100, 20000, 0) at <3340.105957, 278.422485, 6171.286133>
[COT 2024-03-05 22:12:23] 76561199108250772: Teleported to position <4447.113281, 3.076581, 657.823486>
[COT 2024-03-05 22:12:52] 76561199108250772: Entered the Free Camera
[COT 2024-03-05 22:13:04] 76561199108250772: Left the Free Camera
[COT 2024-03-05 22:13:37] 76561199108250772: Spawned Entity Land Rover Defender (Expansion_Landrover_Yellow<bf1cc1b0>, 100, 3000, 0) at <4259.355957, 3.030963, 589.533142>
[COT 2024-03-05 22:14:14] 76561199108250772: Spawned Entity Keys (ExpansionCarKey<ac5a1550>, 100, 100, 0) at <4250.972168, 3.234689, 600.801941>
[COT 2024-03-05 22:16:04] 76561199108250772: Teleported to position <6973.711914, 4.244468, 650.543823>
[COT 2024-03-05 22:16:06] 76561199108250772: Entered the Free Camera
[COT 2024-03-05 22:16:08] 76561199108250772: Left the Free Camera
[COT 2024-03-05 22:16:10] 76561199108250772: Entered the Free Camera
[COT 2024-03-05 22:16:19] 76561199108250772: Left the Free Camera
[COT 2024-03-05 22:16:49] 76561199108250772: Spawned Entity Car Tent (CarTent<c35bb3f0>, 100, 1700, 0) at <7122.971680, 7.148156, 725.203308>
[COT 2024-03-05 22:18:15] 76561199108250772: Spawned Entity G65 (G65<bf1c3d80>, 100, 10000, 0) at <7118.181641, 7.148155, 731.862915>
[COT 2024-03-05 22:18:33] 76561199108250772: Spawned Entity Keys (ExpansionCarKey<ba423d50>, 100, 100, 0) at <7120.130859, 7.148158, 731.385864>
[COT 2024-03-05 22:19:23] 76561199108250772: Teleported to position <267.723602, 146.875565, 4957.041992>
[COT 2024-03-05 22:20:12] 76561199108250772: Spawned Entity M35a2 Black (M35a2_Black<9167fe70>, 100, 10000, 0) at <320.434204, 146.877243, 4986.931641>
[COT 2024-03-05 22:20:29] 76561199108250772: Spawned Entity Keys (ExpansionCarKey<b5510ea0>, 100, 100, 0) at <320.645935, 146.877258, 4981.875977>
[COT 2024-03-05 22:21:14] 76561199108250772: Teleported to position <6640.056641, 21.889154, 3717.392578>
[COT 2024-03-05 22:21:19] 76561199108250772: Entered the Free Camera
[COT 2024-03-05 22:21:34] 76561199108250772: Left the Free Camera
[COT 2024-03-05 22:21:53] 76561199108250772: Spawned Entity Medium Tent (MediumTent<428a260>, 100, 600, 0) at <6847.724609, 24.423609, 3512.493408>
[COT 2024-03-05 22:22:58] 76561199108250772: Spawned Entity Hryvnia Banknotes Stack (ExpansionBanknoteHryvnia<b2af57e0>, 1000, 100, 0) at <6847.302246, 24.576815, 3517.734619>
[COT 2024-03-05 22:23:36] 76561199108250772: Spawned Entity GS 9mm (9x19) (Glock19_Base<a378d170>, 100, 150, 0) at <6847.286621, 24.576801, 3517.257813>
[COT 2024-03-05 22:26:45] 76561199108250772: Spawned Entity AWM (Expansion_AWM<ae9fde70>, 100, 200, 0) at <6847.430176, 24.576797, 3517.327637>
[COT 2024-03-05 22:27:56] 76561199108250772: Spawned Entity Cement Mixer Kit (BBP_Cement_Mixer_Kit<d41441a0>, 10, 100, 0) at <6847.305664, 24.576809, 3517.529297>
[COT 2024-03-05 22:28:21] 76561199108250772: Spawned Entity Parking Meter Construction-Kit (ExpansionParkingMeterKit<d4146fe0>, 100, 200, 0) at <6847.416504, 24.576824, 3518.239258>
[COT 2024-03-05 22:29:53] 76561199108250772: Teleported to position <165.870300, 105.456551, 7029.317383>
[COT 2024-03-05 22:30:03] 76561199108250772: Entered the Free Camera
[COT 2024-03-05 22:30:09] 76561199108250772: Left the Free Camera
[COT 2024-03-05 22:30:19] 76561199108250772: Spawned Entity Parking Meter Construction-Kit (ExpansionParkingMeterKit<afeb9ff0>, 100, 200, 0) at <145.798172, 105.279694, 7061.211914>
[COT 2024-03-05 22:30:46] 76561199108250772: Spawned Entity Circuit Board - MK3 (ExpansionCircuitBoard_MK3<bf0b05d0>, 100, 20, 0) at <145.426025, 105.277847, 7059.355469>
[COT 2024-03-05 22:31:50] 76561199108250772: Teleported to position <3421.124268, 99.884567, 8124.533691>
[COT 2024-03-05 22:31:52] 76561199108250772: Entered the Free Camera
[COT 2024-03-05 22:32:19] 76561199108250772: Left the Free Camera
[COT 2024-03-05 22:32:34] 76561199108250772: Spawned Entity HAMMER_H1 black (HAMMER_H1_black<5e065020>, 100, 1e+07, 0) at <3242.929443, 99.884605, 8546.505859>
[COT 2024-03-05 22:33:28] 76561199108250772: Entered the Free Camera
[COT 2024-03-05 22:33:38] 76561199108250772: Left the Free Camera
[COT 2024-03-05 22:33:58] 76561199108250772: ESP: Viewing ESP
[COT 2024-03-05 22:34:02] 76561199108250772: ESP: Clearing ESP
[COT 2024-03-05 22:34:05] 76561199108250772: ESP: Viewing ESP
[COT 2024-03-05 22:34:09] 76561199108250772: ESP index=0 target=HAMMER_Wheel:15105 position=<1730.729492, 125.947632, 10112.316406> action=delete
[COT 2024-03-05 22:34:09] 76561199108250772: ESP index=1 target=HAMMER_Doors_Driver_black:4516 position=<1730.735107, 125.899254, 10112.331055> action=delete
[COT 2024-03-05 22:34:09] 76561199108250772: ESP index=2 target=Expansion_Landrover_Wheel:18837 position=<1730.729492, 125.708237, 10112.316406> action=delete
[COT 2024-03-05 22:34:09] 76561199108250772: ESP action=delete_all count=3 attempted=3
[COT 2024-03-05 22:34:11] 76561199108250772: ESP index=0 target=HAMMER_Wheel:20105 position=<1730.729492, 125.947632, 10112.316406> action=delete
[COT 2024-03-05 22:34:11] 76561199108250772: ESP index=1 target=Expansion_Landrover_Wheel:11744 position=<1730.729492, 125.708237, 10112.316406> action=delete
[COT 2024-03-05 22:34:11] 76561199108250772: ESP action=delete_all count=2 attempted=2
[COT 2024-03-05 22:34:13] 76561199108250772: ESP index=0 target=HAMMER_Wheel:13278 position=<1730.729492, 125.947632, 10112.316406> action=delete
[COT 2024-03-05 22:34:13] 76561199108250772: ESP action=delete_all count=1 attempted=1
[COT 2024-03-05 22:34:14] 76561199108250772: ESP index=0 target=HAMMER_Wheel:9966 position=<1730.729370, 125.947678, 10112.318359> action=delete
[COT 2024-03-05 22:34:14] 76561199108250772: ESP action=delete_all count=1 attempted=1
[COT 2024-03-05 22:34:16] 76561199108250772: ESP index=0 target=HAMMER_Doors_coDriver_black:20129 position=<1730.729370, 125.930298, 10112.319336> action=delete
[COT 2024-03-05 22:34:16] 76561199108250772: ESP action=delete_all count=1 attempted=1
[COT 2024-03-05 22:34:17] 76561199108250772: ESP: Clearing ESP
[COT 2024-03-05 22:35:26] 76561199108250772: Teleported to position <632.888794, 4.824532, 1022.578125>
[COT 2024-03-05 22:35:54] 76561199108250772: Teleported to position <2654.303955, 380.176331, 3625.524902>
[COT 2024-03-05 22:35:56] 76561199108250772: Entered the Free Camera
[COT 2024-03-05 22:36:27] 76561199108250772: Left the Free Camera
[COT 2024-03-05 22:36:35] 76561199108250772: Teleported to position <3102.980957, 384.190552, 4524.853027>
[COT 2024-03-05 22:36:53] 76561199108250772: Teleported to position <9591.750000, 3.010633, 541.045532>
[COT 2024-03-05 22:37:46] 76561199108250772: Entered the Free Camera
[COT 2024-03-05 22:38:01] 76561199108250772: Left the Free Camera
[COT 2024-03-05 22:38:12] 76561199108250772: Entered the Free Camera
[COT 2024-03-05 22:38:30] 76561199108250772: Left the Free Camera
[COT 2024-03-05 22:38:55] 76561199108250772: Teleported to position <6620.264648, 21.184521, 3650.120850>
[COT 2024-03-05 22:39:00] 76561199108250772: Entered the Free Camera
[COT 2024-03-05 22:39:07] 76561199108250772: Left the Free Camera
[COT 2024-03-05 22:41:28] 76561199108250772: Spawned Entity HAMMER_H1 WINTER (HAMMER_H1_WINTER<22d286c0>, 100, 1e+07, 0) at <6569.345215, 21.488657, 3636.756104>
[COT 2024-03-05 22:44:46] 76561199108250772: Spawned Entity Parking Meter Construction-Kit (ExpansionParkingMeterKit<b5b0a9c0>, 100, 200, 0) at <6597.009277, 21.323971, 3669.296387>
[COT 2024-03-05 22:45:56] 76561199108250772: Set Invisibility To 1 [guid=OAdpPkJP2Ps_W7h2ttR1bK23ekHCzrxw0mDT3zqLMdU=]
[COT 2024-03-05 22:46:06] 76561199108250772: Teleported to position <3342.831787, 278.419312, 6042.287598>
[COT 2024-03-05 22:46:16] 76561199108250772: Entered the Free Camera
[COT 2024-03-05 22:46:27] 76561199108250772: Left the Free Camera
[COT 2024-03-05 22:46:35] 76561199108250772: Healed [guid=OAdpPkJP2Ps_W7h2ttR1bK23ekHCzrxw0mDT3zqLMdU=]
[COT 2024-03-05 22:47:09] 76561199108250772: ESP: Viewing ESP
[COT 2024-03-05 22:47:13] 76561199108250772: ESP: Clearing ESP
[COT 2024-03-05 22:47:14] 76561199108250772: ESP: Viewing ESP
[COT 2024-03-05 22:47:16] 76561199108250772: ESP: Clearing ESP
[COT 2024-03-05 22:47:17] 76561199108250772: ESP: ESP updating
