[COT 2024-02-27 14:28:14] 76561199407766611: Entered the Free Camera
[COT 2024-02-27 14:28:24] 76561199407766611: Set GodMode To true [guid=spMEkRl42onhFHdF_u42e0T03x2sj347kUc600NXdGA=]
[COT 2024-02-27 14:28:26] 76561199407766611: Set UnlimitedAmmo To true [guid=spMEkRl42onhFHdF_u42e0T03x2sj347kUc600NXdGA=]
[COT 2024-02-27 14:28:38] 76561199407766611: Spawned Entity Boxed Nails (NailBox<fb6fe770>, 1000, 80, 0) at <4458.744141, 147.085846, 9437.830078>
[COT 2024-02-27 14:28:38] 76561199407766611: Spawned Entity Boxed Nails (NailBox<b4321a40>, 1000, 80, 0) at <4458.754395, 147.285278, 9437.837891>
[COT 2024-02-27 14:28:39] 76561199407766611: Spawned Entity Boxed Nails (NailBox<b4320320>, 1000, 80, 0) at <4458.764648, 147.484711, 9437.845703>
[COT 2024-02-27 14:28:39] 76561199407766611: Spawned Entity Boxed Nails (NailBox<b43225d0>, 1000, 80, 0) at <4458.774902, 147.684830, 9437.853516>
[COT 2024-02-27 14:28:39] 76561199407766611: Spawned Entity Boxed Nails (NailBox<b4323cf0>, 1000, 80, 0) at <4458.785156, 147.884262, 9437.861328>
[COT 2024-02-27 14:28:39] 76561199407766611: Spawned Entity Boxed Nails (NailBox<b4324880>, 1000, 80, 0) at <4458.795410, 148.083694, 9437.869141>
[COT 2024-02-27 14:28:39] 76561199407766611: Spawned Entity Boxed Nails (NailBox<b431ec00>, 1000, 80, 0) at <4458.805664, 148.283127, 9437.876953>
[COT 2024-02-27 14:28:40] 76561199407766611: Spawned Entity Boxed Nails (NailBox<b432c7b0>, 1000, 80, 0) at <4458.815918, 148.482559, 9437.884766>
[COT 2024-02-27 14:28:40] 76561199407766611: Spawned Entity Boxed Nails (NailBox<b4325fa0>, 1000, 80, 0) at <4458.826172, 148.681992, 9437.892578>
[COT 2024-02-27 14:28:40] 76561199407766611: Spawned Entity Boxed Nails (NailBox<b4329970>, 1000, 80, 0) at <4458.826172, 148.681992, 9437.892578>
[COT 2024-02-27 14:28:42] 76561199407766611: Spawned Entity Boxed Nails (NailBox<b432a500>, 1000, 80, 0) at <4458.906250, 147.085770, 9437.998047>
[COT 2024-02-27 14:28:42] 76561199407766611: Spawned Entity Boxed Nails (NailBox<b43318a0>, 1000, 80, 0) at <4458.906250, 147.085770, 9437.998047>
[COT 2024-02-27 14:28:42] 76561199407766611: Spawned Entity Boxed Nails (NailBox<b432b090>, 1000, 80, 0) at <4458.906250, 147.085770, 9437.998047>
[COT 2024-02-27 14:28:43] 76561199407766611: Spawned Entity Boxed Nails (NailBox<b4332fc0>, 1000, 80, 0) at <4458.906250, 147.085770, 9437.998047>
[COT 2024-02-27 14:28:43] 76561199407766611: Spawned Entity Boxed Nails (NailBox<b4338c40>, 1000, 80, 0) at <4458.906250, 147.085770, 9437.998047>
[COT 2024-02-27 14:28:43] 76561199407766611: Spawned Entity Boxed Nails (NailBox<b4342290>, 1000, 80, 0) at <4458.906250, 147.085770, 9437.998047>
[COT 2024-02-27 14:28:43] 76561199407766611: Spawned Entity Boxed Nails (NailBox<b433ffe0>, 1000, 80, 0) at <4458.906250, 147.085770, 9437.998047>
[COT 2024-02-27 14:28:43] 76561199407766611: Spawned Entity Boxed Nails (NailBox<b4340b70>, 1000, 80, 0) at <4458.906250, 147.085770, 9437.998047>
[COT 2024-02-27 14:28:43] 76561199407766611: Spawned Entity Boxed Nails (NailBox<b433c610>, 1000, 80, 0) at <4458.906250, 147.085770, 9437.998047>
[COT 2024-02-27 14:28:43] 76561199407766611: Spawned Entity Boxed Nails (NailBox<b4347380>, 1000, 80, 0) at <4458.906250, 147.085770, 9437.998047>
[COT 2024-02-27 14:28:44] 76561199407766611: Spawned Entity Boxed Nails (NailBox<b4347f10>, 1000, 80, 0) at <4458.906250, 147.085770, 9437.998047>
[COT 2024-02-27 14:28:44] 76561199407766611: Spawned Entity Boxed Nails (NailBox<b43439b0>, 1000, 80, 0) at <4458.906250, 147.085770, 9437.998047>
[COT 2024-02-27 14:28:44] 76561199407766611: Spawned Entity Boxed Nails (NailBox<b4348aa0>, 1000, 80, 0) at <4458.906250, 147.085770, 9437.998047>
[COT 2024-02-27 14:29:08] 76561199407766611: Teleported to <4506.157227, 253.645355, 5932.440918> [guid=RjqUafmWjW9Q1BHza4n7WoZ_8uUWujoz2w-ciuQaZcs=]
[COT 2024-02-27 14:29:19] 76561199407766611: Left the Free Camera
[COT 2024-02-27 14:30:19] 76561199407766611: ESP: ESP updating
[COT 2024-02-27 14:30:33] 76561199407766611: Teleported to <3147.223389, 290.443054, 5580.549316> [guid=RjqUafmWjW9Q1BHza4n7WoZ_8uUWujoz2w-ciuQaZcs=]
[COT 2024-02-27 14:31:00] 76561199407766611: Entered the Free Camera
[COT 2024-02-27 14:31:06] 76561199407766611: Left the Free Camera
[COT 2024-02-27 14:31:09] 76561199407766611: Entered the Free Camera
[COT 2024-02-27 14:31:15] 76561199407766611: Left the Free Camera
[COT 2024-02-27 14:34:09] 76561199407766611: Spawned Entity #STR_EXPANSION_ADMIN #STR_EXPANSION_CAR_KEYS (ExpansionCarAdminKey<b181ce50>, 100, 100, 0) at <1852.217041, 111.029991, 5514.459473>
[COT 2024-02-27 14:35:17] 76561199407766611: Spawned Entity Keys (ExpansionCarKey<a7ee69d0>, 100, 100, 0) at <1713.685547, 108.682785, 5213.382813>
[COT 2024-02-27 14:35:17] 76561199407766611: Spawned Entity Keys (ExpansionCarKey<a7ee2470>, 100, 100, 0) at <1713.685547, 108.682785, 5213.382813>
[COT 2024-02-27 14:36:00] 76561199407766611: Teleported to position <4060.470947, 265.282806, 4332.986328>
[COT 2024-02-27 14:36:01] 76561199407766611: Teleported to position <4060.470947, 265.282806, 4332.986328>
[COT 2024-02-27 14:36:11] 76561199407766611: Teleported to position <6642.089355, 21.923798, 3716.309814>
[COT 2024-02-27 14:38:02] 76561199407766611: Entered the Free Camera
[COT 2024-02-27 14:44:34] 76561199407766611: Set GodMode To true [guid=spMEkRl42onhFHdF_u42e0T03x2sj347kUc600NXdGA=]
[COT 2024-02-27 14:44:35] 76561199407766611: Set Invisibility To 1 [guid=spMEkRl42onhFHdF_u42e0T03x2sj347kUc600NXdGA=]
[COT 2024-02-27 14:44:44] 76561199407766611: Teleported to position <8501.456055, 21.105757, 5142.627441>
[COT 2024-02-27 14:44:49] 76561199407766611: Entered the Free Camera
[COT 2024-02-27 14:45:00] 76561199407766611: Left the Free Camera
[COT 2024-02-27 14:45:57] 76561199407766611: Spawned Entity Barrel (Barrel_Blue<9a58f070>, 200000, 1300, 512) at <8487.694336, 21.070105, 5058.671875>
[COT 2024-02-27 14:45:59] 76561199407766611: Spawned Entity Barrel (Barrel_Red<9a59f9d0>, 200000, 1300, 512) at <8487.170898, 21.076590, 5058.818359>
[COT 2024-02-27 14:46:03] 76561199407766611: Spawned Entity Barrel (Barrel_Green<9a599950>, 200000, 1300, 512) at <8488.258789, 21.076456, 5058.840332>
[COT 2024-02-27 14:46:11] 76561199407766611: Spawned Entity SUV Wheel (SUV_Wheel<b1056390>, 200000, 200, 0) at <8488.116211, 21.386513, 5058.554199>
[COT 2024-02-27 14:46:12] 76561199407766611: Spawned Entity SUV Wheel (SUV_Wheel<b105d730>, 200000, 200, 0) at <8487.852539, 21.938190, 5058.033691>
[COT 2024-02-27 14:46:12] 76561199407766611: Spawned Entity SUV Wheel (SUV_Wheel<b11c5a40>, 200000, 200, 0) at <8487.586914, 22.440849, 5057.498047>
[COT 2024-02-27 14:46:12] 76561199407766611: Spawned Entity SUV Wheel (SUV_Wheel<b11c2070>, 200000, 200, 0) at <8487.503906, 22.634529, 5057.288086>
[COT 2024-02-27 14:48:29] 76561199407766611: Teleported [guid=ZvFB4Iq7S3xLir1St-aloNDPJctjdiPr_rmh75OZDwY=] to <8486.678711, 21.053564, 5057.927734>
[COT 2024-02-27 14:49:22] 76561199407766611: Set Invisibility To 0 [guid=spMEkRl42onhFHdF_u42e0T03x2sj347kUc600NXdGA=]
[COT 2024-02-27 14:51:12] 76561199407766611: Spawned Entity Keys (ExpansionCarKey<93849dd0>, 100, 100, 0) at <8490.002930, 21.121878, 5060.055664>
[COT 2024-02-27 14:51:13] 76561199407766611: Spawned Entity Keys (ExpansionCarKey<a09f4bf0>, 100, 100, 0) at <8490.007813, 21.134054, 5060.054688>
[COT 2024-02-27 14:53:11] 76561199407766611: Spawned Entity Karabiner98K Scope (ExpansionKar98ScopeOptic<938b35b0>, 100, 50, 0) at <8490.189453, 21.121649, 5060.117188>
[COT 2024-02-27 14:54:06] 76561199407766611: Spawned Entity Karabiner98K Bayonet (Expansion_Kar98_Bayonet<f85b1b50>, 100, 100, 0) at <8490.064453, 21.116638, 5059.871094>
[COT 2024-02-27 14:54:13] 76561199407766611: Spawned Entity Plastic Bottle Suppressor (ImprovisedSuppressor<e756b170>, 100, 3, 0) at <8490.076172, 21.161165, 5059.900879>
[COT 2024-02-27 14:55:03] 76561199407766611: Spawned Entity Trijicon ACOG (ACOGOptic<aebb03a0>, 100, 50, 0) at <8490.210938, 21.285753, 5059.596680>
[COT 2024-02-27 14:55:34] 76561199407766611: Spawned Entity TWP_LongRangeOptic_Black (HuntingOptic<b47ee520>, 100, 100, 0) at <8490.085938, 21.121386, 5059.988281>
[COT 2024-02-27 14:56:29] 76561199407766611: Spawned Entity OldRifle_Optic (HuntingOptic<9e1d2dc0>, 100, 100, 0) at <8490.172852, 21.120411, 5061.220215>
[COT 2024-02-27 14:56:46] 76561199407766611: Spawned Entity Optic_BlackDragon (HuntingOptic<d8dd0200>, 100, 50, 0) at <8489.255859, 21.121250, 5061.271973>
