[COT 2024-03-03 05:01:19] 76561198036774377: Set GodMode To true [guid=mBNlxASsPlOcry0dpDl8K-WgHNR5WMCMmoJ9NhpU4FY=]
[COT 2024-03-03 05:01:21] 76561198036774377: Set UnlimitedAmmo To true [guid=mBNlxASsPlOcry0dpDl8K-WgHNR5WMCMmoJ9NhpU4FY=]
[COT 2024-03-03 05:01:37] 76561198036774377: Spawned Entity MAZ 509 (MAZ_509<746f5010>, 100, 10000, 0) at <6623.504883, 21.234024, 3654.711426>
[COT 2024-03-03 05:03:36] 76561198036774377: Deleted Entity MAZ_509:18862 at <6623.506348, 21.189375, 3654.712402>
[COT 2024-03-03 05:03:58] 76561198036774377: Spawned Entity Nissan warrior Camo (Nissan_warrior_kamo<812c4040>, 100, 20000, 0) at <6620.005371, 21.212683, 3654.983643>
[COT 2024-03-03 05:08:04] 76561198036774377: Deleted Entity Nissan_warrior_kamo:4818 at <6620.010742, 21.311152, 3654.983887>
[COT 2024-03-03 05:08:07] 76561198036774377: Spawned Entity  Novator (Novator<7eb44100>, 100, 22000, 0) at <6619.394043, 21.205561, 3653.771729>
[COT 2024-03-03 05:11:03] 76561198036774377: Deleted Entity Novator:15843 at <6619.388672, 21.288780, 3653.765869>
[COT 2024-03-03 05:11:13] 76561198036774377: Set Invisibility To 1 [guid=mBNlxASsPlOcry0dpDl8K-WgHNR5WMCMmoJ9NhpU4FY=]
[COT 2024-03-03 05:11:31] 76561198036774377: Teleported to position <3856.993164, 186.291718, 7029.354492>
[COT 2024-03-03 05:12:01] 76561198036774377: Teleported to position <6616.629883, 21.185171, 3650.176270>
[COT 2024-03-03 05:14:54] 76561198036774377: Spawned Entity Oshkosh black (Oshkosh_black<8c62d1e0>, 100, 12000, 0) at <6622.751465, 21.227457, 3654.449463>
[COT 2024-03-03 05:18:49] 76561198036774377: Deleted Entity Oshkosh_black:16112 at <6622.753418, 21.241302, 3654.450195>
[COT 2024-03-03 05:19:11] 76561198036774377: Spawned Entity PAZprison (white) (PAZprison_white<8c62d1e0>, 100, 10000, 0) at <6619.842285, 21.205462, 3653.797852>
[COT 2024-03-03 05:25:28] 76561198036774377: Deleted Entity PAZprison_white:14675 at <6619.831543, 21.081633, 3653.798340>
[COT 2024-03-03 05:25:48] 76561198036774377: Spawned Entity Ford Raptor grey (RAPTOR_grey<7eb3bcd0>, 100, 10000, 0) at <6620.705078, 21.210924, 3653.948730>
[COT 2024-03-03 05:27:57] 76561198036774377: Deleted Entity RAPTOR_grey:15088 at <6620.698242, 21.154413, 3653.955811>
[COT 2024-03-03 05:28:25] 76561198036774377: Spawned Entity ROVER_camoOLD (ROVER_camoOLD<8ed0e040>, 200000, 10000, 512) at <6621.779785, 21.213171, 3653.163818>
[COT 2024-03-03 05:30:42] 76561198036774377: Deleted Entity ROVER_camoOLD:19791 at <6621.779785, 21.066093, 3653.160889>
[COT 2024-03-03 05:30:57] 76561198036774377: Spawned Entity STR_SCOUT_snik2_name (SCOUT_Veh<91711020>, 100, 10000, 0) at <6623.026855, 21.209711, 3651.264648>
[COT 2024-03-03 05:34:03] 76561198036774377: Deleted Entity SCOUT_snik2:10326 at <6623.027344, 21.199165, 3651.264404>
[COT 2024-03-03 05:34:22] 76561198036774377: Spawned Entity SUV Camo (SUV_kamo<7eb49920>, 100, 10000, 0) at <6625.993164, 21.219124, 3649.621338>
[COT 2024-03-03 05:36:45] 76561198036774377: Deleted Entity SUV_kamo:16543 at <6625.997070, 21.222626, 3649.621826>
[COT 2024-03-03 05:37:10] 76561198036774377: Teleported to position <3458.577148, 278.247498, 6057.167969>
[COT 2024-03-03 05:37:37] 76561198036774377: Teleported to position <6611.356934, 21.162415, 3645.395020>
[COT 2024-03-03 05:38:15] 76561198036774377: Spawned Entity Toyota Land Cruiser 200 Camo2  (TLC_200_kamo2<95809020>, 100, 10000, 0) at <6618.407715, 21.205715, 3653.697998>
[COT 2024-03-03 05:40:48] 76561198036774377: Deleted Entity TLC_200_kamo2:12483 at <6618.407227, 21.245571, 3653.689941>
[COT 2024-03-03 05:41:09] 76561198036774377: Spawned Entity KAMAZ-53949 Typhoon Woodland (Typhoon_Woodland<7eb51d50>, 100, 999999, 0) at <6618.958496, 21.201487, 3653.063477>
[COT 2024-03-03 05:44:15] 76561198036774377: Deleted Entity Typhoon_Woodland:12908 at <6618.956543, 21.217539, 3653.062988>
[COT 2024-03-03 05:45:02] 76561198036774377: Spawned Entity UAZ 3909 Khaki2 (UAZ_3909_chaki2<7eb51d50>, 100, 5000, 0) at <6619.002441, 21.194191, 3651.879639>
[COT 2024-03-03 05:47:47] 76561198036774377: Teleported to position <4072.129150, 298.826752, 5273.867676>
[COT 2024-03-03 05:48:31] 76561198036774377: Spawned Entity AA12 Black (20x76) (Saiga_Base<2fc70a00>, 32, 250, 0) at <4072.129150, 298.842743, 5273.867676>
[COT 2024-03-03 05:49:04] 76561198036774377: Teleported to position <6616.938477, 21.184147, 3650.040283>
[COT 2024-03-03 05:49:26] 76561198036774377: Deleted Entity UAZ_3909_chaki2:15121 at <6618.998535, 21.283798, 3651.877930>
[COT 2024-03-03 05:50:27] 76561198036774377: Spawned Entity Nissan warrior Black (Nissan_warrior_black<9664b030>, 100, 20000, 0) at <6623.744629, 21.204422, 3647.602783>
[COT 2024-03-03 05:50:44] 76561198036774377: Spawned Entity Jeep Wrangler (Jeep_Wrangler<99490120>, 100, 10000, 0) at <6622.903809, 21.145632, 3640.971680>
[COT 2024-03-03 05:51:02] 76561198036774377: Spawned Entity G65 White  (G65_white<9633e8f0>, 100, 10000, 0) at <6617.263184, 21.146814, 3643.996338>
[COT 2024-03-03 05:51:20] 76561198036774377: Spawned Entity  Novator Camouflage (Novator_Camouflage<7eb3e8e0>, 100, 22000, 0) at <6629.468262, 21.176443, 3639.030518>
[COT 2024-03-03 05:52:41] 76561198036774377: Entered the Free Camera
[COT 2024-03-03 05:58:15] 76561198036774377: Spawned Entity #STR_EXPANSION_ADMIN #STR_EXPANSION_CAR_KEYS (ExpansionCarAdminKey<1cd11d30>, 100, 100, 0) at <6620.206543, 21.204561, 3653.446289>
[COT 2024-03-03 05:59:22] 76561198036774377: Teleported to position <9317.720703, 4.801877, 3988.890381>
[COT 2024-03-03 05:59:51] 76561198036774377: Teleported to position <6599.880859, 21.157696, 3640.583008>
[COT 2024-03-03 09:59:35] 76561199108250772: Set GodMode To true [guid=OAdpPkJP2Ps_W7h2ttR1bK23ekHCzrxw0mDT3zqLMdU=]
[COT 2024-03-03 09:59:36] 76561199108250772: Set cannot be targeted by AI to true [guid=OAdpPkJP2Ps_W7h2ttR1bK23ekHCzrxw0mDT3zqLMdU=]
[COT 2024-03-03 09:59:36] 76561199108250772: Set UnlimitedStamina To true [guid=OAdpPkJP2Ps_W7h2ttR1bK23ekHCzrxw0mDT3zqLMdU=]
[COT 2024-03-03 09:59:37] 76561199108250772: Set UnlimitedAmmo To true [guid=OAdpPkJP2Ps_W7h2ttR1bK23ekHCzrxw0mDT3zqLMdU=]
[COT 2024-03-03 09:59:40] 76561199108250772: Entered the Free Camera
[COT 2024-03-03 10:00:01] 76561199108250772: Left the Free Camera
[COT 2024-03-03 10:00:16] 76561199108250772: Teleported to position <2057.605225, 111.707497, 5323.897461>
[COT 2024-03-03 10:00:26] 76561199108250772: ESP: Viewing ESP
[COT 2024-03-03 10:00:31] 76561199108250772: Entered the Free Camera
[COT 2024-03-03 10:00:47] 76561199108250772: Left the Free Camera
[COT 2024-03-03 10:01:02] 76561199108250772: Entered the Free Camera
[COT 2024-03-03 10:01:14] 76561199108250772: Left the Free Camera
[COT 2024-03-03 10:01:43] 76561199108250772: Spawned Entity Sea Chest (SeaChest<2a05bb30>, 100, 600, 0) at <1659.918579, 120.094826, 5736.880371>
[COT 2024-03-03 10:02:21] 76561199108250772: Set Invisibility To 1 [guid=OAdpPkJP2Ps_W7h2ttR1bK23ekHCzrxw0mDT3zqLMdU=]
[COT 2024-03-03 10:02:27] 76561199108250772: Entered the Free Camera
[COT 2024-03-03 10:03:48] 76561199108250772: Left the Free Camera
[COT 2024-03-03 10:05:40] 76561199108250772: Entered the Free Camera
[COT 2024-03-03 10:05:49] 76561199108250772: Left the Free Camera
[COT 2024-03-03 10:05:53] 76561199108250772: Entered the Free Camera
[COT 2024-03-03 10:06:31] 76561199108250772: Left the Free Camera
[COT 2024-03-03 10:06:39] 76561199108250772: ESP: Clearing ESP
[COT 2024-03-03 10:06:39] 76561199108250772: ESP: Viewing ESP
[COT 2024-03-03 10:06:42] 76561199108250772: ESP: Clearing ESP
[COT 2024-03-03 10:06:43] 76561199108250772: ESP: ESP updating
[COT 2024-03-03 10:06:54] 76561199108250772: Entered the Free Camera
[COT 2024-03-03 10:11:00] 76561199108250772: Spawned Entity Nissan warrior (Nissan_warrior<b7d4f020>, 100, 20000, 0) at <1663.639404, 120.343582, 5745.242188>
[COT 2024-03-03 10:11:21] 76561199108250772: Spawned Entity Keys (ExpansionCarKey<36ad2530>, 500, 100, 0) at <1663.690186, 121.213760, 5745.377930>
[COT 2024-03-03 10:11:26] 76561199108250772: Left the Free Camera
[COT 2024-03-03 10:11:40] 76561199108250772: Spawned Entity Keys (ExpansionCarKey<3d4ef550>, 100, 100, 0) at <1661.938599, 120.327187, 5744.625977>
[COT 2024-03-03 10:16:03] 76561199108250772: Repaired Transport [guid=RjqUafmWjW9Q1BHza4n7WoZ_8uUWujoz2w-ciuQaZcs=]
