[COT 2024-02-24 08:00:53] 76561198036774377: Teleported to position <647.663696, 34.445034, 3437.860840>
[COT 2024-02-24 08:02:06] 76561198036774377: Teleported to position <3124.538574, 282.163544, 6446.251953>
[COT 2024-02-24 08:03:33] 76561198036774377: Teleported to position <3855.850586, 186.583466, 7028.370117>
[COT 2024-02-24 08:04:50] 76561198036774377: Teleported to position <4611.788086, 102.695023, 9231.099609>
[COT 2024-02-24 08:06:03] 76561198036774377: Teleported to position <8386.062500, 12.723310, 8358.701172>
[COT 2024-02-24 08:07:35] 76561198036774377: Teleported to position <9205.208008, 45.783787, 3424.526367>
[COT 2024-02-24 17:35:05] 76561199108250772: Set UnlimitedStamina To true [guid=OAdpPkJP2Ps_W7h2ttR1bK23ekHCzrxw0mDT3zqLMdU=]
[COT 2024-02-24 17:35:05] 76561199108250772: Set UnlimitedAmmo To true [guid=OAdpPkJP2Ps_W7h2ttR1bK23ekHCzrxw0mDT3zqLMdU=]
[COT 2024-02-24 17:35:06] 76561199108250772: Set cannot be targeted by AI to true [guid=OAdpPkJP2Ps_W7h2ttR1bK23ekHCzrxw0mDT3zqLMdU=]
[COT 2024-02-24 17:35:07] 76561199108250772: Set GodMode To true [guid=OAdpPkJP2Ps_W7h2ttR1bK23ekHCzrxw0mDT3zqLMdU=]
[COT 2024-02-24 17:35:22] 76561199108250772: Teleported to position <2396.729004, 146.924652, 7637.333496>
[COT 2024-02-24 17:35:25] 76561199108250772: Entered the Free Camera
[COT 2024-02-24 17:35:38] 76561199108250772: Left the Free Camera
[COT 2024-02-24 17:35:59] 76561199108250772: Teleported to position <4929.421875, 226.020081, 4930.559082>
[COT 2024-02-24 17:36:09] 76561199108250772: Spawned Entity Compass (Compass<1f86e3b0>, 100, 70, 0) at <4929.195801, 226.022888, 4929.991211>
[COT 2024-02-24 17:36:23] 76561199108250772: Teleported to position <5190.123047, 55.527470, 1576.036377>
[COT 2024-02-24 17:36:28] 76561199108250772: Entered the Free Camera
[COT 2024-02-24 17:36:37] 76561199108250772: Left the Free Camera
[COT 2024-02-24 17:38:39] 76561199108250772: Teleported to position <5218.213867, 56.129997, 2280.876465>
[COT 2024-02-24 17:39:14] 76561199108250772: Teleported to position <360.312744, 112.589897, 6611.550293>
[COT 2024-02-24 17:39:17] 76561199108250772: Entered the Free Camera
[COT 2024-02-24 17:39:29] 76561199108250772: Teleported to position <298.026642, 126.239998, 6536.737305>
[COT 2024-02-24 17:39:32] 76561199108250772: Left the Free Camera
[COT 2024-02-24 17:39:56] 76561199108250772: Entered the Free Camera
[COT 2024-02-24 17:40:01] 76561199108250772: Left the Free Camera
[COT 2024-02-24 17:40:21] 76561199108250772: Spawned Entity NVG Headstrap (NVGHeadstrap<22d52450>, 100, 200, 0) at <332.994598, 126.693634, 6654.328125>
[COT 2024-02-24 17:43:03] 76561199108250772: Spawned Entity Punched Card (PunchedCard<230ccea0>, 100, 15, 0) at <349.922150, 113.027611, 6651.979492>
[COT 2024-02-24 17:43:03] 76561199108250772: Spawned Entity Punched Card (PunchedCard<230cda30>, 100, 15, 0) at <349.920929, 113.041359, 6651.979980>
[COT 2024-02-24 19:04:57] 76561199108250772: Set GodMode To true [guid=OAdpPkJP2Ps_W7h2ttR1bK23ekHCzrxw0mDT3zqLMdU=]
[COT 2024-02-24 19:04:59] 76561199108250772: Set UnlimitedAmmo To true [guid=OAdpPkJP2Ps_W7h2ttR1bK23ekHCzrxw0mDT3zqLMdU=]
[COT 2024-02-24 19:04:59] 76561199108250772: Set UnlimitedStamina To true [guid=OAdpPkJP2Ps_W7h2ttR1bK23ekHCzrxw0mDT3zqLMdU=]
[COT 2024-02-24 19:05:00] 76561199108250772: Set Invisibility To 1 [guid=OAdpPkJP2Ps_W7h2ttR1bK23ekHCzrxw0mDT3zqLMdU=]
[COT 2024-02-24 19:06:35] 76561199108250772: Teleported to position <2172.953613, 7.774802, 919.956055>
[COT 2024-02-24 19:06:48] 76561199108250772: Set Invisibility To 0 [guid=OAdpPkJP2Ps_W7h2ttR1bK23ekHCzrxw0mDT3zqLMdU=]
[COT 2024-02-24 19:08:32] 76561199108250772: Spawned Entity MP5A3_mag_30Rnd (Mag_MP5_30Rnd<241709c0>, 30, 100, 0) at <2049.313477, 7.902300, 957.833252>
[COT 2024-02-24 19:09:00] 76561199108250772: Set cannot be targeted by AI to true [guid=OAdpPkJP2Ps_W7h2ttR1bK23ekHCzrxw0mDT3zqLMdU=]
[COT 2024-02-24 19:09:11] 76561199108250772: Set Energy To 5000 [guid=OAdpPkJP2Ps_W7h2ttR1bK23ekHCzrxw0mDT3zqLMdU=]
[COT 2024-02-24 19:09:11] 76561199108250772: Set Water To 4360 [guid=OAdpPkJP2Ps_W7h2ttR1bK23ekHCzrxw0mDT3zqLMdU=]
[COT 2024-02-24 19:17:37] 76561199108250772: Entered the Free Camera
[COT 2024-02-24 19:17:53] 76561199108250772: Left the Free Camera
[COT 2024-02-24 19:21:52] 76561199108250772: Set GodMode To true [guid=KWl3ojgjStHOe3-iLRChpUG8crsNiNfei3BT6NCIfaw=]
[COT 2024-02-24 19:21:53] 76561199108250772: Set UnlimitedAmmo To true [guid=KWl3ojgjStHOe3-iLRChpUG8crsNiNfei3BT6NCIfaw=]
[COT 2024-02-24 19:21:53] 76561199108250772: Set UnlimitedStamina To true [guid=KWl3ojgjStHOe3-iLRChpUG8crsNiNfei3BT6NCIfaw=]
[COT 2024-02-24 19:21:55] 76561199108250772: Set Invisibility To 1 [guid=KWl3ojgjStHOe3-iLRChpUG8crsNiNfei3BT6NCIfaw=]
[COT 2024-02-24 19:21:55] 76561199108250772: Set Invisibility To 0 [guid=KWl3ojgjStHOe3-iLRChpUG8crsNiNfei3BT6NCIfaw=]
[COT 2024-02-24 19:21:56] 76561199108250772: Set cannot be targeted by AI to true [guid=KWl3ojgjStHOe3-iLRChpUG8crsNiNfei3BT6NCIfaw=]
[COT 2024-02-24 19:21:57] 76561199108250772: Set cannot be targeted by AI to true [guid=KWl3ojgjStHOe3-iLRChpUG8crsNiNfei3BT6NCIfaw=]
[COT 2024-02-24 19:22:15] 76561199108250772: Teleported to position <9173.332031, 2.507872, 1372.443848>
[COT 2024-02-24 19:24:00] 76561199108250772: Spawned Entity MP5A3 (9x19) (UMP45_Base<16e16e90>, 100, 200, 0) at <9113.528320, 4.342968, 1351.363403>
[COT 2024-02-24 19:24:03] 76561199108250772: Spawned Entity MP5A3 (9x19) (UMP45_Base<16e1e420>, 100, 200, 0) at <9110.454102, 4.281823, 1352.907349>
[COT 2024-02-24 19:30:14] 76561199108250772: Set GodMode To false [guid=OAdpPkJP2Ps_W7h2ttR1bK23ekHCzrxw0mDT3zqLMdU=]
[COT 2024-02-24 19:30:15] 76561199108250772: Set UnlimitedAmmo To false [guid=OAdpPkJP2Ps_W7h2ttR1bK23ekHCzrxw0mDT3zqLMdU=]
[COT 2024-02-24 19:30:15] 76561199108250772: Set UnlimitedStamina To false [guid=OAdpPkJP2Ps_W7h2ttR1bK23ekHCzrxw0mDT3zqLMdU=]
[COT 2024-02-24 19:30:16] 76561199108250772: Set cannot be targeted by AI to false [guid=OAdpPkJP2Ps_W7h2ttR1bK23ekHCzrxw0mDT3zqLMdU=]
[COT 2024-02-24 19:30:20] 76561199108250772: Set UnlimitedAmmo To false [guid=KWl3ojgjStHOe3-iLRChpUG8crsNiNfei3BT6NCIfaw=]
[COT 2024-02-24 19:30:20] 76561199108250772: Set UnlimitedStamina To false [guid=KWl3ojgjStHOe3-iLRChpUG8crsNiNfei3BT6NCIfaw=]
[COT 2024-02-24 19:30:21] 76561199108250772: Set cannot be targeted by AI to false [guid=KWl3ojgjStHOe3-iLRChpUG8crsNiNfei3BT6NCIfaw=]
[COT 2024-02-24 19:30:21] 76561199108250772: Set GodMode To false [guid=KWl3ojgjStHOe3-iLRChpUG8crsNiNfei3BT6NCIfaw=]
[COT 2024-02-24 19:31:12] 76561199108250772: Teleported [guid=KWl3ojgjStHOe3-iLRChpUG8crsNiNfei3BT6NCIfaw=] to <8175.934570, 12.353801, 1062.255615>
[COT 2024-02-24 19:31:40] 76561199108250772: Set Energy To 4691 [guid=KWl3ojgjStHOe3-iLRChpUG8crsNiNfei3BT6NCIfaw=]
[COT 2024-02-24 19:31:40] 76561199108250772: Set Water To 4669 [guid=KWl3ojgjStHOe3-iLRChpUG8crsNiNfei3BT6NCIfaw=]
[COT 2024-02-24 19:31:49] 76561199108250772: Healed [guid=OAdpPkJP2Ps_W7h2ttR1bK23ekHCzrxw0mDT3zqLMdU=]
[COT 2024-02-24 19:32:24] 76561199108250772: Spawned Entity Boxed 9x19mm Rounds (AmmoBox_9x19_25rnd<26b24c50>, 100, 100, 0) at <8175.414063, 12.368026, 1062.696045>
[COT 2024-02-24 19:32:25] 76561199108250772: Spawned Entity Boxed 9x19mm Rounds (AmmoBox_9x19_25rnd<26b206f0>, 100, 100, 0) at <8175.400879, 12.410401, 1062.696777>
[COT 2024-02-24 19:32:25] 76561199108250772: Spawned Entity Boxed 9x19mm Rounds (AmmoBox_9x19_25rnd<26b21e10>, 100, 100, 0) at <8175.387695, 12.452776, 1062.697632>
[COT 2024-02-24 19:32:26] 76561199108250772: Spawned Entity Boxed 9x19mm Rounds (AmmoBox_9x19_25rnd<26b229a0>, 100, 100, 0) at <8175.374512, 12.494467, 1062.698853>
[COT 2024-02-24 19:32:26] 76561199108250772: Spawned Entity Boxed 9x19mm Rounds (AmmoBox_9x19_25rnd<26b257e0>, 100, 100, 0) at <8175.361328, 12.536842, 1062.699219>
[COT 2024-02-24 19:32:28] 76561199108250772: Spawned Entity Boxed 9x19mm Rounds (AmmoBox_9x19_25rnd<26b1efd0>, 100, 100, 0) at <8174.154785, 12.370407, 1062.734375>
[COT 2024-02-24 19:32:28] 76561199108250772: Spawned Entity Boxed 9x19mm Rounds (AmmoBox_9x19_25rnd<26b291b0>, 100, 100, 0) at <8174.151367, 12.412098, 1062.735840>
[COT 2024-02-24 19:32:29] 76561199108250772: Spawned Entity Boxed 9x19mm Rounds (AmmoBox_9x19_25rnd<26b26370>, 100, 100, 0) at <8174.147949, 12.454473, 1062.737061>
[COT 2024-02-24 19:32:29] 76561199108250772: Spawned Entity Boxed 9x19mm Rounds (AmmoBox_9x19_25rnd<26b29d40>, 100, 100, 0) at <8174.144531, 12.496847, 1062.739258>
[COT 2024-02-24 19:32:29] 76561199108250772: Spawned Entity Boxed 9x19mm Rounds (AmmoBox_9x19_25rnd<26b2a8d0>, 100, 100, 0) at <8174.141113, 12.539222, 1062.740112>
[COT 2024-02-24 19:33:22] 76561199108250772: Set the date to 2024/8/14 12:0
[COT 2024-02-24 19:33:23] 76561199108250772: Set rain to 0 0 0
[COT 2024-02-24 19:33:23] 76561199108250772: Set storm to 0 0.8 4000
[COT 2024-02-24 19:33:23] 76561199108250772: Set fog to 0 0 0
[COT 2024-02-24 19:33:23] 76561199108250772: Set overcast to 0 0 0
[COT 2024-02-24 19:33:23] 76561199108250772: Set wind to 0 0 1
[COT 2024-02-24 19:34:03] 76561199108250772: Spawned Entity MP5A3_mag_30Rnd (Mag_MP5_30Rnd<2414f5e0>, 30, 100, 0) at <8174.750977, 12.376799, 1062.837280>
[COT 2024-02-24 19:34:04] 76561199108250772: Spawned Entity MP5A3_mag_30Rnd (Mag_MP5_30Rnd<24150170>, 30, 100, 0) at <8174.725586, 12.425208, 1062.836426>
[COT 2024-02-24 19:34:49] 76561199108250772: Spawned Entity SAR_109T_mag_75Rnd (Mag_MP5_30Rnd<241597c0>, 75, 100, 0) at <8174.975098, 12.381680, 1062.915771>
[COT 2024-02-24 19:34:54] 76561199108250772: Spawned Entity SAR_109T_mag_75Rnd (Mag_MP5_30Rnd<2415c600>, 75, 100, 0) at <8174.099121, 12.372252, 1062.764160>
[COT 2024-02-24 19:35:00] 76561199108250772: Spawned Entity SAR 109T (9x19) (M4A1_Base<16df15b0>, 75, 200, 0) at <8174.373047, 12.345890, 1062.339600>
[COT 2024-02-24 19:35:03] 76561199108250772: Spawned Entity SAR 109T (9x19) (M4A1_Base<16deee80>, 75, 200, 0) at <8173.362793, 12.362800, 1062.612061>
[COT 2024-02-24 19:36:11] 76561199108250772: Spawned Entity M4 Suppressor (M4_Suppressor<24169620>, 5, 4, 0) at <8178.371094, 12.279964, 1061.278809>
[COT 2024-02-24 19:36:12] 76561199108250772: Spawned Entity M4 Suppressor (M4_Suppressor<2416a1b0>, 5, 4, 0) at <8178.361328, 12.298414, 1061.287231>
[COT 2024-02-24 19:55:45] 76561199108250772: Teleported to position <7555.012207, 5.805199, 827.887573>
[COT 2024-02-24 19:56:03] 76561199108250772: Teleported [guid=KWl3ojgjStHOe3-iLRChpUG8crsNiNfei3BT6NCIfaw=] to <7554.600098, 5.822010, 828.483459>
[COT 2024-02-24 20:00:19] 76561199108250772: Spawned Entity Geister Rucksack (CoyoteBag_ColorBase<22d67f30>, 100, 300, 0) at <7163.514648, 6.509461, 684.916748>
[COT 2024-02-24 20:02:00] 76561199108250772: Teleported [guid=KWl3ojgjStHOe3-iLRChpUG8crsNiNfei3BT6NCIfaw=] to <7155.753418, 6.537371, 681.922668>
[COT 2024-02-24 20:02:47] 76561199108250772: Healed [guid=OAdpPkJP2Ps_W7h2ttR1bK23ekHCzrxw0mDT3zqLMdU=]
[COT 2024-02-24 20:04:49] 76561199108250772: Healed [guid=OAdpPkJP2Ps_W7h2ttR1bK23ekHCzrxw0mDT3zqLMdU=]
[COT 2024-02-24 20:06:19] 76561199108250772: Healed [guid=OAdpPkJP2Ps_W7h2ttR1bK23ekHCzrxw0mDT3zqLMdU=]
[COT 2024-02-24 20:08:53] 76561199108250772: Teleported to position <7260.286133, 15.066058, 1505.593262>
[COT 2024-02-24 20:09:04] 76561199108250772: Teleported [guid=KWl3ojgjStHOe3-iLRChpUG8crsNiNfei3BT6NCIfaw=] to <7260.286133, 15.066058, 1505.593262>
[COT 2024-02-24 20:09:20] 76561199108250772: Set UnlimitedAmmo To true [guid=KWl3ojgjStHOe3-iLRChpUG8crsNiNfei3BT6NCIfaw=]
[COT 2024-02-24 20:09:21] 76561199108250772: Set UnlimitedStamina To true [guid=KWl3ojgjStHOe3-iLRChpUG8crsNiNfei3BT6NCIfaw=]
[COT 2024-02-24 20:09:22] 76561199108250772: Set UnlimitedStamina To true [guid=KWl3ojgjStHOe3-iLRChpUG8crsNiNfei3BT6NCIfaw=]
[COT 2024-02-24 20:09:25] 76561199108250772: Set UnlimitedAmmo To true [guid=OAdpPkJP2Ps_W7h2ttR1bK23ekHCzrxw0mDT3zqLMdU=]
[COT 2024-02-24 20:09:26] 76561199108250772: Set UnlimitedStamina To true [guid=OAdpPkJP2Ps_W7h2ttR1bK23ekHCzrxw0mDT3zqLMdU=]
[COT 2024-02-24 20:11:35] 76561199108250772: Set GodMode To true [guid=OAdpPkJP2Ps_W7h2ttR1bK23ekHCzrxw0mDT3zqLMdU=]
[COT 2024-02-24 20:11:37] 76561199108250772: Set GodMode To true [guid=KWl3ojgjStHOe3-iLRChpUG8crsNiNfei3BT6NCIfaw=]
[COT 2024-02-24 20:11:48] 76561199108250772: Entered the Free Camera
[COT 2024-02-24 20:11:53] 76561199108250772: Left the Free Camera
[COT 2024-02-24 20:15:36] 76561199108250772: Healed [guid=KWl3ojgjStHOe3-iLRChpUG8crsNiNfei3BT6NCIfaw=]
[COT 2024-02-24 20:15:47] 76561199108250772: Entered the Free Camera
[COT 2024-02-24 20:15:54] 76561199108250772: Left the Free Camera
[COT 2024-02-24 20:17:44] 76561199108250772: Set GodMode To false [guid=KWl3ojgjStHOe3-iLRChpUG8crsNiNfei3BT6NCIfaw=]
[COT 2024-02-24 20:18:05] 76561199108250772: Set GodMode To false [guid=KWl3ojgjStHOe3-iLRChpUG8crsNiNfei3BT6NCIfaw=]
[COT 2024-02-24 20:18:06] 76561199108250772: Set GodMode To false [guid=KWl3ojgjStHOe3-iLRChpUG8crsNiNfei3BT6NCIfaw=]
[COT 2024-02-24 20:19:24] 76561199108250772: Spawned Entity Gyrocopter (ExpansionBigGyrocopter<23ad2020>, 100, 2750, 0) at <6817.067871, 18.554607, 1735.714600>
[COT 2024-02-24 20:33:21] 76561199108250772: Set GodMode To true [guid=KWl3ojgjStHOe3-iLRChpUG8crsNiNfei3BT6NCIfaw=]
[COT 2024-02-24 20:33:24] 76561199108250772: Healed [guid=KWl3ojgjStHOe3-iLRChpUG8crsNiNfei3BT6NCIfaw=]
[COT 2024-02-24 20:35:16] 76561199108250772: Set the date to 2024/8/14 12:0
[COT 2024-02-24 20:35:16] 76561199108250772: Set rain to 0 0 0
[COT 2024-02-24 20:35:16] 76561199108250772: Set storm to 0 0.8 4000
[COT 2024-02-24 20:35:16] 76561199108250772: Set fog to 0 0 0
[COT 2024-02-24 20:35:16] 76561199108250772: Set overcast to 0 0 0
[COT 2024-02-24 20:35:16] 76561199108250772: Set wind to 0 0 1
[COT 2024-02-24 20:36:22] 76561199108250772: Healed [guid=OAdpPkJP2Ps_W7h2ttR1bK23ekHCzrxw0mDT3zqLMdU=]
[COT 2024-02-24 20:36:33] 76561199108250772: Set UnlimitedStamina To true [guid=KWl3ojgjStHOe3-iLRChpUG8crsNiNfei3BT6NCIfaw=]
[COT 2024-02-24 20:36:33] 76561199108250772: Set UnlimitedAmmo To true [guid=KWl3ojgjStHOe3-iLRChpUG8crsNiNfei3BT6NCIfaw=]
[COT 2024-02-24 20:36:34] 76561199108250772: Set GodMode To true [guid=KWl3ojgjStHOe3-iLRChpUG8crsNiNfei3BT6NCIfaw=]
[COT 2024-02-24 20:36:39] 76561199108250772: Entered the Free Camera
[COT 2024-02-24 20:36:44] 76561199108250772: Left the Free Camera
[COT 2024-02-24 20:37:18] 76561199108250772: Entered the Free Camera
[COT 2024-02-24 20:37:22] 76561199108250772: Left the Free Camera
[COT 2024-02-24 20:43:51] 76561199108250772: Spawned Entity EGD-5 Frag Grenade (RGD5Grenade<d5f20910>, 100, 50, 0) at <3202.836182, 99.884567, 9300.464844>
[COT 2024-02-24 20:43:51] 76561199108250772: Spawned Entity EGD-5 Frag Grenade (RGD5Grenade<d5f21520>, 100, 50, 0) at <3202.823975, 100.023773, 9300.487305>
[COT 2024-02-24 20:43:52] 76561199108250772: Spawned Entity EGD-5 Frag Grenade (RGD5Grenade<d5f1b4a0>, 100, 50, 0) at <3202.812012, 100.160950, 9300.508789>
[COT 2024-02-24 20:43:52] 76561199108250772: Spawned Entity EGD-5 Frag Grenade (RGD5Grenade<d5f22d40>, 100, 50, 0) at <3202.799805, 100.298653, 9300.530273>
[COT 2024-02-24 20:44:33] 76561199108250772: Set the date to 2024/8/14 12:0
[COT 2024-02-24 20:44:33] 76561199108250772: Set rain to 0 0 0
[COT 2024-02-24 20:44:33] 76561199108250772: Set storm to 0 0.8 4000
[COT 2024-02-24 20:44:33] 76561199108250772: Set fog to 0 0 0
[COT 2024-02-24 20:44:33] 76561199108250772: Set overcast to 0 0 0
[COT 2024-02-24 20:44:33] 76561199108250772: Set wind to 0 0 1
[COT 2024-02-24 20:44:52] 76561199108250772: Spawned Entity UH-1H (ExpansionUh1h<2fadb040>, 150, 7500, 0) at <3184.785889, 99.884552, 9255.380859>
[COT 2024-02-24 20:45:10] 76561199108250772: ESP: Viewing ESP
[COT 2024-02-24 20:46:10] 76561199108250772: Spawned vehicle Gunter 2 (Hatchback_02_Black) at <3186.281494, 99.884552, 9256.870117>
[COT 2024-02-24 20:46:11] 76561199108250772: Spawned vehicle Gunter 2 (Hatchback_02_Black) at <3186.281738, 99.884552, 9256.870117>
[COT 2024-02-24 20:46:12] 76561199108250772: Spawned vehicle Gunter 2 (Hatchback_02_Black) at <3186.281738, 99.884552, 9256.870117>
[COT 2024-02-24 20:46:12] 76561199108250772: Spawned vehicle Gunter 2 (Hatchback_02_Black) at <3187.107910, 100.172874, 9257.779297>
[COT 2024-02-24 20:46:12] 76561199108250772: Spawned vehicle Gunter 2 (Hatchback_02_Black) at <3187.965820, 100.472260, 9258.723633>
[COT 2024-02-24 20:46:12] 76561199108250772: Spawned vehicle Gunter 2 (Hatchback_02_Black) at <3188.014404, 100.489204, 9258.776367>
[COT 2024-02-24 20:46:12] 76561199108250772: Spawned vehicle Gunter 2 (Hatchback_02_Black) at <3188.812500, 100.767746, 9259.655273>
[COT 2024-02-24 20:46:12] 76561199108250772: Spawned vehicle Gunter 2 (Hatchback_02_Black) at <3188.803223, 100.764465, 9259.644531>
[COT 2024-02-24 20:46:13] 76561199108250772: Spawned vehicle Gunter 2 (Hatchback_02_Black) at <3188.816650, 100.769173, 9259.659180>
[COT 2024-02-24 20:46:13] 76561199108250772: Spawned vehicle Gunter 2 (Hatchback_02_Black) at <3189.440674, 100.986893, 9260.345703>
[COT 2024-02-24 20:46:13] 76561199108250772: Spawned vehicle Gunter 2 (Hatchback_02_Black) at <3189.433105, 100.984283, 9260.337891>
[COT 2024-02-24 20:46:13] 76561199108250772: Spawned vehicle Gunter 2 (Hatchback_02_Black) at <3189.983887, 101.176468, 9260.943359>
[COT 2024-02-24 20:46:30] 76561199108250772: Spawned vehicle Ada 4x4 (OffroadHatchback) at <3183.076172, 99.884567, 9249.194336>
[COT 2024-02-24 20:46:30] 76561199108250772: Spawned vehicle Ada 4x4 (OffroadHatchback) at <3183.983643, 100.179008, 9249.261719>
[COT 2024-02-24 20:46:31] 76561199108250772: Spawned vehicle Ada 4x4 (OffroadHatchback) at <3184.827881, 100.453018, 9249.326172>
[COT 2024-02-24 20:46:31] 76561199108250772: Spawned vehicle Ada 4x4 (OffroadHatchback) at <3185.668457, 100.725853, 9249.387695>
[COT 2024-02-24 20:46:31] 76561199108250772: Spawned vehicle Ada 4x4 (OffroadHatchback) at <3186.670654, 101.050896, 9249.462891>
[COT 2024-02-24 20:46:31] 76561199108250772: Spawned vehicle Ada 4x4 (OffroadHatchback) at <3186.914551, 101.130028, 9249.481445>
[COT 2024-02-24 20:46:31] 76561199108250772: Spawned vehicle Ada 4x4 (OffroadHatchback) at <3187.654053, 101.369972, 9249.536133>
[COT 2024-02-24 20:46:31] 76561199108250772: Spawned vehicle Ada 4x4 (OffroadHatchback) at <3188.085449, 99.884567, 9249.568359>
[COT 2024-02-24 20:46:32] 76561199108250772: Spawned vehicle Ada 4x4 (OffroadHatchback) at <3187.292725, 101.325363, 9250.284180>
[COT 2024-02-24 20:46:32] 76561199108250772: Spawned vehicle Ada 4x4 (OffroadHatchback) at <3188.378662, 100.918243, 9251.245117>
[COT 2024-02-24 20:46:32] 76561199108250772: Spawned vehicle Ada 4x4 (OffroadHatchback) at <3189.223389, 100.412674, 9251.602539>
[COT 2024-02-24 20:46:48] 76561199108250772: ESP: Clearing ESP
[COT 2024-02-24 20:46:49] 76561199108250772: ESP: Viewing ESP
[COT 2024-02-24 20:46:55] 76561199108250772: ESP index=0 target=OffroadHatchback:18406 position=<3192.156738, 99.935272, 9249.692383> action=delete
[COT 2024-02-24 20:46:55] 76561199108250772: ESP index=1 target=OffroadHatchback:18391 position=<3190.455322, 99.989304, 9252.830078> action=delete
[COT 2024-02-24 20:46:55] 76561199108250772: ESP index=2 target=OffroadHatchback:18421 position=<3188.026367, 99.932129, 9255.441406> action=delete
[COT 2024-02-24 20:46:55] 76561199108250772: ESP index=3 target=OffroadHatchback:18361 position=<3192.132080, 100.193642, 9247.379883> action=delete
[COT 2024-02-24 20:46:55] 76561199108250772: ESP index=4 target=Hatchback_02_Black:5741 position=<3191.111328, 99.924515, 9259.238281> action=delete
[COT 2024-02-24 20:46:55] 76561199108250772: ESP action=delete_all count=5 attempted=5
[COT 2024-02-24 20:46:59] 76561199108250772: ESP index=0 target=OffroadHatchback:18436 position=<3192.703613, 99.889496, 9255.141602> action=delete
[COT 2024-02-24 20:46:59] 76561199108250772: ESP index=1 target=Hatchback_02_Black:4983 position=<3194.007568, 100.509270, 9255.146484> action=delete
[COT 2024-02-24 20:46:59] 76561199108250772: ESP index=2 target=Hatchback_02_Black:18295 position=<3196.408447, 99.929771, 9261.675781> action=delete
[COT 2024-02-24 20:46:59] 76561199108250772: ESP action=delete_all count=3 attempted=3
[COT 2024-02-24 20:47:02] 76561199108250772: ESP index=0 target=OffroadHatchback:18376 position=<3188.310547, 99.925278, 9253.361328> action=delete
[COT 2024-02-24 20:47:02] 76561199108250772: ESP index=1 target=Hatchback_02_Black:18237 position=<3189.930664, 99.908257, 9257.418945> action=delete
[COT 2024-02-24 20:47:02] 76561199108250772: ESP index=2 target=Hatchback_02_Black:10840 position=<3187.839111, 99.992508, 9261.941406> action=delete
[COT 2024-02-24 20:47:02] 76561199108250772: ESP index=3 target=Hatchback_02_Black:9419 position=<3183.980225, 101.478653, 9257.244141> action=delete
[COT 2024-02-24 20:47:02] 76561199108250772: ESP action=delete_all count=4 attempted=4
[COT 2024-02-24 20:47:04] 76561199108250772: ESP index=0 target=Hatchback_02_Black:15640 position=<3192.769043, 101.695366, 9258.602539> action=delete
[COT 2024-02-24 20:47:04] 76561199108250772: ESP action=delete_all count=1 attempted=1
[COT 2024-02-24 20:47:11] 76561199108250772: ESP index=0 target=OffroadHatchback:18346 position=<3190.410400, 99.891762, 9246.338867> action=delete
[COT 2024-02-24 20:47:11] 76561199108250772: ESP index=1 target=ExpansionBigGyrocopter:9616 position=<3123.010986, 108.880707, 9281.457031> action=delete
[COT 2024-02-24 20:47:11] 76561199108250772: ESP index=2 target=Hatchback_02_Black:18269 position=<3153.220703, 101.720284, 9258.878906> action=delete
[COT 2024-02-24 20:47:11] 76561199108250772: ESP index=3 target=Hatchback_02_Black:11066 position=<3151.623047, 102.954376, 9258.860352> action=delete
[COT 2024-02-24 20:47:11] 76561199108250772: ESP action=delete_all count=4 attempted=4
[COT 2024-02-24 20:47:15] 76561199108250772: ESP index=0 target=OffroadHatchback:18081 position=<3177.678467, 99.925323, 9248.249023> action=delete
[COT 2024-02-24 20:47:15] 76561199108250772: ESP index=1 target=ExpansionUh1h_Green:5233 position=<3172.226318, 101.789642, 9251.408203> action=delete
[COT 2024-02-24 20:47:15] 76561199108250772: ESP index=2 target=OffroadHatchback:17575 position=<3091.406006, 99.925270, 9298.197266> action=delete
[COT 2024-02-24 20:47:15] 76561199108250772: ESP action=delete_all count=3 attempted=3
[COT 2024-02-24 20:47:19] 76561199108250772: ESP index=0 target=Hatchback_02_Black:8208 position=<3184.476318, 99.928108, 9253.740234> action=delete
[COT 2024-02-24 20:47:19] 76561199108250772: ESP action=delete_all count=1 attempted=1
[COT 2024-02-24 20:48:57] 76561199108250772: ESP: Clearing ESP
[COT 2024-02-24 20:49:05] 76561199108250772: Entered the Free Camera
[COT 2024-02-24 20:49:08] 76561199108250772: Left the Free Camera
[COT 2024-02-24 20:49:31] 76561199108250772: Spawned Entity UH-1H (ExpansionUh1h<23ad2020>, 100, 7500, 0) at <3148.123291, 99.884575, 9182.605469>
[COT 2024-02-24 20:54:39] 76561199108250772: Spawned Entity NVG Headstrap (NVGHeadstrap<2ac2d500>, 100, 200, 0) at <340.271912, 120.611038, 6659.918457>
[COT 2024-02-24 20:56:55] 76561199108250772: Teleported to position <6237.978516, 65.215500, 8235.249023>
[COT 2024-02-25 01:39:56] 76561199407766611: Spawned Entity M134 (308Win) (M4A1_Base<c7ecde90>, 100, 500, 0) at <549.291626, 14.147139, 3172.918213>
[COT 2024-02-25 01:39:57] 76561199407766611: Spawned Entity M134_mag_750Rnd (Mag_AKM_Drum75Rnd<267bac70>, 750, 100, 0) at <549.295959, 14.148100, 3172.920898>
[COT 2024-02-25 01:40:24] 76561199407766611: Teleported to position <1902.055420, 99.884567, 8887.458984>
[COT 2024-02-25 01:40:49] 76561199407766611: Set GodMode To true [guid=spMEkRl42onhFHdF_u42e0T03x2sj347kUc600NXdGA=]
[COT 2024-02-25 01:41:19] 76561199407766611: Entered the Free Camera
[COT 2024-02-25 01:42:27] 76561199407766611: Left the Free Camera
[COT 2024-02-25 01:42:37] 76561199407766611: Teleported to position <6888.959961, 31.717106, 3672.602539>
[COT 2024-02-25 01:43:07] 76561199407766611: Teleported to position <5205.214355, 56.129997, 2266.697998>
