[COT 2024-03-06 01:13:26] 76561199407766611: Set GodMode To true [guid=spMEkRl42onhFHdF_u42e0T03x2sj347kUc600NXdGA=]
[COT 2024-03-06 01:13:26] 76561199407766611: Set Invisibility To 1 [guid=spMEkRl42onhFHdF_u42e0T03x2sj347kUc600NXdGA=]
[COT 2024-03-06 01:13:30] 76561199407766611: Healed [guid=spMEkRl42onhFHdF_u42e0T03x2sj347kUc600NXdGA=]
[COT 2024-03-06 01:13:36] 76561199407766611: Teleported to <2904.745361, 267.399536, 6148.829102> [guid=ebo0O4yOjYkK486s9SoqLuFc3tRe1vP1S2eE1IJxhV4=]
[COT 2024-03-06 01:14:31] 76561199407766611: Teleported to position <949.333496, 150.457947, 7068.833984>
[COT 2024-03-06 01:14:32] 76561199407766611: Entered the Free Camera
[COT 2024-03-06 01:14:40] 76561199407766611: Left the Free Camera
[COT 2024-03-06 01:15:09] 76561199407766611: Entered the Free Camera
[COT 2024-03-06 01:15:15] 76561199407766611: Left the Free Camera
[COT 2024-03-06 01:16:07] 76561199407766611: Entered the Free Camera
[COT 2024-03-06 01:16:11] 76561199407766611: Left the Free Camera
[COT 2024-03-06 01:16:17] 76561199407766611: Set Invisibility To 0 [guid=spMEkRl42onhFHdF_u42e0T03x2sj347kUc600NXdGA=]
[COT 2024-03-06 01:16:21] 76561199407766611: Healed [guid=ebo0O4yOjYkK486s9SoqLuFc3tRe1vP1S2eE1IJxhV4=]
[COT 2024-03-06 01:16:48] 76561199407766611: Entered the Free Camera
[COT 2024-03-06 01:16:54] 76561199407766611: Left the Free Camera
[COT 2024-03-06 01:17:08] 76561199407766611: Entered the Free Camera
[COT 2024-03-06 01:17:17] 76561199407766611: Left the Free Camera
[COT 2024-03-06 01:17:21] 76561199407766611: Spawned Entity Cement Mixer Kit (BBP_Cement_Mixer_Kit<77bc2a70>, 100, 100, 0) at <919.325500, 151.804031, 7123.627441>
[COT 2024-03-06 01:17:30] 76561199407766611: ESP: ESP updating
[COT 2024-03-06 01:18:38] 76561199407766611: Teleported [guid=ebo0O4yOjYkK486s9SoqLuFc3tRe1vP1S2eE1IJxhV4=] to <919.325500, 151.804031, 7123.627441>
[COT 2024-03-06 01:19:42] 76561199407766611: Spawned Entity Ghillie Suit (GhillieSuit_Woodland<26bdca80>, 100, 50, 0) at <920.568176, 151.823196, 7123.252441>
[COT 2024-03-06 01:21:23] 76561199407766611: Spawned Entity Code Lock (ExpansionCodeLock<476552b0>, 100, 100, 0) at <921.752747, 151.747696, 7123.252441>
[COT 2024-03-06 01:25:32] 76561199407766611: Repaired Transport [guid=spMEkRl42onhFHdF_u42e0T03x2sj347kUc600NXdGA=]
