[COT 2024-02-26 23:28:53] 76561199407766611: Spawned Entity Mossberg Patriot (Winchester70_Base<fd6614b0>, 100, 200, 0) at <6610.220703, 27.418909, 3663.830322>
[COT 2024-02-26 23:29:05] 76561199407766611: Spawned Entity Universal Suppressor (ImprovisedSuppressor<9da22850>, 100, 8, 0) at <6610.593262, 27.375124, 3663.691162>
[COT 2024-02-26 23:29:13] 76561199407766611: Spawned Entity Doc's Royalfoil M4 Carstock (DOC_M4CARSTOCK_ROYALFOIL<10a582c0>, 100, 200, 0) at <6610.621582, 27.414337, 3663.704346>
[COT 2024-02-26 23:29:15] 76561199407766611: Spawned Entity Doc's Royalfoil M4 RIS Handguard (DOC_M4RIS_ROYALFOIL<10a1fce0>, 100, 250, 0) at <6610.690918, 27.501204, 3663.734619>
[COT 2024-02-26 23:29:18] 76561199407766611: Spawned Entity Doc's Royalfoil M4 (DOC_M4_ROYALFOIL<fd662ed0>, 100, 1200, 0) at <6610.723633, 27.532299, 3663.739746>
[COT 2024-02-26 23:29:20] 76561199407766611: Spawned Entity Doc's Royalfoil Stanag69 (DOC_STANAG69_ROYALFOIL<10a1cea0>, 69, 200, 0) at <6610.805176, 27.628057, 3663.770020>
[COT 2024-02-26 23:29:26] 76561199407766611: Spawned Entity Doc's Crushedfoil M4 Carstock (DOC_M4CARSTOCK_CRUSHEDFOIL<10a21f90>, 69, 200, 0) at <6610.880859, 27.699160, 3663.793701>
[COT 2024-02-26 23:29:27] 76561199407766611: Spawned Entity Doc's Crushedfoil M4 RIS Handguard (DOC_M4RIS_CRUSHEDFOIL<10a1c310>, 69, 250, 0) at <6610.941895, 27.783716, 3663.820557>
[COT 2024-02-26 23:29:29] 76561199407766611: Spawned Entity Doc's Crushedfoil Suppressor (ItemSuppressor<10a236b0>, 69, 1800, 0) at <6610.993164, 27.842968, 3663.842041>
[COT 2024-02-26 23:29:31] 76561199407766611: Spawned Entity Doc's Crushedfoil M4 (DOC_M4_Base<fd667020>, 69, 1200, 0) at <6611.033203, 27.882181, 3663.857666>
[COT 2024-02-26 23:29:32] 76561199407766611: Spawned Entity Doc's Crushedfoil Stanag69 (DOC_STANAG69_CRUSHEDFOIL<10a31df0>, 69, 200, 0) at <6611.108887, 27.977940, 3663.881348>
[COT 2024-02-26 23:29:55] 76561199407766611: Spawned Entity Beretta Double Edge Burton (44Mag) (FNX45_Base<fd669750>, 69, 200, 0) at <6611.183105, 28.046556, 3663.902832>
[COT 2024-02-26 23:29:55] 76561199407766611: Spawned Entity Beretta Double Edge Burton (44Mag) (FNX45_Base<fd663be0>, 69, 200, 0) at <6611.214355, 28.086245, 3663.915039>
[COT 2024-02-26 23:30:01] 76561199407766611: Spawned Entity BerettaDoubleEdge_mag_15Rnd (Mag_FNX45_15Rnd<10a41c50>, 15, 200, 0) at <6611.264648, 28.141966, 3663.931885>
[COT 2024-02-26 23:30:01] 76561199407766611: Spawned Entity BerettaDoubleEdge_mag_15Rnd (Mag_FNX45_15Rnd<10a427e0>, 15, 200, 0) at <6611.312500, 28.193583, 3663.948486>
[COT 2024-02-26 23:31:27] 76561199407766611: Spawned Entity Compass (Compass<126316d0>, 100, 70, 0) at <6610.010254, 27.380667, 3663.532227>
[COT 2024-02-26 23:31:27] 76561199407766611: Spawned Entity Compass (Compass<12634510>, 100, 70, 0) at <6610.052734, 27.453388, 3663.544922>
[COT 2024-02-26 23:31:27] 76561199407766611: Spawned Entity Compass (Compass<126350a0>, 100, 70, 0) at <6610.096680, 27.528553, 3663.558350>
[COT 2024-02-26 23:31:42] 76561199407766611: Spawned Entity Bear Steak (BearSteakMeat<93de6a00>, 500, 50, 3) at <6610.147461, 27.603718, 3663.571533>
[COT 2024-02-26 23:31:42] 76561199407766611: Spawned Entity Bear Steak (BearSteakMeat<93dfec00>, 500, 50, 3) at <6610.198730, 27.694017, 3663.588135>
[COT 2024-02-26 23:31:42] 76561199407766611: Spawned Entity Bear Steak (BearSteakMeat<93e10d80>, 500, 50, 3) at <6610.248047, 27.783735, 3663.604492>
[COT 2024-02-26 23:31:43] 76561199407766611: Spawned Entity Bear Steak (BearSteakMeat<b28f8a50>, 500, 50, 3) at <6610.295898, 27.871914, 3663.620850>
[COT 2024-02-26 23:31:43] 76561199407766611: Spawned Entity Bear Steak (BearSteakMeat<b2905760>, 500, 50, 3) at <6610.344727, 27.962185, 3663.637207>
[COT 2024-02-26 23:31:43] 76561199407766611: Spawned Entity Bear Steak (BearSteakMeat<a137b3e0>, 500, 50, 3) at <6610.393066, 28.051908, 3663.653564>
[COT 2024-02-26 23:31:43] 76561199407766611: Spawned Entity Bear Steak (BearSteakMeat<a137d810>, 500, 50, 3) at <6610.442871, 28.142099, 3663.670410>
[COT 2024-02-26 23:31:43] 76561199407766611: Spawned Entity Bear Steak (BearSteakMeat<a62e6910>, 500, 50, 3) at <6610.492188, 28.230093, 3663.686523>
[COT 2024-02-26 23:31:44] 76561199407766611: Spawned Entity Bear Steak (BearSteakMeat<a62f4230>, 500, 50, 3) at <6610.542969, 28.320459, 3663.703857>
[COT 2024-02-26 23:31:44] 76561199407766611: Spawned Entity Bear Steak (BearSteakMeat<b3fa15a0>, 500, 50, 3) at <6610.595215, 28.411215, 3663.720947>
[COT 2024-02-26 23:31:44] 76561199407766611: Spawned Entity Bear Steak (BearSteakMeat<b3f729c0>, 500, 50, 3) at <6610.646484, 28.498854, 3663.736572>
[COT 2024-02-26 23:31:44] 76561199407766611: Spawned Entity Bear Steak (BearSteakMeat<99c17fb0>, 500, 50, 3) at <6610.697266, 28.586960, 3663.751953>
[COT 2024-02-26 23:31:57] 76561199407766611: Spawned Entity Chicken Jacket 1 (DOC_BOMBERJACKET_CHOOK1<1263db60>, 100, 130, 0) at <6609.997559, 27.381289, 3663.531738>
[COT 2024-02-26 23:31:57] 76561199407766611: Spawned Entity Chicken Jacket 1 (DOC_BOMBERJACKET_CHOOK1<1263c440>, 100, 130, 0) at <6610.128906, 27.612389, 3663.574219>
[COT 2024-02-26 23:31:57] 76561199407766611: Spawned Entity Chicken Jacket 1 (DOC_BOMBERJACKET_CHOOK1<1263cfd0>, 100, 130, 0) at <6610.232910, 27.797049, 3663.608398>
[COT 2024-02-26 23:32:08] 76561199407766611: Teleported to position <4120.859863, 2.703882, 889.050293>
[COT 2024-02-26 23:32:16] 76561199407766611: ESP: ESP updating
[COT 2024-02-26 23:32:38] 76561199407766611: Spawned Entity Chicken Jacket 1 (DOC_BOMBERJACKET_CHOOK1<126420c0>, 100, 130, 0) at <4144.112793, 2.755606, 892.995239>
[COT 2024-02-26 23:32:47] 76561199407766611: Spawned Entity MVS Canteen - OD (Canteen<b14bc520>, 1000, 100, 512) at <4144.191406, 2.915014, 893.067444>
[COT 2024-02-26 23:32:47] 76561199407766611: Spawned Entity MVS Canteen - OD (Canteen<b60c4570>, 1000, 100, 512) at <4144.272949, 3.112838, 893.150269>
[COT 2024-02-26 23:32:47] 76561199407766611: Spawned Entity MVS Canteen - OD (Canteen<b609d230>, 1000, 100, 512) at <4144.348145, 3.299448, 893.228210>
[COT 2024-02-26 23:33:02] 76561199407766611: Spawned Entity MVS Combat Pants - ERDL (BDUPants<a8f63d60>, 1000, 100, 0) at <4144.455566, 3.394557, 893.240540>
[COT 2024-02-26 23:33:02] 76561199407766611: Spawned Entity MVS Combat Pants - ERDL (BDUPants<a8f62640>, 1000, 100, 0) at <4144.591797, 3.726291, 893.384033>
[COT 2024-02-26 23:33:02] 76561199407766611: Spawned Entity MVS Combat Pants - ERDL (BDUPants<a8f66ba0>, 1000, 100, 0) at <4144.729980, 4.084635, 893.542847>
[COT 2024-02-26 23:34:10] 76561199407766611: Deleted Entity DOC_ADMIN_DOC_TOP:4294 at <4144.904297, 2.722786, 893.098938>
[COT 2024-02-26 23:34:11] 76561199407766611: Deleted Entity DOC_ADMIN_DOC_BOTTOM:11423 at <4144.904297, 2.856884, 893.122864>
[COT 2024-02-26 23:34:49] 76561199407766611: Set GodMode To true [guid=spMEkRl42onhFHdF_u42e0T03x2sj347kUc600NXdGA=]
[COT 2024-02-26 23:35:11] 76561199407766611: Spawned Entity MasterSword (DOC_SWORD_BASE_MEDIEVAL<14f1a9a0>, 100, 600, 0) at <4068.391846, 2.312102, 940.163208>
[COT 2024-02-26 23:35:12] 76561199407766611: Spawned Entity MasterSword (DOC_SWORD_BASE_MEDIEVAL<14f1c0c0>, 100, 600, 0) at <4068.419678, 2.372190, 940.131470>
[COT 2024-02-26 23:35:12] 76561199407766611: Spawned Entity MasterSword (DOC_SWORD_BASE_MEDIEVAL<14f228d0>, 100, 600, 0) at <4068.447266, 2.432575, 940.099426>
[COT 2024-02-26 23:35:19] 76561199407766611: Deleted Entity DOC_MASTERSWORD:4772 at <4068.419678, 2.382070, 940.131470>
[COT 2024-02-26 23:35:20] 76561199407766611: Deleted Entity DOC_MASTERSWORD:4463 at <4068.447266, 2.442455, 940.099426>
[COT 2024-02-26 23:37:27] 76561199407766611: Spawned Entity Golden Sword Of Ares (DOC_GOLDEN_ARES_SWORD<17db9a30>, 100, 600, 0) at <3586.707520, 4.154573, 1037.638550>
[COT 2024-02-26 23:39:17] 76561199407766611: Spawned Entity Flag Pole Kit (TerritoryFlagKit<add31550>, 100, 200, 0) at <3586.144043, 4.154238, 1036.798828>
[COT 2024-02-26 23:39:23] 76561199407766611: Spawned Entity Hatchet (Hatchet<add2db80>, 100, 150, 0) at <3586.334717, 4.358896, 1036.701660>
[COT 2024-02-26 23:39:33] 76561199407766611: Spawned Entity Sharpening Stone (Whetstone<add250c0>, 100, 50, 0) at <3586.398926, 4.429402, 1036.673340>
[COT 2024-02-26 23:39:34] 76561199407766611: Spawned Entity Sharpening Stone (Whetstone<1b5a7790>, 100, 50, 0) at <3586.447021, 4.481268, 1036.648315>
[COT 2024-02-26 23:39:38] 76561199407766611: Spawned Entity Boxed Nails (NailBox<1b5a8320>, 100, 80, 0) at <3586.489014, 4.527105, 1036.628540>
[COT 2024-02-26 23:39:39] 76561199407766611: Spawned Entity Boxed Nails (NailBox<1b5aa5d0>, 100, 80, 0) at <3586.585938, 4.631649, 1036.580200>
[COT 2024-02-27 01:27:15] 76561199407766611: Set GodMode To true [guid=spMEkRl42onhFHdF_u42e0T03x2sj347kUc600NXdGA=]
[COT 2024-02-27 01:27:16] 76561199407766611: Set Invisibility To 1 [guid=spMEkRl42onhFHdF_u42e0T03x2sj347kUc600NXdGA=]
[COT 2024-02-27 01:27:24] 76561199407766611: Stripped [guid=spMEkRl42onhFHdF_u42e0T03x2sj347kUc600NXdGA=]
[COT 2024-02-27 01:27:32] 76561199407766611: Spawned Entity ADMIN GEAR-DOC-TOP (DOC_ADMIN_DOC_TOP<b15f0170>, 100, 80, 0) at <3588.484863, 4.153562, 1038.162842>
[COT 2024-02-27 01:27:34] 76561199407766611: Spawned Entity ADMIN GEAR-DOC-BOTTOM (DOC_ADMIN_DOC_BOTTOM<b15f8c30>, 100, 80, 0) at <3588.558838, 4.336142, 1038.332886>
[COT 2024-02-27 01:27:36] 76561199407766611: Spawned Entity Doc's Glock Mag - ADMIN (DOC_ADMIN_MAG_DOC_BOCCHI<b1600b60>, 150, 100, 0) at <3588.624756, 4.481689, 1038.467896>
[COT 2024-02-27 01:32:38] 76561199407766611: Set GodMode To true [guid=spMEkRl42onhFHdF_u42e0T03x2sj347kUc600NXdGA=]
[COT 2024-02-27 01:32:38] 76561199407766611: Set cannot be targeted by AI to true [guid=spMEkRl42onhFHdF_u42e0T03x2sj347kUc600NXdGA=]
[COT 2024-02-27 01:32:39] 76561199407766611: Set Invisibility To 1 [guid=spMEkRl42onhFHdF_u42e0T03x2sj347kUc600NXdGA=]
[COT 2024-02-27 01:32:40] 76561199407766611: Set UnlimitedStamina To true [guid=spMEkRl42onhFHdF_u42e0T03x2sj347kUc600NXdGA=]
[COT 2024-02-27 01:32:40] 76561199407766611: Set UnlimitedAmmo To true [guid=spMEkRl42onhFHdF_u42e0T03x2sj347kUc600NXdGA=]
[COT 2024-02-27 01:33:31] 76561199407766611: Spawned Entity MMG TA-50 Locker Kit Blue (mmg_locker02_blue_kit<afa0c360>, 100, 1000, 0) at <3978.348145, 8.860572, 974.047791>
[COT 2024-02-27 01:33:53] 76561199407766611: Spawned Entity MMG TA-50 Locker Tan (mmg_locker02_base<4588090>, 100, 2000, 0) at <3978.901611, 8.860573, 973.634521>
[COT 2024-02-27 01:33:59] 76561199407766611: Deleted Entity mmg_locker02_tan:8462 at <3978.901611, 8.886624, 973.634521>
[COT 2024-02-27 01:34:08] 76561199407766611: Spawned Entity MMG Equipment Locker Black (mmg_locker_base<b318da40>, 100, 2000, 0) at <3977.957764, 8.860573, 974.703125>
[COT 2024-02-27 01:34:11] 76561199407766611: Deleted Entity mmg_equipment_locker_black:11550 at <3977.957764, 8.905315, 974.703125>
[COT 2024-02-27 01:34:26] 76561199407766611: Spawned Entity MMG Solo Locker Grey (mmg_solo_locker_base<940338e0>, 100, 2000, 0) at <3978.508301, 8.860573, 973.987366>
[COT 2024-02-27 01:34:42] 76561199407766611: Spawned Entity Cow Jacket 1 (DOC_BOMBERJACKET_COW1<ae1be810>, 100, 130, 0) at <3977.838379, 8.860573, 975.362244>
[COT 2024-02-27 01:34:55] 76561199407766611: Spawned Entity Cow Jacket 1 (DOC_BOMBERJACKET_COW1<ae1bd0f0>, 100, 130, 0) at <3977.838379, 8.860573, 975.362244>
[COT 2024-02-27 01:34:55] 76561199407766611: Spawned Entity Cow Jacket 1 (DOC_BOMBERJACKET_COW1<ae1b8b90>, 100, 130, 0) at <3977.838379, 8.860573, 975.362244>
[COT 2024-02-27 01:34:55] 76561199407766611: Spawned Entity Cow Jacket 1 (DOC_BOMBERJACKET_COW1<ae1bff30>, 100, 130, 0) at <3977.838379, 8.860573, 975.362244>
[COT 2024-02-27 01:34:56] 76561199407766611: Spawned Entity Cow Jacket 1 (DOC_BOMBERJACKET_COW1<ae1bdc80>, 100, 130, 0) at <3977.838379, 8.860573, 975.362244>
[COT 2024-02-27 01:34:56] 76561199407766611: Spawned Entity Cow Jacket 1 (DOC_BOMBERJACKET_COW1<ae189070>, 100, 130, 0) at <3977.838379, 8.860573, 975.362244>
[COT 2024-02-27 01:34:56] 76561199407766611: Spawned Entity Cow Jacket 1 (DOC_BOMBERJACKET_COW1<ae191b30>, 100, 130, 0) at <3977.838379, 8.860573, 975.362244>
[COT 2024-02-27 01:34:56] 76561199407766611: Spawned Entity Cow Jacket 1 (DOC_BOMBERJACKET_COW1<ae1926c0>, 100, 130, 0) at <3977.838379, 8.860573, 975.362244>
[COT 2024-02-27 01:34:56] 76561199407766611: Spawned Entity Cow Jacket 1 (DOC_BOMBERJACKET_COW1<ae1a0270>, 100, 130, 0) at <3977.838379, 8.860573, 975.362244>
[COT 2024-02-27 01:35:02] 76561199407766611: Spawned Entity Chicken Jacket 1 (DOC_BOMBERJACKET_CHOOK1<ae1a30b0>, 100, 130, 0) at <3977.838379, 8.860573, 975.362244>
[COT 2024-02-27 01:35:02] 76561199407766611: Spawned Entity Chicken Jacket 1 (DOC_BOMBERJACKET_CHOOK1<ae1a3c40>, 100, 130, 0) at <3977.838379, 8.860573, 975.362244>
[COT 2024-02-27 01:35:02] 76561199407766611: Spawned Entity Chicken Jacket 1 (DOC_BOMBERJACKET_CHOOK1<ae1ae9b0>, 100, 130, 0) at <3977.838379, 8.860573, 975.362244>
[COT 2024-02-27 01:35:02] 76561199407766611: Spawned Entity Chicken Jacket 1 (DOC_BOMBERJACKET_CHOOK1<ae1b0c60>, 100, 130, 0) at <3977.838379, 8.860573, 975.362244>
[COT 2024-02-27 01:35:02] 76561199407766611: Spawned Entity Chicken Jacket 1 (DOC_BOMBERJACKET_CHOOK1<ae1b2f10>, 100, 130, 0) at <3977.838379, 8.860573, 975.362244>
[COT 2024-02-27 01:35:02] 76561199407766611: Spawned Entity Chicken Jacket 1 (DOC_BOMBERJACKET_CHOOK1<ae1b3aa0>, 100, 130, 0) at <3977.838379, 8.860573, 975.362244>
[COT 2024-02-27 01:35:02] 76561199407766611: Spawned Entity Chicken Jacket 1 (DOC_BOMBERJACKET_CHOOK1<b0adeba0>, 100, 130, 0) at <3977.838379, 8.860573, 975.362244>
[COT 2024-02-27 01:35:03] 76561199407766611: Spawned Entity Chicken Jacket 1 (DOC_BOMBERJACKET_CHOOK1<b0ada640>, 100, 130, 0) at <3977.838379, 8.860573, 975.362244>
[COT 2024-02-27 01:35:03] 76561199407766611: Spawned Entity Chicken Jacket 1 (DOC_BOMBERJACKET_CHOOK1<b0adb1d0>, 100, 130, 0) at <3977.838379, 8.860573, 975.362244>
[COT 2024-02-27 01:35:03] 76561199407766611: Spawned Entity Chicken Jacket 1 (DOC_BOMBERJACKET_CHOOK1<b0adf730>, 100, 130, 0) at <3977.838379, 8.860573, 975.362244>
[COT 2024-02-27 01:35:03] 76561199407766611: Spawned Entity Chicken Jacket 1 (DOC_BOMBERJACKET_CHOOK1<b0aa7150>, 100, 130, 0) at <3977.838379, 8.860573, 975.362244>
[COT 2024-02-27 01:35:29] 76561199407766611: Spawned Entity MVS Canteen - Multicam Tropic (Canteen<a62ff720>, 1000, 100, 512) at <3977.838379, 8.860573, 975.362244>
[COT 2024-02-27 01:35:29] 76561199407766611: Spawned Entity MVS Canteen - Multicam Tropic (Canteen<a630e860>, 1000, 100, 512) at <3977.838379, 8.860573, 975.362244>
[COT 2024-02-27 01:35:29] 76561199407766611: Spawned Entity MVS Canteen - Multicam Tropic (Canteen<a631c180>, 1000, 100, 512) at <3977.838379, 8.860573, 975.362244>
[COT 2024-02-27 01:35:30] 76561199407766611: Spawned Entity MVS Canteen - Multicam Tropic (Canteen<a631d9a0>, 1000, 100, 512) at <3977.838379, 8.860573, 975.362244>
[COT 2024-02-27 01:35:30] 76561199407766611: Spawned Entity MVS Canteen - Multicam Tropic (Canteen<b998a520>, 1000, 100, 512) at <3977.838379, 8.860573, 975.362244>
[COT 2024-02-27 01:35:30] 76561199407766611: Spawned Entity MVS Canteen - Multicam Tropic (Canteen<b99a7b90>, 1000, 100, 512) at <3977.838379, 8.860573, 975.362244>
[COT 2024-02-27 01:35:30] 76561199407766611: Spawned Entity MVS Canteen - Multicam Tropic (Canteen<b99b9100>, 1000, 100, 512) at <3977.838379, 8.860573, 975.362244>
[COT 2024-02-27 01:35:30] 76561199407766611: Spawned Entity MVS Canteen - Multicam Tropic (Canteen<a3bd1950>, 1000, 100, 512) at <3977.838379, 8.860573, 975.362244>
[COT 2024-02-27 01:35:30] 76561199407766611: Spawned Entity MVS Canteen - Multicam Tropic (Canteen<a3bab220>, 1000, 100, 512) at <3977.838379, 8.860573, 975.362244>
[COT 2024-02-27 01:35:31] 76561199407766611: Spawned Entity MVS Canteen - Multicam Tropic (Canteen<a3ba69c0>, 1000, 100, 512) at <3977.838379, 8.860573, 975.362244>
[COT 2024-02-27 01:35:31] 76561199407766611: Spawned Entity MVS Canteen - Multicam Tropic (Canteen<b7c2e0c0>, 1000, 100, 512) at <3977.838379, 8.860573, 975.362244>
[COT 2024-02-27 01:35:31] 76561199407766611: Spawned Entity MVS Canteen - Multicam Tropic (Canteen<b7c091b0>, 1000, 100, 512) at <3977.838379, 8.860573, 975.362244>
[COT 2024-02-27 01:35:31] 76561199407766611: Spawned Entity MVS Canteen - Multicam Tropic (Canteen<bc8962e0>, 1000, 100, 512) at <3977.838379, 8.860573, 975.362244>
[COT 2024-02-27 01:35:31] 76561199407766611: Spawned Entity MVS Canteen - Multicam Tropic (Canteen<bc8af0f0>, 1000, 100, 512) at <3977.838379, 8.860573, 975.362244>
[COT 2024-02-27 01:35:31] 76561199407766611: Spawned Entity MVS Canteen - Multicam Tropic (Canteen<99c30dc0>, 1000, 100, 512) at <3977.838379, 8.860573, 975.362244>
[COT 2024-02-27 01:35:31] 76561199407766611: Spawned Entity MVS Canteen - Multicam Tropic (Canteen<bb047ec0>, 1000, 100, 512) at <3977.838379, 8.860573, 975.362244>
[COT 2024-02-27 01:35:36] 76561199407766611: Spawned Entity MVS Combat Pack - Multicam Tropic (MountainBag_ColorBase<1261ea30>, 1000, 300, 0) at <3977.838379, 8.860573, 975.362244>
[COT 2024-02-27 01:35:36] 76561199407766611: Spawned Entity MVS Combat Pack - Multicam Tropic (MountainBag_ColorBase<12626960>, 1000, 300, 0) at <3977.838379, 8.860573, 975.362244>
[COT 2024-02-27 01:35:36] 76561199407766611: Spawned Entity MVS Combat Pack - Multicam Tropic (MountainBag_ColorBase<12634510>, 1000, 300, 0) at <3977.838379, 8.860573, 975.362244>
[COT 2024-02-27 01:35:36] 76561199407766611: Spawned Entity MVS Combat Pack - Multicam Tropic (MountainBag_ColorBase<1262e890>, 1000, 300, 0) at <3977.838379, 8.860573, 975.362244>
[COT 2024-02-27 01:35:37] 76561199407766611: Spawned Entity MVS Combat Pack - Multicam Tropic (MountainBag_ColorBase<1262dd00>, 1000, 300, 0) at <3977.838379, 8.860573, 975.362244>
[COT 2024-02-27 01:35:37] 76561199407766611: Spawned Entity MVS Combat Pack - Multicam Tropic (MountainBag_ColorBase<126350a0>, 1000, 300, 0) at <3977.838379, 8.860573, 975.362244>
[COT 2024-02-27 01:35:37] 76561199407766611: Spawned Entity MVS Combat Pack - Multicam Tropic (MountainBag_ColorBase<1263db60>, 1000, 300, 0) at <3977.838379, 8.860573, 975.362244>
[COT 2024-02-27 01:35:37] 76561199407766611: Spawned Entity MVS Combat Pack - Multicam Tropic (MountainBag_ColorBase<b407de40>, 1000, 300, 0) at <3977.838379, 8.860573, 975.362244>
[COT 2024-02-27 01:35:37] 76561199407766611: Spawned Entity MVS Combat Pack - Multicam Tropic (MountainBag_ColorBase<b407e9d0>, 1000, 300, 0) at <3977.838379, 8.860573, 975.362244>
[COT 2024-02-27 01:35:39] 76561199407766611: Spawned Entity MVS Gorka Pants - Multicam Tropic (GorkaPants_Flat<b407bb90>, 1000, 130, 0) at <3977.838379, 8.860573, 975.362244>
[COT 2024-02-27 01:35:39] 76561199407766611: Spawned Entity MVS Gorka Pants - Multicam Tropic (GorkaPants_Flat<b408b9f0>, 1000, 130, 0) at <3977.838379, 8.860573, 975.362244>
[COT 2024-02-27 01:35:39] 76561199407766611: Spawned Entity MVS Gorka Pants - Multicam Tropic (GorkaPants_Flat<b4087490>, 1000, 130, 0) at <3977.838379, 8.860573, 975.362244>
[COT 2024-02-27 01:35:39] 76561199407766611: Spawned Entity MVS Gorka Pants - Multicam Tropic (GorkaPants_Flat<b4088020>, 1000, 130, 0) at <3977.838379, 8.860573, 975.362244>
[COT 2024-02-27 01:35:40] 76561199407766611: Spawned Entity MVS Gorka Pants - Multicam Tropic (GorkaPants_Flat<b408a2d0>, 1000, 130, 0) at <3977.838379, 8.860573, 975.362244>
[COT 2024-02-27 01:35:40] 76561199407766611: Spawned Entity MVS Gorka Pants - Multicam Tropic (GorkaPants_Flat<b4086900>, 1000, 130, 0) at <3977.838379, 8.860573, 975.362244>
[COT 2024-02-27 01:35:40] 76561199407766611: Spawned Entity MVS Gorka Pants - Multicam Tropic (GorkaPants_Flat<b4053fa0>, 1000, 130, 0) at <3977.838379, 8.860573, 975.362244>
[COT 2024-02-27 01:35:40] 76561199407766611: Spawned Entity MVS Gorka Pants - Multicam Tropic (GorkaPants_Flat<b4054b30>, 1000, 130, 0) at <3977.838379, 8.860573, 975.362244>
[COT 2024-02-27 01:35:40] 76561199407766611: Spawned Entity MVS Gorka Pants - Multicam Tropic (GorkaPants_Flat<b404e320>, 1000, 130, 0) at <3977.838379, 8.860573, 975.362244>
[COT 2024-02-27 01:35:40] 76561199407766611: Spawned Entity MVS Gorka Pants - Multicam Tropic (GorkaPants_Flat<b404fa40>, 1000, 130, 0) at <3977.838379, 8.860573, 975.362244>
[COT 2024-02-27 01:35:40] 76561199407766611: Spawned Entity MVS Gorka Pants - Multicam Tropic (GorkaPants_Flat<b405bed0>, 1000, 130, 0) at <3977.838379, 8.860573, 975.362244>
[COT 2024-02-27 01:35:41] 76561199407766611: Spawned Entity MVS Gorka Pants - Multicam Tropic (GorkaPants_Flat<b40556c0>, 1000, 130, 0) at <3977.838379, 8.860573, 975.362244>
[COT 2024-02-27 01:35:41] 76561199407766611: Spawned Entity MVS Gorka Pants - Multicam Tropic (GorkaPants_Flat<b4056250>, 1000, 130, 0) at <3977.838379, 8.860573, 975.362244>
[COT 2024-02-27 01:35:41] 76561199407766611: Spawned Entity MVS Gorka Pants - Multicam Tropic (GorkaPants_Flat<b4063e00>, 1000, 130, 0) at <3977.838379, 8.860573, 975.362244>
[COT 2024-02-27 01:35:41] 76561199407766611: Spawned Entity MVS Gorka Pants - Multicam Tropic (GorkaPants_Flat<b4070e20>, 1000, 130, 0) at <3977.838379, 8.860573, 975.362244>
[COT 2024-02-27 01:35:41] 76561199407766611: Spawned Entity MVS Gorka Pants - Multicam Tropic (GorkaPants_Flat<b406d450>, 1000, 130, 0) at <3977.838379, 8.860573, 975.362244>
[COT 2024-02-27 01:35:41] 76561199407766611: Spawned Entity MVS Gorka Pants - Multicam Tropic (GorkaPants_Flat<b4075380>, 1000, 130, 0) at <3977.838379, 8.860573, 975.362244>
[COT 2024-02-27 01:35:41] 76561199407766611: Spawned Entity MVS Gorka Pants - Multicam Tropic (GorkaPants_Flat<b4076aa0>, 1000, 130, 0) at <3977.838379, 8.860573, 975.362244>
[COT 2024-02-27 01:35:42] 76561199407766611: Spawned Entity MVS Gorka Pants - Multicam Tropic (GorkaPants_Flat<b40781c0>, 1000, 130, 0) at <3977.838379, 8.860573, 975.362244>
[COT 2024-02-27 01:35:42] 76561199407766611: Spawned Entity MVS Gorka Pants - Multicam Tropic (GorkaPants_Flat<b4078d50>, 1000, 130, 0) at <3977.838379, 8.860573, 975.362244>
[COT 2024-02-27 01:35:49] 76561199407766611: Spawned Entity MVS Rucksack - Multicam Tropic (MountainBag_ColorBase<b66b05d0>, 1000, 300, 0) at <3977.838379, 8.860573, 975.362244>
[COT 2024-02-27 01:35:49] 76561199407766611: Spawned Entity MVS Rucksack - Multicam Tropic (MountainBag_ColorBase<b66acc00>, 1000, 300, 0) at <3977.838379, 8.860573, 975.362244>
[COT 2024-02-27 01:35:49] 76561199407766611: Spawned Entity MVS Rucksack - Multicam Tropic (MountainBag_ColorBase<b66b3fa0>, 1000, 300, 0) at <3977.838379, 8.860573, 975.362244>
[COT 2024-02-27 01:35:49] 76561199407766611: Spawned Entity MVS Rucksack - Multicam Tropic (MountainBag_ColorBase<b66ad790>, 1000, 300, 0) at <3977.838379, 8.860573, 975.362244>
[COT 2024-02-27 01:35:50] 76561199407766611: Spawned Entity MVS Rucksack - Multicam Tropic (MountainBag_ColorBase<b66b6de0>, 1000, 300, 0) at <3977.838379, 8.860573, 975.362244>
[COT 2024-02-27 01:35:50] 76561199407766611: Spawned Entity MVS Rucksack - Multicam Tropic (MountainBag_ColorBase<b66b7970>, 1000, 300, 0) at <3977.838379, 8.860573, 975.362244>
[COT 2024-02-27 01:35:50] 76561199407766611: Spawned Entity MVS Rucksack - Multicam Tropic (MountainBag_ColorBase<b66b1160>, 1000, 300, 0) at <3977.838379, 8.860573, 975.362244>
[COT 2024-02-27 01:35:50] 76561199407766611: Spawned Entity MVS Rucksack - Multicam Tropic (MountainBag_ColorBase<b66bf8a0>, 1000, 300, 0) at <3977.838379, 8.860573, 975.362244>
[COT 2024-02-27 01:36:52] 76561199407766611: Spawned Entity MP5SD (Expansion_MP5SD<3396ad40>, 100, 225, 0) at <3977.838379, 8.860573, 975.362244>
[COT 2024-02-27 01:36:52] 76561199407766611: Spawned Entity MP5SD (Expansion_MP5SD<339722d0>, 100, 225, 0) at <3977.838379, 8.860573, 975.362244>
[COT 2024-02-27 01:36:53] 76561199407766611: Spawned Entity MP5SD (Expansion_MP5SD<33974a00>, 100, 225, 0) at <3977.838379, 8.860573, 975.362244>
[COT 2024-02-27 01:36:53] 76561199407766611: Spawned Entity MP5SD (Expansion_MP5SD<33975710>, 100, 225, 0) at <3977.838379, 8.860573, 975.362244>
[COT 2024-02-27 01:36:53] 76561199407766611: Spawned Entity MP5SD (Expansion_MP5SD<33972fe0>, 100, 225, 0) at <3977.838379, 8.860573, 975.362244>
[COT 2024-02-27 01:36:55] 76561199407766611: Spawned Entity MP5Silenced_mag_30Rnd (Mag_MP5_30Rnd<b9dcbec0>, 30, 100, 0) at <3977.838379, 8.860573, 975.362244>
[COT 2024-02-27 01:36:56] 76561199407766611: Spawned Entity MP5Silenced_mag_30Rnd (Mag_MP5_30Rnd<b9dc6dd0>, 30, 100, 0) at <3977.838379, 8.860573, 975.362244>
[COT 2024-02-27 01:36:56] 76561199407766611: Spawned Entity MP5Silenced_mag_30Rnd (Mag_MP5_30Rnd<b9dc7960>, 30, 100, 0) at <3977.838379, 8.860573, 975.362244>
[COT 2024-02-27 01:36:56] 76561199407766611: Spawned Entity MP5Silenced_mag_30Rnd (Mag_MP5_30Rnd<b9dd1b40>, 30, 100, 0) at <3977.838379, 8.860573, 975.362244>
[COT 2024-02-27 01:36:56] 76561199407766611: Spawned Entity MP5Silenced_mag_30Rnd (Mag_MP5_30Rnd<b9dd4980>, 30, 100, 0) at <3977.838379, 8.860573, 975.362244>
[COT 2024-02-27 01:36:56] 76561199407766611: Spawned Entity MP5Silenced_mag_30Rnd (Mag_MP5_30Rnd<b9dd0fb0>, 30, 100, 0) at <3977.838379, 8.860573, 975.362244>
[COT 2024-02-27 01:36:56] 76561199407766611: Spawned Entity MP5Silenced_mag_30Rnd (Mag_MP5_30Rnd<b9de47e0>, 30, 100, 0) at <3977.838379, 8.860573, 975.362244>
[COT 2024-02-27 01:36:56] 76561199407766611: Spawned Entity MP5Silenced_mag_30Rnd (Mag_MP5_30Rnd<b9de0280>, 30, 100, 0) at <3977.838379, 8.860573, 975.362244>
[COT 2024-02-27 01:36:57] 76561199407766611: Spawned Entity MP5Silenced_mag_30Rnd (Mag_MP5_30Rnd<b9de7620>, 30, 100, 0) at <3977.838379, 8.860573, 975.362244>
[COT 2024-02-27 01:36:57] 76561199407766611: Spawned Entity MP5Silenced_mag_30Rnd (Mag_MP5_30Rnd<f7c74060>, 30, 100, 0) at <3977.838379, 8.860573, 975.362244>
[COT 2024-02-27 01:36:57] 76561199407766611: Spawned Entity MP5Silenced_mag_30Rnd (Mag_MP5_30Rnd<f7c7bf90>, 30, 100, 0) at <3977.838379, 8.860573, 975.362244>
[COT 2024-02-27 01:36:57] 76561199407766611: Spawned Entity MP5Silenced_mag_30Rnd (Mag_MP5_30Rnd<f7c785c0>, 30, 100, 0) at <3977.838379, 8.860573, 975.362244>
[COT 2024-02-27 01:36:57] 76561199407766611: Spawned Entity MP5Silenced_mag_30Rnd (Mag_MP5_30Rnd<f7c7b400>, 30, 100, 0) at <3977.838379, 8.860573, 975.362244>
[COT 2024-02-27 01:37:32] 76561199407766611: Spawned Entity BerettaSamuraiEdge (9x19) (CZ75_Base<33973cf0>, 100, 170, 0) at <3977.726563, 8.860573, 975.056396>
[COT 2024-02-27 01:37:32] 76561199407766611: Spawned Entity BerettaSamuraiEdge (9x19) (CZ75_Base<33976420>, 100, 170, 0) at <3977.726563, 8.860573, 975.056396>
[COT 2024-02-27 01:37:33] 76561199407766611: Spawned Entity BerettaSamuraiEdge (9x19) (CZ75_Base<33977130>, 100, 170, 0) at <3977.726563, 8.860573, 975.056396>
[COT 2024-02-27 01:37:33] 76561199407766611: Spawned Entity BerettaSamuraiEdge (9x19) (CZ75_Base<339715c0>, 100, 170, 0) at <3977.726563, 8.860573, 975.056396>
[COT 2024-02-27 01:37:33] 76561199407766611: Spawned Entity BerettaSamuraiEdge (9x19) (CZ75_Base<3397d9b0>, 100, 170, 0) at <3977.726563, 8.860573, 975.056396>
[COT 2024-02-27 01:37:33] 76561199407766611: Spawned Entity BerettaSamuraiEdge (9x19) (CZ75_Base<33977e40>, 100, 170, 0) at <3977.726563, 8.860573, 975.056396>
[COT 2024-02-27 01:37:34] 76561199407766611: Spawned Entity BerettaSamuraiEdge (9x19) (CZ75_Base<3397e6c0>, 100, 170, 0) at <3977.726563, 8.860573, 975.056396>
[COT 2024-02-27 01:37:34] 76561199407766611: Spawned Entity BerettaSamuraiEdge (9x19) (CZ75_Base<33978b50>, 100, 170, 0) at <3977.726563, 8.860573, 975.056396>
[COT 2024-02-27 01:37:34] 76561199407766611: Spawned Entity BerettaSamuraiEdge (9x19) (CZ75_Base<3397f3d0>, 100, 170, 0) at <3977.726563, 8.860573, 975.056396>
[COT 2024-02-27 01:37:34] 76561199407766611: Spawned Entity BerettaSamuraiEdge (9x19) (CZ75_Base<33979860>, 100, 170, 0) at <3977.726563, 8.860573, 975.056396>
[COT 2024-02-27 01:37:35] 76561199407766611: Spawned Entity BerettaSamuraiEdge (9x19) (CZ75_Base<3397a570>, 100, 170, 0) at <3977.726563, 8.860573, 975.056396>
[COT 2024-02-27 01:37:35] 76561199407766611: Spawned Entity BerettaSamuraiEdge (9x19) (CZ75_Base<3397bf90>, 100, 170, 0) at <3977.726563, 8.860573, 975.056396>
[COT 2024-02-27 01:37:35] 76561199407766611: Spawned Entity BerettaSamuraiEdge (9x19) (CZ75_Base<33980df0>, 100, 170, 0) at <3977.726563, 8.860573, 975.056396>
[COT 2024-02-27 01:37:35] 76561199407766611: Spawned Entity BerettaSamuraiEdge (9x19) (CZ75_Base<3397cca0>, 100, 170, 0) at <3977.726563, 8.860573, 975.056396>
[COT 2024-02-27 01:37:36] 76561199407766611: Spawned Entity BerettaSamuraiEdge (9x19) (CZ75_Base<339800e0>, 100, 170, 0) at <3977.726563, 8.860573, 975.056396>
[COT 2024-02-27 01:37:36] 76561199407766611: Spawned Entity BerettaSamuraiEdge (9x19) (CZ75_Base<3397b280>, 100, 170, 0) at <3977.726563, 8.860573, 975.056396>
[COT 2024-02-27 01:37:42] 76561199407766611: Spawned Entity BerettaSamuraiEdge_mag_18Rnd (Mag_CZ75_15Rnd<f7ca2460>, 18, 100, 0) at <3977.726563, 8.860573, 975.056396>
[COT 2024-02-27 01:37:42] 76561199407766611: Spawned Entity BerettaSamuraiEdge_mag_18Rnd (Mag_CZ75_15Rnd<f7ca3b80>, 18, 100, 0) at <3977.726563, 8.860573, 975.056396>
[COT 2024-02-27 01:37:43] 76561199407766611: Spawned Entity BerettaSamuraiEdge_mag_18Rnd (Mag_CZ75_15Rnd<f7cb1730>, 18, 100, 0) at <3977.726563, 8.860573, 975.056396>
[COT 2024-02-27 01:37:43] 76561199407766611: Spawned Entity BerettaSamuraiEdge_mag_18Rnd (Mag_CZ75_15Rnd<f7caf480>, 18, 100, 0) at <3977.726563, 8.860573, 975.056396>
[COT 2024-02-27 01:37:43] 76561199407766611: Spawned Entity BerettaSamuraiEdge_mag_18Rnd (Mag_CZ75_15Rnd<f7cb0010>, 18, 100, 0) at <3977.726563, 8.860573, 975.056396>
[COT 2024-02-27 01:37:43] 76561199407766611: Spawned Entity BerettaSamuraiEdge_mag_18Rnd (Mag_CZ75_15Rnd<f7cb0ba0>, 18, 100, 0) at <3977.726563, 8.860573, 975.056396>
[COT 2024-02-27 01:37:43] 76561199407766611: Spawned Entity BerettaSamuraiEdge_mag_18Rnd (Mag_CZ75_15Rnd<f7caaf20>, 18, 100, 0) at <3977.726563, 8.860573, 975.056396>
[COT 2024-02-27 01:37:43] 76561199407766611: Spawned Entity BerettaSamuraiEdge_mag_18Rnd (Mag_CZ75_15Rnd<f7cb22c0>, 18, 100, 0) at <3977.726563, 8.860573, 975.056396>
[COT 2024-02-27 01:37:44] 76561199407766611: Spawned Entity BerettaSamuraiEdge_mag_18Rnd (Mag_CZ75_15Rnd<944ded70>, 18, 100, 0) at <3977.726563, 8.860573, 975.056396>
[COT 2024-02-27 01:37:44] 76561199407766611: Spawned Entity BerettaSamuraiEdge_mag_18Rnd (Mag_CZ75_15Rnd<944dd650>, 18, 100, 0) at <3977.726563, 8.860573, 975.056396>
[COT 2024-02-27 01:37:44] 76561199407766611: Spawned Entity BerettaSamuraiEdge_mag_18Rnd (Mag_CZ75_15Rnd<944d8560>, 18, 100, 0) at <3977.726563, 8.860573, 975.056396>
[COT 2024-02-27 01:37:44] 76561199407766611: Spawned Entity BerettaSamuraiEdge_mag_18Rnd (Mag_CZ75_15Rnd<944df900>, 18, 100, 0) at <3977.726563, 8.860573, 975.056396>
[COT 2024-02-27 01:37:44] 76561199407766611: Spawned Entity BerettaSamuraiEdge_mag_18Rnd (Mag_CZ75_15Rnd<944d9c80>, 18, 100, 0) at <3977.726563, 8.860573, 975.056396>
[COT 2024-02-27 01:37:44] 76561199407766611: Spawned Entity BerettaSamuraiEdge_mag_18Rnd (Mag_CZ75_15Rnd<944e1020>, 18, 100, 0) at <3977.726563, 8.860573, 975.056396>
[COT 2024-02-27 01:37:44] 76561199407766611: Spawned Entity BerettaSamuraiEdge_mag_18Rnd (Mag_CZ75_15Rnd<944e1bb0>, 18, 100, 0) at <3977.726563, 8.860573, 975.056396>
[COT 2024-02-27 01:37:44] 76561199407766611: Spawned Entity BerettaSamuraiEdge_mag_18Rnd (Mag_CZ75_15Rnd<944e32d0>, 18, 100, 0) at <3977.726563, 8.860573, 975.056396>
[COT 2024-02-27 01:37:45] 76561199407766611: Spawned Entity BerettaSamuraiEdge_mag_18Rnd (Mag_CZ75_15Rnd<944e3e60>, 18, 100, 0) at <3977.726563, 8.860573, 975.056396>
[COT 2024-02-27 01:37:45] 76561199407766611: Spawned Entity BerettaSamuraiEdge_mag_18Rnd (Mag_CZ75_15Rnd<944aacf0>, 18, 100, 0) at <3977.726563, 8.860573, 975.056396>
[COT 2024-02-27 01:37:45] 76561199407766611: Spawned Entity BerettaSamuraiEdge_mag_18Rnd (Mag_CZ75_15Rnd<944a7eb0>, 18, 100, 0) at <3977.726563, 8.860573, 975.056396>
[COT 2024-02-27 01:37:45] 76561199407766611: Spawned Entity BerettaSamuraiEdge_mag_18Rnd (Mag_CZ75_15Rnd<944a6790>, 18, 100, 0) at <3977.726563, 8.860573, 975.056396>
[COT 2024-02-27 01:37:45] 76561199407766611: Spawned Entity BerettaSamuraiEdge_mag_18Rnd (Mag_CZ75_15Rnd<944ab880>, 18, 100, 0) at <3977.726563, 8.860573, 975.056396>
[COT 2024-02-27 01:37:45] 76561199407766611: Spawned Entity BerettaSamuraiEdge_mag_18Rnd (Mag_CZ75_15Rnd<944ac410>, 18, 100, 0) at <3977.726563, 8.860573, 975.056396>
[COT 2024-02-27 01:37:45] 76561199407766611: Spawned Entity BerettaSamuraiEdge_mag_18Rnd (Mag_CZ75_15Rnd<944acfa0>, 18, 100, 0) at <3977.726563, 8.860573, 975.056396>
[COT 2024-02-27 01:37:46] 76561199407766611: Spawned Entity BerettaSamuraiEdge_mag_18Rnd (Mag_CZ75_15Rnd<944adb30>, 18, 100, 0) at <3977.726563, 8.860573, 975.056396>
[COT 2024-02-27 01:37:46] 76561199407766611: Spawned Entity BerettaSamuraiEdge_mag_18Rnd (Mag_CZ75_15Rnd<944a7320>, 18, 100, 0) at <3977.726563, 8.860573, 975.056396>
[COT 2024-02-27 01:42:46] 76561199407766611: Set GodMode To true [guid=spMEkRl42onhFHdF_u42e0T03x2sj347kUc600NXdGA=]
[COT 2024-02-27 01:42:47] 76561199407766611: Set UnlimitedAmmo To true [guid=spMEkRl42onhFHdF_u42e0T03x2sj347kUc600NXdGA=]
[COT 2024-02-27 01:42:55] 76561199407766611: Teleported to <8459.243164, 51.287392, 5440.025391> [guid=iTo8sT5I8_b86yF1DwFroON7Zj4Kq_gp0UA46l9HR-0=]
[COT 2024-02-27 01:44:14] 76561199407766611: Deleted Entity MotorHome_rust:16336 at <8465.622070, 50.582905, 5439.468262>
[COT 2024-02-27 01:45:05] 76561199407766611: Spawned Entity SUV (SUV<ee7f7e20>, 100, 10000, 0) at <8473.728516, 49.301514, 5439.736328>
[COT 2024-02-27 01:45:17] 76561199407766611: Spawned Entity Road Flare (Roadflare<a4775ba0>, 20, 100, 0) at <8463.978516, 50.842491, 5442.557129>
[COT 2024-02-27 01:46:21] 76561199407766611: Spawned Entity Keys (ExpansionCarKey<faaf620>, 100, 100, 0) at <8466.809570, 50.437649, 5442.257324>
[COT 2024-02-27 01:50:15] 76561199108250772: Set UnlimitedAmmo To true [guid=OAdpPkJP2Ps_W7h2ttR1bK23ekHCzrxw0mDT3zqLMdU=]
[COT 2024-02-27 01:50:15] 76561199108250772: Set UnlimitedStamina To true [guid=OAdpPkJP2Ps_W7h2ttR1bK23ekHCzrxw0mDT3zqLMdU=]
[COT 2024-02-27 01:50:15] 76561199108250772: Set cannot be targeted by AI to true [guid=OAdpPkJP2Ps_W7h2ttR1bK23ekHCzrxw0mDT3zqLMdU=]
[COT 2024-02-27 01:50:16] 76561199108250772: Set GodMode To true [guid=OAdpPkJP2Ps_W7h2ttR1bK23ekHCzrxw0mDT3zqLMdU=]
[COT 2024-02-27 01:50:18] 76561199108250772: Set Invisibility To 1 [guid=OAdpPkJP2Ps_W7h2ttR1bK23ekHCzrxw0mDT3zqLMdU=]
[COT 2024-02-27 01:50:28] 76561199108250772: Spawned Entity ADMIN GEAR-BLUE-TOP (DOC_ADMIN_BLUE_TOP<a398d330>, 100, 70, 0) at <1011.643494, 4.638030, 1168.947021>
[COT 2024-02-27 01:50:33] 76561199108250772: Spawned Entity ADMIN GEAR-BLUE-BOTTOM (DOC_ADMIN_BLUE_BOTTOM<a3992420>, 100, 130, 0) at <1011.612732, 4.815194, 1168.933960>
[COT 2024-02-27 01:51:17] 76561199108250772: Teleported to position <4437.061035, 104.076508, 9479.594727>
[COT 2024-02-27 01:52:50] 76561199407766611: Set Invisibility To 1 [guid=iTo8sT5I8_b86yF1DwFroON7Zj4Kq_gp0UA46l9HR-0=]
[COT 2024-02-27 01:52:51] 76561199407766611: Set GodMode To true [guid=iTo8sT5I8_b86yF1DwFroON7Zj4Kq_gp0UA46l9HR-0=]
[COT 2024-02-27 01:52:52] 76561199407766611: Set GodMode To false [guid=iTo8sT5I8_b86yF1DwFroON7Zj4Kq_gp0UA46l9HR-0=]
[COT 2024-02-27 01:52:53] 76561199407766611: Set Invisibility To 0 [guid=iTo8sT5I8_b86yF1DwFroON7Zj4Kq_gp0UA46l9HR-0=]
[COT 2024-02-27 01:52:57] 76561199407766611: Set Invisibility To 1 [guid=spMEkRl42onhFHdF_u42e0T03x2sj347kUc600NXdGA=]
[COT 2024-02-27 01:54:46] 76561199407766611: Teleported to position <9152.864258, 37.860569, 4876.244629>
[COT 2024-02-27 01:55:37] 76561199407766611: Teleported to position <6235.096680, 65.215874, 8298.019531>
[COT 2024-02-27 01:56:29] 76561199407766611: Spawned Entity MMG Solo Locker Grey (mmg_solo_locker_base<3b5f47f0>, 100, 2000, 0) at <6163.455078, 65.902611, 8335.899414>
[COT 2024-02-27 01:56:40] 76561199407766611: Deleted Entity mmg_solo_locker_grey:5535 at <6163.455078, 65.902611, 8335.899414>
[COT 2024-02-27 02:01:17] 76561199407766611: Spawned Entity MMG Solo Locker Grey (mmg_solo_locker_base<bb418a60>, 100, 2000, 0) at <6163.073242, 65.902855, 8335.471680>
[COT 2024-02-27 02:01:27] 76561199407766611: Deleted Entity Barrel_Blue:12482 at <6162.518555, 65.894257, 8335.065430>
[COT 2024-02-27 02:01:30] 76561199407766611: Deleted Entity mmg_solo_locker_grey:6898 at <6163.073242, 65.902855, 8335.471680>
[COT 2024-02-27 02:01:36] 76561199407766611: Spawned Entity MMG Solo Locker Grey (mmg_solo_locker_base<adf22310>, 100, 2000, 0) at <6163.462891, 65.902733, 8335.183594>
[COT 2024-02-27 02:01:42] 76561199407766611: Deleted Entity mmg_solo_locker_grey:10973 at <6163.462891, 65.902733, 8335.183594>
[COT 2024-02-27 02:01:55] 76561199407766611: Spawned Entity MMG Solo Locker Grey (mmg_solo_locker_base<b64a3c10>, 100, 2000, 0) at <6163.437012, 65.902740, 8334.573242>
[COT 2024-02-27 02:02:03] 76561199407766611: Deleted Entity mmg_solo_locker_grey:5877 at <6163.437012, 65.902740, 8334.573242>
[COT 2024-02-27 02:02:18] 76561199407766611: Spawned Entity MMG Solo Locker Grey (mmg_solo_locker_base<b64c4ff0>, 100, 2000, 0) at <6162.739746, 65.902954, 8335.916016>
[COT 2024-02-27 02:02:52] 76561199407766611: Spawned Entity Doc's Oilfoil M4 Carstock (DOC_M4CARSTOCK_OILFOIL<ad654310>, 100, 200, 0) at <6161.668945, 65.903137, 8334.923828>
[COT 2024-02-27 02:02:52] 76561199407766611: Spawned Entity Doc's Oilfoil M4 Carstock (DOC_M4CARSTOCK_OILFOIL<ad65b6b0>, 100, 200, 0) at <6161.668945, 65.903137, 8334.923828>
[COT 2024-02-27 02:02:52] 76561199407766611: Spawned Entity Doc's Oilfoil M4 Carstock (DOC_M4CARSTOCK_OILFOIL<ad65d960>, 100, 200, 0) at <6161.668945, 65.903137, 8334.923828>
[COT 2024-02-27 02:02:54] 76561199407766611: Spawned Entity Doc's Oilfoil M4 RIS Handguard (DOC_M4RIS_OILFOIL<b83f1b90>, 100, 250, 0) at <6161.668945, 65.903137, 8334.923828>
[COT 2024-02-27 02:02:54] 76561199407766611: Spawned Entity Doc's Oilfoil M4 RIS Handguard (DOC_M4RIS_OILFOIL<b83f3e40>, 100, 250, 0) at <6161.668945, 65.903137, 8334.923828>
[COT 2024-02-27 02:02:54] 76561199407766611: Spawned Entity Doc's Oilfoil M4 RIS Handguard (DOC_M4RIS_OILFOIL<b83f6c80>, 100, 250, 0) at <6161.668945, 65.903137, 8334.923828>
[COT 2024-02-27 02:02:58] 76561199407766611: Spawned Entity Doc's Oilfoil M4 (DOC_M4_OILFOIL<af248070>, 100, 1200, 0) at <6161.668945, 65.903137, 8334.923828>
[COT 2024-02-27 02:02:58] 76561199407766611: Spawned Entity Doc's Oilfoil M4 (DOC_M4_OILFOIL<af261560>, 100, 1200, 0) at <6161.668945, 65.903137, 8334.923828>
[COT 2024-02-27 02:02:58] 76561199407766611: Spawned Entity Doc's Oilfoil M4 (DOC_M4_OILFOIL<af25d410>, 100, 1200, 0) at <6161.668945, 65.903137, 8334.923828>
[COT 2024-02-27 02:03:00] 76561199407766611: Spawned Entity Doc's Oilfoil Stanag69 (DOC_STANAG69_OILFOIL<b83d2a60>, 69, 200, 0) at <6161.668945, 65.903137, 8334.923828>
[COT 2024-02-27 02:03:00] 76561199407766611: Spawned Entity Doc's Oilfoil Stanag69 (DOC_STANAG69_OILFOIL<b83cd970>, 69, 200, 0) at <6161.668945, 65.903137, 8334.923828>
[COT 2024-02-27 02:03:00] 76561199407766611: Spawned Entity Doc's Oilfoil Stanag69 (DOC_STANAG69_OILFOIL<b83db520>, 69, 200, 0) at <6161.668945, 65.903137, 8334.923828>
[COT 2024-02-27 02:03:40] 76561199407766611: Spawned Entity Hryvnia Banknotes Stack (ExpansionBanknoteHryvnia<f78149e0>, 280, 100, 0) at <6161.668945, 65.903137, 8334.923828>
[COT 2024-02-27 02:03:40] 76561199407766611: Spawned Entity Hryvnia Banknotes Stack (ExpansionBanknoteHryvnia<f7810480>, 280, 100, 0) at <6161.668945, 65.903137, 8334.923828>
[COT 2024-02-27 02:03:40] 76561199407766611: Spawned Entity Hryvnia Banknotes Stack (ExpansionBanknoteHryvnia<f77ef0a0>, 280, 100, 0) at <6161.668945, 65.903137, 8334.923828>
[COT 2024-02-27 02:03:41] 76561199407766611: Spawned Entity Hryvnia Banknotes Stack (ExpansionBanknoteHryvnia<f77efc30>, 280, 100, 0) at <6161.668945, 65.903137, 8334.923828>
[COT 2024-02-27 02:03:41] 76561199407766611: Spawned Entity Hryvnia Banknotes Stack (ExpansionBanknoteHryvnia<f77e9420>, 280, 100, 0) at <6161.668945, 65.903137, 8334.923828>
[COT 2024-02-27 02:03:41] 76561199407766611: Spawned Entity Hryvnia Banknotes Stack (ExpansionBanknoteHryvnia<f77ec260>, 280, 100, 0) at <6161.668945, 65.903137, 8334.923828>
[COT 2024-02-27 02:03:41] 76561199407766611: Spawned Entity Hryvnia Banknotes Stack (ExpansionBanknoteHryvnia<f77fb530>, 280, 100, 0) at <6161.668945, 65.903137, 8334.923828>
[COT 2024-02-27 02:03:42] 76561199407766611: Spawned Entity Hryvnia Banknotes Stack (ExpansionBanknoteHryvnia<f77f6440>, 280, 100, 0) at <6161.668945, 65.903137, 8334.923828>
[COT 2024-02-27 02:03:42] 76561199407766611: Spawned Entity Hryvnia Banknotes Stack (ExpansionBanknoteHryvnia<f77f7b60>, 280, 100, 0) at <6161.668945, 65.903137, 8334.923828>
[COT 2024-02-27 02:03:42] 76561199407766611: Spawned Entity Hryvnia Banknotes Stack (ExpansionBanknoteHryvnia<f77f9280>, 280, 100, 0) at <6161.668945, 65.903137, 8334.923828>
[COT 2024-02-27 02:03:47] 76561199407766611: Spawned Entity Hryvnia Banknotes Stack (ExpansionBanknoteHryvnia<bc945a40>, 445, 100, 0) at <6161.668945, 65.903137, 8334.923828>
[COT 2024-02-27 02:03:47] 76561199407766611: Spawned Entity Hryvnia Banknotes Stack (ExpansionBanknoteHryvnia<bc94f090>, 445, 100, 0) at <6161.668945, 65.903137, 8334.923828>
[COT 2024-02-27 02:03:48] 76561199407766611: Spawned Entity Hryvnia Banknotes Stack (ExpansionBanknoteHryvnia<bc95eef0>, 445, 100, 0) at <6161.668945, 65.903137, 8334.923828>
[COT 2024-02-27 02:03:48] 76561199407766611: Spawned Entity Hryvnia Banknotes Stack (ExpansionBanknoteHryvnia<bc9690d0>, 445, 100, 0) at <6161.668945, 65.903137, 8334.923828>
[COT 2024-02-27 02:03:48] 76561199407766611: Spawned Entity Hryvnia Banknotes Stack (ExpansionBanknoteHryvnia<bc964b70>, 445, 100, 0) at <6161.668945, 65.903137, 8334.923828>
[COT 2024-02-27 02:03:48] 76561199407766611: Spawned Entity Hryvnia Banknotes Stack (ExpansionBanknoteHryvnia<bc96caa0>, 445, 100, 0) at <6161.668945, 65.903137, 8334.923828>
[COT 2024-02-27 02:03:48] 76561199407766611: Spawned Entity Hryvnia Banknotes Stack (ExpansionBanknoteHryvnia<bc96f8e0>, 445, 100, 0) at <6161.668945, 65.903137, 8334.923828>
[COT 2024-02-27 02:03:49] 76561199407766611: Spawned Entity Hryvnia Banknotes Stack (ExpansionBanknoteHryvnia<bc976c80>, 445, 100, 0) at <6161.668945, 65.903137, 8334.923828>
[COT 2024-02-27 02:03:49] 76561199407766611: Spawned Entity Hryvnia Banknotes Stack (ExpansionBanknoteHryvnia<bc970470>, 445, 100, 0) at <6161.668945, 65.903137, 8334.923828>
[COT 2024-02-27 02:03:49] 76561199407766611: Spawned Entity Hryvnia Banknotes Stack (ExpansionBanknoteHryvnia<bc97bd70>, 445, 100, 0) at <6161.668945, 65.903137, 8334.923828>
[COT 2024-02-27 02:04:12] 76561199407766611: Spawned Entity Compass (Compass<a6038cf0>, 100, 70, 0) at <6161.668945, 65.903137, 8334.923828>
[COT 2024-02-27 02:04:12] 76561199407766611: Spawned Entity Compass (Compass<a603afa0>, 100, 70, 0) at <6161.668945, 65.903137, 8334.923828>
[COT 2024-02-27 02:04:12] 76561199407766611: Spawned Entity Compass (Compass<a6042ed0>, 100, 70, 0) at <6161.668945, 65.903137, 8334.923828>
[COT 2024-02-27 02:04:13] 76561199407766611: Spawned Entity Compass (Compass<a6040c20>, 100, 70, 0) at <6161.668945, 65.903137, 8334.923828>
[COT 2024-02-27 02:04:13] 76561199407766611: Spawned Entity Compass (Compass<a60496e0>, 100, 70, 0) at <6161.668945, 65.903137, 8334.923828>
[COT 2024-02-27 02:04:13] 76561199407766611: Spawned Entity Compass (Compass<a604ae00>, 100, 70, 0) at <6161.668945, 65.903137, 8334.923828>
[COT 2024-02-27 02:04:13] 76561199407766611: Spawned Entity Compass (Compass<a603e970>, 100, 70, 0) at <6161.668945, 65.903137, 8334.923828>
[COT 2024-02-27 02:04:13] 76561199407766611: Spawned Entity Compass (Compass<a604d0b0>, 100, 70, 0) at <6161.668945, 65.903137, 8334.923828>
[COT 2024-02-27 02:04:13] 76561199407766611: Spawned Entity Compass (Compass<a6057e20>, 100, 70, 0) at <6161.668945, 65.903137, 8334.923828>
[COT 2024-02-27 02:05:27] 76561199407766611: Teleported to position <6692.585938, 18.602283, 1750.848999>
[COT 2024-02-27 02:05:50] 76561199407766611: Spawned Entity MMG Solo Locker Grey (mmg_solo_locker_base<b124fe00>, 100, 2000, 0) at <6679.990234, 18.616150, 1748.681641>
[COT 2024-02-27 02:06:32] 76561199407766611: Entered the Free Camera
[COT 2024-02-27 02:06:36] 76561199407766611: Left the Free Camera
[COT 2024-02-27 02:06:45] 76561199407766611: Entered the Free Camera
[COT 2024-02-27 02:07:07] 76561199407766611: Left the Free Camera
[COT 2024-02-27 02:07:21] 76561199407766611: Spawned Entity Sea Chest (SeaChest<a45ec890>, 100, 600, 0) at <9502.643555, 11.639592, 1002.590576>
[COT 2024-02-27 02:07:40] 76561199407766611: Spawned Entity M200Sand (408Cheytac) (CZ527_Base<3396e180>, 100, 300, 0) at <9501.417969, 11.636514, 1003.025879>
[COT 2024-02-27 02:09:02] 76561199407766611: Teleported to position <8636.720703, 12.723310, 8924.739258>
[COT 2024-02-27 02:09:36] 76561199407766611: Spawned Entity MMG Solo Locker Grey (mmg_solo_locker_base<b318ac00>, 100, 2000, 0) at <8640.226563, 15.965288, 8958.159180>
[COT 2024-02-27 02:09:42] 76561199407766611: Deleted Entity mmg_solo_locker_grey:12766 at <8640.226563, 15.965288, 8958.159180>
[COT 2024-02-27 02:09:49] 76561199407766611: Spawned Entity MMG Solo Locker Grey (mmg_solo_locker_base<243113c0>, 100, 2000, 0) at <8640.501953, 15.965286, 8958.667969>
[COT 2024-02-27 02:10:48] 76561199407766611: Entered the Free Camera
[COT 2024-02-27 02:11:01] 76561199407766611: Left the Free Camera
[COT 2024-02-27 02:11:13] 76561199108250772: Entered the Free Camera
[COT 2024-02-27 02:11:15] 76561199407766611: Spawned Entity MMG Solo Locker Grey (mmg_solo_locker_base<405437d0>, 100, 2000, 0) at <8816.854492, 4.554991, 6359.903809>
[COT 2024-02-27 02:11:28] 76561199108250772: Left the Free Camera
[COT 2024-02-27 02:11:46] 76561199108250772: Spawned Entity Sea Chest (SeaChest<405507f0>, 100, 600, 0) at <4461.512695, 150.003876, 9432.633789>
[COT 2024-02-27 02:12:09] 76561199108250772: Spawned Entity Boxed Nails (NailBox<4054d9b0>, 100, 80, 0) at <4461.884277, 150.003860, 9433.136719>
[COT 2024-02-27 02:12:09] 76561199108250772: Spawned Entity Boxed Nails (NailBox<4055b560>, 100, 80, 0) at <4461.900391, 150.203308, 9433.147461>
[COT 2024-02-27 02:12:09] 76561199108250772: Spawned Entity Boxed Nails (NailBox<40549450>, 100, 80, 0) at <4461.916504, 150.402756, 9433.159180>
[COT 2024-02-27 02:12:10] 76561199108250772: Spawned Entity Boxed Nails (NailBox<405471a0>, 100, 80, 0) at <4461.932617, 150.602188, 9433.169922>
[COT 2024-02-27 02:12:10] 76561199108250772: Spawned Entity Boxed Nails (NailBox<4055fac0>, 100, 80, 0) at <4461.949219, 150.801636, 9433.180664>
[COT 2024-02-27 02:12:37] 76561199407766611: Teleported to position <1875.530518, 99.884567, 8711.881836>
[COT 2024-02-27 02:12:43] 76561199108250772: Spawned Entity Hammer (Hammer<adbba7b0>, 100, 100, 0) at <4462.073730, 150.003860, 9433.153320>
[COT 2024-02-27 02:12:43] 76561199108250772: Spawned Entity Hammer (Hammer<adbb6250>, 100, 100, 0) at <4462.101074, 150.101913, 9433.167969>
[COT 2024-02-27 02:12:43] 76561199108250772: Spawned Entity Hammer (Hammer<adbbd5f0>, 100, 100, 0) at <4462.127930, 150.198746, 9433.183594>
[COT 2024-02-27 02:12:51] 76561199108250772: Spawned Entity Hand Saw (HandSaw<b6884170>, 100, 100, 0) at <4462.154785, 150.294189, 9433.198242>
[COT 2024-02-27 02:12:51] 76561199108250772: Spawned Entity Hand Saw (HandSaw<b6886fb0>, 100, 100, 0) at <4462.171387, 150.354385, 9433.208008>
[COT 2024-02-27 02:12:51] 76561199108250772: Spawned Entity Hand Saw (HandSaw<b6889260>, 100, 100, 0) at <4462.188477, 150.414566, 9433.217773>
[COT 2024-02-27 02:12:52] 76561199407766611: Spawned Entity MMG Solo Locker Grey (mmg_solo_locker_base<b6887b40>, 100, 2000, 0) at <1864.710083, 100.045540, 8705.933594>
[COT 2024-02-27 02:12:58] 76561199108250772: Spawned Entity Splitting Axe (WoodAxe<b6885890>, 100, 250, 0) at <4462.205078, 150.474747, 9433.226563>
[COT 2024-02-27 02:12:59] 76561199108250772: Spawned Entity Splitting Axe (WoodAxe<b6893440>, 100, 250, 0) at <4462.236328, 150.586853, 9433.244141>
[COT 2024-02-27 02:12:59] 76561199108250772: Spawned Entity Splitting Axe (WoodAxe<b6893fd0>, 100, 250, 0) at <4462.268066, 150.698944, 9433.261719>
[COT 2024-02-27 02:13:06] 76561199108250772: Spawned Entity BBP Crafting Book (BBP_Blueprint<b688fa70>, 4, 100, 0) at <4462.299316, 150.811050, 9433.279297>
[COT 2024-02-27 02:13:19] 76561199108250772: Spawned Entity Sharpening Stone (Whetstone<3399e6d0>, 100, 50, 0) at <4462.333008, 150.931259, 9433.297852>
[COT 2024-02-27 02:13:20] 76561199108250772: Spawned Entity Sharpening Stone (Whetstone<33997ec0>, 100, 50, 0) at <4462.349121, 150.989120, 9433.307617>
[COT 2024-02-27 02:13:20] 76561199108250772: Spawned Entity Sharpening Stone (Whetstone<3399f260>, 100, 50, 0) at <4462.365234, 151.046982, 9433.316406>
[COT 2024-02-27 02:13:38] 76561199407766611: Spawned Entity Golden Sword Of Ares (DOC_GOLDEN_ARES_SWORD<33998a50>, 100, 600, 0) at <1863.515137, 100.045578, 8706.370117>
[COT 2024-02-27 02:14:03] 76561199407766611: Teleported to position <3355.200195, 278.247498, 6167.274414>
[COT 2024-02-27 02:14:20] 76561199407766611: Spawned Entity MMG Solo Locker Grey (mmg_solo_locker_base<af195870>, 100, 2000, 0) at <3339.326416, 278.422424, 6152.828613>
[COT 2024-02-27 02:15:22] 76561199407766611: Teleported to position <2722.483154, 490.969055, 3361.867676>
[COT 2024-02-27 02:16:08] 76561199407766611: Spawned Entity Medium Tent (MediumTent<b69ea2f0>, 100, 600, 0) at <2446.576660, 422.117493, 3480.171875>
[COT 2024-02-27 02:17:04] 76561199407766611: Spawned Entity M200Mod (50BMG) (CZ527_Base<b2e47be0>, 100, 300, 0) at <2446.765137, 421.204407, 3483.471191>
[COT 2024-02-27 02:20:42] 76561199407766611: Teleported to position <440.279694, 149.609985, 5692.572266>
[COT 2024-02-27 02:20:42] 76561199108250772: Teleported to position <6453.636719, 23.115034, 3491.344727>
[COT 2024-02-27 02:20:51] 76561199108250772: Entered the Free Camera
[COT 2024-02-27 02:21:00] 76561199108250772: Left the Free Camera
[COT 2024-02-27 02:21:05] 76561199407766611: Teleported to position <6028.373535, 72.837837, 4312.185059>
[COT 2024-02-27 02:21:21] 76561199108250772: Spawned Entity MMG Solo Locker Grey Kit (mmg_solo_locker_grey_kit<bc858a0>, 100, 1000, 0) at <6617.848145, 21.493382, 3669.925293>
[COT 2024-02-27 02:21:23] 76561199108250772: Spawned Entity MMG Solo Locker Grey Kit (mmg_solo_locker_grey_kit<bc87b50>, 100, 1000, 0) at <6618.326172, 21.493280, 3670.442871>
[COT 2024-02-27 02:21:24] 76561199108250772: Spawned Entity MMG Solo Locker Grey Kit (mmg_solo_locker_grey_kit<bc8eef0>, 100, 1000, 0) at <6618.806641, 21.493534, 3669.697266>
[COT 2024-02-27 02:21:47] 76561199108250772: Spawned Entity Boxed Nails (NailBox<b15f3b40>, 100, 80, 0) at <6621.915039, 22.329527, 3664.713135>
[COT 2024-02-27 02:21:50] 76561199108250772: Spawned Entity Boxed Nails (NailBox<b15faee0>, 100, 80, 0) at <6618.212402, 22.486937, 3662.135742>
[COT 2024-02-27 02:21:54] 76561199407766611: Spawned Entity Doc's Nightfoil M4 Carstock (M4_OEBttstck<b15df780>, 100, 200, 0) at <6028.373535, 72.837837, 4312.185059>
[COT 2024-02-27 02:21:56] 76561199407766611: Spawned Entity Doc's Nightfoil M4 RIS Handguard (DOC_M4RIS_NIGHTFOIL<b15fd190>, 100, 250, 0) at <6028.373535, 72.837837, 4312.185059>
[COT 2024-02-27 02:21:58] 76561199407766611: Spawned Entity Doc's Nightfoil Suppressor (ItemSuppressor<b15f6980>, 100, 1800, 0) at <6028.373535, 72.837837, 4312.185059>
[COT 2024-02-27 02:22:01] 76561199407766611: Spawned Entity Doc's Nightfoil M4 (DOC_M4_NIGHTFOIL<3394fe30>, 100, 1200, 0) at <6028.373535, 72.837837, 4312.185059>
[COT 2024-02-27 02:22:02] 76561199108250772: Spawned Entity Boxed Nails (NailBox<b15ff440>, 100, 80, 0) at <6607.829590, 21.497019, 3659.012695>
[COT 2024-02-27 02:22:04] 76561199407766611: Spawned Entity Doc's Nightfoil Stanag69 (DOC_STANAG69_NIGHTFOIL<b95e4810>, 69, 200, 0) at <6028.373535, 72.837837, 4312.185059>
[COT 2024-02-27 02:22:16] 76561199108250772: Spawned Entity Boxed Nails (NailBox<7ff7c70>, 100, 80, 0) at <6607.842773, 22.369310, 3647.670898>
[COT 2024-02-27 02:22:30] 76561199407766611: ESP: ESP updating
[COT 2024-02-27 02:22:35] 76561199407766611: Entered the Free Camera
[COT 2024-02-27 02:22:40] 76561199407766611: Left the Free Camera
[COT 2024-02-27 02:22:41] 76561199108250772: Spawned Entity Boxed Nails (NailBox<bb83e280>, 1000, 80, 0) at <6510.927734, 23.019587, 3625.203857>
[COT 2024-02-27 02:23:05] 76561199108250772: Spawned Entity Boxed Nails (NailBox<d8824950>, 100, 80, 0) at <6509.988770, 22.119156, 3422.934814>
[COT 2024-02-27 02:24:27] 76561199407766611: Teleported to position <3318.136963, 3.180348, 1152.642822>
[COT 2024-02-27 02:25:07] 76561199108250772: ESP: Viewing ESP
[COT 2024-02-27 02:25:09] 76561199108250772: ESP: Clearing ESP
[COT 2024-02-27 02:25:09] 76561199108250772: ESP: Viewing ESP
[COT 2024-02-27 02:25:13] 76561199108250772: Entered the Free Camera
[COT 2024-02-27 02:25:42] 76561199108250772: Left the Free Camera
[COT 2024-02-27 02:25:51] 76561199108250772: ESP: Clearing ESP
[COT 2024-02-27 02:25:52] 76561199407766611: Teleported to position <426.666870, 126.639992, 6646.684570>
[COT 2024-02-27 02:25:55] 76561199108250772: Entered the Free Camera
[COT 2024-02-27 02:26:01] 76561199407766611: Entered the Free Camera
[COT 2024-02-27 02:26:11] 76561199407766611: Left the Free Camera
[COT 2024-02-27 02:26:28] 76561199407766611: Entered the Free Camera
[COT 2024-02-27 02:26:44] 76561199407766611: Left the Free Camera
[COT 2024-02-27 02:26:59] 76561199407766611: Spawned Entity Road Flare (Roadflare<93de0980>, 20, 100, 0) at <406.214905, 112.723579, 6588.398926>
[COT 2024-02-27 02:27:53] 76561199407766611: Entered the Free Camera
[COT 2024-02-27 02:28:03] 76561199407766611: Left the Free Camera
[COT 2024-02-27 02:28:08] 76561199407766611: Teleported to position <8355.444336, 62.249840, 5411.961914>
[COT 2024-02-27 02:28:18] 76561199407766611: Teleported to position <6396.510742, 120.572464, 4822.375977>
[COT 2024-02-27 02:28:30] 76561199407766611: Teleported to position <5330.098633, 56.183212, 2961.778564>
[COT 2024-02-27 02:28:40] 76561199407766611: Spawned Entity Anzio 20mm Anti-material rifle (20x102mm) (SVD_Base<994d4160>, 100, 250, 0) at <5330.098633, 56.183212, 2961.778564>
[COT 2024-02-27 02:28:44] 76561199407766611: Spawned Entity Anzio_mag_3Rnd (Mag_SVD_10Rnd<b81579b0>, 3, 100, 0) at <5330.098633, 56.183212, 2961.778564>
[COT 2024-02-27 02:29:16] 76561199407766611: Teleported to position <6611.696777, 21.268236, 3663.952148>
[COT 2024-02-27 02:31:21] 76561199407766611: Spawned Entity Hen (Animal_GallusGallusDomesticusF_Spotted<33a7aa30>, 100, 15, 0) at <6673.982422, 22.731205, 3707.093506>
[COT 2024-02-27 02:32:06] 76561199407766611: Set Invisibility To 0 [guid=spMEkRl42onhFHdF_u42e0T03x2sj347kUc600NXdGA=]
[COT 2024-02-27 02:35:35] 76561199108250772: Teleported to position <6086.392578, 96.025391, 4644.267578>
[COT 2024-02-27 02:37:23] 76561199407766611: Teleported to position <4277.253906, 49.145882, 2115.708008>
[COT 2024-02-27 02:37:31] 76561199407766611: Entered the Free Camera
[COT 2024-02-27 02:37:33] 76561199108250772: Left the Free Camera
[COT 2024-02-27 02:37:57] 76561199407766611: Left the Free Camera
[COT 2024-02-27 02:38:04] 76561199407766611: Set GodMode To false [guid=spMEkRl42onhFHdF_u42e0T03x2sj347kUc600NXdGA=]
[COT 2024-02-27 02:38:09] 76561199108250772: Entered the Free Camera
[COT 2024-02-27 02:38:22] 76561199108250772: Left the Free Camera
[COT 2024-02-27 02:38:26] 76561199407766611: Set GodMode To true [guid=spMEkRl42onhFHdF_u42e0T03x2sj347kUc600NXdGA=]
[COT 2024-02-27 02:38:28] 76561199108250772: Entered the Free Camera
[COT 2024-02-27 02:38:31] 76561199407766611: Healed [guid=spMEkRl42onhFHdF_u42e0T03x2sj347kUc600NXdGA=]
[COT 2024-02-27 02:38:34] 76561199108250772: Left the Free Camera
[COT 2024-02-27 02:38:56] 76561199407766611: Teleported to position <269.000580, 146.875412, 4954.094727>
[COT 2024-02-27 02:39:18] 76561199108250772: Spawned Entity Blue's Personal Sidearm - ADMIN EDITION (DOC_ADMIN_BLUE_GLOCK<fd666310>, 100, 3000, 0) at <6531.294434, 31.862141, 3621.424805>
[COT 2024-02-27 02:39:32] 76561199108250772: Entered the Free Camera
[COT 2024-02-27 02:40:01] 76561199108250772: Left the Free Camera
[COT 2024-02-27 02:41:58] 76561199407766611: Teleported to position <6547.524414, 21.997509, 3626.239746>
[COT 2024-02-27 02:42:09] 76561199108250772: Entered the Free Camera
[COT 2024-02-27 02:42:27] 76561199108250772: Left the Free Camera
[COT 2024-02-27 02:42:31] 76561199108250772: Set Invisibility To 0 [guid=OAdpPkJP2Ps_W7h2ttR1bK23ekHCzrxw0mDT3zqLMdU=]
[COT 2024-02-27 02:46:35] 76561199407766611: Spawned Entity 8-M4 Flashbang (FlashGrenade<ad8ba180>, 100, 20, 0) at <6621.424316, 21.493528, 3666.025635>
[COT 2024-02-27 02:48:05] 76561199108250772: Teleported to position <5078.342773, 201.904984, 3949.102783>
[COT 2024-02-27 02:50:07] 76561199108250772: Entered the Free Camera
[COT 2024-02-27 02:50:17] 76561199108250772: Left the Free Camera
[COT 2024-02-27 02:50:26] 76561199108250772: Entered the Free Camera
[COT 2024-02-27 02:50:29] 76561199108250772: Left the Free Camera
[COT 2024-02-27 02:52:49] 76561199108250772: Healed [guid=4PM-ed15027IMDlqz8OC4iAIcZrRuqh3AwUjvBTw0pU=]
[COT 2024-02-27 02:52:59] 76561199108250772: Healed [guid=xh5gRezpDXUR5ZebK1pV67IkiucvDPEszDClFf2IBHI=]
[COT 2024-02-27 02:54:23] 76561199108250772: Spawned Entity MVS Sling Pack - Black (MountainBag_ColorBase<bb84d550>, 100, 300, 0) at <5094.202148, 205.879364, 3938.326416>
[COT 2024-02-27 02:54:25] 76561199108250772: Spawned Entity MVS Sling Pack - Black (MountainBag_ColorBase<3b7a0310>, 100, 300, 0) at <5094.765625, 205.879364, 3937.525146>
[COT 2024-02-27 02:56:03] 76561199108250772: Spawned Entity Code Lock (ExpansionCodeLock<bc95e360>, 100, 100, 0) at <5094.582520, 205.879364, 3937.654785>
[COT 2024-02-27 02:56:17] 76561199407766611: Spawned Entity TennisBall Grenade (TWP_TennisBall_Grenade<b28fba90>, 100, 50, 0) at <6553.942871, 22.961828, 3639.406494>
[COT 2024-02-27 02:56:20] 76561199407766611: Spawned Entity HolyGrenade (TWP_HolyGrenade<b290d000>, 100, 50, 0) at <6553.942871, 22.961828, 3639.406494>
[COT 2024-02-27 02:57:05] 76561199108250772: Spawned Entity Boxed Nails (NailBox<a66b4b10>, 100, 80, 0) at <5095.609863, 202.122421, 3932.093262>
[COT 2024-02-27 02:57:09] 76561199407766611: Spawned Entity HolyGrenade (TWP_HolyGrenade<bb038d80>, 100, 50, 0) at <6577.267090, 24.065989, 3651.950195>
[COT 2024-02-27 02:57:46] 76561199407766611: Spawned Entity Zarya3_StunGrenade (TWP_Zarya3_StunGrenade<bb02d890>, 100, 20, 0) at <6576.926758, 24.071714, 3652.992920>
[COT 2024-02-27 02:58:13] 76561199108250772: Set GodMode To false [guid=xh5gRezpDXUR5ZebK1pV67IkiucvDPEszDClFf2IBHI=]
[COT 2024-02-27 02:59:33] 76561199108250772: Teleported to position <9204.833008, 37.860569, 4852.847656>
[COT 2024-02-27 02:59:42] 76561199407766611: Spawned Entity Infected (ZmbM_FarmerFat_Base<12227b60>, 100, 100001, 0) at <6399.629883, 24.202404, 3424.437744>
[COT 2024-02-27 03:01:04] 76561199407766611: Spawned Entity Infected (ZmbF_CitizenBSkinny_Base<12222ae0>, 100, 100001, 0) at <6516.621582, 23.017628, 3605.686035>
[COT 2024-02-27 03:02:49] 76561199108250772: Teleported to position <7693.643066, 83.384811, 4672.542969>
[COT 2024-02-27 03:02:56] 76561199108250772: Teleported to position <5755.709961, 66.187500, 8197.245117>
[COT 2024-02-27 03:03:34] 76561199108250772: Spawned Entity Boxed Nails (NailBox<a46189e0>, 100, 32, 0) at <5746.785156, 66.993347, 8201.697266>
[COT 2024-02-27 03:03:34] 76561199108250772: Spawned Entity Boxed Nails (NailBox<a4612d60>, 100, 32, 0) at <5746.856445, 67.122185, 8201.622070>
[COT 2024-02-27 03:03:42] 76561199108250772: Spawned Entity Boxed .45 ACP Rounds (AmmoBox_45ACP_25rnd<a46138f0>, 100, 43, 0) at <5746.926758, 67.255470, 8201.550781>
[COT 2024-02-27 03:03:43] 76561199108250772: Spawned Entity Boxed .45 ACP Rounds (AmmoBox_45ACP_25rnd<a46172c0>, 100, 43, 0) at <5746.952637, 67.299194, 8201.523438>
[COT 2024-02-27 03:03:43] 76561199108250772: Spawned Entity Boxed .45 ACP Rounds (AmmoBox_45ACP_25rnd<a45e3dd0>, 100, 43, 0) at <5746.979492, 67.343010, 8201.491211>
[COT 2024-02-27 03:04:43] 76561199108250772: Teleported to position <4781.053223, 4.856096, 725.090332>
[COT 2024-02-27 03:05:22] 76561199108250772: Spawned Entity Boxed 7.62x39mm Rounds (AmmoBox_762x39_20Rnd<e8c39dc0>, 100, 100, 0) at <4786.672363, 3.568363, 723.487427>
[COT 2024-02-27 03:07:19] 76561199108250772: Teleported to position <7385.474121, 116.025169, 5325.065918>
[COT 2024-02-27 03:07:28] 76561199108250772: Entered the Free Camera
[COT 2024-02-27 03:07:34] 76561199108250772: Left the Free Camera
[COT 2024-02-27 03:07:43] 76561199108250772: Spawned Entity Large Tent (LargeTent<b0b02f00>, 100, 2000, 0) at <7462.362305, 108.888176, 5174.619141>
[COT 2024-02-27 03:08:42] 76561199108250772: Healed [guid=OAdpPkJP2Ps_W7h2ttR1bK23ekHCzrxw0mDT3zqLMdU=]
[COT 2024-02-27 03:09:23] 76561199108250772: Spawned Entity 9V Battery (Battery9V<b66dbb90>, 50, 20, 0) at <7457.691895, 109.110924, 5172.130371>
[COT 2024-02-27 03:09:23] 76561199108250772: Spawned Entity 9V Battery (Battery9V<b66de9d0>, 50, 20, 0) at <7457.700195, 109.171989, 5172.134766>
[COT 2024-02-27 03:09:23] 76561199108250772: Spawned Entity 9V Battery (Battery9V<b66df560>, 50, 20, 0) at <7457.700195, 109.171951, 5172.135742>
[COT 2024-02-27 03:09:23] 76561199108250772: Spawned Entity 9V Battery (Battery9V<b66e8bb0>, 50, 20, 0) at <7457.709473, 109.232925, 5172.141113>
[COT 2024-02-27 03:09:24] 76561199108250772: Spawned Entity 9V Battery (Battery9V<b66eb9f0>, 50, 20, 0) at <7457.723145, 109.294342, 5172.147461>
[COT 2024-02-27 03:09:24] 76561199108250772: Spawned Entity 9V Battery (Battery9V<bba66060>, 50, 20, 0) at <7457.733398, 109.355087, 5172.151367>
[COT 2024-02-27 03:09:45] 76561199108250772: Teleported to position <3662.259766, 338.608917, 4902.543945>
[COT 2024-02-27 03:10:31] 76561199108250772: Teleported to position <2445.315430, 186.183151, 5778.845215>
[COT 2024-02-27 03:10:48] 76561199108250772: Teleported to position <5047.351563, 203.047470, 7317.546875>
[COT 2024-02-27 03:11:18] 76561199108250772: Spawned Entity UH-1H (ExpansionUh1h<2aaf3030>, 100, 7500, 0) at <5035.228027, 204.911209, 7292.380371>
[COT 2024-02-27 03:13:33] 76561199108250772: Teleported to position <6635.941406, 21.432606, 3668.328857>
[COT 2024-02-27 03:19:25] 76561199108250772: Entered the Free Camera
[COT 2024-02-27 03:19:36] 76561199108250772: Left the Free Camera
[COT 2024-02-27 03:19:42] 76561199108250772: Entered the Free Camera
[COT 2024-02-27 03:19:47] 76561199108250772: Left the Free Camera
[COT 2024-02-27 03:20:31] 76561199108250772: Spawned Entity Sea Chest (SeaChest<b7f5a2c0>, 100, 600, 0) at <6315.000977, 31.283016, 3381.647705>
[COT 2024-02-27 03:20:56] 76561199108250772: Spawned Entity Human Steak (HumanSteakMeat<af7f1130>, 150, 50, 1) at <6314.529297, 31.104719, 3381.040771>
[COT 2024-02-27 03:20:56] 76561199108250772: Spawned Entity Human Steak (HumanSteakMeat<af8062f0>, 150, 50, 1) at <6314.550781, 31.193085, 3380.941406>
[COT 2024-02-27 03:20:57] 76561199108250772: Spawned Entity Human Steak (HumanSteakMeat<af809330>, 150, 50, 1) at <6314.571777, 31.278107, 3380.842285>
[COT 2024-02-27 03:20:57] 76561199108250772: Spawned Entity Human Steak (HumanSteakMeat<af80c370>, 150, 50, 1) at <6314.595215, 31.368265, 3380.734375>
[COT 2024-02-27 03:20:57] 76561199108250772: Spawned Entity Human Steak (HumanSteakMeat<af819c90>, 150, 50, 1) at <6314.619629, 31.457916, 3380.627930>
[COT 2024-02-27 03:20:58] 76561199108250772: Spawned Entity Human Steak (HumanSteakMeat<af825d90>, 150, 50, 1) at <6314.643555, 31.546171, 3380.523926>
[COT 2024-02-27 03:20:58] 76561199108250772: Spawned Entity Human Steak (HumanSteakMeat<9d9ff160>, 150, 50, 1) at <6314.666016, 31.627127, 3380.429443>
[COT 2024-02-27 03:20:58] 76561199108250772: Spawned Entity Human Steak (HumanSteakMeat<9da0eeb0>, 150, 50, 1) at <6314.685059, 31.695265, 3380.350342>
[COT 2024-02-27 03:20:58] 76561199108250772: Spawned Entity Human Steak (HumanSteakMeat<9da24070>, 150, 50, 1) at <6314.709961, 31.784918, 3380.247559>
[COT 2024-02-27 03:20:58] 76561199108250772: Spawned Entity Human Steak (HumanSteakMeat<9da2f560>, 150, 50, 1) at <6314.734375, 31.874571, 3380.145752>
[COT 2024-02-27 03:20:59] 76561199108250772: Spawned Entity Human Steak (HumanSteakMeat<b7c3a1c0>, 150, 50, 1) at <6314.756348, 31.953259, 3380.056152>
[COT 2024-02-27 03:21:48] 76561199108250772: Spawned Entity Human Steak (HumanSteakMeat<bb0466a0>, 150, 50, 1) at <6314.647461, 31.167236, 3381.157471>
[COT 2024-02-27 03:21:48] 76561199108250772: Spawned Entity Human Steak (HumanSteakMeat<bb0557e0>, 150, 50, 1) at <6314.646973, 31.167284, 3381.157715>
[COT 2024-02-27 03:21:49] 76561199108250772: Spawned Entity Human Steak (HumanSteakMeat<ae304560>, 150, 50, 1) at <6314.664551, 31.251707, 3381.094238>
[COT 2024-02-27 03:21:49] 76561199108250772: Spawned Entity Human Steak (HumanSteakMeat<ae3166e0>, 150, 50, 1) at <6314.681641, 31.336260, 3381.031006>
[COT 2024-02-27 03:21:49] 76561199108250772: Spawned Entity Human Steak (HumanSteakMeat<a6310080>, 150, 50, 1) at <6314.698730, 31.420481, 3380.968018>
[COT 2024-02-27 03:21:49] 76561199108250772: Spawned Entity Human Steak (HumanSteakMeat<a631f1c0>, 150, 50, 1) at <6314.716797, 31.509819, 3380.900635>
[COT 2024-02-27 03:21:49] 76561199108250772: Spawned Entity Human Steak (HumanSteakMeat<a62eedc0>, 150, 50, 1) at <6314.716797, 31.510139, 3380.901855>
[COT 2024-02-27 03:21:49] 76561199108250772: Spawned Entity Human Steak (HumanSteakMeat<b28e50b0>, 150, 50, 1) at <6314.735352, 31.599476, 3380.834717>
[COT 2024-02-27 03:21:49] 76561199108250772: Spawned Entity Human Steak (HumanSteakMeat<b28e2c80>, 150, 50, 1) at <6314.735352, 31.599472, 3380.835205>
[COT 2024-02-27 03:21:50] 76561199108250772: Spawned Entity Human Steak (HumanSteakMeat<b28f05a0>, 150, 50, 1) at <6314.754883, 31.689732, 3380.766113>
[COT 2024-02-27 03:21:50] 76561199108250772: Spawned Entity Human Steak (HumanSteakMeat<b28ff6e0>, 150, 50, 1) at <6314.754883, 31.689772, 3380.765869>
[COT 2024-02-27 03:21:50] 76561199108250772: Spawned Entity Human Steak (HumanSteakMeat<b28fa270>, 150, 50, 1) at <6314.774414, 31.779425, 3380.695313>
[COT 2024-02-27 03:21:50] 76561199108250772: Spawned Entity Human Steak (HumanSteakMeat<b28fae80>, 150, 50, 1) at <6314.773926, 31.779427, 3380.694092>
[COT 2024-02-27 03:21:50] 76561199108250772: Spawned Entity Human Steak (HumanSteakMeat<b28fc6a0>, 150, 50, 1) at <6314.791992, 31.869078, 3380.625000>
[COT 2024-02-27 03:21:51] 76561199108250772: Spawned Entity Human Steak (HumanSteakMeat<b2910c50>, 150, 50, 1) at <6314.810059, 31.958538, 3380.556152>
[COT 2024-02-27 03:22:30] 76561199108250772: Spawned Entity Hryvnia Banknotes Stack (ExpansionBanknoteHryvnia<94064b20>, 2010, 100, 0) at <6314.671875, 31.106129, 3380.974365>
[COT 2024-02-27 03:22:56] 76561199108250772: Teleported to position <6346.227539, 65.467499, 8666.736328>
[COT 2024-02-27 03:23:14] 76561199108250772: ESP: Viewing ESP
[COT 2024-02-27 03:27:38] 76561199108250772: Teleported to position <9856.458984, 2.514998, 6810.515625>
[COT 2024-02-27 03:27:39] 76561199108250772: Teleported to position <9856.458984, 2.514998, 6810.515625>
[COT 2024-02-27 03:27:39] 76561199108250772: Teleported to position <9856.458984, 2.514998, 6810.515625>
[COT 2024-02-27 03:28:00] 76561199108250772: ESP: Clearing ESP
[COT 2024-02-27 03:28:54] 76561199108250772: Teleported to position <6508.259277, 161.096008, 7189.234375>
[COT 2024-02-27 03:29:06] 76561199108250772: Teleported [guid=KWl3ojgjStHOe3-iLRChpUG8crsNiNfei3BT6NCIfaw=] to <6509.228027, 161.108475, 7196.169434>
[COT 2024-02-27 03:30:35] 76561199108250772: Spawned Entity Screwdriver (Screwdriver<a5a2fa70>, 100, 100, 0) at <6515.744629, 161.703842, 7211.308105>
[COT 2024-02-27 03:31:10] 76561199108250772: Healed [guid=OAdpPkJP2Ps_W7h2ttR1bK23ekHCzrxw0mDT3zqLMdU=]
[COT 2024-02-27 03:31:55] 76561199108250772: Spawned Entity ADMIN GEAR-BLUE-TOP (DOC_ADMIN_BLUE_TOP<a39997c0>, 100, 70, 0) at <6516.072754, 161.703842, 7213.089355>
[COT 2024-02-27 03:32:02] 76561199108250772: Spawned Entity ADMIN GEAR-BLUE-BOTTOM (DOC_ADMIN_BLUE_BOTTOM<a3997510>, 100, 130, 0) at <6516.074707, 161.703842, 7213.095215>
[COT 2024-02-27 03:32:35] 76561199108250772: Repaired Transport [guid=OAdpPkJP2Ps_W7h2ttR1bK23ekHCzrxw0mDT3zqLMdU=]
[COT 2024-02-27 03:38:06] 76561199108250772: ESP: Viewing ESP
[COT 2024-02-27 03:38:08] 76561199108250772: ESP index=0 target=BBP_Swall:12090 position=<6514.603027, 161.663834, 7216.540527> action=delete
[COT 2024-02-27 03:38:08] 76561199108250772: ESP action=delete_all count=1 attempted=1
[COT 2024-02-27 03:38:13] 76561199108250772: ESP index=0 target=TerritoryFlag:11896 position=<6512.370117, 161.095993, 7189.273926> action=delete
[COT 2024-02-27 03:38:13] 76561199108250772: ESP action=delete_all count=1 attempted=1
[COT 2024-02-27 03:38:15] 76561199108250772: ESP index=0 target=BBP_SDoor:11943 position=<6516.070801, 161.663834, 7209.911621> action=delete
[COT 2024-02-27 03:38:15] 76561199108250772: ESP action=delete_all count=1 attempted=1
[COT 2024-02-27 03:38:27] 76561199108250772: ESP: Clearing ESP
[COT 2024-02-27 03:38:32] 76561199108250772: ESP: Viewing ESP
[COT 2024-02-27 03:39:14] 76561199108250772: Teleported to position <9852.537109, 2.514998, 6802.355957>
[COT 2024-02-27 03:39:38] 76561199108250772: Teleported to position <6509.742188, 161.096176, 7173.972168>
[COT 2024-02-27 03:39:48] 76561199108250772: ESP: Clearing ESP
[COT 2024-02-27 03:39:53] 76561199108250772: ESP: Viewing ESP
[COT 2024-02-27 03:41:05] 76561199108250772: Teleported to position <9846.515625, 2.514998, 6811.762207>
[COT 2024-02-27 03:41:18] 76561199108250772: Teleported [guid=KWl3ojgjStHOe3-iLRChpUG8crsNiNfei3BT6NCIfaw=] to <9854.422852, 2.527488, 6827.525879>
[COT 2024-02-27 03:41:31] 76561199108250772: Teleported to position <6505.489258, 161.095993, 7193.052246>
[COT 2024-02-27 03:41:46] 76561199108250772: ESP: Clearing ESP
[COT 2024-02-27 03:41:46] 76561199108250772: ESP: Viewing ESP
[COT 2024-02-27 03:42:00] 76561199108250772: ESP: Clearing ESP
[COT 2024-02-27 03:42:01] 76561199108250772: ESP: Viewing ESP
[COT 2024-02-27 03:42:26] 76561199108250772: Teleported to position <9855.994141, 2.514998, 6788.442871>
[COT 2024-02-27 03:42:41] 76561199108250772: Teleported [guid=s7vJf2NuCNme1MUM_sgLr2G3yzcxYg10pO0s-GAKExM=] to <9848.231445, 2.527493, 6792.902832>
[COT 2024-02-27 03:42:44] 76561199108250772: Set GodMode To true [guid=s7vJf2NuCNme1MUM_sgLr2G3yzcxYg10pO0s-GAKExM=]
[COT 2024-02-27 03:42:44] 76561199108250772: Set Invisibility To 1 [guid=s7vJf2NuCNme1MUM_sgLr2G3yzcxYg10pO0s-GAKExM=]
[COT 2024-02-27 03:42:46] 76561199108250772: Set UnlimitedStamina To true [guid=s7vJf2NuCNme1MUM_sgLr2G3yzcxYg10pO0s-GAKExM=]
[COT 2024-02-27 03:42:47] 76561199108250772: Set UnlimitedAmmo To true [guid=s7vJf2NuCNme1MUM_sgLr2G3yzcxYg10pO0s-GAKExM=]
[COT 2024-02-27 03:42:47] 76561199108250772: Set UnlimitedAmmo To false [guid=s7vJf2NuCNme1MUM_sgLr2G3yzcxYg10pO0s-GAKExM=]
[COT 2024-02-27 03:42:48] 76561199108250772: Set UnlimitedStamina To false [guid=s7vJf2NuCNme1MUM_sgLr2G3yzcxYg10pO0s-GAKExM=]
[COT 2024-02-27 03:42:55] 76561199108250772: ESP: Clearing ESP
[COT 2024-02-27 03:43:30] 76561199108250772: Spawned Entity Flag Pole Kit (TerritoryFlagKit<ad657ce0>, 100, 200, 0) at <9843.634766, 2.630093, 6841.961914>
[COT 2024-02-27 03:44:06] 76561199108250772: Spawned Entity (Large/Small) Door Kit (BBP_Door_Kit<ad662a50>, 100, 100, 0) at <9843.643555, 2.756423, 6842.372559>
[COT 2024-02-27 03:44:46] 76561199108250772: Spawned Entity (Right/Left) Gate Kit (BBP_Gate_Kit<a681b240>, 100, 100, 0) at <9865.530273, 2.360906, 6845.194336>
[COT 2024-02-27 03:45:30] 76561199108250772: Spawned Entity (Large/Small) Door Kit (BBP_Door_Kit<a942cd30>, 100, 100, 0) at <9869.284180, 4.184180, 6808.729004>
[COT 2024-02-27 03:46:33] 76561199108250772: Spawned Entity (Right/Left) Gate Kit (BBP_Gate_Kit<b9be3190>, 100, 100, 0) at <9851.364258, 2.646068, 6768.767578>
[COT 2024-02-27 03:46:33] 76561199108250772: Spawned Entity (Right/Left) Gate Kit (BBP_Gate_Kit<b9bdc980>, 100, 100, 0) at <9851.396484, 3.011000, 6768.489258>
[COT 2024-02-27 03:46:34] 76561199108250772: Spawned Entity (Right/Left) Gate Kit (BBP_Gate_Kit<b9bde0a0>, 100, 100, 0) at <9851.432617, 3.360018, 6768.225098>
[COT 2024-02-27 03:47:20] 76561199108250772: Set cannot be targeted by AI to false [guid=s7vJf2NuCNme1MUM_sgLr2G3yzcxYg10pO0s-GAKExM=]
[COT 2024-02-27 03:47:20] 76561199108250772: Set Invisibility To 0 [guid=s7vJf2NuCNme1MUM_sgLr2G3yzcxYg10pO0s-GAKExM=]
[COT 2024-02-27 03:47:20] 76561199108250772: Set GodMode To false [guid=s7vJf2NuCNme1MUM_sgLr2G3yzcxYg10pO0s-GAKExM=]
[COT 2024-02-27 03:47:56] 76561199108250772: Set Invisibility To 1 [guid=s7vJf2NuCNme1MUM_sgLr2G3yzcxYg10pO0s-GAKExM=]
[COT 2024-02-27 03:47:57] 76561199108250772: Set GodMode To true [guid=s7vJf2NuCNme1MUM_sgLr2G3yzcxYg10pO0s-GAKExM=]
[COT 2024-02-27 03:48:12] 76561199108250772: Spawned Entity Admin Hammer (Hammer<a14011b0>, 150, 100, 0) at <9840.966797, 2.515043, 6778.062012>
[COT 2024-02-27 03:48:47] 76561199108250772: Spawned Entity Code Lock (ExpansionCodeLock<fd5019e0>, 100, 100, 0) at <9843.327148, 2.515010, 6836.890137>
[COT 2024-02-27 03:49:20] 76561199108250772: Spawned Entity Code Lock (ExpansionCodeLock<10a48460>, 100, 100, 0) at <9868.300781, 4.184180, 6808.468750>
[COT 2024-02-27 03:49:53] 76561199108250772: Spawned Entity Code Lock (ExpansionCodeLock<10a410c0>, 100, 100, 0) at <9852.148438, 2.646068, 6770.889648>
[COT 2024-02-27 03:50:13] 76561199108250772: Spawned Entity Code Lock (ExpansionCodeLock<b2c4d9a0>, 100, 100, 0) at <9845.658203, 2.646069, 6770.905273>
[COT 2024-02-27 03:50:34] 76561199108250772: Spawned Entity Code Lock (ExpansionCodeLock<b83f1000>, 100, 100, 0) at <9839.589844, 2.646068, 6771.091797>
[COT 2024-02-27 03:52:20] 76561199108250772: Spawned Entity Boxed Nails (NailBox<b7f284f0>, 100, 24, 0) at <9840.265625, 2.646068, 6767.899414>
[COT 2024-02-27 03:52:20] 76561199108250772: Spawned Entity Boxed Nails (NailBox<b7f29080>, 100, 24, 0) at <9840.264648, 2.711524, 6768.026855>
[COT 2024-02-27 03:52:21] 76561199108250772: Spawned Entity Boxed Nails (NailBox<b7f3d440>, 100, 24, 0) at <9840.266602, 2.763158, 6768.128418>
[COT 2024-02-27 03:52:21] 76561199108250772: Spawned Entity Boxed Nails (NailBox<b7f3c8b0>, 100, 24, 0) at <9840.267578, 2.821709, 6768.241699>
[COT 2024-02-27 03:52:27] 76561199108250772: Spawned Entity Sharpening Stone (Whetstone<b7f3dfd0>, 100, 15, 0) at <9840.270508, 2.880459, 6768.350586>
[COT 2024-02-27 03:52:27] 76561199108250772: Spawned Entity Sharpening Stone (Whetstone<b7f38350>, 100, 15, 0) at <9840.270508, 2.931637, 6768.450195>
[COT 2024-02-27 03:52:42] 76561199407766611: Spawned Entity MMG Solo Locker Blue (mmg_solo_locker_base<b7f419a0>, 100, 2000, 0) at <6628.933105, 21.381744, 3668.361328>
[COT 2024-02-27 03:52:57] 76561199407766611: Deleted Entity mmg_solo_locker_blue:9660 at <6628.933105, 21.381744, 3668.361328>
[COT 2024-02-27 03:53:03] 76561199407766611: Spawned Entity MMG Solo Locker Blue (mmg_solo_locker_base<1e613d00>, 100, 2000, 0) at <6628.587402, 21.396902, 3671.116455>
[COT 2024-02-27 03:53:14] 76561199407766611: Spawned Entity MMG Solo Locker Red (mmg_solo_locker_base<a8b14dd0>, 100, 2000, 0) at <6628.723633, 21.410793, 3672.698730>
[COT 2024-02-27 03:53:26] 76561199407766611: Spawned Entity Code Lock (ExpansionCodeLock<a8b19330>, 100, 100, 0) at <6630.471191, 21.426495, 3672.534424>
[COT 2024-02-27 03:53:26] 76561199407766611: Spawned Entity Code Lock (ExpansionCodeLock<a8b1cd00>, 100, 100, 0) at <6630.471191, 21.426495, 3672.534424>
[COT 2024-02-27 03:54:20] 76561199108250772: Teleported to position <4620.782715, 139.430069, 10066.369141>
[COT 2024-02-27 03:55:28] 76561199108250772: Set cannot be targeted by AI to false [guid=s7vJf2NuCNme1MUM_sgLr2G3yzcxYg10pO0s-GAKExM=]
[COT 2024-02-27 03:55:30] 76561199108250772: Set Invisibility To 0 [guid=s7vJf2NuCNme1MUM_sgLr2G3yzcxYg10pO0s-GAKExM=]
[COT 2024-02-27 03:55:30] 76561199108250772: Set GodMode To false [guid=s7vJf2NuCNme1MUM_sgLr2G3yzcxYg10pO0s-GAKExM=]
[COT 2024-02-27 03:55:36] 76561199108250772: Set Broken Legs To true [guid=s7vJf2NuCNme1MUM_sgLr2G3yzcxYg10pO0s-GAKExM=]
[COT 2024-02-27 03:55:47] 76561199108250772: Set Broken Legs To false [guid=s7vJf2NuCNme1MUM_sgLr2G3yzcxYg10pO0s-GAKExM=]
[COT 2024-02-27 03:55:48] 76561199108250772: Healed [guid=s7vJf2NuCNme1MUM_sgLr2G3yzcxYg10pO0s-GAKExM=]
[COT 2024-02-27 03:58:11] 76561199407766611: Spawned Entity Bocchi the Suppressor (ItemSuppressor<add309c0>, 100, 1800, 0) at <6602.714355, 21.670034, 3659.180420>
[COT 2024-02-27 03:58:14] 76561199407766611: Spawned Entity Doc's Personal Sidearm - ADMIN EDITION (DOC_ADMIN_DOC_BOCCHIGLOCK<b4c3fd30>, 100, 3000, 0) at <6602.714355, 21.670034, 3659.180420>
[COT 2024-02-27 04:00:51] 76561199407766611: Healed [guid=eZvdqnhxQZeB4Wvp7ko5cFy79bCUMACrCdUKq6S9F3w=]
[COT 2024-02-27 04:09:24] 76561199407766611: Teleported to position <4663.796875, 103.669678, 9397.489258>
[COT 2024-02-27 04:11:50] 76561199407766611: Entered the Free Camera
[COT 2024-02-27 04:11:56] 76561199407766611: Left the Free Camera
[COT 2024-02-27 04:27:18] 76561199108250772: Set the date to 2024/8/27 18:0
[COT 2024-02-27 04:27:19] 76561199108250772: Set rain to 0 0 0
[COT 2024-02-27 04:27:19] 76561199108250772: Set storm to 0 0.8 4000
[COT 2024-02-27 04:27:19] 76561199108250772: Set fog to 0 0 0
[COT 2024-02-27 04:27:19] 76561199108250772: Set overcast to 0 0 0
[COT 2024-02-27 04:27:19] 76561199108250772: Set wind to 0 0 1
[COT 2024-02-27 04:27:35] 76561199108250772: Teleported to position <9844.211914, 2.514998, 6801.953125>
[COT 2024-02-27 04:28:07] 76561199108250772: ESP: Viewing ESP
[COT 2024-02-27 04:28:17] 76561199108250772: ESP: Clearing ESP
[COT 2024-02-27 04:28:22] 76561199108250772: ESP: Viewing ESP
[COT 2024-02-27 04:28:32] 76561199108250772: ESP: Clearing ESP
[COT 2024-02-27 04:29:41] 76561199108250772: Set GodMode To true [guid=OAdpPkJP2Ps_W7h2ttR1bK23ekHCzrxw0mDT3zqLMdU=]
[COT 2024-02-27 04:29:42] 76561199108250772: Set cannot be targeted by AI to true [guid=OAdpPkJP2Ps_W7h2ttR1bK23ekHCzrxw0mDT3zqLMdU=]
[COT 2024-02-27 04:29:42] 76561199108250772: Set UnlimitedStamina To true [guid=OAdpPkJP2Ps_W7h2ttR1bK23ekHCzrxw0mDT3zqLMdU=]
[COT 2024-02-27 04:29:43] 76561199108250772: Set UnlimitedAmmo To true [guid=OAdpPkJP2Ps_W7h2ttR1bK23ekHCzrxw0mDT3zqLMdU=]
[COT 2024-02-27 04:33:06] 76561199108250772: Teleported to position <9854.597656, 2.514998, 6799.576172>
[COT 2024-02-27 04:38:05] 76561199108250772: Teleported to position <3712.698975, 302.094879, 4256.214844>
[COT 2024-02-27 04:38:23] 76561199108250772: Spawned Entity Fire Barrel (BarrelHoles_Blue<3b8ea320>, 100, 900, 0) at <3711.656006, 302.239136, 4255.774902>
[COT 2024-02-27 04:42:14] 76561199108250772: Spawned Entity Firewood (Firewood<afd2cd50>, 1, 500, 0) at <3712.749023, 302.067902, 4256.171387>
[COT 2024-02-27 04:42:15] 76561199108250772: Spawned Entity Firewood (Firewood<afd270d0>, 1, 500, 0) at <3712.772217, 302.244476, 4256.189453>
[COT 2024-02-27 04:42:15] 76561199108250772: Spawned Entity Firewood (Firewood<afd2c1c0>, 1, 500, 0) at <3712.796387, 302.421051, 4256.208496>
[COT 2024-02-27 04:42:15] 76561199108250772: Spawned Entity Firewood (Firewood<afd2d8e0>, 1, 500, 0) at <3712.820801, 302.597656, 4256.226563>
[COT 2024-02-27 04:42:16] 76561199108250772: Spawned Entity Firewood (Firewood<b9dc1150>, 1, 500, 0) at <3712.846924, 302.774261, 4256.244629>
[COT 2024-02-27 04:42:16] 76561199108250772: Spawned Entity Firewood (Firewood<b9dc1ce0>, 1, 500, 0) at <3712.866211, 302.950836, 4256.259277>
[COT 2024-02-27 04:42:16] 76561199108250772: Spawned Entity Firewood (Firewood<b9dc2870>, 1, 500, 0) at <3712.886963, 303.127411, 4256.273438>
[COT 2024-02-27 04:42:25] 76561199108250772: Spawned Entity Paper (Paper<b9dbd780>, 1, 15, 0) at <3712.086670, 302.385864, 4256.624512>
[COT 2024-02-27 04:42:32] 76561199108250772: Spawned Entity Lighter (PetrolLighter<b9de3c50>, 20, 20, 0) at <3712.118896, 302.438873, 4256.615723>
[COT 2024-02-27 04:45:10] 76561199108250772: Set GodMode To true [guid=OAdpPkJP2Ps_W7h2ttR1bK23ekHCzrxw0mDT3zqLMdU=]
