[COT 2024-03-03 00:17:30] 76561198036774377: Set GodMode To true [guid=mBNlxASsPlOcry0dpDl8K-WgHNR5WMCMmoJ9NhpU4FY=]
[COT 2024-03-03 00:17:31] 76561198036774377: Healed [guid=mBNlxASsPlOcry0dpDl8K-WgHNR5WMCMmoJ9NhpU4FY=]
[COT 2024-03-03 00:17:56] 76561198036774377: Spawned Entity Gaz 71 (Gaz71<809da990>, 100, 1.41002e+09, 0) at <6621.404297, 21.221170, 3654.868164>
[COT 2024-03-03 00:21:42] 76561198036774377: Deleted Entity Gaz71:16048 at <6621.403809, 21.214329, 3654.865479>
[COT 2024-03-03 00:22:31] 76561198036774377: Spawned Entity Gaz Tigr flecktarn (GazTigr_flecktarn<8ad91260>, 100, 10000, 0) at <6622.929199, 21.219101, 3652.896729>
[COT 2024-03-03 00:25:11] 76561198036774377: Deleted Entity GazTigr_flecktarn:11164 at <6622.927246, 21.163221, 3652.898438>
[COT 2024-03-03 00:25:40] 76561198036774377: Spawned Entity HEMTT flecktarn (HEMTT_flecktarn<881574d0>, 200000, 10000, 512) at <6623.700195, 21.212360, 3650.975342>
[COT 2024-03-03 00:30:04] 76561198036774377: Deleted Entity HEMTT_flecktarn:8380 at <6623.699219, 21.318096, 3650.977295>
[COT 2024-03-03 04:42:37] 76561198036774377: Set GodMode To true [guid=mBNlxASsPlOcry0dpDl8K-WgHNR5WMCMmoJ9NhpU4FY=]
[COT 2024-03-03 04:42:40] 76561198036774377: Healed [guid=mBNlxASsPlOcry0dpDl8K-WgHNR5WMCMmoJ9NhpU4FY=]
[COT 2024-03-03 04:43:18] 76561198036774377: Spawned Entity KAMAZ 4310 (Kamaz_4350<b2b7c020>, 100, 10000, 0) at <6621.189453, 21.218363, 3654.640625>
[COT 2024-03-03 04:44:18] 76561198036774377: Deleted Entity Kamaz_4350:10606 at <6621.176758, 21.232105, 3654.621582>
[COT 2024-03-03 04:48:55] 76561198036774377: Spawned Entity KAMAZ 4310 (Kamaz_4350<51efcce0>, 100, 10000, 0) at <6622.207031, 21.237947, 3656.740234>
[COT 2024-03-03 04:49:53] 76561198036774377: Spawned Entity Uzi (380) (CZ61_Base<362a09a0>, 100, 200, 0) at <6647.896484, 21.255148, 3622.414063>
[COT 2024-03-03 04:50:07] 76561198036774377: Set UnlimitedAmmo To true [guid=mBNlxASsPlOcry0dpDl8K-WgHNR5WMCMmoJ9NhpU4FY=]
[COT 2024-03-03 04:53:43] 76561198036774377: Deleted Entity Kamaz_4350:16485 at <6622.185547, 21.252363, 3656.723877>
[COT 2024-03-03 04:54:04] 76561198036774377: Spawned Entity Kraz 6322 (Kraz_6322<88171360>, 100, 10000, 0) at <6623.950684, 21.241543, 3655.460205>
[COT 2024-03-03 04:57:19] 76561198036774377: Deleted Entity Kraz_6322:17975 at <6623.950195, 21.278996, 3655.459717>
[COT 2024-03-03 04:57:51] 76561198036774377: Spawned Entity LUAZ 969 rust (LUAZ_rust<71584590>, 200000, 2100, 512) at <6628.869141, 21.272894, 3654.516602>
[COT 2024-03-03 04:58:05] 76561198036774377: Deleted Entity LUAZ_rust:11891 at <6628.869629, 21.308311, 3654.515869>
