[COT 2024-02-27 17:41:47] 76561199407766611: Set GodMode To true [guid=spMEkRl42onhFHdF_u42e0T03x2sj347kUc600NXdGA=]
[COT 2024-02-27 17:41:48] 76561199407766611: Set Invisibility To 1 [guid=spMEkRl42onhFHdF_u42e0T03x2sj347kUc600NXdGA=]
[COT 2024-02-27 17:41:49] 76561199407766611: Set UnlimitedAmmo To true [guid=spMEkRl42onhFHdF_u42e0T03x2sj347kUc600NXdGA=]
[COT 2024-02-27 17:42:33] 76561199407766611: Teleported to position <6501.325684, 23.089081, 3584.643066>
[COT 2024-02-27 17:42:53] 76561199407766611: Spawned Entity Doc's Royalfoil M4 Carstock (DOC_M4CARSTOCK_ROYALFOIL<ba4de470>, 100, 200, 0) at <6498.886230, 23.098372, 3595.009277>
[COT 2024-02-27 17:42:54] 76561199407766611: Spawned Entity Doc's Royalfoil M4 RIS Handguard (DOC_M4RIS_ROYALFOIL<ba4df000>, 100, 250, 0) at <6498.894043, 23.184776, 3594.953369>
[COT 2024-02-27 17:42:57] 76561199407766611: Spawned Entity Doc's Royalfoil Suppressor (ItemSuppressor<ba4e8650>, 100, 1800, 0) at <6498.906738, 23.248343, 3594.939941>
[COT 2024-02-27 17:43:02] 76561199407766611: Spawned Entity Doc's Royalfoil M4 (DOC_M4_ROYALFOIL<b8838710>, 100, 1200, 0) at <6498.900391, 23.263880, 3594.906494>
[COT 2024-02-27 17:43:03] 76561199407766611: Spawned Entity Doc's Royalfoil Stanag69 (DOC_STANAG69_ROYALFOIL<ba4e91e0>, 69, 200, 0) at <6498.902832, 23.350492, 3594.860840>
[COT 2024-02-27 22:13:54] 76561199108250772: Set GodMode To true [guid=OAdpPkJP2Ps_W7h2ttR1bK23ekHCzrxw0mDT3zqLMdU=]
[COT 2024-02-27 22:13:55] 76561199108250772: Set UnlimitedAmmo To true [guid=OAdpPkJP2Ps_W7h2ttR1bK23ekHCzrxw0mDT3zqLMdU=]
[COT 2024-02-27 22:13:56] 76561199108250772: Set UnlimitedStamina To true [guid=OAdpPkJP2Ps_W7h2ttR1bK23ekHCzrxw0mDT3zqLMdU=]
[COT 2024-02-27 22:13:58] 76561199108250772: Set cannot be targeted by AI to true [guid=OAdpPkJP2Ps_W7h2ttR1bK23ekHCzrxw0mDT3zqLMdU=]
[COT 2024-02-27 22:15:17] 76561199108250772: Teleported to position <5933.605957, 98.554718, 4199.459961>
[COT 2024-02-27 22:16:09] 76561199108250772: Spawned Entity Flag Pole Kit (TerritoryFlagKit<f1e64d40>, 100, 200, 0) at <5915.156738, 98.692368, 4193.983398>
[COT 2024-02-27 22:17:11] 76561199108250772: Spawned Entity (Right/Left) Gate Kit (BBP_Gate_Kit<ba4bfed0>, 100, 100, 0) at <5915.090820, 98.692368, 4193.538574>
[COT 2024-02-27 22:17:20] 76561199108250772: Spawned Entity Code Lock (ExpansionCodeLock<ba4be7b0>, 100, 100, 0) at <5914.797363, 98.692368, 4194.047363>
[COT 2024-02-27 22:17:53] 76561199108250772: ESP: Viewing ESP
[COT 2024-02-27 22:18:00] 76561199108250772: ESP target=BBP_LGate<194bfea0> action=built part=frame required_materials=false
[COT 2024-02-27 22:18:05] 76561199108250772: ESP target=BBP_LGate<194bfea0> action=built part=t3_wall_concrete_bricks required_materials=false
[COT 2024-02-27 22:18:09] 76561199108250772: ESP target=BBP_LGate<194bfea0> action=dismantle part=t3_wall_concrete_bricks
[COT 2024-02-27 22:18:11] 76561199108250772: ESP target=BBP_LGate<194bfea0> action=built part=t1_wall_logs_horizontal required_materials=false
[COT 2024-02-27 22:18:13] 76561199108250772: ESP: Clearing ESP
[COT 2024-02-27 22:18:47] 76561199108250772: Spawned Entity MMG Metal Crate Yellow (mmg_storage_openable_noLock_base<ad153360>, 100, 2000, 0) at <5911.185059, 98.692368, 4194.120117>
[COT 2024-02-27 22:18:56] 76561199108250772: Spawned Entity MMG Equipment Locker Rusty Kit (mmg_equipment_locker_grey_kit<ad156d30>, 100, 1000, 0) at <5912.876465, 98.692368, 4193.422363>
[COT 2024-02-27 22:19:36] 76561199108250772: Spawned Entity MMG Armored Cabinet Grey (mmg_armored_cabinet_base<a244baa0>, 100, 2000, 0) at <5914.256348, 98.692368, 4195.835449>
[COT 2024-02-27 22:20:15] 76561199108250772: Spawned Entity Boxed 7.62x39mm Rounds (AmmoBox_762x39_20Rnd<aeb72ee0>, 100, 36, 0) at <5914.458984, 98.692368, 4194.766602>
[COT 2024-02-27 22:20:15] 76561199108250772: Spawned Entity Boxed 7.62x39mm Rounds (AmmoBox_762x39_20Rnd<aeb6c6d0>, 100, 36, 0) at <5914.460938, 98.745636, 4194.760742>
[COT 2024-02-27 22:20:16] 76561199108250772: Spawned Entity Boxed 7.62x39mm Rounds (AmmoBox_762x39_20Rnd<aeb73a70>, 100, 36, 0) at <5914.462891, 98.799431, 4194.755859>
[COT 2024-02-27 22:20:16] 76561199108250772: Spawned Entity Boxed 7.62x39mm Rounds (AmmoBox_762x39_20Rnd<aeb7e7e0>, 100, 36, 0) at <5914.464355, 98.853233, 4194.750488>
[COT 2024-02-27 22:20:33] 76561199108250772: Spawned Entity Hammer (Hammer<99858870>, 100, 100, 0) at <5914.438477, 98.692368, 4194.696777>
[COT 2024-02-27 22:20:45] 76561199108250772: Spawned Entity Hammer (Hammer<99855a30>, 100, 34, 0) at <5914.443359, 98.788368, 4194.682129>
[COT 2024-02-27 22:21:03] 76561199108250772: Spawned Entity Boxed Nails (NailBox<98d12250>, 100, 31, 0) at <5914.590332, 98.692368, 4194.224609>
[COT 2024-02-27 22:21:04] 76561199108250772: Spawned Entity Boxed Nails (NailBox<98d0ba40>, 100, 31, 0) at <5914.597168, 98.891815, 4194.199707>
[COT 2024-02-27 22:21:38] 76561199108250772: Spawned Entity Bear Steak (BearSteakMeat<24abcf0>, 500, 50, 1) at <5912.075684, 98.692368, 4193.475098>
[COT 2024-02-27 22:21:39] 76561199108250772: Spawned Entity Bear Steak (BearSteakMeat<aeb290f0>, 500, 50, 1) at <5912.100586, 98.780418, 4193.452637>
[COT 2024-02-27 22:21:39] 76561199108250772: Spawned Entity Bear Steak (BearSteakMeat<aeb0c690>, 500, 50, 1) at <5912.126465, 98.870842, 4193.429199>
[COT 2024-02-27 22:21:40] 76561199108250772: Spawned Entity Bear Steak (BearSteakMeat<aeb05a00>, 500, 50, 1) at <5912.151855, 98.960815, 4193.406250>
[COT 2024-02-27 22:21:51] 76561199108250772: Spawned Entity Fire Barrel (BarrelHoles_Red<f1f93c70>, 100, 900, 0) at <5910.790039, 98.692368, 4192.191895>
[COT 2024-02-27 22:22:04] 76561199108250772: Spawned Entity Firewood (Firewood<b8733fd0>, 1, 500, 0) at <5911.644531, 98.692368, 4192.820801>
[COT 2024-02-27 22:22:05] 76561199108250772: Spawned Entity Firewood (Firewood<b8738530>, 1, 500, 0) at <5911.665527, 98.868980, 4192.823242>
[COT 2024-02-27 22:22:11] 76561199108250772: Spawned Entity Paper (Paper<b4d29960>, 1, 15, 0) at <5911.500488, 98.692368, 4192.315430>
[COT 2024-02-27 22:22:24] 76561199108250772: Spawned Entity Lighter (PetrolLighter<b4d26b20>, 20, 20, 0) at <5911.508789, 98.745354, 4192.323730>
[COT 2024-02-27 22:23:11] 76561199108250772: Spawned Entity MMG Equipment Locker Rusty Kit (mmg_equipment_locker_grey_kit<b8ce3080>, 100, 1000, 0) at <5916.779785, 98.692368, 4192.791992>
[COT 2024-02-27 22:24:24] 76561199108250772: Spawned Entity MVS Sling Pack - Black (MountainBag_ColorBase<b828d450>, 100, 300, 0) at <5918.147949, 98.692368, 4194.107422>
[COT 2024-02-27 22:24:41] 76561199108250772: Spawned Entity KA-101 (AK101<a1734940>, 100, 146, 0) at <5917.870605, 98.692375, 4194.268555>
[COT 2024-02-27 22:24:46] 76561199108250772: Spawned Entity Blaze (B95<a1737070>, 100, 122, 0) at <5917.862305, 98.757507, 4194.291504>
[COT 2024-02-27 22:24:51] 76561199108250772: Spawned Entity LAR (FAL_Base<bd8068a0>, 100, 146, 0) at <5917.844238, 98.901207, 4194.341309>
[COT 2024-02-27 22:26:19] 76561199108250772: Spawned Entity Ruger556_MagPul (556x45) (M4A1_Base<bd804170>, 100, 109, 0) at <5917.977051, 98.692368, 4193.835449>
[COT 2024-02-27 22:26:43] 76561199108250772: Teleported to position <6591.962402, 21.269476, 3649.445801>
[COT 2024-02-27 22:28:09] 76561199108250772: Spawned Entity UH-1H (ExpansionUh1h<1bd6f030>, 100, 7500, 0) at <6641.960449, 21.366646, 3650.809814>
[COT 2024-02-27 22:28:24] 76561199108250772: Spawned Entity Boxed Nails (NailBox<3a86a30>, 100, 80, 0) at <6635.082031, 21.297787, 3651.239502>
[COT 2024-02-27 22:28:24] 76561199108250772: Spawned Entity Boxed Nails (NailBox<3a875c0>, 100, 80, 0) at <6635.131836, 21.497229, 3651.237305>
[COT 2024-02-27 22:28:25] 76561199108250772: Spawned Entity Boxed Nails (NailBox<3a89870>, 100, 80, 0) at <6635.181641, 21.696669, 3651.234863>
[COT 2024-02-27 22:28:25] 76561199108250772: Spawned Entity Boxed Nails (NailBox<3a83060>, 100, 80, 0) at <6635.230957, 21.896111, 3651.232666>
[COT 2024-02-27 22:28:54] 76561199108250772: Spawned Entity Code Lock (ExpansionCodeLock<bdda85f0>, 100, 100, 0) at <6634.588379, 21.292166, 3651.018066>
[COT 2024-02-27 22:28:55] 76561199108250772: Spawned Entity Code Lock (ExpansionCodeLock<bdda9180>, 100, 100, 0) at <6634.600586, 21.312473, 3651.015869>
[COT 2024-02-27 22:28:55] 76561199108250772: Spawned Entity Code Lock (ExpansionCodeLock<bddb1c40>, 100, 100, 0) at <6634.613770, 21.334093, 3651.013672>
[COT 2024-02-27 22:28:56] 76561199108250772: Spawned Entity Code Lock (ExpansionCodeLock<bddb27d0>, 100, 100, 0) at <6634.627441, 21.355713, 3651.010986>
[COT 2024-02-27 22:29:17] 76561199108250772: Spawned Entity Boxed 5.56x45mm Rounds (AmmoBox_556x45_20Rnd<bddb3360>, 100, 100, 0) at <6634.945801, 21.298227, 3651.441895>
[COT 2024-02-27 22:29:18] 76561199108250772: Spawned Entity Boxed 5.56x45mm Rounds (AmmoBox_556x45_20Rnd<bddb3ef0>, 100, 100, 0) at <6634.955566, 21.317780, 3651.435059>
[COT 2024-02-27 22:29:18] 76561199108250772: Spawned Entity Boxed 5.56x45mm Rounds (AmmoBox_556x45_20Rnd<bddb4a80>, 100, 100, 0) at <6634.964844, 21.337406, 3651.428223>
[COT 2024-02-27 22:29:18] 76561199108250772: Spawned Entity Boxed 5.56x45mm Rounds (AmmoBox_556x45_20Rnd<bddb61a0>, 100, 100, 0) at <6634.974609, 21.356958, 3651.421631>
[COT 2024-02-27 22:29:19] 76561199108250772: Spawned Entity Boxed 5.56x45mm Rounds (AmmoBox_556x45_20Rnd<bddb0520>, 100, 100, 0) at <6634.983887, 21.376511, 3651.414795>
[COT 2024-02-27 22:29:20] 76561199108250772: Spawned Entity Boxed 5.56x45mm Rounds (AmmoBox_556x45_20Rnd<bddb78c0>, 100, 100, 0) at <6634.993652, 21.396061, 3651.408203>
[COT 2024-02-27 22:29:20] 76561199108250772: Spawned Entity Boxed 5.56x45mm Rounds (AmmoBox_556x45_20Rnd<b6501b50>, 100, 100, 0) at <6635.003418, 21.415688, 3651.401367>
[COT 2024-02-27 22:29:20] 76561199108250772: Spawned Entity Boxed 5.56x45mm Rounds (AmmoBox_556x45_20Rnd<b650bd30>, 100, 100, 0) at <6635.012695, 21.435240, 3651.394531>
[COT 2024-02-27 22:29:21] 76561199108250772: Spawned Entity Boxed 5.56x45mm Rounds (AmmoBox_556x45_20Rnd<b6510e20>, 100, 100, 0) at <6635.021973, 21.454792, 3651.387939>
[COT 2024-02-27 22:29:21] 76561199108250772: Spawned Entity Boxed 5.56x45mm Rounds (AmmoBox_556x45_20Rnd<b8a155f0>, 100, 100, 0) at <6635.031738, 21.474342, 3651.381104>
[COT 2024-02-27 22:29:26] 76561199108250772: Spawned Entity Boxed .308 WIN Tracer Rounds (Box_Base<b8a16d10>, 100, 100, 0) at <6634.945801, 21.298227, 3651.441895>
[COT 2024-02-27 22:29:27] 76561199108250772: Spawned Entity Boxed .308 WIN Tracer Rounds (Box_Base<b8a1f7d0>, 100, 100, 0) at <6634.960449, 21.327951, 3651.431641>
[COT 2024-02-27 22:29:27] 76561199108250772: Spawned Entity Boxed .308 WIN Tracer Rounds (Box_Base<b8a18fc0>, 100, 100, 0) at <6634.974609, 21.357376, 3651.421387>
[COT 2024-02-27 22:29:27] 76561199108250772: Spawned Entity Boxed .308 WIN Tracer Rounds (Box_Base<b8a20ef0>, 100, 100, 0) at <6634.988770, 21.386801, 3651.410889>
[COT 2024-02-27 22:29:28] 76561199108250772: Spawned Entity Boxed .308 WIN Tracer Rounds (Box_Base<b8a25fe0>, 100, 100, 0) at <6635.003418, 21.416225, 3651.401123>
[COT 2024-02-27 22:29:28] 76561199108250772: Spawned Entity Boxed .308 WIN Tracer Rounds (Box_Base<b8a28290>, 100, 100, 0) at <6635.018066, 21.445650, 3651.391113>
[COT 2024-02-27 22:29:29] 76561199108250772: Spawned Entity Boxed .308 WIN Tracer Rounds (Box_Base<b8a21a80>, 100, 100, 0) at <6635.032227, 21.475374, 3651.380615>
[COT 2024-02-27 22:29:29] 76561199108250772: Spawned Entity Boxed .308 WIN Tracer Rounds (Box_Base<b8a22610>, 100, 100, 0) at <6635.046875, 21.504799, 3651.370605>
[COT 2024-02-27 22:29:30] 76561199108250772: Spawned Entity Boxed .308 WIN Tracer Rounds (Box_Base<b8a2bc60>, 100, 100, 0) at <6635.061035, 21.534523, 3651.360352>
[COT 2024-02-27 22:29:30] 76561199108250772: Spawned Entity Boxed .308 WIN Tracer Rounds (Box_Base<b8a25450>, 100, 100, 0) at <6635.075684, 21.564247, 3651.349854>
[COT 2024-02-27 22:29:59] 76561199108250772: Spawned Entity MMG Solo Locker Yellow Kit (mmg_solo_locker_yellow_kit<fc65bba0>, 100, 1000, 0) at <6634.725586, 21.294243, 3651.147461>
[COT 2024-02-27 22:30:00] 76561199108250772: Spawned Entity MMG Solo Locker Yellow Kit (mmg_solo_locker_yellow_kit<fc65de50>, 100, 1000, 0) at <6634.863281, 21.546738, 3651.053711>
[COT 2024-02-27 22:30:32] 76561199108250772: Spawned Entity MMG Gun Wall Kit Metal (mmg_gun_wall_kit_metal<fc631d00>, 100, 1000, 0) at <6634.814453, 21.292965, 3650.884033>
[COT 2024-02-27 22:33:47] 76561199108250772: Set rain to 0 0 0
[COT 2024-02-27 22:33:47] 76561199108250772: Set storm to 0 0.8 4000
[COT 2024-02-27 22:33:47] 76561199108250772: Set fog to 0 0 0
[COT 2024-02-27 22:33:47] 76561199108250772: Set overcast to 0 0 0
[COT 2024-02-27 22:33:47] 76561199108250772: Set wind to 0 0 1
[COT 2024-02-27 22:37:27] 76561199108250772: Teleported to position <5923.397949, 98.554710, 4190.959473>
[COT 2024-02-27 22:37:49] 76561199108250772: Entered the Free Camera
[COT 2024-02-27 22:37:52] 76561199108250772: Left the Free Camera
[COT 2024-02-27 22:40:40] 76561199108250772: Set Invisibility To 1 [guid=OAdpPkJP2Ps_W7h2ttR1bK23ekHCzrxw0mDT3zqLMdU=]
[COT 2024-02-27 22:40:55] 76561199108250772: Teleported to position <8725.805664, 9.830760, 5209.188965>
[COT 2024-02-27 22:40:58] 76561199108250772: Entered the Free Camera
[COT 2024-02-27 22:41:01] 76561199108250772: Entered the Free Camera
[COT 2024-02-27 22:43:42] 76561199108250772: Set UnlimitedAmmo To true [guid=OAdpPkJP2Ps_W7h2ttR1bK23ekHCzrxw0mDT3zqLMdU=]
[COT 2024-02-27 22:43:43] 76561199108250772: Set UnlimitedStamina To true [guid=OAdpPkJP2Ps_W7h2ttR1bK23ekHCzrxw0mDT3zqLMdU=]
[COT 2024-02-27 22:43:44] 76561199108250772: Set cannot be targeted by AI to true [guid=OAdpPkJP2Ps_W7h2ttR1bK23ekHCzrxw0mDT3zqLMdU=]
[COT 2024-02-27 22:43:44] 76561199108250772: Set Invisibility To 1 [guid=OAdpPkJP2Ps_W7h2ttR1bK23ekHCzrxw0mDT3zqLMdU=]
[COT 2024-02-27 22:43:44] 76561199108250772: Set GodMode To true [guid=OAdpPkJP2Ps_W7h2ttR1bK23ekHCzrxw0mDT3zqLMdU=]
