[COT 2024-03-15 22:47:06] 76561199108250772: Set GodMode To true [guid=OAdpPkJP2Ps_W7h2ttR1bK23ekHCzrxw0mDT3zqLMdU=]
[COT 2024-03-15 22:47:07] 76561199108250772: Set UnlimitedAmmo To true [guid=OAdpPkJP2Ps_W7h2ttR1bK23ekHCzrxw0mDT3zqLMdU=]
[COT 2024-03-15 22:47:07] 76561199108250772: Set UnlimitedStamina To true [guid=OAdpPkJP2Ps_W7h2ttR1bK23ekHCzrxw0mDT3zqLMdU=]
[COT 2024-03-15 22:47:07] 76561199108250772: Set cannot be targeted by AI to true [guid=OAdpPkJP2Ps_W7h2ttR1bK23ekHCzrxw0mDT3zqLMdU=]
[COT 2024-03-15 22:47:27] 76561199108250772: Teleported to position <141.751114, 105.412216, 7067.360840>
[COT 2024-03-15 22:48:02] 76561199108250772: Spawned Entity #STR_EXPANSION_ADMIN #STR_EXPANSION_CAR_KEYS (ExpansionCarAdminKey<950c27e0>, 100, 100, 0) at <154.396606, 105.277176, 7066.708496>
[COT 2024-03-15 22:48:23] 76561199108250772: Repaired Transport [guid=OAdpPkJP2Ps_W7h2ttR1bK23ekHCzrxw0mDT3zqLMdU=]
[COT 2024-03-15 22:48:44] 76561199108250772: Teleported to position <8332.945313, 70.843918, 3484.918945>
[COT 2024-03-15 22:48:47] 76561199108250772: Entered the Free Camera
[COT 2024-03-15 22:48:58] 76561199108250772: Left the Free Camera
[COT 2024-03-15 22:52:14] 76561199108250772: Entered the Free Camera
[COT 2024-03-15 22:52:43] 76561199108250772: Left the Free Camera
[COT 2024-03-15 22:53:11] 76561199108250772: Spawned Entity (Large/Small) Wall Kit (BBP_Wall_Kit<93d17710>, 4, 100, 0) at <8355.233398, 70.894142, 3497.269775>
[COT 2024-03-15 22:53:22] 76561199108250772: Spawned Entity (Large/Small) Door Kit (BBP_Door_Kit<93d1bc70>, 4, 100, 0) at <8355.268555, 71.194565, 3496.963379>
[COT 2024-03-15 22:53:22] 76561199108250772: Spawned Entity (Large/Small) Door Kit (BBP_Door_Kit<93d16b80>, 4, 100, 0) at <8355.295898, 71.457619, 3496.682129>
[COT 2024-03-15 22:53:42] 76561199108250772: Spawned Entity Concrete Mix (BBP_Cement<94ee8610>, 2, 400, 0) at <8352.908203, 70.899345, 3498.716553>
[COT 2024-03-15 22:53:43] 76561199108250772: Spawned Entity Concrete Mix (BBP_Cement<94ee6360>, 2, 400, 0) at <8353.208008, 71.045815, 3498.729248>
[COT 2024-03-15 22:54:17] 76561199108250772: Entered the Free Camera
[COT 2024-03-15 22:54:21] 76561199108250772: Left the Free Camera
[COT 2024-03-15 22:55:09] 76561199108250772: Entered the Free Camera
[COT 2024-03-15 22:55:28] 76561199108250772: Left the Free Camera
[COT 2024-03-15 22:55:36] 76561199108250772: Spawned Entity Mini Safe (ExpansionSafeMini<94f11920>, 100, 10000, 0) at <8337.787109, 70.995049, 3461.930420>
[COT 2024-03-15 22:56:02] 76561199108250772: Spawned Entity Keys (ExpansionCarKey<94e46bf0>, 100, 100, 0) at <8337.516602, 71.998909, 3462.996094>
[COT 2024-03-15 22:56:03] 76561199108250772: Spawned Entity Keys (ExpansionCarKey<94e53080>, 100, 100, 0) at <8337.512695, 72.011086, 3462.961182>
[COT 2024-03-15 22:56:04] 76561199108250772: Spawned Entity Keys (ExpansionCarKey<94e5afb0>, 100, 100, 0) at <8337.513672, 72.016685, 3462.944336>
[COT 2024-03-15 22:56:05] 76561199108250772: Spawned Entity Keys (ExpansionCarKey<94e5e980>, 100, 100, 0) at <8337.506836, 72.022041, 3462.931152>
[COT 2024-03-15 22:56:06] 76561199108250772: Spawned Entity Keys (ExpansionCarKey<94e58d00>, 100, 100, 0) at <8337.512695, 72.028206, 3462.914795>
[COT 2024-03-15 22:56:33] 76561199108250772: Teleported to position <6590.273926, 21.310457, 3654.700928>
