[COT 2024-03-09 18:25:37] 76561199407766611: Set GodMode To true [guid=spMEkRl42onhFHdF_u42e0T03x2sj347kUc600NXdGA=]
[COT 2024-03-09 18:25:37] 76561199407766611: Set Invisibility To 1 [guid=spMEkRl42onhFHdF_u42e0T03x2sj347kUc600NXdGA=]
[COT 2024-03-09 18:25:39] 76561199407766611: Set UnlimitedAmmo To true [guid=spMEkRl42onhFHdF_u42e0T03x2sj347kUc600NXdGA=]
[COT 2024-03-09 18:25:54] 76561199407766611: Teleported to position <6240.692871, 65.215523, 8246.191406>
[COT 2024-03-09 18:25:58] 76561199407766611: Entered the Free Camera
[COT 2024-03-09 18:26:40] 76561199407766611: Left the Free Camera
[COT 2024-03-09 18:27:14] 76561199407766611: Spawned Entity Flag Pole Kit (TerritoryFlagKit<46ff5700>, 100, 200, 0) at <6227.932129, 76.836380, 8146.045898>
[COT 2024-03-09 18:28:53] 76561199407766611: Spawned Entity (Large/Small) Stair Kit (BBP_Stair_Kit<9f2dc650>, 100, 100, 0) at <6223.691406, 73.578903, 8142.391602>
[COT 2024-03-09 18:28:53] 76561199407766611: Spawned Entity (Large/Small) Stair Kit (BBP_Stair_Kit<9f2d5e40>, 100, 100, 0) at <6223.691406, 73.578903, 8142.391602>
[COT 2024-03-09 18:28:54] 76561199407766611: Spawned Entity (Large/Small) Stair Kit (BBP_Stair_Kit<9f2dd1e0>, 100, 100, 0) at <6223.691406, 73.578903, 8142.391602>
[COT 2024-03-09 18:28:56] 76561199407766611: Spawned Entity (Large/Small) Stair Kit (BBP_Stair_Kit<9f2c6b70>, 100, 100, 0) at <6230.315918, 73.578232, 8143.535156>
[COT 2024-03-09 18:28:56] 76561199407766611: Spawned Entity (Large/Small) Stair Kit (BBP_Stair_Kit<3c7e3150>, 100, 100, 0) at <6230.139160, 73.622177, 8143.504395>
[COT 2024-03-09 18:28:56] 76561199407766611: Spawned Entity (Large/Small) Stair Kit (BBP_Stair_Kit<3c7e0310>, 100, 100, 0) at <6229.959961, 73.667183, 8143.473145>
[COT 2024-03-09 18:29:16] 76561199407766611: Spawned Entity (Large/Small) Wall Kit (BBP_Wall_Kit<3c7f2fb0>, 100, 100, 0) at <6231.519531, 73.577499, 8143.169922>
[COT 2024-03-09 18:29:16] 76561199407766611: Spawned Entity (Large/Small) Wall Kit (BBP_Wall_Kit<3c7f7510>, 100, 100, 0) at <6231.519531, 73.577499, 8143.170898>
[COT 2024-03-09 18:29:16] 76561199407766611: Spawned Entity (Large/Small) Wall Kit (BBP_Wall_Kit<3c7f97c0>, 100, 100, 0) at <6231.519043, 73.577499, 8143.170898>
[COT 2024-03-09 18:29:16] 76561199407766611: Spawned Entity (Large/Small) Wall Kit (BBP_Wall_Kit<3c80b8d0>, 100, 100, 0) at <6231.518066, 73.577499, 8143.171387>
[COT 2024-03-09 18:29:16] 76561199407766611: Spawned Entity (Large/Small) Wall Kit (BBP_Wall_Kit<3c8067e0>, 100, 100, 0) at <6231.067871, 73.673035, 8143.126465>
[COT 2024-03-09 18:29:17] 76561199407766611: Spawned Entity (Large/Small) Wall Kit (BBP_Wall_Kit<3c808a90>, 100, 100, 0) at <6231.067871, 73.673180, 8143.126953>
[COT 2024-03-09 18:29:17] 76561199407766611: Spawned Entity (Large/Small) Wall Kit (BBP_Wall_Kit<3c812c70>, 100, 100, 0) at <6231.067871, 73.673294, 8143.126953>
[COT 2024-03-09 18:29:17] 76561199407766611: Spawned Entity (Large/Small) Wall Kit (BBP_Wall_Kit<3c80fe30>, 100, 100, 0) at <6230.587402, 73.775124, 8143.077637>
[COT 2024-03-09 18:29:17] 76561199407766611: Spawned Entity (Large/Small) Wall Kit (BBP_Wall_Kit<3c8109c0>, 100, 100, 0) at <6230.586914, 73.774834, 8143.076660>
[COT 2024-03-09 18:29:17] 76561199407766611: Spawned Entity (Large/Small) Wall Kit (BBP_Wall_Kit<3c813800>, 100, 100, 0) at <6230.587402, 73.774239, 8143.077148>
[COT 2024-03-09 18:29:17] 76561199407766611: Spawned Entity (Large/Small) Wall Kit (BBP_Wall_Kit<3c80db80>, 100, 100, 0) at <6230.587402, 73.774055, 8143.077637>
[COT 2024-03-09 18:29:18] 76561199407766611: Spawned Entity (Large/Small) Wall Kit (BBP_Wall_Kit<3c81aba0>, 100, 100, 0) at <6230.587402, 73.774025, 8143.078125>
[COT 2024-03-09 18:29:18] 76561199407766611: Spawned Entity (Large/Small) Wall Kit (BBP_Wall_Kit<33b20c80>, 100, 100, 0) at <6230.288574, 73.837639, 8143.048340>
[COT 2024-03-09 18:29:18] 76561199407766611: Spawned Entity (Large/Small) Wall Kit (BBP_Wall_Kit<33b23ac0>, 100, 100, 0) at <6229.829102, 73.935570, 8143.002441>
[COT 2024-03-09 18:29:18] 76561199407766611: Spawned Entity (Large/Small) Wall Kit (BBP_Wall_Kit<33b22f30>, 100, 100, 0) at <6229.427734, 74.021088, 8142.962891>
[COT 2024-03-09 18:29:18] 76561199407766611: Spawned Entity (Large/Small) Wall Kit (BBP_Wall_Kit<33b1d2b0>, 100, 100, 0) at <6229.104004, 74.089897, 8142.931641>
[COT 2024-03-09 18:29:19] 76561199407766611: Spawned Entity (Large/Small) Wall Kit (BBP_Wall_Kit<33b28bb0>, 100, 100, 0) at <6228.599121, 74.196999, 8142.881348>
[COT 2024-03-09 18:29:19] 76561199407766611: Spawned Entity (Large/Small) Wall Kit (BBP_Wall_Kit<33b27490>, 100, 100, 0) at <6228.121582, 74.298431, 8142.833496>
[COT 2024-03-09 18:29:19] 76561199407766611: Spawned Entity (Large/Small) Wall Kit (BBP_Wall_Kit<33b28020>, 100, 100, 0) at <6228.121582, 74.298340, 8142.833984>
[COT 2024-03-09 18:29:19] 76561199407766611: Spawned Entity (Large/Small) Wall Kit (BBP_Wall_Kit<33b2ae60>, 100, 100, 0) at <6228.122070, 74.298248, 8142.833008>
[COT 2024-03-09 18:29:29] 76561199407766611: Spawned Entity (Large/Small) Floor Kit (BBP_Floor_Kit<33b2b9f0>, 100, 100, 0) at <6232.025879, 73.576927, 8145.733887>
[COT 2024-03-09 18:29:29] 76561199407766611: Spawned Entity (Large/Small) Floor Kit (BBP_Floor_Kit<33b251e0>, 100, 100, 0) at <6231.861816, 73.609703, 8145.666992>
[COT 2024-03-09 18:29:29] 76561199407766611: Spawned Entity (Large/Small) Floor Kit (BBP_Floor_Kit<33aee320>, 100, 100, 0) at <6231.676270, 73.646782, 8145.590332>
[COT 2024-03-09 18:29:29] 76561199407766611: Spawned Entity (Large/Small) Floor Kit (BBP_Floor_Kit<33af05d0>, 100, 100, 0) at <6231.498535, 73.682419, 8145.517090>
[COT 2024-03-09 18:29:29] 76561199407766611: Spawned Entity (Large/Small) Floor Kit (BBP_Floor_Kit<33af1160>, 100, 100, 0) at <6231.236328, 73.734917, 8145.409180>
[COT 2024-03-09 18:29:29] 76561199407766611: Spawned Entity (Large/Small) Floor Kit (BBP_Floor_Kit<33aec070>, 100, 100, 0) at <6231.074219, 73.767250, 8145.342773>
[COT 2024-03-09 18:29:29] 76561199407766611: Spawned Entity (Large/Small) Floor Kit (BBP_Floor_Kit<33afa7b0>, 100, 100, 0) at <6230.872070, 73.807693, 8145.260742>
[COT 2024-03-09 18:29:30] 76561199407766611: Spawned Entity (Large/Small) Floor Kit (BBP_Floor_Kit<33af3fa0>, 100, 100, 0) at <6230.708008, 73.840523, 8145.194824>
[COT 2024-03-09 18:29:30] 76561199407766611: Spawned Entity (Large/Small) Floor Kit (BBP_Floor_Kit<33af6250>, 100, 100, 0) at <6230.516113, 73.878593, 8145.116211>
[COT 2024-03-09 18:29:30] 76561199407766611: Spawned Entity (Large/Small) Floor Kit (BBP_Floor_Kit<33afd5f0>, 100, 100, 0) at <6230.253906, 73.930763, 8145.011230>
[COT 2024-03-09 18:29:30] 76561199407766611: Spawned Entity (Large/Small) Floor Kit (BBP_Floor_Kit<33af6de0>, 100, 100, 0) at <6230.084961, 73.964554, 8144.942871>
[COT 2024-03-09 18:30:00] 76561199407766611: Spawned Entity ADMIN HAMMER (BBP_Admin_Hammer<33b12540>, 100, 100, 0) at <6232.332520, 73.573349, 8148.440918>
[COT 2024-03-09 18:41:56] 76561199407766611: Spawned Entity Sledgehammer (SledgeHammer<9613ec50>, 100, 300, 0) at <6224.749512, 76.790451, 8139.329102>
[COT 2024-03-09 18:46:12] 76561199407766611: Spawned Entity (Large/Small) Door Kit (BBP_Door_Kit<49e40ec0>, 100, 100, 0) at <6240.104492, 79.802399, 8151.568359>
[COT 2024-03-09 18:46:12] 76561199407766611: Spawned Entity (Large/Small) Door Kit (BBP_Door_Kit<49e41a50>, 100, 100, 0) at <6239.921875, 79.839149, 8151.501953>
[COT 2024-03-09 18:46:12] 76561199407766611: Spawned Entity (Large/Small) Door Kit (BBP_Door_Kit<49e43170>, 100, 100, 0) at <6239.622070, 79.899750, 8151.388672>
[COT 2024-03-09 18:46:13] 76561199407766611: Spawned Entity (Large/Small) Door Kit (BBP_Door_Kit<49e3c960>, 100, 100, 0) at <6239.457520, 79.933327, 8151.324707>
[COT 2024-03-09 18:49:46] 76561199407766611: Spawned Entity (Large/Small) Half Wall Kit (BBP_Half_Wall_Kit<9cea3190>, 100, 100, 0) at <6243.947266, 79.802345, 8147.224609>
[COT 2024-03-09 18:49:46] 76561199407766611: Spawned Entity (Large/Small) Half Wall Kit (BBP_Half_Wall_Kit<9cea5fd0>, 100, 100, 0) at <6243.853516, 79.852066, 8147.395508>
[COT 2024-03-09 18:49:46] 76561199407766611: Spawned Entity (Large/Small) Half Wall Kit (BBP_Half_Wall_Kit<9cea76f0>, 100, 100, 0) at <6243.730957, 79.917709, 8147.620605>
[COT 2024-03-09 18:49:46] 76561199407766611: Spawned Entity (Large/Small) Half Wall Kit (BBP_Half_Wall_Kit<9cea0ee0>, 100, 100, 0) at <6243.645508, 79.963112, 8147.775391>
[COT 2024-03-09 18:49:47] 76561199407766611: Spawned Entity (Large/Small) Half Wall Kit (BBP_Half_Wall_Kit<9cea8280>, 100, 100, 0) at <6243.562988, 80.008171, 8147.930176>
[COT 2024-03-09 18:49:47] 76561199407766611: Spawned Entity (Large/Small) Half Wall Kit (BBP_Half_Wall_Kit<9ceabc50>, 100, 100, 0) at <6243.418945, 80.086258, 8148.198730>
[COT 2024-03-09 18:49:47] 76561199407766611: Spawned Entity (Large/Small) Half Wall Kit (BBP_Half_Wall_Kit<9ceaea90>, 100, 100, 0) at <6243.333984, 80.131531, 8148.354004>
[COT 2024-03-09 18:49:47] 76561199407766611: Spawned Entity (Large/Small) Half Wall Kit (BBP_Half_Wall_Kit<9cea99a0>, 100, 100, 0) at <6243.242188, 80.180664, 8148.522461>
[COT 2024-03-09 18:49:50] 76561199407766611: Spawned Entity (Large/Small) Half Wall Kit (BBP_Half_Wall_Kit<9ce77bd0>, 100, 100, 0) at <6244.033203, 79.802353, 8145.416992>
[COT 2024-03-09 18:49:50] 76561199407766611: Spawned Entity (Large/Small) Half Wall Kit (BBP_Half_Wall_Kit<9ce74200>, 100, 100, 0) at <6243.962891, 79.838852, 8145.581543>
[COT 2024-03-09 18:49:50] 76561199407766611: Spawned Entity (Large/Small) Half Wall Kit (BBP_Half_Wall_Kit<9ce7b5a0>, 100, 100, 0) at <6243.892090, 79.876213, 8145.750000>
[COT 2024-03-09 18:49:50] 76561199407766611: Spawned Entity (Large/Small) Half Wall Kit (BBP_Half_Wall_Kit<9ce7c130>, 100, 100, 0) at <6243.784668, 79.931061, 8145.999512>
[COT 2024-03-09 18:49:50] 76561199407766611: Spawned Entity (Large/Small) Half Wall Kit (BBP_Half_Wall_Kit<9ce84060>, 100, 100, 0) at <6243.714844, 79.966545, 8146.162109>
[COT 2024-03-09 18:49:50] 76561199407766611: Spawned Entity (Large/Small) Half Wall Kit (BBP_Half_Wall_Kit<9ce8bf90>, 100, 100, 0) at <6243.640625, 80.005035, 8146.339355>
[COT 2024-03-09 18:49:50] 76561199407766611: Spawned Entity (Large/Small) Half Wall Kit (BBP_Half_Wall_Kit<9ce93ec0>, 100, 100, 0) at <6243.530762, 80.061646, 8146.597168>
[COT 2024-03-09 18:49:51] 76561199407766611: Spawned Entity (Large/Small) Half Wall Kit (BBP_Half_Wall_Kit<9ce8d6b0>, 100, 100, 0) at <6243.463379, 80.097496, 8146.760254>
[COT 2024-03-09 18:49:51] 76561199407766611: Spawned Entity (Large/Small) Half Wall Kit (BBP_Half_Wall_Kit<9ce8e240>, 100, 100, 0) at <6243.389160, 80.136452, 8146.935547>
[COT 2024-03-09 18:49:51] 76561199407766611: Spawned Entity (Large/Small) Half Wall Kit (BBP_Half_Wall_Kit<9ce955e0>, 100, 100, 0) at <6243.320801, 80.172432, 8147.096680>
[COT 2024-03-09 18:49:51] 76561199407766611: Spawned Entity (Large/Small) Half Wall Kit (BBP_Half_Wall_Kit<9ce8edd0>, 100, 100, 0) at <6243.195801, 80.238289, 8147.393555>
[COT 2024-03-09 18:49:51] 76561199407766611: Spawned Entity (Large/Small) Half Wall Kit (BBP_Half_Wall_Kit<9ce96170>, 100, 100, 0) at <6243.127930, 80.274178, 8147.555176>
[COT 2024-03-09 18:52:09] 76561199407766611: Spawned Entity Code Lock (ExpansionCodeLock<982c70d0>, 100, 100, 0) at <6228.137207, 76.790031, 8139.876953>
[COT 2024-03-09 18:52:09] 76561199407766611: Spawned Entity Code Lock (ExpansionCodeLock<982cc1c0>, 100, 100, 0) at <6228.123535, 76.810341, 8139.905762>
[COT 2024-03-09 18:52:09] 76561199407766611: Spawned Entity Code Lock (ExpansionCodeLock<982ccd50>, 100, 100, 0) at <6228.109375, 76.831963, 8139.936035>
[COT 2024-03-09 18:52:55] 76561199407766611: Spawned Entity (Large/Small) Floor Kit (BBP_Floor_Kit<2e2c0a70>, 100, 100, 0) at <6228.308594, 79.865982, 8146.543945>
[COT 2024-03-09 18:52:56] 76561199407766611: Spawned Entity (Large/Small) Floor Kit (BBP_Floor_Kit<2e2bb980>, 100, 100, 0) at <6228.580078, 79.966148, 8146.668457>
[COT 2024-03-09 18:52:56] 76561199407766611: Spawned Entity (Large/Small) Floor Kit (BBP_Floor_Kit<2e2badf0>, 100, 100, 0) at <6228.762695, 80.034294, 8146.751953>
[COT 2024-03-09 19:01:04] 76561199407766611: Deleted Entity BBP_Bfloor:5344 at <6230.904785, 79.557770, 8147.676758>
[COT 2024-03-09 19:01:12] 76561199407766611: Deleted Entity BBP_Sfloor:8211 at <6229.376465, 81.061653, 8146.146973>
[COT 2024-03-09 19:01:15] 76561199407766611: Deleted Entity BBP_Sfloor:15799 at <6228.752441, 81.061859, 8147.511230>
[COT 2024-03-09 19:03:42] 76561199407766611: Deleted Entity BBP_Bfloor:18373 at <6230.905762, 79.557358, 8147.677246>
[COT 2024-03-09 19:03:45] 76561199407766611: Deleted Entity BBP_Bfloor:17988 at <6231.110840, 81.141853, 8147.763184>
[COT 2024-03-09 19:03:54] 76561199407766611: Spawned Entity (Large/Small) Floor Kit (BBP_Floor_Kit<38565b40>, 100, 100, 0) at <6233.313965, 73.566803, 8152.785645>
[COT 2024-03-09 19:03:54] 76561199407766611: Spawned Entity (Large/Small) Floor Kit (BBP_Floor_Kit<385666d0>, 100, 100, 0) at <6233.216797, 73.634293, 8152.603027>
[COT 2024-03-09 19:03:54] 76561199407766611: Spawned Entity (Large/Small) Floor Kit (BBP_Floor_Kit<38567df0>, 100, 100, 0) at <6233.132813, 73.693123, 8152.444824>
[COT 2024-03-09 19:03:54] 76561199407766611: Spawned Entity (Large/Small) Floor Kit (BBP_Floor_Kit<3856b7c0>, 100, 100, 0) at <6233.019531, 73.771965, 8152.231934>
[COT 2024-03-09 19:03:54] 76561199407766611: Spawned Entity (Large/Small) Floor Kit (BBP_Floor_Kit<38564fb0>, 100, 100, 0) at <6232.922363, 73.839828, 8152.048828>
[COT 2024-03-09 19:03:55] 76561199407766611: Spawned Entity (Large/Small) Floor Kit (BBP_Floor_Kit<3856c350>, 100, 100, 0) at <6232.790527, 73.932755, 8151.797852>
[COT 2024-03-09 19:06:16] 76561199407766611: Spawned Entity Barbed Wire Kit (ExpansionBarbedWireKit<2adc7360>, 2, 100, 0) at <6230.872559, 81.493179, 8147.462402>
[COT 2024-03-09 19:06:16] 76561199407766611: Spawned Entity Barbed Wire Kit (ExpansionBarbedWireKit<2ade7bb0>, 2, 100, 0) at <6231.086426, 81.688446, 8147.368164>
[COT 2024-03-09 19:06:17] 76561199407766611: Spawned Entity Barbed Wire Kit (ExpansionBarbedWireKit<2ade4d70>, 2, 100, 0) at <6231.186035, 81.778549, 8147.324219>
[COT 2024-03-09 19:06:17] 76561199407766611: Spawned Entity Barbed Wire Kit (ExpansionBarbedWireKit<2ade13a0>, 2, 100, 0) at <6231.307617, 81.888977, 8147.270508>
[COT 2024-03-09 19:07:53] 76561199407766611: Set GodMode To false [guid=spMEkRl42onhFHdF_u42e0T03x2sj347kUc600NXdGA=]
[COT 2024-03-09 19:11:33] 76561199407766611: Set GodMode To true [guid=spMEkRl42onhFHdF_u42e0T03x2sj347kUc600NXdGA=]
[COT 2024-03-09 19:11:35] 76561199407766611: Healed [guid=spMEkRl42onhFHdF_u42e0T03x2sj347kUc600NXdGA=]
[COT 2024-03-09 19:12:33] 76561199407766611: Spawned Entity (Large/Small) Floor Kit (BBP_Floor_Kit<48103490>, 100, 100, 0) at <6248.837402, 79.802139, 8141.533691>
[COT 2024-03-09 19:12:33] 76561199407766611: Spawned Entity (Large/Small) Floor Kit (BBP_Floor_Kit<48101d70>, 100, 100, 0) at <6248.619629, 79.910797, 8141.720215>
[COT 2024-03-09 19:12:33] 76561199407766611: Spawned Entity (Large/Small) Floor Kit (BBP_Floor_Kit<9fc86f90>, 100, 100, 0) at <6248.400879, 80.020454, 8141.909180>
[COT 2024-03-09 19:12:33] 76561199407766611: Spawned Entity (Large/Small) Floor Kit (BBP_Floor_Kit<9fc8b4f0>, 100, 100, 0) at <6248.158203, 80.141632, 8142.118652>
[COT 2024-03-09 19:12:33] 76561199407766611: Spawned Entity (Large/Small) Floor Kit (BBP_Floor_Kit<9fc87b20>, 100, 100, 0) at <6248.017090, 80.211639, 8142.238770>
[COT 2024-03-09 19:12:34] 76561199407766611: Spawned Entity (Large/Small) Floor Kit (BBP_Floor_Kit<9fc94b40>, 100, 100, 0) at <6247.799316, 80.318657, 8142.416016>
[COT 2024-03-09 19:12:34] 76561199407766611: Spawned Entity (Large/Small) Floor Kit (BBP_Floor_Kit<9fc91d00>, 100, 100, 0) at <6247.581055, 80.427040, 8142.600098>
[COT 2024-03-09 19:12:34] 76561199407766611: Spawned Entity (Large/Small) Floor Kit (BBP_Floor_Kit<9fc9b350>, 100, 100, 0) at <6247.350586, 80.541840, 8142.795898>
[COT 2024-03-09 19:12:34] 76561199407766611: Spawned Entity (Large/Small) Floor Kit (BBP_Floor_Kit<9fc956d0>, 100, 100, 0) at <6247.128906, 80.651840, 8142.984375>
[COT 2024-03-09 19:12:35] 76561199407766611: Spawned Entity (Large/Small) Floor Kit (BBP_Floor_Kit<9fc990a0>, 100, 100, 0) at <6246.994141, 80.719131, 8143.100098>
[COT 2024-03-09 19:12:41] 76561199407766611: Spawned Entity (Large/Small) Wall Kit (BBP_Wall_Kit<9fc98510>, 100, 100, 0) at <6246.863281, 80.785278, 8143.219238>
[COT 2024-03-09 19:12:41] 76561199407766611: Spawned Entity (Large/Small) Wall Kit (BBP_Wall_Kit<9fc96260>, 100, 100, 0) at <6246.861816, 80.785599, 8143.217773>
[COT 2024-03-09 19:12:41] 76561199407766611: Spawned Entity (Large/Small) Wall Kit (BBP_Wall_Kit<9fc96df0>, 100, 100, 0) at <6246.860352, 80.785934, 8143.216797>
[COT 2024-03-09 19:12:41] 76561199407766611: Spawned Entity (Large/Small) Wall Kit (BBP_Wall_Kit<9fc97980>, 100, 100, 0) at <6246.859863, 80.786194, 8143.216309>
[COT 2024-03-09 19:12:41] 76561199407766611: Spawned Entity (Large/Small) Wall Kit (BBP_Wall_Kit<9fca5530>, 100, 100, 0) at <6246.858887, 80.786407, 8143.215820>
[COT 2024-03-09 19:12:42] 76561199407766611: Spawned Entity (Large/Small) Wall Kit (BBP_Wall_Kit<9fca3e10>, 100, 100, 0) at <6246.858887, 80.786514, 8143.215820>
[COT 2024-03-09 19:12:42] 76561199407766611: Spawned Entity (Large/Small) Wall Kit (BBP_Wall_Kit<9fc9ed20>, 100, 100, 0) at <6246.622070, 80.904190, 8143.416992>
[COT 2024-03-09 19:12:42] 76561199407766611: Spawned Entity (Large/Small) Wall Kit (BBP_Wall_Kit<9fc9f8b0>, 100, 100, 0) at <6246.621582, 80.903969, 8143.416992>
[COT 2024-03-09 19:12:42] 76561199407766611: Spawned Entity (Large/Small) Wall Kit (BBP_Wall_Kit<9fca77e0>, 100, 100, 0) at <6246.621582, 80.903831, 8143.416992>
[COT 2024-03-09 19:12:42] 76561199407766611: Spawned Entity (Large/Small) Wall Kit (BBP_Wall_Kit<9fca8f00>, 100, 100, 0) at <6246.319824, 81.053993, 8143.675781>
[COT 2024-03-09 19:12:42] 76561199407766611: Spawned Entity (Large/Small) Wall Kit (BBP_Wall_Kit<9fca8370>, 100, 100, 0) at <6246.106445, 81.159866, 8143.858398>
[COT 2024-03-09 19:12:43] 76561199407766611: Spawned Entity (Large/Small) Wall Kit (BBP_Wall_Kit<9fca9a90>, 100, 100, 0) at <6246.106934, 81.159874, 8143.858887>
[COT 2024-03-09 19:12:43] 76561199407766611: Spawned Entity (Large/Small) Wall Kit (BBP_Wall_Kit<9fcab1b0>, 100, 100, 0) at <6245.852539, 81.286873, 8144.078125>
[COT 2024-03-09 19:12:43] 76561199407766611: Spawned Entity (Large/Small) Wall Kit (BBP_Wall_Kit<9fcb19c0>, 100, 100, 0) at <6245.625977, 81.399986, 8144.271973>
[COT 2024-03-09 19:12:43] 76561199407766611: Spawned Entity (Large/Small) Wall Kit (BBP_Wall_Kit<9fcadff0>, 100, 100, 0) at <6245.625488, 81.399696, 8144.271973>
[COT 2024-03-09 19:12:43] 76561199407766611: Spawned Entity (Large/Small) Wall Kit (BBP_Wall_Kit<9fcad460>, 100, 100, 0) at <6245.625000, 81.399719, 8144.271973>
[COT 2024-03-09 19:12:43] 76561199407766611: Spawned Entity (Large/Small) Wall Kit (BBP_Wall_Kit<9fcbd2c0>, 100, 100, 0) at <6245.624512, 81.399834, 8144.271484>
[COT 2024-03-09 19:12:44] 76561199407766611: Spawned Entity (Large/Small) Wall Kit (BBP_Wall_Kit<397972a0>, 100, 100, 0) at <6245.624023, 81.399933, 8144.270996>
[COT 2024-03-09 19:15:54] 76561199407766611: Spawned Entity Floor Hatch Kit (BBP_Floor_Hatch_Kit<35dc67d0>, 100, 100, 0) at <6243.254395, 83.005348, 8140.789063>
[COT 2024-03-09 19:16:38] 76561199407766611: Spawned Entity Blue Carpet (BBP_Carpet<1f41ab30>, 100, 100, 0) at <6237.806152, 83.005127, 8138.279785>
[COT 2024-03-09 19:16:38] 76561199407766611: Spawned Entity Blue Carpet (BBP_Carpet<1f422a60>, 100, 100, 0) at <6237.809570, 83.005127, 8138.278320>
[COT 2024-03-09 19:16:39] 76561199407766611: Spawned Entity Blue Carpet (BBP_Carpet<1f41c250>, 100, 100, 0) at <6237.812500, 83.005142, 8138.277832>
[COT 2024-03-09 19:16:39] 76561199407766611: Spawned Entity Blue Carpet (BBP_Carpet<1f4286e0>, 100, 100, 0) at <6238.925293, 83.367096, 8138.776367>
[COT 2024-03-09 19:16:40] 76561199407766611: Spawned Entity Blue Carpet (BBP_Carpet<1f424180>, 100, 100, 0) at <6240.136230, 83.761520, 8139.316406>
[COT 2024-03-09 19:17:15] 76561199407766611: Spawned Entity Blue Carpet (BBP_Carpet<9ff577e0>, 100, 100, 0) at <6244.651855, 83.032104, 8141.437988>
[COT 2024-03-09 19:17:18] 76561199407766611: Spawned Entity Blue Carpet (BBP_Carpet<9ff59a90>, 100, 100, 0) at <6241.929688, 83.005348, 8141.295410>
[COT 2024-03-09 19:17:21] 76561199407766611: Spawned Entity Blue Carpet (BBP_Carpet<9ff64800>, 100, 100, 0) at <6236.353027, 83.005135, 8134.800293>
[COT 2024-03-09 19:23:09] 76561199407766611: Spawned Entity Blue Carpet (BBP_Carpet<2a95b080>, 100, 100, 0) at <6238.140137, 79.802757, 8152.145020>
[COT 2024-03-09 19:23:09] 76561199407766611: Spawned Entity Blue Carpet (BBP_Carpet<2a95d330>, 100, 100, 0) at <6238.140625, 79.802757, 8152.146484>
[COT 2024-03-09 19:23:10] 76561199407766611: Spawned Entity Blue Carpet (BBP_Carpet<2a959960>, 100, 100, 0) at <6238.142090, 79.802750, 8152.148438>
[COT 2024-03-09 19:23:10] 76561199407766611: Spawned Entity Blue Carpet (BBP_Carpet<2a978a90>, 100, 100, 0) at <6238.142090, 79.802757, 8152.148926>
[COT 2024-03-09 19:23:10] 76561199407766611: Spawned Entity Blue Carpet (BBP_Carpet<2a979620>, 100, 100, 0) at <6238.142578, 79.802757, 8152.148438>
[COT 2024-03-09 19:23:10] 76561199407766611: Spawned Entity Blue Carpet (BBP_Carpet<2a972e10>, 100, 100, 0) at <6238.820313, 79.926994, 8151.591309>
[COT 2024-03-09 19:24:18] 76561199407766611: Spawned Entity (Large/Small) Wall Kit (BBP_Wall_Kit<3f7700a0>, 100, 100, 0) at <6245.530762, 79.945908, 8151.175293>
[COT 2024-03-09 19:24:18] 76561199407766611: Spawned Entity (Large/Small) Wall Kit (BBP_Wall_Kit<3f770c30>, 100, 100, 0) at <6245.530762, 79.946129, 8151.175293>
[COT 2024-03-09 19:24:18] 76561199407766611: Spawned Entity (Large/Small) Wall Kit (BBP_Wall_Kit<3f7717c0>, 100, 100, 0) at <6245.233887, 79.974617, 8151.152344>
[COT 2024-03-09 19:24:18] 76561199407766611: Spawned Entity (Large/Small) Wall Kit (BBP_Wall_Kit<3f7796f0>, 100, 100, 0) at <6244.918945, 80.005356, 8151.126465>
[COT 2024-03-09 19:24:19] 76561199407766611: Spawned Entity (Large/Small) Wall Kit (BBP_Wall_Kit<3f7838d0>, 100, 100, 0) at <6244.459473, 80.048820, 8151.090332>
[COT 2024-03-09 19:24:19] 76561199407766611: Spawned Entity (Large/Small) Wall Kit (BBP_Wall_Kit<3f41ab20>, 100, 100, 0) at <6244.459473, 80.050148, 8151.090820>
[COT 2024-03-09 19:24:19] 76561199407766611: Spawned Entity (Large/Small) Wall Kit (BBP_Wall_Kit<3f4165c0>, 100, 100, 0) at <6244.002441, 80.091698, 8151.054199>
[COT 2024-03-09 19:24:19] 76561199407766611: Spawned Entity (Large/Small) Wall Kit (BBP_Wall_Kit<3f41e4f0>, 100, 100, 0) at <6244.002441, 80.088699, 8151.052734>
[COT 2024-03-09 19:24:20] 76561199407766611: Spawned Entity (Large/Small) Wall Kit (BBP_Wall_Kit<3f42d7c0>, 100, 100, 0) at <6244.001953, 80.085823, 8151.055176>
[COT 2024-03-09 19:24:20] 76561199407766611: Spawned Entity (Large/Small) Wall Kit (BBP_Wall_Kit<3f42e350>, 100, 100, 0) at <6243.721191, 80.109421, 8151.032715>
[COT 2024-03-09 19:24:31] 76561199407766611: Spawned Entity (Large/Small) Roof Kit (BBP_Roof_Kit<446480a0>, 100, 100, 0) at <6246.671387, 79.802345, 8148.538086>
[COT 2024-03-09 19:24:32] 76561199407766611: Spawned Entity (Large/Small) Roof Kit (BBP_Roof_Kit<4464f440>, 100, 100, 0) at <6246.676758, 79.802345, 8148.537109>
[COT 2024-03-09 19:24:32] 76561199407766611: Spawned Entity (Large/Small) Roof Kit (BBP_Roof_Kit<44648c30>, 100, 100, 0) at <6246.353027, 79.834122, 8148.596680>
[COT 2024-03-09 19:24:32] 76561199407766611: Spawned Entity (Large/Small) Roof Kit (BBP_Roof_Kit<4464ffd0>, 100, 100, 0) at <6246.353027, 79.834312, 8148.596680>
[COT 2024-03-09 19:24:32] 76561199407766611: Spawned Entity (Large/Small) Roof Kit (BBP_Roof_Kit<44659620>, 100, 100, 0) at <6246.353516, 79.836418, 8148.597168>
[COT 2024-03-09 19:24:32] 76561199407766611: Spawned Entity (Large/Small) Roof Kit (BBP_Roof_Kit<4465b8d0>, 100, 100, 0) at <6246.059570, 79.866035, 8148.650391>
[COT 2024-03-09 19:24:33] 76561199407766611: Spawned Entity (Large/Small) Roof Kit (BBP_Roof_Kit<44657f00>, 100, 100, 0) at <6246.059570, 79.867714, 8148.649902>
[COT 2024-03-09 19:24:33] 76561199407766611: Spawned Entity (Large/Small) Roof Kit (BBP_Roof_Kit<4465db80>, 100, 100, 0) at <6246.059570, 79.868095, 8148.650391>
[COT 2024-03-09 19:24:33] 76561199407766611: Spawned Entity (Large/Small) Roof Kit (BBP_Roof_Kit<44665ab0>, 100, 100, 0) at <6246.058594, 79.865913, 8148.648926>
[COT 2024-03-09 19:24:34] 76561199407766611: Spawned Entity (Large/Small) Roof Kit (BBP_Roof_Kit<4465fe30>, 100, 100, 0) at <6246.655273, 79.802345, 8148.542480>
[COT 2024-03-09 19:24:34] 76561199407766611: Spawned Entity (Large/Small) Roof Kit (BBP_Roof_Kit<44667d60>, 100, 100, 0) at <6246.352051, 79.835220, 8148.595703>
[COT 2024-03-09 19:24:35] 76561199407766611: Spawned Entity (Large/Small) Roof Kit (BBP_Roof_Kit<4466c2c0>, 100, 100, 0) at <6246.058594, 79.866753, 8148.648926>
[COT 2024-03-09 19:24:38] 76561199407766611: Spawned Entity (Large/Small) Roof Kit (BBP_Roof_Kit<4466b730>, 100, 100, 0) at <6246.658203, 79.802345, 8146.902832>
[COT 2024-03-09 19:24:39] 76561199407766611: Spawned Entity (Large/Small) Roof Kit (BBP_Roof_Kit<4466ce50>, 100, 100, 0) at <6246.649902, 79.802345, 8146.904785>
[COT 2024-03-09 19:24:39] 76561199407766611: Spawned Entity (Large/Small) Roof Kit (BBP_Roof_Kit<44669480>, 100, 100, 0) at <6246.663574, 79.802345, 8146.899902>
[COT 2024-03-09 19:24:39] 76561199407766611: Spawned Entity (Large/Small) Roof Kit (BBP_Roof_Kit<45069870>, 100, 100, 0) at <6246.668945, 79.802345, 8146.897949>
[COT 2024-03-09 19:24:39] 76561199407766611: Spawned Entity (Large/Small) Roof Kit (BBP_Roof_Kit<4506a400>, 100, 100, 0) at <6246.690918, 79.802345, 8146.890137>
[COT 2024-03-09 19:24:39] 76561199407766611: Spawned Entity (Large/Small) Roof Kit (BBP_Roof_Kit<45063bf0>, 100, 100, 0) at <6246.382813, 79.834160, 8146.994141>
[COT 2024-03-09 19:24:39] 76561199407766611: Spawned Entity (Large/Small) Roof Kit (BBP_Roof_Kit<45068ce0>, 100, 100, 0) at <6246.382813, 79.836411, 8146.994141>
[COT 2024-03-09 19:24:40] 76561199407766611: Spawned Entity (Large/Small) Roof Kit (BBP_Roof_Kit<4506af90>, 100, 100, 0) at <6246.382813, 79.837151, 8146.994141>
[COT 2024-03-09 19:24:40] 76561199407766611: Spawned Entity (Large/Small) Roof Kit (BBP_Roof_Kit<450675c0>, 100, 100, 0) at <6246.382813, 79.837173, 8146.993652>
[COT 2024-03-09 19:24:40] 76561199407766611: Spawned Entity (Large/Small) Roof Kit (BBP_Roof_Kit<45066a30>, 100, 100, 0) at <6246.382813, 79.836357, 8146.994629>
[COT 2024-03-09 19:24:40] 76561199407766611: Spawned Entity (Large/Small) Roof Kit (BBP_Roof_Kit<45064780>, 100, 100, 0) at <6246.382813, 79.834595, 8146.994629>
[COT 2024-03-09 19:24:40] 76561199407766611: Spawned Entity (Large/Small) Roof Kit (BBP_Roof_Kit<45077420>, 100, 100, 0) at <6246.383301, 79.833687, 8146.995117>
[COT 2024-03-09 19:27:02] 76561199407766611: Entered the Free Camera
[COT 2024-03-09 19:27:33] 76561199407766611: Left the Free Camera
[COT 2024-03-09 19:34:44] 76561199407766611: Entered the Free Camera
[COT 2024-03-09 19:34:50] 76561199407766611: Left the Free Camera
[COT 2024-03-09 19:41:22] 76561199407766611: Spawned Entity (Large/Small) Wall Kit (BBP_Wall_Kit<47b6ba40>, 100, 100, 0) at <6236.093750, 83.444969, 8146.538086>
[COT 2024-03-09 19:41:22] 76561199407766611: Spawned Entity (Large/Small) Wall Kit (BBP_Wall_Kit<47b74500>, 100, 100, 0) at <6236.218750, 83.557343, 8146.939453>
[COT 2024-03-09 19:41:22] 76561199407766611: Spawned Entity (Large/Small) Wall Kit (BBP_Wall_Kit<47b7f270>, 100, 100, 0) at <6236.354980, 83.679344, 8147.374023>
[COT 2024-03-09 19:45:43] 76561199407766611: Spawned Entity NVG Headstrap (NVGHeadstrap<2e6f7420>, 100, 200, 0) at <6233.592773, 83.848846, 8151.866699>
[COT 2024-03-09 19:46:09] 76561199407766611: Spawned Entity NVG Headstrap (NVGHeadstrap<232cdb30>, 100, 200, 0) at <6238.705566, 83.006165, 8149.353027>
[COT 2024-03-09 19:47:19] 76561199407766611: Spawned Entity MMG Equipment Locker Rusty Kit (mmg_equipment_locker_grey_kit<468c2fc0>, 100, 100, 0) at <6244.093750, 83.032104, 8141.497559>
[COT 2024-03-09 19:47:23] 76561199407766611: Spawned Entity MMG Equipment Locker Black Kit (mmg_equipment_locker_black_kit<468cba80>, 100, 100, 0) at <6243.939453, 83.059425, 8141.416504>
[COT 2024-03-09 19:47:23] 76561199407766611: Spawned Entity MMG Equipment Locker Black Kit (mmg_equipment_locker_black_kit<468d39b0>, 100, 100, 0) at <6243.730469, 83.096603, 8141.291504>
[COT 2024-03-09 19:47:25] 76561199407766611: Spawned Entity MMG Equipment Locker Green Kit (mmg_equipment_locker_green_kit<468d4540>, 100, 100, 0) at <6243.505859, 83.136948, 8141.151367>
[COT 2024-03-09 19:50:06] 76561199407766611: Spawned Entity Medium Safe (ExpansionSafeMedium<33b15380>, 100, 15000, 0) at <6233.552246, 83.006165, 8151.000000>
[COT 2024-03-09 19:50:11] 76561199407766611: Spawned Entity MMG Old Safe Green (mmg_old_safe_base<33b17630>, 100, 1000, 0) at <6233.701660, 83.006165, 8149.940918>
[COT 2024-03-09 19:51:26] 76561199407766611: Spawned Entity MMG Old Safe Green (mmg_old_safe_base<387e0f90>, 100, 1000, 0) at <6244.950195, 83.032104, 8140.293457>
[COT 2024-03-09 19:52:05] 76561199407766611: Spawned Entity Doc's Oilfoil M4 Carstock (DOC_M4CARSTOCK_OILFOIL<387f30a0>, 100, 200, 0) at <6243.812012, 83.006485, 8146.738770>
[COT 2024-03-09 19:52:09] 76561199407766611: Spawned Entity Doc's Oilfoil M4 RIS Handguard (DOC_M4RIS_OILFOIL<387fbb60>, 100, 250, 0) at <6243.970703, 83.005753, 8146.326172>
[COT 2024-03-09 19:52:11] 76561199407766611: Spawned Entity Doc's Oilfoil Suppressor (ItemSuppressor<3880ae30>, 100, 1800, 0) at <6243.966797, 83.019905, 8146.382813>
[COT 2024-03-09 19:52:12] 76561199407766611: Spawned Entity Doc's Oilfoil M4 (DOC_M4_OILFOIL<41785410>, 100, 1200, 0) at <6243.952637, 83.026314, 8146.411133>
[COT 2024-03-09 19:52:14] 76561199407766611: Spawned Entity Doc's Oilfoil Stanag69 (DOC_STANAG69_OILFOIL<3c7f6980>, 69, 200, 0) at <6243.887207, 83.093430, 8146.674316>
[COT 2024-03-09 19:52:20] 76561199407766611: Spawned Entity Doc's Nightfoil M4 Carstock (M4_OEBttstck<3c7f8c30>, 69, 200, 0) at <6243.842285, 83.143669, 8146.876465>
[COT 2024-03-09 19:52:21] 76561199407766611: Spawned Entity Doc's Nightfoil M4 RIS Handguard (DOC_M4RIS_NIGHTFOIL<3c7f97c0>, 69, 250, 0) at <6243.822266, 83.160553, 8146.940918>
[COT 2024-03-09 19:52:22] 76561199407766611: Spawned Entity Doc's Nightfoil Suppressor (ItemSuppressor<3c8016f0>, 69, 1800, 0) at <6243.809082, 83.171150, 8146.983398>
[COT 2024-03-09 19:52:23] 76561199407766611: Spawned Entity Doc's Nightfoil M4 (DOC_M4_NIGHTFOIL<417812c0>, 69, 1200, 0) at <6243.791016, 83.193428, 8147.073242>
[COT 2024-03-09 19:52:24] 76561199407766611: Spawned Entity Doc's Nightfoil Stanag69 (DOC_STANAG69_NIGHTFOIL<3c802280>, 69, 200, 0) at <6243.736816, 83.242577, 8147.251953>
[COT 2024-03-09 19:53:17] 76561199407766611: Spawned Entity Packed Blue God Cannabis Seeds (CP_CannabisSeedsPackBlue<23577d70>, 100, 5, 0) at <6244.461914, 83.032089, 8142.826172>
[COT 2024-03-09 19:53:17] 76561199407766611: Spawned Entity Packed Blue God Cannabis Seeds (CP_CannabisSeedsPackBlue<2357c2d0>, 100, 5, 0) at <6244.423828, 83.049080, 8142.920410>
[COT 2024-03-09 19:53:17] 76561199407766611: Spawned Entity Packed Blue God Cannabis Seeds (CP_CannabisSeedsPackBlue<2357ce60>, 100, 5, 0) at <6244.373047, 83.072136, 8143.047363>
[COT 2024-03-09 19:53:20] 76561199407766611: Spawned Entity Packed Purple Kush Cannabis Seeds (CP_CannabisSeedsPackKush<40141150>, 100, 5, 0) at <6244.324707, 83.090897, 8143.150879>
[COT 2024-03-09 19:53:20] 76561199407766611: Spawned Entity Packed Purple Kush Cannabis Seeds (CP_CannabisSeedsPackKush<4013d780>, 100, 5, 0) at <6244.276855, 83.111984, 8143.269531>
[COT 2024-03-09 19:53:20] 76561199407766611: Spawned Entity Packed Purple Kush Cannabis Seeds (CP_CannabisSeedsPackKush<40143400>, 100, 5, 0) at <6244.241211, 83.128288, 8143.359863>
[COT 2024-03-09 19:53:31] 76561199407766611: Spawned Entity Empty 1oz Bag (CP_EmptyBag<40141ce0>, 16, 100, 0) at <6244.196777, 83.148834, 8143.479004>
[COT 2024-03-09 19:53:31] 76561199407766611: Spawned Entity Empty 1oz Bag (CP_EmptyBag<401405c0>, 16, 100, 0) at <6244.126465, 83.178093, 8143.645996>
[COT 2024-03-09 19:53:31] 76561199407766611: Spawned Entity Empty 1oz Bag (CP_EmptyBag<4014e170>, 16, 100, 0) at <6244.124023, 83.178078, 8143.647461>
[COT 2024-03-09 19:53:31] 76561199407766611: Spawned Entity Empty 1oz Bag (CP_EmptyBag<40147960>, 16, 100, 0) at <6244.124023, 83.177963, 8143.647461>
[COT 2024-03-09 19:53:32] 76561199407766611: Spawned Entity Empty 1oz Bag (CP_EmptyBag<4014f890>, 16, 100, 0) at <6244.076660, 83.199638, 8143.767578>
[COT 2024-03-09 19:53:32] 76561199407766611: Spawned Entity Empty 1oz Bag (CP_EmptyBag<40149080>, 16, 100, 0) at <6244.078125, 83.199631, 8143.765625>
[COT 2024-03-09 19:53:33] 76561199407766611: Spawned Entity Empty 1oz Bag (CP_EmptyBag<3f91eeb0>, 16, 100, 0) at <6244.072266, 83.201080, 8143.770508>
[COT 2024-03-09 19:53:33] 76561199407766611: Spawned Entity Empty 1oz Bag (CP_EmptyBag<3f91c070>, 16, 100, 0) at <6244.021484, 83.222755, 8143.891113>
[COT 2024-03-09 19:53:40] 76561199407766611: Spawned Entity Duct Tape (DuctTape<3f955d70>, 100, 50, 0) at <6244.021484, 83.222755, 8143.892090>
[COT 2024-03-09 19:53:41] 76561199407766611: Spawned Entity Duct Tape (DuctTape<309633a0>, 100, 50, 0) at <6243.974609, 83.242317, 8144.002441>
[COT 2024-03-09 19:53:46] 76561199407766611: Spawned Entity Garden Lime (GardenLime<30961c80>, 5000, 100, 0) at <6243.929688, 83.262703, 8144.122559>
[COT 2024-03-09 19:53:46] 76561199407766611: Spawned Entity Garden Lime (GardenLime<30963f30>, 5000, 100, 0) at <6243.872070, 83.288727, 8144.267090>
[COT 2024-03-09 19:53:46] 76561199407766611: Spawned Entity Garden Lime (GardenLime<3095e2b0>, 5000, 100, 0) at <6243.813965, 83.314362, 8144.410156>
[COT 2024-03-09 19:54:05] 76561199407766611: Spawned Entity Vacuum Bagger (CP_Bagger<41028990>, 1, 100, 0) at <6241.795410, 83.005798, 8150.199219>
[COT 2024-03-09 19:55:44] 76561199407766611: Spawned Entity Boxed Nails (NailBox<498845e0>, 100, 80, 0) at <6239.666016, 83.006691, 8151.073242>
[COT 2024-03-09 19:55:44] 76561199407766611: Spawned Entity Boxed Nails (NailBox<49880080>, 100, 80, 0) at <6239.534668, 83.046684, 8151.059082>
[COT 2024-03-09 19:55:45] 76561199407766611: Spawned Entity Boxed Nails (NailBox<49880c10>, 100, 80, 0) at <6239.428711, 83.079712, 8151.043457>
[COT 2024-03-09 19:55:45] 76561199407766611: Spawned Entity Boxed Nails (NailBox<498896d0>, 100, 80, 0) at <6239.303711, 83.123268, 8151.029785>
[COT 2024-03-09 19:55:45] 76561199407766611: Spawned Entity Boxed Nails (NailBox<4988b980>, 100, 80, 0) at <6239.186523, 83.164276, 8151.017578>
[COT 2024-03-09 19:55:45] 76561199407766611: Spawned Entity Boxed Nails (NailBox<498938b0>, 100, 80, 0) at <6239.067871, 83.206024, 8151.005371>
[COT 2024-03-09 19:57:06] 76561199407766611: Spawned Entity Hryvnia Banknotes Stack (ExpansionBanknoteHryvnia<93f70d70>, 3460, 100, 0) at <6240.476563, 83.005959, 8152.393555>
[COT 2024-03-09 19:57:09] 76561199407766611: Spawned Entity Hryvnia Banknotes Stack (ExpansionBanknoteHryvnia<a0c23670>, 3460, 100, 0) at <6242.295898, 83.005951, 8153.650879>
[COT 2024-03-09 19:57:12] 76561199407766611: Spawned Entity Hryvnia Banknotes Stack (ExpansionBanknoteHryvnia<a0c24d90>, 3460, 100, 0) at <6243.487305, 83.005966, 8154.766113>
[COT 2024-03-09 19:57:12] 76561199407766611: Spawned Entity Hryvnia Banknotes Stack (ExpansionBanknoteHryvnia<a0c2c130>, 3460, 100, 0) at <6243.428223, 83.020355, 8154.715820>
[COT 2024-03-09 19:57:12] 76561199407766611: Spawned Entity Hryvnia Banknotes Stack (ExpansionBanknoteHryvnia<a0c2d850>, 3460, 100, 0) at <6243.396973, 83.028069, 8154.688965>
[COT 2024-03-09 19:57:13] 76561199407766611: Spawned Entity Hryvnia Banknotes Stack (ExpansionBanknoteHryvnia<a0c31db0>, 3460, 100, 0) at <6243.368164, 83.035706, 8154.662109>
[COT 2024-03-09 19:59:34] 76561199407766611: Spawned Entity Code Lock (ExpansionCodeLock<95fa0fb0>, 100, 100, 0) at <6242.956055, 83.006073, 8139.416992>
[COT 2024-03-09 19:59:34] 76561199407766611: Spawned Entity Code Lock (ExpansionCodeLock<95fa5510>, 100, 100, 0) at <6242.885742, 83.021477, 8139.399902>
[COT 2024-03-09 19:59:35] 76561199407766611: Spawned Entity Code Lock (ExpansionCodeLock<95fa8350>, 100, 100, 0) at <6242.797363, 83.040672, 8139.376465>
[COT 2024-03-09 19:59:35] 76561199407766611: Spawned Entity Code Lock (ExpansionCodeLock<95fa1b40>, 100, 100, 0) at <6242.700195, 83.061211, 8139.350586>
[COT 2024-03-09 19:59:35] 76561199407766611: Spawned Entity Code Lock (ExpansionCodeLock<95fad440>, 100, 100, 0) at <6242.601074, 83.081985, 8139.324707>
[COT 2024-03-09 19:59:35] 76561199407766611: Spawned Entity Code Lock (ExpansionCodeLock<95fb7620>, 100, 100, 0) at <6242.503418, 83.102417, 8139.300293>
[COT 2024-03-09 19:59:35] 76561199407766611: Spawned Entity Code Lock (ExpansionCodeLock<95fb98d0>, 100, 100, 0) at <6242.436523, 83.116539, 8139.283691>
[COT 2024-03-09 19:59:36] 76561199407766611: Spawned Entity Code Lock (ExpansionCodeLock<95fbbb80>, 100, 100, 0) at <6242.369629, 83.130898, 8139.266602>
[COT 2024-03-09 19:59:36] 76561199407766611: Spawned Entity Code Lock (ExpansionCodeLock<95fbc710>, 100, 100, 0) at <6242.295410, 83.147156, 8139.248535>
[COT 2024-03-09 20:00:02] 76561199407766611: Spawned Entity M200Sand (408Cheytac) (CZ527_Base<3518fa90>, 100, 300, 0) at <6242.308594, 83.006073, 8139.535645>
[COT 2024-03-09 20:00:06] 76561199407766611: Spawned Entity M200Old (408Cheytac) (CZ527_Base<35197020>, 100, 300, 0) at <6242.299805, 83.023033, 8139.536621>
[COT 2024-03-09 20:00:12] 76561199407766611: Spawned Entity M200Sand_mag_7Rnd (Mag_CZ527_5rnd<48431cf0>, 7, 100, 0) at <6242.776367, 83.005333, 8138.132813>
[COT 2024-03-09 20:00:13] 76561199407766611: Spawned Entity M200Sand_mag_7Rnd (Mag_CZ527_5rnd<4842c070>, 7, 100, 0) at <6242.714355, 83.020798, 8138.117188>
[COT 2024-03-09 20:00:13] 76561199407766611: Spawned Entity M200Sand_mag_7Rnd (Mag_CZ527_5rnd<4842d790>, 7, 100, 0) at <6242.626465, 83.042404, 8138.096191>
[COT 2024-03-09 20:00:13] 76561199407766611: Spawned Entity M200Sand_mag_7Rnd (Mag_CZ527_5rnd<4843a7b0>, 7, 100, 0) at <6242.568848, 83.056252, 8138.083496>
[COT 2024-03-09 20:00:18] 76561199407766611: Spawned Entity M200Old_mag_7Rnd (Mag_CZ527_5rnd<484598e0>, 7, 100, 0) at <6241.835449, 83.005341, 8140.671387>
[COT 2024-03-09 20:00:18] 76561199407766611: Spawned Entity M200Old_mag_7Rnd (Mag_CZ527_5rnd<48468020>, 7, 100, 0) at <6241.774902, 83.022926, 8140.628418>
[COT 2024-03-09 20:00:18] 76561199407766611: Spawned Entity M200Old_mag_7Rnd (Mag_CZ527_5rnd<48469740>, 7, 100, 0) at <6241.707520, 83.041840, 8140.578613>
[COT 2024-03-09 20:00:18] 76561199407766611: Spawned Entity M200Old_mag_7Rnd (Mag_CZ527_5rnd<484651e0>, 7, 100, 0) at <6241.638672, 83.060898, 8140.531250>
[COT 2024-03-09 20:01:14] 76561199407766611: Spawned Entity Universal Suppressor (ImprovisedSuppressor<af090220>, 100, 8, 0) at <6235.864258, 83.005867, 8137.002441>
[COT 2024-03-09 20:01:28] 76561199407766611: Spawned Entity Beretta Double Edge Burton (44Mag) (FNX45_Base<35197d30>, 100, 200, 0) at <6235.893066, 83.013939, 8137.016113>
[COT 2024-03-09 20:01:29] 76561199407766611: Spawned Entity Beretta Double Edge Burton (44Mag) (FNX45_Base<35192ed0>, 100, 200, 0) at <6236.094238, 83.070541, 8137.114258>
[COT 2024-03-09 20:01:33] 76561199407766611: Spawned Entity Beretta Double Edge Black (44Mag) (FNX45_Base<351a0ce0>, 100, 200, 0) at <6236.282227, 83.121819, 8137.199219>
[COT 2024-03-09 20:01:36] 76561199407766611: Spawned Entity BerettaDoubleEdge_mag_15Rnd (Mag_FNX45_15Rnd<aead8d00>, 15, 200, 0) at <6236.332520, 83.137451, 8137.228516>
[COT 2024-03-09 20:01:36] 76561199407766611: Spawned Entity BerettaDoubleEdge_mag_15Rnd (Mag_FNX45_15Rnd<aead9890>, 15, 200, 0) at <6236.393066, 83.154564, 8137.258301>
[COT 2024-03-09 20:01:36] 76561199407766611: Spawned Entity BerettaDoubleEdge_mag_15Rnd (Mag_FNX45_15Rnd<aead6a50>, 15, 200, 0) at <6236.503418, 83.185486, 8137.311523>
[COT 2024-03-09 20:01:36] 76561199407766611: Spawned Entity BerettaDoubleEdge_mag_15Rnd (Mag_FNX45_15Rnd<aead75e0>, 15, 200, 0) at <6236.560547, 83.201530, 8137.338867>
[COT 2024-03-09 20:01:37] 76561199407766611: Spawned Entity BerettaDoubleEdge_mag_15Rnd (Mag_FNX45_15Rnd<aead8170>, 15, 200, 0) at <6236.679688, 83.235336, 8137.359863>
[COT 2024-03-09 20:01:37] 76561199407766611: Spawned Entity BerettaDoubleEdge_mag_15Rnd (Mag_FNX45_15Rnd<aeada420>, 15, 200, 0) at <6236.774414, 83.237022, 8137.378418>
[COT 2024-03-09 20:02:23] 76561199407766611: Spawned Entity MVS Canteen - ERDL (Canteen<af094a80>, 1000, 100, 512) at <6242.050293, 83.006073, 8139.577637>
[COT 2024-03-09 20:02:28] 76561199407766611: Spawned Entity MVS Heavy - ERDL (ModularVestSystem_Heavy<aeae4600>, 1000, 300, 0) at <6241.974121, 83.031151, 8139.544434>
[COT 2024-03-09 20:02:32] 76561199407766611: Spawned Entity MVS Raid Pouch - ERDL (Modular_Pouch_Base_Taco<aeaed0c0>, 1000, 100, 0) at <6241.777344, 83.094429, 8139.461914>
[COT 2024-03-09 20:02:36] 76561199407766611: Spawned Entity MVS Heavy LMG Pouch - ERDL (MVS_Pouch_Base<aeaef370>, 1000, 100, 0) at <6241.629883, 83.140411, 8139.406250>
[COT 2024-03-09 20:03:08] 76561199407766611: Spawned Entity MVS - ERDL (ModularVestSystem_Base<39770dd0>, 100, 225, 0) at <6242.468262, 83.006073, 8139.925781>
[COT 2024-03-09 20:03:26] 76561199407766611: Spawned Entity MVS - ERDL (ModularVestSystem_Base<38018530>, 100, 225, 0) at <6242.872070, 83.005341, 8139.080566>
[COT 2024-03-09 20:03:28] 76561199407766611: Spawned Entity MVS - ERDL (ModularVestSystem_Base<47003e40>, 100, 225, 0) at <6242.209473, 83.005341, 8141.003906>
[COT 2024-03-09 20:03:31] 76561199407766611: Spawned Entity MVS Raid Pouch - ERDL (Modular_Pouch_Base_Taco<46fd7160>, 100, 100, 0) at <6242.046387, 83.064232, 8140.856445>
[COT 2024-03-09 20:03:35] 76561199407766611: Spawned Entity MVS Raid Pouch - ERDL (Modular_Pouch_Base_Taco<46fdab30>, 100, 100, 0) at <6242.775879, 83.133240, 8138.861816>
[COT 2024-03-09 20:03:39] 76561199407766611: Spawned Entity MVS Canteen - ERDL (Canteen<af099ef0>, 1000, 100, 512) at <6242.670898, 83.158173, 8138.830566>
[COT 2024-03-09 20:03:41] 76561199407766611: Spawned Entity MVS Canteen - ERDL (Canteen<af0a2fb0>, 1000, 100, 512) at <6241.219727, 83.006073, 8140.156250>
[COT 2024-03-09 20:03:50] 76561199407766611: Spawned Entity MVS Sling Pack - ERDL (MountainBag_ColorBase<46fde500>, 1000, 300, 0) at <6244.277832, 83.005196, 8138.258789>
[COT 2024-03-09 20:03:51] 76561199407766611: Spawned Entity MVS Sling Pack - ERDL (MountainBag_ColorBase<46fdcde0>, 1000, 300, 0) at <6244.278809, 83.005196, 8138.260254>
[COT 2024-03-09 20:03:51] 76561199407766611: Spawned Entity MVS Sling Pack - ERDL (MountainBag_ColorBase<46fd9410>, 1000, 300, 0) at <6244.279785, 83.005196, 8138.261230>
[COT 2024-03-09 20:04:06] 76561199407766611: Spawned Entity MVS Warrior Helmet - ERDL (Mich2001Helmet<357e31b0>, 1000, 100, 0) at <6243.166016, 83.020882, 8142.481934>
[COT 2024-03-09 20:04:06] 76561199407766611: Spawned Entity MVS Warrior Helmet - ERDL (Mich2001Helmet<357ec800>, 1000, 100, 0) at <6243.048828, 83.055290, 8142.364746>
[COT 2024-03-09 20:04:07] 76561199407766611: Spawned Entity MVS Warrior Helmet - ERDL (Mich2001Helmet<357e8e30>, 1000, 100, 0) at <6242.914551, 83.094116, 8142.232910>
[COT 2024-03-09 20:05:05] 76561199407766611: Spawned Entity Screwdriver (Screwdriver<3df84290>, 100, 100, 0) at <6236.422363, 83.005867, 8137.041504>
[COT 2024-03-09 20:05:05] 76561199407766611: Spawned Entity Screwdriver (Screwdriver<3df8d8e0>, 100, 100, 0) at <6236.516602, 83.026680, 8137.071289>
[COT 2024-03-09 20:05:06] 76561199407766611: Spawned Entity Screwdriver (Screwdriver<3df929d0>, 100, 100, 0) at <6236.625000, 83.050629, 8137.103516>
[COT 2024-03-09 20:05:12] 76561199407766611: Spawned Entity Pliers (Pliers<3df940f0>, 100, 100, 0) at <6236.715820, 83.071770, 8137.127441>
[COT 2024-03-09 20:05:12] 76561199407766611: Spawned Entity Pliers (Pliers<abbb1a30>, 100, 100, 0) at <6237.032227, 83.143684, 8137.218750>
[COT 2024-03-09 20:05:13] 76561199407766611: Spawned Entity Pliers (Pliers<abbb3ce0>, 100, 100, 0) at <6237.254395, 83.194084, 8137.282715>
[COT 2024-03-09 20:09:02] 76561199407766611: Spawned Entity Boxed Nails (NailBox<3f412bf0>, 100, 80, 0) at <6232.493164, 83.005661, 8141.434570>
[COT 2024-03-09 20:09:02] 76561199407766611: Spawned Entity Boxed Nails (NailBox<3f413780>, 100, 80, 0) at <6232.625000, 83.036865, 8141.475586>
[COT 2024-03-09 20:09:02] 76561199407766611: Spawned Entity Boxed Nails (NailBox<3f4165c0>, 100, 80, 0) at <6232.748047, 83.065765, 8141.513672>
[COT 2024-03-09 20:09:02] 76561199407766611: Spawned Entity Boxed Nails (NailBox<3f41ab20>, 100, 80, 0) at <6232.876953, 83.096046, 8141.553223>
[COT 2024-03-09 20:09:02] 76561199407766611: Spawned Entity Boxed Nails (NailBox<3f41e4f0>, 100, 80, 0) at <6232.992676, 83.123352, 8141.588379>
[COT 2024-03-09 20:09:02] 76561199407766611: Spawned Entity Boxed Nails (NailBox<3f41c240>, 100, 80, 0) at <6233.092285, 83.146759, 8141.618652>
[COT 2024-03-09 20:09:03] 76561199407766611: Spawned Entity Boxed Nails (NailBox<3f41fc10>, 100, 80, 0) at <6233.190430, 83.169830, 8141.647949>
[COT 2024-03-09 20:09:03] 76561199407766611: Spawned Entity Boxed Nails (NailBox<3f42d7c0>, 100, 80, 0) at <6233.294434, 83.194565, 8141.679199>
[COT 2024-03-09 20:09:08] 76561199407766611: Spawned Entity Sharpening Stone (Whetstone<3f434b60>, 100, 50, 0) at <6233.413574, 83.222504, 8141.713379>
[COT 2024-03-09 20:09:08] 76561199407766611: Spawned Entity Sharpening Stone (Whetstone<3f42e350>, 100, 50, 0) at <6233.473633, 83.236809, 8141.731934>
[COT 2024-03-09 20:09:09] 76561199407766611: Spawned Entity Sharpening Stone (Whetstone<3f4328b0>, 100, 50, 0) at <6233.527344, 83.249390, 8141.748535>
[COT 2024-03-09 20:09:09] 76561199407766611: Spawned Entity Sharpening Stone (Whetstone<3f42eee0>, 100, 50, 0) at <6233.594238, 83.264999, 8141.769043>
[COT 2024-03-09 20:09:09] 76561199407766611: Spawned Entity Sharpening Stone (Whetstone<3f43ca90>, 100, 50, 0) at <6233.708984, 83.292015, 8141.805176>
[COT 2024-03-09 20:14:14] 76561199407766611: Spawned Entity Concrete Bricks (BBP_Concrete_Brick_Pile<430c17f0>, 5, 400, 0) at <6233.354004, 83.005661, 8142.029785>
[COT 2024-03-09 20:14:15] 76561199407766611: Spawned Entity Concrete Bricks (BBP_Concrete_Brick_Pile<430c4630>, 5, 400, 0) at <6233.668945, 83.094086, 8142.167480>
[COT 2024-03-09 20:14:15] 76561199407766611: Spawned Entity Concrete Bricks (BBP_Concrete_Brick_Pile<3faad2b0>, 5, 400, 0) at <6233.969727, 83.178421, 8142.300781>
[COT 2024-03-09 20:14:22] 76561199407766611: Spawned Entity Mortar Mix (BBP_Mortar_Mix<3fab23a0>, 4, 100, 0) at <6234.277344, 83.264923, 8142.435547>
[COT 2024-03-09 20:14:22] 76561199407766611: Spawned Entity Mortar Mix (BBP_Mortar_Mix<3faac720>, 4, 100, 0) at <6234.463379, 83.317200, 8142.517090>
[COT 2024-03-09 20:14:22] 76561199407766611: Spawned Entity Mortar Mix (BBP_Mortar_Mix<3fab3ac0>, 4, 100, 0) at <6234.611816, 83.358696, 8142.582520>
[COT 2024-03-09 20:17:22] 76561199407766611: Spawned Entity Hatchet (Hatchet<3e3c7370>, 100, 150, 0) at <6240.069336, 83.006294, 8153.205566>
[COT 2024-03-09 20:17:26] 76561199407766611: Spawned Entity Hatchet (Hatchet<3e3c7f00>, 100, 150, 0) at <6235.535156, 83.005135, 8134.537109>
[COT 2024-03-09 20:17:26] 76561199407766611: Spawned Entity Hatchet (Hatchet<3e3ca1b0>, 100, 150, 0) at <6235.612793, 83.015800, 8134.596680>
[COT 2024-03-09 20:17:26] 76561199407766611: Spawned Entity Hatchet (Hatchet<3e3d20e0>, 100, 150, 0) at <6235.875977, 83.052078, 8134.806641>
[COT 2024-03-09 20:17:26] 76561199407766611: Spawned Entity Hatchet (Hatchet<3e3d2c70>, 100, 150, 0) at <6235.998535, 83.069038, 8134.904297>
[COT 2024-03-09 20:17:27] 76561199407766611: Spawned Entity Hatchet (Hatchet<3e3cdb80>, 100, 150, 0) at <6236.081055, 83.080605, 8134.970703>
[COT 2024-03-09 20:17:28] 76561199407766611: Spawned Entity Hatchet (Hatchet<3e3dd9e0>, 100, 150, 0) at <6236.345703, 83.116005, 8135.183594>
[COT 2024-03-09 20:17:35] 76561199407766611: Spawned Entity Hand Saw (HandSaw<3e3da010>, 100, 100, 0) at <6236.454590, 83.130257, 8135.274414>
[COT 2024-03-09 20:17:35] 76561199407766611: Spawned Entity Hand Saw (HandSaw<3e3db730>, 100, 100, 0) at <6236.535156, 83.141251, 8135.338867>
[COT 2024-03-09 20:17:35] 76561199407766611: Spawned Entity Hand Saw (HandSaw<3f75d400>, 100, 100, 0) at <6236.625977, 83.154022, 8135.411133>
[COT 2024-03-09 20:17:35] 76561199407766611: Spawned Entity Hand Saw (HandSaw<3f759a30>, 100, 100, 0) at <6236.709961, 83.166054, 8135.477539>
[COT 2024-03-09 20:17:35] 76561199407766611: Spawned Entity Hand Saw (HandSaw<3f758310>, 100, 100, 0) at <6236.796875, 83.178337, 8135.545410>
[COT 2024-03-09 20:17:41] 76561199407766611: Spawned Entity Splitting Axe (WoodAxe<3f763c10>, 100, 250, 0) at <6236.877441, 83.189926, 8135.613281>
[COT 2024-03-09 20:17:41] 76561199407766611: Spawned Entity Splitting Axe (WoodAxe<3f766a50>, 100, 250, 0) at <6236.948730, 83.199959, 8135.669922>
[COT 2024-03-09 20:17:41] 76561199407766611: Spawned Entity Splitting Axe (WoodAxe<3f76ddf0>, 100, 250, 0) at <6237.070313, 83.216660, 8135.768555>
[COT 2024-03-09 20:17:41] 76561199407766611: Spawned Entity Splitting Axe (WoodAxe<3f7675e0>, 100, 250, 0) at <6237.247070, 83.240654, 8135.912109>
[COT 2024-03-09 20:18:02] 76561199407766611: Spawned Entity MMG Raidsaw (Hacksaw<3f77a280>, 100, 100, 0) at <6243.632813, 83.032104, 8142.669434>
[COT 2024-03-09 20:18:02] 76561199407766611: Spawned Entity MMG Raidsaw (Hacksaw<3f78e640>, 100, 100, 0) at <6243.631836, 83.032097, 8142.669922>
[COT 2024-03-09 20:18:02] 76561199407766611: Spawned Entity MMG Raidsaw (Hacksaw<3f792010>, 100, 100, 0) at <6243.451660, 83.069641, 8142.484863>
[COT 2024-03-09 20:18:02] 76561199407766611: Spawned Entity MMG Raidsaw (Hacksaw<49e5fff0>, 100, 100, 0) at <6243.380371, 83.084534, 8142.413574>
[COT 2024-03-09 20:18:03] 76561199407766611: Spawned Entity MMG Raidsaw (Hacksaw<49e639c0>, 100, 100, 0) at <6243.260742, 83.109795, 8142.290039>
[COT 2024-03-09 20:20:17] 76561199407766611: Spawned Entity Blue Carpet (BBP_Carpet<3934d520>, 100, 100, 0) at <6231.624023, 83.005661, 8141.069824>
[COT 2024-03-09 20:20:17] 76561199407766611: Spawned Entity Blue Carpet (BBP_Carpet<393478a0>, 100, 100, 0) at <6231.623535, 83.005661, 8141.071289>
[COT 2024-03-09 20:20:17] 76561199407766611: Spawned Entity Blue Carpet (BBP_Carpet<39350ef0>, 100, 100, 0) at <6231.622070, 83.005661, 8141.073242>
[COT 2024-03-09 20:20:17] 76561199407766611: Spawned Entity Blue Carpet (BBP_Carpet<3935f630>, 100, 100, 0) at <6231.622070, 83.005661, 8141.075195>
[COT 2024-03-09 20:20:17] 76561199407766611: Spawned Entity Blue Carpet (BBP_Carpet<3935c7f0>, 100, 100, 0) at <6231.621094, 83.005661, 8141.075684>
[COT 2024-03-09 20:20:18] 76561199407766611: Spawned Entity Blue Carpet (BBP_Carpet<39360d50>, 100, 100, 0) at <6231.620605, 83.005661, 8141.076172>
[COT 2024-03-09 20:20:21] 76561199407766611: Spawned Entity Green Carpet (BBP_Carpet<39367560>, 100, 100, 0) at <6230.548340, 83.004929, 8142.562500>
[COT 2024-03-09 20:20:21] 76561199407766611: Spawned Entity Green Carpet (BBP_Carpet<393652b0>, 100, 100, 0) at <6230.547852, 83.004929, 8142.562012>
[COT 2024-03-09 20:20:21] 76561199407766611: Spawned Entity Green Carpet (BBP_Carpet<393722d0>, 100, 100, 0) at <6230.547852, 83.004921, 8142.562012>
[COT 2024-03-09 20:20:22] 76561199407766611: Spawned Entity Green Carpet (BBP_Carpet<393739f0>, 100, 100, 0) at <6230.547852, 83.004929, 8142.562012>
[COT 2024-03-09 20:20:22] 76561199407766611: Spawned Entity Green Carpet (BBP_Carpet<235476c0>, 100, 100, 0) at <6230.549316, 83.004929, 8142.562988>
[COT 2024-03-09 20:20:22] 76561199407766611: Spawned Entity Green Carpet (BBP_Carpet<23549970>, 100, 100, 0) at <6230.550293, 83.004929, 8142.563477>
[COT 2024-03-09 20:20:32] 76561199407766611: Spawned Entity Mando (BBP_WallPaper_Mural<235597d0>, 100, 100, 0) at <6233.150391, 83.004814, 8139.934082>
[COT 2024-03-09 20:20:33] 76561199407766611: Spawned Entity The Trilogy (BBP_WallPaper_Mural<2355a360>, 100, 100, 0) at <6233.153320, 83.004814, 8139.933105>
[COT 2024-03-09 20:20:38] 76561199407766611: Spawned Entity Nature's Herbs (BBP_WallPaper<23562e20>, 100, 100, 0) at <6233.154785, 83.004814, 8139.931641>
[COT 2024-03-09 20:20:38] 76561199407766611: Spawned Entity Nature's Herbs (BBP_WallPaper<23561700>, 100, 100, 0) at <6233.155273, 83.004807, 8139.929688>
[COT 2024-03-09 20:20:38] 76561199407766611: Spawned Entity Nature's Herbs (BBP_WallPaper<23571560>, 100, 100, 0) at <6233.155273, 83.004814, 8139.927734>
[COT 2024-03-09 20:20:38] 76561199407766611: Spawned Entity Nature's Herbs (BBP_WallPaper<23572c80>, 100, 100, 0) at <6233.155273, 83.004814, 8139.928223>
[COT 2024-03-09 20:20:39] 76561199407766611: Spawned Entity Nature's Herbs (BBP_WallPaper<2356d000>, 100, 100, 0) at <6233.150879, 83.004814, 8139.933594>
[COT 2024-03-09 20:22:46] 76561199407766611: Spawned Entity (Large/Small) Door Kit (BBP_Door_Kit<49d0b990>, 100, 100, 0) at <6244.895996, 83.032104, 8143.721191>
[COT 2024-03-09 20:22:46] 76561199407766611: Spawned Entity (Large/Small) Door Kit (BBP_Door_Kit<49d17e20>, 100, 100, 0) at <6244.895508, 83.032097, 8143.718750>
[COT 2024-03-09 20:22:46] 76561199407766611: Spawned Entity (Large/Small) Door Kit (BBP_Door_Kit<49d16700>, 100, 100, 0) at <6244.659668, 83.069992, 8143.545410>
[COT 2024-03-09 20:22:46] 76561199407766611: Spawned Entity (Large/Small) Door Kit (BBP_Door_Kit<49d12d30>, 100, 100, 0) at <6244.408691, 83.110130, 8143.360840>
[COT 2024-03-09 20:22:46] 76561199407766611: Spawned Entity (Large/Small) Door Kit (BBP_Door_Kit<49d19540>, 100, 100, 0) at <6244.211426, 83.141632, 8143.215332>
[COT 2024-03-09 20:22:46] 76561199407766611: Spawned Entity (Large/Small) Door Kit (BBP_Door_Kit<49d1f1c0>, 100, 100, 0) at <6244.411621, 83.109245, 8143.359375>
[COT 2024-03-09 20:27:18] 76561199407766611: Deleted Entity BBP_BDoor:11694 at <6232.296875, 82.992554, 8144.332520>
[COT 2024-03-09 20:29:48] 76561199407766611: Entered the Free Camera
[COT 2024-03-09 20:30:12] 76561199407766611: Left the Free Camera
[COT 2024-03-09 20:30:33] 76561199407766611: Entered the Free Camera
[COT 2024-03-09 20:30:41] 76561199407766611: Left the Free Camera
[COT 2024-03-09 20:35:33] 76561199407766611: Spawned Entity Barbed Wire Kit (ExpansionBarbedWireKit<2e2c9530>, 100, 100, 0) at <6241.474121, 79.802528, 8150.914551>
[COT 2024-03-09 20:35:34] 76561199407766611: Spawned Entity Barbed Wire Kit (ExpansionBarbedWireKit<2e2cac50>, 100, 100, 0) at <6241.494141, 79.810410, 8150.863770>
[COT 2024-03-09 20:35:34] 76561199407766611: Spawned Entity Barbed Wire Kit (ExpansionBarbedWireKit<31e19160>, 100, 100, 0) at <6241.536133, 79.825966, 8150.762695>
[COT 2024-03-09 20:35:34] 76561199407766611: Spawned Entity Barbed Wire Kit (ExpansionBarbedWireKit<31e16320>, 100, 100, 0) at <6241.647461, 79.866844, 8150.494629>
[COT 2024-03-09 20:35:34] 76561199407766611: Spawned Entity Barbed Wire Kit (ExpansionBarbedWireKit<31e28fc0>, 100, 100, 0) at <6241.713379, 79.891136, 8150.335938>
[COT 2024-03-09 20:35:34] 76561199407766611: Spawned Entity Barbed Wire Kit (ExpansionBarbedWireKit<31e255f0>, 100, 100, 0) at <6241.817871, 79.929634, 8150.082520>
[COT 2024-03-09 20:35:34] 76561199407766611: Spawned Entity Barbed Wire Kit (ExpansionBarbedWireKit<31e23340>, 100, 100, 0) at <6241.926758, 79.969612, 8149.819336>
[COT 2024-03-09 20:35:35] 76561199407766611: Spawned Entity Barbed Wire Kit (ExpansionBarbedWireKit<31e35fe0>, 100, 100, 0) at <6242.000977, 79.996933, 8149.638672>
[COT 2024-03-09 20:35:35] 76561199407766611: Spawned Entity Barbed Wire Kit (ExpansionBarbedWireKit<31e3eaa0>, 100, 100, 0) at <6242.110352, 80.036636, 8149.375977>
[COT 2024-03-09 20:35:35] 76561199407766611: Spawned Entity Barbed Wire Kit (ExpansionBarbedWireKit<31e399b0>, 100, 100, 0) at <6242.145996, 80.049690, 8149.287598>
[COT 2024-03-09 20:40:17] 76561199407766611: Spawned Entity Cement Mixer Kit (BBP_Cement_Mixer_Kit<42f4d420>, 100, 100, 0) at <6246.620117, 83.005760, 8146.528809>
[COT 2024-03-09 20:40:38] 76561199407766611: Spawned Entity MMG Solo Locker Red Kit (mmg_solo_locker_red_kit<47d8ba70>, 100, 100, 0) at <6246.495605, 83.082298, 8146.786133>
[COT 2024-03-09 20:41:00] 76561199407766611: Spawned Entity Vacuum Bagger (CP_Bagger<b0932ce0>, 1, 100, 0) at <6246.412598, 83.132408, 8146.931641>
[COT 2024-03-09 20:41:12] 76561199407766611: Spawned Entity Medium Box (ItemBase<b093b7a0>, 1, 100, 0) at <6246.345703, 83.171478, 8147.051758>
[COT 2024-03-09 20:41:30] 76561199407766611: Spawned Entity Plastic Wrap (CP_PlasticRoll<b093e5e0>, 100, 100, 0) at <6246.248535, 83.232147, 8147.249512>
[COT 2024-03-09 20:41:30] 76561199407766611: Spawned Entity Plastic Wrap (CP_PlasticRoll<b093cec0>, 100, 100, 0) at <6246.246094, 83.232765, 8147.249512>
[COT 2024-03-09 20:41:31] 76561199407766611: Spawned Entity Plastic Wrap (CP_PlasticRoll<b0937dd0>, 100, 100, 0) at <6246.243164, 83.233574, 8147.249023>
[COT 2024-03-09 20:41:36] 76561199407766611: Spawned Entity Cannabis Workbench Kit (CP_Workbench_Kit<b09436d0>, 100, 100, 0) at <6246.250488, 83.231178, 8147.249512>
[COT 2024-03-09 20:41:43] 76561199407766611: Spawned Entity Shrink Wrapper (CP_PlasticWrapper<b0946510>, 100, 100, 0) at <6246.045898, 83.354462, 8147.627930>
[COT 2024-03-09 20:43:10] 76561199407766611: Spawned Entity Empty 1oz Bag (CP_EmptyBag<b0963390>, 16, 100, 0) at <6245.956543, 83.006485, 8147.418945>
[COT 2024-03-09 20:43:10] 76561199407766611: Spawned Entity Empty 1oz Bag (CP_EmptyBag<b095cb80>, 16, 100, 0) at <6245.909180, 83.036522, 8147.514160>
[COT 2024-03-09 20:43:10] 76561199407766611: Spawned Entity Empty 1oz Bag (CP_EmptyBag<b0963f20>, 16, 100, 0) at <6245.909180, 83.036522, 8147.516113>
[COT 2024-03-09 20:43:10] 76561199407766611: Spawned Entity Empty 1oz Bag (CP_EmptyBag<b095d710>, 16, 100, 0) at <6245.910156, 83.036522, 8147.518555>
[COT 2024-03-09 20:43:11] 76561199407766611: Spawned Entity Empty 1oz Bag (CP_EmptyBag<b0966d60>, 16, 100, 0) at <6245.908203, 83.037506, 8147.523438>
[COT 2024-03-09 20:43:12] 76561199407766611: Spawned Entity Empty 1oz Bag (CP_EmptyBag<b0964ab0>, 16, 100, 0) at <6245.875977, 83.057137, 8147.576172>
[COT 2024-03-09 20:43:22] 76561199407766611: Spawned Entity Packed Cannabis Stardawg Seeds (CP_CannabisSeedsPackStardawg<450889a0>, 20, 5, 0) at <6245.911133, 83.036522, 8147.522461>
[COT 2024-03-09 20:43:23] 76561199407766611: Spawned Entity Packed Cannabis Stardawg Seeds (CP_CannabisSeedsPackStardawg<4508fd40>, 20, 5, 0) at <6245.870605, 83.062180, 8147.606934>
[COT 2024-03-09 20:43:23] 76561199407766611: Spawned Entity Packed Cannabis Stardawg Seeds (CP_CannabisSeedsPackStardawg<45089530>, 20, 5, 0) at <6245.824707, 83.090652, 8147.699219>
[COT 2024-03-09 20:43:25] 76561199407766611: Spawned Entity Packed Cannabis Future Seeds (CP_CannabisSeedsPackFuture<450908d0>, 20, 5, 0) at <6245.782227, 83.118996, 8147.779297>
[COT 2024-03-09 20:43:25] 76561199407766611: Spawned Entity Packed Cannabis Future Seeds (CP_CannabisSeedsPackFuture<3dd1a5c0>, 20, 5, 0) at <6245.721680, 83.157822, 8147.901367>
[COT 2024-03-09 20:43:25] 76561199407766611: Spawned Entity Packed Cannabis Future Seeds (CP_CannabisSeedsPackFuture<3dd1d400>, 20, 5, 0) at <6245.674805, 83.187744, 8147.993164>
[COT 2024-03-09 20:43:29] 76561199407766611: Spawned Entity Packed Blue God Cannabis Seeds (CP_CannabisSeedsPackBlue<3dd17780>, 20, 5, 0) at <6245.633301, 83.215851, 8148.074707>
[COT 2024-03-09 20:43:31] 76561199407766611: Spawned Entity Packed Purple Kush Cannabis Seeds (CP_CannabisSeedsPackKush<3dd1eb20>, 20, 5, 0) at <6245.573242, 83.253090, 8148.196777>
[COT 2024-03-09 20:52:35] 76561199407766611: Entered the Free Camera
[COT 2024-03-09 20:52:46] 76561199407766611: Left the Free Camera
[COT 2024-03-09 20:55:28] 76561199407766611: Entered the Free Camera
[COT 2024-03-09 20:55:35] 76561199407766611: Left the Free Camera
[COT 2024-03-09 20:56:07] 76561199407766611: Healed [guid=spMEkRl42onhFHdF_u42e0T03x2sj347kUc600NXdGA=]
[COT 2024-03-09 21:10:00] 76561199407766611: Spawned Entity (Large/Small) Wall Kit (BBP_Wall_Kit<3e58c7f0>, 100, 100, 0) at <6239.998047, 79.802521, 8153.807129>
[COT 2024-03-09 21:10:00] 76561199407766611: Spawned Entity (Large/Small) Wall Kit (BBP_Wall_Kit<3e58b0d0>, 100, 100, 0) at <6239.998047, 79.802521, 8153.807129>
[COT 2024-03-09 21:10:01] 76561199407766611: Spawned Entity (Large/Small) Wall Kit (BBP_Wall_Kit<3e585fe0>, 100, 100, 0) at <6239.998047, 79.802521, 8153.807129>
[COT 2024-03-09 21:10:01] 76561199407766611: Spawned Entity (Large/Small) Wall Kit (BBP_Wall_Kit<3e58df10>, 100, 100, 0) at <6239.998047, 79.802521, 8153.807129>
[COT 2024-03-09 21:10:01] 76561199407766611: Spawned Entity (Large/Small) Wall Kit (BBP_Wall_Kit<3e590d50>, 100, 100, 0) at <6239.998047, 79.802521, 8153.807129>
[COT 2024-03-09 21:10:06] 76561199407766611: Spawned Entity (Large/Small) Wall Kit (BBP_Wall_Kit<35aa73a0>, 100, 100, 0) at <6239.998047, 79.802521, 8153.807129>
[COT 2024-03-09 21:10:07] 76561199407766611: Spawned Entity (Large/Small) Wall Kit (BBP_Wall_Kit<35aa8ac0>, 100, 100, 0) at <6239.998047, 79.802521, 8153.807129>
[COT 2024-03-09 21:10:07] 76561199407766611: Spawned Entity (Large/Small) Wall Kit (BBP_Wall_Kit<35aa22b0>, 100, 100, 0) at <6239.998047, 79.802521, 8153.807129>
[COT 2024-03-09 21:10:07] 76561199407766611: Spawned Entity (Large/Small) Wall Kit (BBP_Wall_Kit<35aa2e40>, 100, 100, 0) at <6239.998047, 79.802521, 8153.807129>
[COT 2024-03-09 21:10:07] 76561199407766611: Spawned Entity (Large/Small) Wall Kit (BBP_Wall_Kit<35aafe60>, 100, 100, 0) at <6239.998047, 79.802521, 8153.807129>
[COT 2024-03-09 21:10:07] 76561199407766611: Spawned Entity (Large/Small) Wall Kit (BBP_Wall_Kit<35ab09f0>, 100, 100, 0) at <6239.998047, 79.802521, 8153.807129>
[COT 2024-03-09 21:10:11] 76561199407766611: Spawned Entity (Large/Small) Wall Kit (BBP_Wall_Kit<35a76cf0>, 100, 100, 0) at <6239.998047, 79.802521, 8153.807129>
[COT 2024-03-09 21:10:11] 76561199407766611: Spawned Entity (Large/Small) Wall Kit (BBP_Wall_Kit<35a73eb0>, 100, 100, 0) at <6239.998047, 79.802521, 8153.807129>
[COT 2024-03-09 21:10:11] 76561199407766611: Spawned Entity (Large/Small) Wall Kit (BBP_Wall_Kit<35a71070>, 100, 100, 0) at <6239.998047, 79.802521, 8153.807129>
[COT 2024-03-09 21:10:11] 76561199407766611: Spawned Entity (Large/Small) Wall Kit (BBP_Wall_Kit<35a74a40>, 100, 100, 0) at <6239.998047, 79.802521, 8153.807129>
[COT 2024-03-09 21:10:11] 76561199407766611: Spawned Entity (Large/Small) Wall Kit (BBP_Wall_Kit<35a71c00>, 100, 100, 0) at <6239.998047, 79.802521, 8153.807129>
[COT 2024-03-09 21:35:18] 76561199407766611: Spawned Entity Bandage (BandageDressing<46e7c010>, 4, 50, 0) at <6237.057617, 79.802765, 8149.365723>
[COT 2024-03-09 21:35:18] 76561199407766611: Spawned Entity Bandage (BandageDressing<46e7f9e0>, 4, 50, 0) at <6237.157715, 79.837196, 8149.398926>
[COT 2024-03-09 21:35:18] 76561199407766611: Spawned Entity Bandage (BandageDressing<480cc5d0>, 4, 50, 0) at <6237.257813, 79.871986, 8149.433594>
[COT 2024-03-09 21:35:18] 76561199407766611: Spawned Entity Bandage (BandageDressing<480d5090>, 4, 50, 0) at <6237.352539, 79.905029, 8149.466309>
[COT 2024-03-09 21:35:19] 76561199407766611: Spawned Entity Bandage (BandageDressing<480ce880>, 4, 50, 0) at <6237.450195, 79.939156, 8149.500977>
[COT 2024-03-09 21:35:19] 76561199407766611: Spawned Entity Bandage (BandageDressing<480dcfc0>, 4, 50, 0) at <6237.534668, 79.968628, 8149.530273>
[COT 2024-03-09 21:35:19] 76561199407766611: Spawned Entity Bandage (BandageDressing<480d95f0>, 4, 50, 0) at <6237.634277, 80.003670, 8149.565430>
[COT 2024-03-09 21:36:13] 76561199407766611: Spawned Entity Pliers (Pliers<4463ea50>, 100, 100, 0) at <6235.064453, 79.802757, 8149.107422>
[COT 2024-03-09 21:36:20] 76561199407766611: Spawned Entity Tripwire (TripwireTrap<35998bb0>, 100, 50, 0) at <6235.311523, 79.872375, 8149.186523>
[COT 2024-03-09 21:36:21] 76561199407766611: Spawned Entity Tripwire (TripwireTrap<3599b160>, 100, 50, 0) at <6235.311035, 79.872154, 8149.184570>
[COT 2024-03-09 21:36:21] 76561199407766611: Spawned Entity Tripwire (TripwireTrap<35994050>, 100, 50, 0) at <6235.310547, 79.871979, 8149.183594>
[COT 2024-03-09 21:36:21] 76561199407766611: Spawned Entity Tripwire (TripwireTrap<3599fcc0>, 100, 50, 0) at <6235.310547, 79.872025, 8149.183594>
[COT 2024-03-09 21:36:21] 76561199407766611: Spawned Entity Tripwire (TripwireTrap<3599bdf0>, 100, 50, 0) at <6235.310547, 79.871857, 8149.185547>
[COT 2024-03-09 21:36:28] 76561199407766611: Spawned Entity Bear Trap (BearTrap<af090e30>, 100, 200, 0) at <6235.311035, 79.872108, 8149.183594>
[COT 2024-03-09 21:36:28] 76561199407766611: Spawned Entity Bear Trap (BearTrap<af0a53e0>, 100, 200, 0) at <6235.568359, 79.944588, 8149.265137>
[COT 2024-03-09 21:36:28] 76561199407766611: Spawned Entity Bear Trap (BearTrap<af0a6c00>, 100, 200, 0) at <6235.799316, 80.009399, 8149.339355>
[COT 2024-03-09 21:36:29] 76561199407766611: Spawned Entity Bear Trap (BearTrap<af0a9030>, 100, 200, 0) at <6236.064941, 80.084282, 8149.422363>
[COT 2024-03-09 21:37:28] 76561199407766611: Spawned Entity HolyGrenade (TWP_HolyGrenade<229fa750>, 100, 50, 0) at <6235.884766, 79.802750, 8148.263672>
[COT 2024-03-09 21:37:29] 76561199407766611: Spawned Entity HolyGrenade (TWP_HolyGrenade<229fb360>, 100, 50, 0) at <6235.913086, 79.811172, 8148.278320>
[COT 2024-03-09 21:37:29] 76561199407766611: Spawned Entity HolyGrenade (TWP_HolyGrenade<22a05c40>, 100, 50, 0) at <6235.946289, 79.820969, 8148.295410>
[COT 2024-03-09 21:37:29] 76561199407766611: Spawned Entity HolyGrenade (TWP_HolyGrenade<9ca07160>, 100, 50, 0) at <6235.983887, 79.832047, 8148.314941>
[COT 2024-03-09 21:37:29] 76561199407766611: Spawned Entity HolyGrenade (TWP_HolyGrenade<9c9dfe20>, 100, 50, 0) at <6236.012207, 79.840401, 8148.329102>
[COT 2024-03-09 21:37:29] 76561199407766611: Spawned Entity HolyGrenade (TWP_HolyGrenade<9c9dc1d0>, 100, 50, 0) at <6236.041504, 79.849037, 8148.342773>
[COT 2024-03-09 21:37:29] 76561199407766611: Spawned Entity HolyGrenade (TWP_HolyGrenade<9c9f0780>, 100, 50, 0) at <6236.072266, 79.858116, 8148.356934>
[COT 2024-03-09 21:37:29] 76561199407766611: Spawned Entity HolyGrenade (TWP_HolyGrenade<9c9f4fe0>, 100, 50, 0) at <6236.099609, 79.866425, 8148.370117>
[COT 2024-03-09 21:44:03] 76561199407766611: Entered the Free Camera
[COT 2024-03-09 21:44:22] 76561199407766611: Left the Free Camera
[COT 2024-03-09 21:45:59] 76561199407766611: Entered the Free Camera
[COT 2024-03-09 21:46:11] 76561199407766611: Left the Free Camera
[COT 2024-03-09 21:46:28] 76561199407766611: Entered the Free Camera
[COT 2024-03-09 21:46:36] 76561199407766611: Left the Free Camera
[COT 2024-03-09 21:51:33] 76561199407766611: Spawned Entity Lock Pick (Lockpick<335392b0>, 100, 125, 0) at <6227.639160, 73.581108, 8145.827148>
[COT 2024-03-09 21:53:58] 76561199407766611: Entered the Free Camera
[COT 2024-03-09 21:54:03] 76561199407766611: Left the Free Camera
[COT 2024-03-09 21:58:36] 76561199407766611: Teleported to position <391.092102, 102.135933, 8467.129883>
[COT 2024-03-09 21:58:50] 76561199407766611: Entered the Free Camera
[COT 2024-03-09 22:00:26] 76561199407766611: Left the Free Camera
[COT 2024-03-09 22:00:59] 76561199407766611: ESP: ESP updating
[COT 2024-03-09 22:01:01] 76561199407766611: Entered the Free Camera
[COT 2024-03-09 22:04:16] 76561199407766611: Left the Free Camera
[COT 2024-03-09 22:05:19] 76561199407766611: Spawned Entity Rangefinder (Rangefinder<3e31a060>, 100, 70, 0) at <5908.968262, 104.056343, 7720.414063>
