[COT 2024-02-28 17:30:58] 76561199407766611: Set GodMode To true [guid=spMEkRl42onhFHdF_u42e0T03x2sj347kUc600NXdGA=]
[COT 2024-02-28 17:30:59] 76561199407766611: Set Invisibility To 1 [guid=spMEkRl42onhFHdF_u42e0T03x2sj347kUc600NXdGA=]
[COT 2024-02-28 17:30:59] 76561199407766611: Set UnlimitedAmmo To true [guid=spMEkRl42onhFHdF_u42e0T03x2sj347kUc600NXdGA=]
[COT 2024-02-28 17:31:58] 76561199407766611: Teleported to position <8624.000000, 12.723310, 7480.085449>
[COT 2024-02-28 17:34:02] 76561199407766611: Entered the Free Camera
[COT 2024-02-28 17:36:40] 76561199407766611: Deleted Entity Offroad_02:17344 at <9851.315430, 2.675745, 6766.153809>
[COT 2024-02-28 17:36:49] 76561199407766611: Deleted Entity CivilianSedan_Black:17591 at <9812.407227, 2.290942, 6734.318359>
[COT 2024-02-28 17:37:12] 76561199407766611: Deleted Entity MotorHome_rust:17320 at <9814.264648, 2.693329, 6802.447754>
[COT 2024-02-28 17:37:19] 76561199407766611: Deleted Entity ToyotaHilux_red:17403 at <9866.392578, 2.365672, 6847.391602>
[COT 2024-02-28 17:37:31] 76561199407766611: Deleted Entity Truck_01_Covered_Orange:17386 at <9842.578125, 2.506552, 6847.985352>
[COT 2024-02-28 17:39:27] 76561199407766611: ESP: ESP updating
[COT 2024-02-28 17:43:33] 76561199407766611: Deleted Entity OffroadHatchback_Blue:17334 at <9839.571289, 2.686772, 6766.578613>
[COT 2024-02-28 17:44:53] 76561199407766611: Left the Free Camera
[COT 2024-02-28 17:48:04] 76561199407766611: Entered the Free Camera
[COT 2024-02-28 17:48:18] 76561199407766611: Left the Free Camera
[COT 2024-02-28 17:48:27] 76561199407766611: Entered the Free Camera
[COT 2024-02-28 17:48:31] 76561199407766611: Left the Free Camera
[COT 2024-02-28 17:52:24] 76561199407766611: Entered the Free Camera
[COT 2024-02-28 17:52:32] 76561199407766611: Left the Free Camera
[COT 2024-02-28 17:52:54] 76561199407766611: Entered the Free Camera
[COT 2024-02-28 17:54:34] 76561199407766611: Left the Free Camera
[COT 2024-02-28 17:55:13] 76561199407766611: Spawned Entity Golden Sword Of Ares (DOC_GOLDEN_ARES_SWORD<32235020>, 100, 600, 0) at <9553.004883, 14.182411, 7008.915527>
[COT 2024-02-28 18:01:54] 76561199407766611: Entered the Free Camera
[COT 2024-02-28 18:02:45] 76561199407766611: Left the Free Camera
[COT 2024-02-28 19:16:24] 76561199407766611: Stripped [guid=spMEkRl42onhFHdF_u42e0T03x2sj347kUc600NXdGA=]
[COT 2024-02-28 19:23:33] 76561199407766611: Teleported to position <6613.897461, 21.152834, 3644.340820>
[COT 2024-02-28 19:23:39] 76561199407766611: Teleported [guid=eZvdqnhxQZeB4Wvp7ko5cFy79bCUMACrCdUKq6S9F3w=] to <6613.897461, 21.152834, 3644.340820>
[COT 2024-02-28 19:24:00] 76561199407766611: ESP: ESP updating
[COT 2024-02-28 19:25:01] 76561199407766611: Spawned Entity Compass (Compass<7fb17970>, 100, 70, 0) at <6601.550293, 21.208237, 3651.200928>
[COT 2024-02-28 19:25:05] 76561199407766611: Entered the Free Camera
[COT 2024-02-28 19:27:25] 76561199407766611: Teleported to position <9539.397461, 2.677841, 7149.567871>
[COT 2024-02-28 19:27:27] 76561199407766611: Entered the Free Camera
[COT 2024-02-28 19:32:01] 76561199407766611: Teleported to position <7920.743164, 4.014997, 7233.085938>
[COT 2024-02-28 19:32:07] 76561199407766611: Set GodMode To true [guid=spMEkRl42onhFHdF_u42e0T03x2sj347kUc600NXdGA=]
[COT 2024-02-28 19:32:07] 76561199407766611: Set Invisibility To 1 [guid=spMEkRl42onhFHdF_u42e0T03x2sj347kUc600NXdGA=]
[COT 2024-02-28 19:32:38] 76561199407766611: Entered the Free Camera
[COT 2024-02-28 19:34:43] 76561199108250772: ESP: Viewing ESP
[COT 2024-02-28 19:35:02] 76561199108250772: ESP index=0 target=mmg_gun_rack_planks:17972 position=<9837.478516, 3.108613, 6780.790527> action=delete
[COT 2024-02-28 19:35:02] 76561199108250772: ESP index=1 target=SeaChest:16885 position=<9871.966797, 4.144178, 6803.621094> action=delete
[COT 2024-02-28 19:35:02] 76561199108250772: ESP index=2 target=mmg_gun_wall_wooden:16846 position=<9877.660156, 7.044199, 6811.730957> action=delete
[COT 2024-02-28 19:35:02] 76561199108250772: ESP index=3 target=mmg_gun_rack_blue:16805 position=<9871.871094, 7.044199, 6807.884277> action=delete
[COT 2024-02-28 19:35:02] 76561199108250772: ESP index=4 target=ExpansionSafeMedium:16790 position=<9873.702148, 7.866865, 6805.573242> action=delete
[COT 2024-02-28 19:35:02] 76561199108250772: ESP index=5 target=mmg_gear_stand:16679 position=<9878.265625, 7.044199, 6809.765625> action=delete
[COT 2024-02-28 19:35:02] 76561199108250772: ESP index=6 target=mmg_gun_wall_metal:16658 position=<9836.971680, 3.490070, 6767.992188> action=delete
[COT 2024-02-28 19:35:02] 76561199108250772: ESP index=7 target=mmg_equipment_locker_grey:16623 position=<9842.205078, 2.646030, 6768.106934> action=delete
[COT 2024-02-28 19:35:02] 76561199108250772: ESP index=8 target=mmg_equipment_locker_green:16608 position=<9867.305664, 5.107971, 6813.691895> action=delete
[COT 2024-02-28 19:35:02] 76561199108250772: ESP index=9 target=mmg_weapon_crate_wood:16461 position=<9868.244141, 4.144180, 6811.984863> action=delete
[COT 2024-02-28 19:35:02] 76561199108250772: ESP index=10 target=mmg_grenade_case_green:16379 position=<9870.646484, 4.966822, 6803.599121> action=delete
[COT 2024-02-28 19:35:02] 76561199108250772: ESP index=11 target=mmg_gear_stand:16280 position=<9876.856445, 7.044199, 6813.580566> action=delete
[COT 2024-02-28 19:35:02] 76561199108250772: ESP action=delete_all count=12 attempted=12
[COT 2024-02-28 19:35:09] 76561199108250772: ESP index=0 target=mmg_gear_stand:16599 position=<9874.116211, 7.044198, 6807.721191> action=delete
[COT 2024-02-28 19:35:09] 76561199108250772: ESP index=1 target=mmg_locker02_green:16497 position=<9876.962891, 7.044199, 6808.341797> action=delete
[COT 2024-02-28 19:35:09] 76561199108250772: ESP index=2 target=mmg_gear_stand:16465 position=<9871.055664, 7.044199, 6815.028320> action=delete
[COT 2024-02-28 19:35:09] 76561199108250772: ESP index=3 target=mmg_locker02_blue:16359 position=<9872.193359, 7.044199, 6815.551270> action=delete
[COT 2024-02-28 19:35:09] 76561199108250772: ESP action=delete_all count=4 attempted=4
[COT 2024-02-28 19:35:11] 76561199108250772: ESP index=0 target=SeaChest:16545 position=<9874.878906, 4.433082, 6816.317871> action=delete
[COT 2024-02-28 19:35:11] 76561199108250772: ESP index=1 target=ExpansionSafeMini:16328 position=<9870.158203, 4.966925, 6804.527832> action=delete
[COT 2024-02-28 19:35:11] 76561199108250772: ESP index=2 target=mmg_equipment_locker_grey:16312 position=<9876.565430, 4.144180, 6814.671387> action=delete
[COT 2024-02-28 19:35:11] 76561199108250772: ESP action=delete_all count=3 attempted=3
[COT 2024-02-28 19:35:33] 76561199108250772: ESP: Clearing ESP
[COT 2024-02-28 19:35:34] 76561199108250772: ESP: Viewing ESP
[COT 2024-02-28 19:35:35] 76561199108250772: ESP: Clearing ESP
[COT 2024-02-28 19:35:36] 76561199108250772: ESP: Viewing ESP
[COT 2024-02-28 19:35:39] 76561199108250772: ESP: Clearing ESP
[COT 2024-02-28 19:35:39] 76561199108250772: ESP: Viewing ESP
[COT 2024-02-28 19:35:59] 76561199108250772: ESP: Clearing ESP
[COT 2024-02-28 19:35:59] 76561199108250772: ESP: Viewing ESP
[COT 2024-02-28 19:36:05] 76561199108250772: ESP index=0 target=BBP_SWindow:16768 position=<9868.049805, 4.112710, 6807.044434> action=delete
[COT 2024-02-28 19:36:05] 76561199108250772: ESP index=1 target=BBP_SWindow:16626 position=<9867.363281, 4.070634, 6809.945801> action=delete
[COT 2024-02-28 19:36:05] 76561199108250772: ESP index=2 target=BBP_SWindow:16498 position=<9878.879883, 4.144179, 6808.481445> action=delete
[COT 2024-02-28 19:36:05] 76561199108250772: ESP index=3 target=BBP_SWindow:16598 position=<9869.311523, 3.943356, 6815.563965> action=delete
[COT 2024-02-28 19:36:05] 76561199108250772: ESP index=4 target=BBP_SWindow:16584 position=<9867.531250, 4.156802, 6811.979980> action=delete
[COT 2024-02-28 19:36:05] 76561199108250772: ESP index=5 target=BBP_Swall:16329 position=<9877.187500, 7.004198, 6804.695313> action=delete
[COT 2024-02-28 19:36:05] 76561199108250772: ESP index=6 target=BBP_Swall:16384 position=<9872.991211, 7.044198, 6803.594238> action=delete
[COT 2024-02-28 19:36:05] 76561199108250772: ESP action=delete_all count=7 attempted=7
[COT 2024-02-28 19:36:11] 76561199108250772: ESP index=0 target=BBP_SDoor:16531 position=<9866.962891, 4.104179, 6808.226074> action=delete
[COT 2024-02-28 19:36:11] 76561199108250772: ESP index=1 target=BBP_Swall:16492 position=<9869.572266, 4.124180, 6809.822266> action=delete
[COT 2024-02-28 19:36:11] 76561199108250772: ESP index=2 target=BBP_SWindow:16349 position=<9877.172852, 4.144179, 6804.836426> action=delete
[COT 2024-02-28 19:36:11] 76561199108250772: ESP index=3 target=BBP_SWindow:16390 position=<9873.389648, 3.950765, 6816.807617> action=delete
[COT 2024-02-28 19:36:11] 76561199108250772: ESP index=4 target=BBP_Swall:16268 position=<9876.923828, 4.053370, 6814.945801> action=delete
[COT 2024-02-28 19:36:11] 76561199108250772: ESP action=delete_all count=5 attempted=5
[COT 2024-02-28 19:36:14] 76561199108250772: ESP index=0 target=BBP_SWindow:16616 position=<9869.537109, 4.226967, 6805.463379> action=delete
[COT 2024-02-28 19:36:14] 76561199108250772: ESP index=1 target=BBP_Swall:16347 position=<9873.000977, 4.101323, 6803.375977> action=delete
[COT 2024-02-28 19:36:14] 76561199108250772: ESP index=2 target=BBP_SDoor:16272 position=<9870.505859, 4.144180, 6808.870605> action=delete
[COT 2024-02-28 19:36:14] 76561199108250772: ESP action=delete_all count=3 attempted=3
[COT 2024-02-28 19:36:17] 76561199108250772: ESP index=0 target=BBP_SWindow:16857 position=<9873.450195, 7.044589, 6816.837891> action=delete
[COT 2024-02-28 19:36:17] 76561199108250772: ESP index=1 target=BBP_SWindow:16639 position=<9869.349609, 7.227926, 6815.366211> action=delete
[COT 2024-02-28 19:36:17] 76561199108250772: ESP action=delete_all count=2 attempted=2
[COT 2024-02-28 19:36:19] 76561199108250772: ESP index=0 target=BBP_LGate:16404 position=<9864.364258, 2.500215, 6842.077637> action=delete
[COT 2024-02-28 19:36:19] 76561199108250772: ESP action=delete_all count=1 attempted=1
[COT 2024-02-28 19:36:23] 76561199108250772: ESP index=0 target=TerritoryFlag:16797 position=<9839.782227, 2.590093, 6840.793457> action=delete
[COT 2024-02-28 19:36:23] 76561199108250772: ESP index=1 target=Barrel_Red:16346 position=<9593.640625, 2.506197, 7380.424316> action=delete
[COT 2024-02-28 19:36:23] 76561199108250772: ESP index=2 target=BBP_SDoor:16450 position=<9843.251953, 2.619124, 6838.008789> action=delete
[COT 2024-02-28 19:36:23] 76561199108250772: ESP action=delete_all count=3 attempted=3
[COT 2024-02-28 19:36:33] 76561199108250772: ESP index=0 target=BBP_RGate:16917 position=<9839.947266, 2.515006, 6772.979980> action=delete
[COT 2024-02-28 19:36:33] 76561199108250772: ESP index=1 target=BBP_RGate:16771 position=<9851.801758, 2.663355, 6772.101563> action=delete
[COT 2024-02-28 19:36:33] 76561199108250772: ESP index=2 target=BBP_RGate:16651 position=<9845.791016, 2.514957, 6772.908203> action=delete
[COT 2024-02-28 19:36:33] 76561199108250772: ESP action=delete_all count=3 attempted=3
[COT 2024-02-28 19:36:36] 76561199108250772: ESP: Clearing ESP
[COT 2024-02-28 19:36:51] 76561199108250772: ESP: Viewing ESP
[COT 2024-02-28 19:36:53] 76561199108250772: ESP: Clearing ESP
[COT 2024-02-28 19:36:53] 76561199108250772: ESP: Viewing ESP
[COT 2024-02-28 19:37:04] 76561199108250772: ESP: Clearing ESP
[COT 2024-02-28 19:37:17] 76561199108250772: ESP: Viewing ESP
[COT 2024-02-28 19:37:22] 76561199108250772: ESP: Clearing ESP
[COT 2024-02-28 19:37:27] 76561199108250772: ESP: Viewing ESP
[COT 2024-02-28 19:37:32] 76561199108250772: ESP: Clearing ESP
[COT 2024-02-28 19:37:32] 76561199108250772: ESP: Viewing ESP
[COT 2024-02-28 19:37:34] 76561199108250772: ESP index=0 target=BBP_Workbench:16399 position=<9838.870117, 2.646030, 6763.926758> action=delete
[COT 2024-02-28 19:37:34] 76561199108250772: ESP action=delete_all count=1 attempted=1
[COT 2024-02-28 19:37:43] 76561199108250772: ESP: Clearing ESP
[COT 2024-02-28 19:38:08] 76561199108250772: Set UnlimitedAmmo To true [guid=OAdpPkJP2Ps_W7h2ttR1bK23ekHCzrxw0mDT3zqLMdU=]
[COT 2024-02-28 19:38:08] 76561199108250772: Set UnlimitedStamina To true [guid=OAdpPkJP2Ps_W7h2ttR1bK23ekHCzrxw0mDT3zqLMdU=]
[COT 2024-02-28 19:38:09] 76561199108250772: Set cannot be targeted by AI to true [guid=OAdpPkJP2Ps_W7h2ttR1bK23ekHCzrxw0mDT3zqLMdU=]
[COT 2024-02-28 19:38:10] 76561199108250772: Set GodMode To true [guid=OAdpPkJP2Ps_W7h2ttR1bK23ekHCzrxw0mDT3zqLMdU=]
[COT 2024-02-28 19:40:46] 76561199407766611: Left the Free Camera
[COT 2024-02-28 19:40:49] 76561199407766611: Set Invisibility To 0 [guid=spMEkRl42onhFHdF_u42e0T03x2sj347kUc600NXdGA=]
[COT 2024-02-28 19:45:53] 76561199407766611: Teleported to position <4273.279785, 99.884583, 8679.111328>
[COT 2024-02-28 19:45:58] 76561199407766611: Set GodMode To true [guid=spMEkRl42onhFHdF_u42e0T03x2sj347kUc600NXdGA=]
[COT 2024-02-28 19:45:59] 76561199407766611: Set Invisibility To 1 [guid=spMEkRl42onhFHdF_u42e0T03x2sj347kUc600NXdGA=]
[COT 2024-02-28 19:46:02] 76561199407766611: Entered the Free Camera
[COT 2024-02-28 19:46:20] 76561199407766611: Left the Free Camera
[COT 2024-02-28 19:46:24] 76561199407766611: Teleported to position <3830.111084, 190.026520, 6988.444336>
[COT 2024-02-28 19:46:26] 76561199407766611: Entered the Free Camera
[COT 2024-02-28 19:46:32] 76561199407766611: Left the Free Camera
[COT 2024-02-28 19:46:37] 76561199407766611: Teleported to position <1842.213623, 111.515038, 5096.271484>
[COT 2024-02-28 19:46:39] 76561199407766611: Entered the Free Camera
[COT 2024-02-28 19:46:56] 76561199407766611: Left the Free Camera
[COT 2024-02-28 19:46:58] 76561199407766611: Entered the Free Camera
[COT 2024-02-28 19:47:12] 76561199407766611: Left the Free Camera
[COT 2024-02-28 19:47:23] 76561199407766611: Teleported to position <693.333435, 140.318619, 5499.252930>
[COT 2024-02-28 19:47:24] 76561199407766611: Entered the Free Camera
[COT 2024-02-28 19:48:02] 76561199407766611: Left the Free Camera
[COT 2024-02-28 19:48:25] 76561199407766611: Entered the Free Camera
[COT 2024-02-28 19:48:56] 76561199407766611: Left the Free Camera
[COT 2024-02-28 19:49:04] 76561199407766611: Entered the Free Camera
