[COT 2024-03-08 23:02:54] 76561199108250772: Set cannot be targeted by AI to true [guid=OAdpPkJP2Ps_W7h2ttR1bK23ekHCzrxw0mDT3zqLMdU=]
[COT 2024-03-08 23:03:00] 76561199407766611: Healed [guid=spMEkRl42onhFHdF_u42e0T03x2sj347kUc600NXdGA=]
[COT 2024-03-08 23:03:03] 76561199407766611: Set cannot be targeted by AI to true [guid=spMEkRl42onhFHdF_u42e0T03x2sj347kUc600NXdGA=]
[COT 2024-03-09 00:17:49] 76561199407766611: Set GodMode To true [guid=spMEkRl42onhFHdF_u42e0T03x2sj347kUc600NXdGA=]
[COT 2024-03-09 00:17:50] 76561199407766611: Set Invisibility To 1 [guid=spMEkRl42onhFHdF_u42e0T03x2sj347kUc600NXdGA=]
[COT 2024-03-09 00:18:02] 76561199108250772: Teleported to position <5319.340332, 219.718323, 4967.871582>
[COT 2024-03-09 00:18:03] 76561199407766611: Teleported to position <5316.317383, 219.682495, 5160.667969>
[COT 2024-03-09 00:18:09] 76561199407766611: Entered the Free Camera
[COT 2024-03-09 00:18:26] 76561199407766611: Left the Free Camera
[COT 2024-03-09 00:19:40] 76561199108250772: Teleported to position <5337.272949, 220.031372, 4902.803711>
[COT 2024-03-09 00:21:28] 76561199407766611: Spawned Entity MK II (MKII_Base<40d40ed0>, 100, 120, 0) at <5306.084473, 230.072525, 4990.932617>
[COT 2024-03-09 00:21:31] 76561199407766611: Entered the Free Camera
[COT 2024-03-09 00:21:35] 76561199407766611: Left the Free Camera
[COT 2024-03-09 00:22:46] 76561199407766611: Set rain to 0 0 0
[COT 2024-03-09 00:22:46] 76561199407766611: Set storm to 0 0.8 4000
[COT 2024-03-09 00:22:46] 76561199407766611: Set fog to 0 0 0
[COT 2024-03-09 00:22:46] 76561199407766611: Set overcast to 0 0 0
[COT 2024-03-09 00:22:46] 76561199407766611: Set wind to 0 0 1
[COT 2024-03-09 00:22:46] 76561199407766611: Set the date to 2024/8/28 12:0
[COT 2024-03-09 00:22:50] 76561199108250772: Healed [guid=KWl3ojgjStHOe3-iLRChpUG8crsNiNfei3BT6NCIfaw=]
[COT 2024-03-09 00:22:53] 76561199108250772: Healed [guid=s7vJf2NuCNme1MUM_sgLr2G3yzcxYg10pO0s-GAKExM=]
[COT 2024-03-09 00:22:55] 76561199108250772: Healed [guid=2H7391gmOSCz4VnnBebcTth-2Sm4qjaSYaboxsOPA1Q=]
[COT 2024-03-09 00:22:57] 76561199108250772: Healed [guid=UZoPCMLB3N11A-tUm4UvgjfGx78zjm5LF9R7QhaC4c0=]
[COT 2024-03-09 00:22:59] 76561199108250772: Healed [guid=KLlzjJ8zgcwHHrIjBS8gd15ouasAsfZDoMJGmLHGchw=]
[COT 2024-03-09 00:23:01] 76561199108250772: Healed [guid=t8SzXkLa1LrYqKdsRAn-rhqz7Di4nlyu65HSbzYaTjs=]
[COT 2024-03-09 00:23:06] 76561199407766611: Teleported to position <6613.683594, 21.251448, 3660.829590>
[COT 2024-03-09 00:23:30] 76561199407766611: Spawned Entity Hryvnia Banknotes Stack (ExpansionBanknoteHryvnia<3373df30>, 50000, 100, 0) at <6622.471191, 21.493708, 3670.230469>
[COT 2024-03-09 00:26:20] 76561199108250772: Entered the Free Camera
[COT 2024-03-09 00:26:46] 76561199108250772: Left the Free Camera
[COT 2024-03-09 00:27:24] 76561199407766611: Set Broken Legs To true [guid=2H7391gmOSCz4VnnBebcTth-2Sm4qjaSYaboxsOPA1Q=]
[COT 2024-03-09 00:27:27] 76561199407766611: Set Broken Legs To false [guid=2H7391gmOSCz4VnnBebcTth-2Sm4qjaSYaboxsOPA1Q=]
[COT 2024-03-09 00:29:32] 76561199108250772: Healed [guid=OAdpPkJP2Ps_W7h2ttR1bK23ekHCzrxw0mDT3zqLMdU=]
[COT 2024-03-09 00:29:33] 76561199108250772: Set GodMode To true [guid=OAdpPkJP2Ps_W7h2ttR1bK23ekHCzrxw0mDT3zqLMdU=]
[COT 2024-03-09 00:29:34] 76561199108250772: Set UnlimitedAmmo To true [guid=OAdpPkJP2Ps_W7h2ttR1bK23ekHCzrxw0mDT3zqLMdU=]
[COT 2024-03-09 00:29:35] 76561199108250772: Set UnlimitedStamina To true [guid=OAdpPkJP2Ps_W7h2ttR1bK23ekHCzrxw0mDT3zqLMdU=]
[COT 2024-03-09 00:29:35] 76561199108250772: Set cannot be targeted by AI to true [guid=OAdpPkJP2Ps_W7h2ttR1bK23ekHCzrxw0mDT3zqLMdU=]
[COT 2024-03-09 03:05:36] 76561199407766611: Set GodMode To true [guid=spMEkRl42onhFHdF_u42e0T03x2sj347kUc600NXdGA=]
[COT 2024-03-09 03:05:36] 76561199407766611: Set Invisibility To 1 [guid=spMEkRl42onhFHdF_u42e0T03x2sj347kUc600NXdGA=]
[COT 2024-03-09 03:05:38] 76561199407766611: Set UnlimitedAmmo To true [guid=spMEkRl42onhFHdF_u42e0T03x2sj347kUc600NXdGA=]
[COT 2024-03-09 03:05:53] 76561199407766611: Spawned Entity ColtPython (357) (TWP_ColtPython<35c2fc60>, 100, 200, 0) at <6604.370117, 25.284304, 3669.417236>
[COT 2024-03-09 03:06:10] 76561199407766611: Spawned Entity Cattle Prod (CattleProd<226ad9d0>, 100, 150, 0) at <6604.368652, 25.245647, 3669.668701>
[COT 2024-03-09 03:06:25] 76561199407766611: Teleported to position <703.999634, 132.309998, 7664.632813>
[COT 2024-03-09 03:06:27] 76561199407766611: Entered the Free Camera
[COT 2024-03-09 03:06:31] 76561199407766611: Entered the Free Camera
[COT 2024-03-09 03:07:06] 76561199407766611: Left the Free Camera
[COT 2024-03-09 03:07:14] 76561199407766611: Entered the Free Camera
[COT 2024-03-09 03:07:53] 76561199407766611: ESP: ESP updating
[COT 2024-03-09 03:08:03] 76561199407766611: Left the Free Camera
[COT 2024-03-09 03:08:26] 76561199407766611: Healed [guid=2H7391gmOSCz4VnnBebcTth-2Sm4qjaSYaboxsOPA1Q=]
[COT 2024-03-09 03:09:07] 76561199407766611: Entered the Free Camera
[COT 2024-03-09 03:09:12] 76561199407766611: Left the Free Camera
[COT 2024-03-09 03:09:34] 76561199407766611: Set Invisibility To 0 [guid=spMEkRl42onhFHdF_u42e0T03x2sj347kUc600NXdGA=]
[COT 2024-03-09 03:10:33] 76561199407766611: Healed [guid=eZvdqnhxQZeB4Wvp7ko5cFy79bCUMACrCdUKq6S9F3w=]
[COT 2024-03-09 03:10:37] 76561199407766611: Healed [guid=spMEkRl42onhFHdF_u42e0T03x2sj347kUc600NXdGA=]
[COT 2024-03-09 03:11:22] 76561199407766611: Healed [guid=KWl3ojgjStHOe3-iLRChpUG8crsNiNfei3BT6NCIfaw=]
[COT 2024-03-09 03:14:46] 76561199407766611: Entered the Free Camera
[COT 2024-03-09 03:15:27] 76561199407766611: Left the Free Camera
[COT 2024-03-09 03:16:46] 76561199407766611: Spawned Entity MVS Heavy - ERDL (ModularVestSystem_Heavy<3d98a880>, 100, 300, 0) at <865.682556, 143.309875, 7168.559570>
[COT 2024-03-09 03:16:52] 76561199407766611: Spawned Entity MVS Combat Pants - ERDL (BDUPants<3d9a48c0>, 100, 100, 0) at <865.886719, 143.387207, 7168.602539>
[COT 2024-03-09 03:16:53] 76561199407766611: Spawned Entity MVS Combat Shirt - ERDL (TacticalShirt_ColorBase<3d9a5450>, 100, 100, 0) at <866.110535, 143.482269, 7168.667480>
[COT 2024-03-09 03:17:03] 76561199407766611: Spawned Entity M107 (50BMG) (SVD_Base<3908b010>, 15, 250, 0) at <866.864868, 143.787003, 7168.853027>
[COT 2024-03-09 03:17:06] 76561199407766611: Spawned Entity M107_mag_15Rnd (Mag_SVD_10Rnd<3d9c39f0>, 15, 100, 0) at <867.036438, 143.852890, 7168.895020>
[COT 2024-03-09 03:17:06] 76561199407766611: Spawned Entity M107_mag_15Rnd (Mag_SVD_10Rnd<3d9bdd70>, 15, 100, 0) at <867.142029, 143.893982, 7168.919434>
[COT 2024-03-09 03:17:06] 76561199407766611: Spawned Entity M107_mag_15Rnd (Mag_SVD_10Rnd<3d9c0bb0>, 15, 100, 0) at <867.231201, 143.929337, 7168.941406>
[COT 2024-03-09 03:17:57] 76561199407766611: Teleported to position <6594.522461, 21.259750, 3651.763916>
[COT 2024-03-09 03:19:53] 76561199407766611: Set GodMode To false [guid=spMEkRl42onhFHdF_u42e0T03x2sj347kUc600NXdGA=]
[COT 2024-03-09 03:19:53] 76561199407766611: Set UnlimitedAmmo To false [guid=spMEkRl42onhFHdF_u42e0T03x2sj347kUc600NXdGA=]
[COT 2024-03-09 03:19:56] 76561199407766611: Stripped [guid=spMEkRl42onhFHdF_u42e0T03x2sj347kUc600NXdGA=]
[COT 2024-03-09 03:20:07] 76561199407766611: Spawned Entity ADMIN GEAR-DOC-TOP (DOC_ADMIN_DOC_TOP<393cad70>, 100, 80, 0) at <6611.266602, 21.492937, 3664.757080>
[COT 2024-03-09 03:20:24] 76561199407766611: Spawned Entity ADMIN GEAR-DOC-BOTTOM (DOC_ADMIN_DOC_BOTTOM<393d09f0>, 100, 80, 0) at <6611.263184, 21.492914, 3664.753174>
[COT 2024-03-09 03:20:40] 76561199407766611: Spawned Entity Running Shoes (JoggingShoes_Violet<16687430>, 100, 100, 0) at <6611.372070, 21.492922, 3664.789795>
[COT 2024-03-09 03:20:58] 76561199407766611: Spawned Entity Doc's Personal Sidearm - ADMIN EDITION (DOC_ADMIN_DOC_BOCCHIGLOCK<446950c0>, 100, 3000, 0) at <6611.370605, 21.492870, 3664.783447>
[COT 2024-03-09 03:21:06] 76561199407766611: Spawned Entity Doc's Glock Mag - ADMIN (DOC_ADMIN_MAG_DOC_BOCCHI<952b7880>, 150, 100, 0) at <6613.507324, 21.482037, 3664.188477>
