[COT 2024-03-01 17:25:28] 76561199108250772: Set GodMode To true [guid=OAdpPkJP2Ps_W7h2ttR1bK23ekHCzrxw0mDT3zqLMdU=]
[COT 2024-03-01 17:25:29] 76561199108250772: Set UnlimitedAmmo To true [guid=OAdpPkJP2Ps_W7h2ttR1bK23ekHCzrxw0mDT3zqLMdU=]
[COT 2024-03-01 17:25:29] 76561199108250772: Set UnlimitedStamina To true [guid=OAdpPkJP2Ps_W7h2ttR1bK23ekHCzrxw0mDT3zqLMdU=]
[COT 2024-03-01 17:25:30] 76561199108250772: Set cannot be targeted by AI to true [guid=OAdpPkJP2Ps_W7h2ttR1bK23ekHCzrxw0mDT3zqLMdU=]
[COT 2024-03-01 17:25:44] 76561199108250772: Teleported to position <6604.814453, 64.567551, 8653.687500>
[COT 2024-03-01 17:25:44] 76561199108250772: Teleported to position <6604.814453, 64.567551, 8653.761719>
[COT 2024-03-01 17:26:07] 76561199108250772: Spawned Entity Sea Chest (SeaChest<88e7d7c0>, 100, 600, 0) at <6600.681152, 73.735916, 8662.764648>
[COT 2024-03-01 17:27:54] 76561199108250772: Teleported to position <6065.900391, 65.479858, 8936.541016>
[COT 2024-03-01 17:28:57] 76561199108250772: Teleported to position <2805.458496, 92.063789, 9198.958984>
[COT 2024-03-01 17:29:02] 76561199108250772: Entered the Free Camera
[COT 2024-03-01 17:29:25] 76561199108250772: Left the Free Camera
[COT 2024-03-01 17:29:49] 76561199108250772: Spawned Entity M1025 (Offroad_02<79650d80>, 100, 1000, 0) at <3138.627686, 99.884499, 9285.636719>
[COT 2024-03-01 17:30:05] 76561199108250772: Teleported to position <1555.149902, 6.399232, 897.299194>
[COT 2024-03-01 17:30:28] 76561199108250772: Spawned Entity MMG Equipment Locker Green Kit (mmg_equipment_locker_green_kit<86f1e7d0>, 100, 1000, 0) at <1527.660278, 10.801128, 882.643860>
[COT 2024-03-01 17:31:07] 76561199108250772: Spawned Entity MMG Old Safe Green (mmg_old_safe_base<3838c5e0>, 100, 2000, 0) at <1527.285400, 10.801128, 881.312500>
[COT 2024-03-01 17:33:18] 76561199108250772: Teleported to position <4164.881836, 2.305812, 833.529663>
[COT 2024-03-01 17:33:47] 76561199108250772: Spawned Entity Drybag Backpack (ExpansionQuestDryBag_Orange<8be30270>, 16, 140, 0) at <4147.115234, 2.305561, 840.001587>
[COT 2024-03-01 17:33:58] 76561199108250772: ESP: Viewing ESP
[COT 2024-03-01 17:34:00] 76561199108250772: ESP index=0 target=ExpansionQuestDryBag_Orange:5761 position=<4147.115234, 2.452873, 840.001587> action=delete
[COT 2024-03-01 17:34:00] 76561199108250772: ESP action=delete_all count=1 attempted=1
[COT 2024-03-01 17:34:01] 76561199108250772: ESP: Clearing ESP
[COT 2024-03-01 17:34:13] 76561199108250772: Spawned Entity Drybag Backpack (DryBag_Red<89d35860>, 500, 140, 0) at <4147.562500, 2.307931, 840.121643>
[COT 2024-03-01 17:36:09] 76561199108250772: Spawned Entity Shovel (Shovel<89ccad10>, 100, 200, 0) at <4146.531738, 2.305562, 839.321594>
[COT 2024-03-01 17:38:38] 76561199108250772: Teleported to position <6476.042480, 154.676804, 5929.333496>
[COT 2024-03-01 17:38:44] 76561199108250772: Entered the Free Camera
[COT 2024-03-01 17:38:56] 76561199108250772: Left the Free Camera
[COT 2024-03-01 17:42:40] 76561199108250772: Spawned Entity MMG Armored Cabinet Grey (mmg_armored_cabinet_base<8c04cc40>, 100, 2000, 0) at <6530.540527, 136.721893, 6041.518066>
[COT 2024-03-01 17:43:26] 76561199108250772: Spawned Entity NBC Gloves (NBCGlovesGray<35b318a0>, 100, 120, 0) at <6527.604004, 134.770935, 6036.329590>
[COT 2024-03-01 17:43:27] 76561199108250772: Spawned Entity NBC Gloves (NBCGlovesGray<35b32430>, 100, 120, 0) at <6527.651367, 134.865250, 6036.417480>
[COT 2024-03-01 17:43:30] 76561199108250772: Spawned Entity NBC Hood (NBCHoodGray<35b3f450>, 100, 50, 0) at <6527.695313, 134.959564, 6036.512695>
[COT 2024-03-01 17:43:30] 76561199108250772: Spawned Entity NBC Hood (NBCHoodGray<35b3ffe0>, 100, 50, 0) at <6527.763672, 135.086044, 6036.640137>
[COT 2024-03-01 17:43:33] 76561199108250772: Spawned Entity NBC Pants (NBCPantsGray<35b41700>, 100, 100, 0) at <6527.837402, 135.210297, 6036.761719>
[COT 2024-03-01 17:43:34] 76561199108250772: Spawned Entity NBC Pants (NBCPantsGray<35b48aa0>, 100, 100, 0) at <6527.917969, 135.366653, 6036.913086>
[COT 2024-03-01 17:43:39] 76561199108250772: Spawned Entity NBC Jacket (NBCJacketGray<35b42e20>, 100, 100, 0) at <6527.999512, 135.523010, 6037.065918>
[COT 2024-03-01 17:43:39] 76561199108250772: Spawned Entity NBC Jacket (NBCJacketGray<35b4b8e0>, 100, 100, 0) at <6528.080566, 135.671341, 6037.213867>
[COT 2024-03-01 17:46:11] 76561199108250772: Spawned Entity NBC Hood (NBCHoodGray<8eb43530>, 100, 50, 0) at <6527.015625, 134.770905, 6037.388672>
[COT 2024-03-01 17:46:11] 76561199108250772: Spawned Entity NBC Hood (NBCHoodGray<8eb44c50>, 100, 50, 0) at <6527.087891, 134.900909, 6037.448730>
[COT 2024-03-01 17:46:14] 76561199108250772: Spawned Entity NBC Pants (NBCPantsGray<8eb429a0>, 100, 100, 0) at <6527.155273, 135.030914, 6037.511230>
[COT 2024-03-01 17:46:14] 76561199108250772: Spawned Entity NBC Pants (NBCPantsGray<8eb440c0>, 100, 100, 0) at <6527.244141, 135.187286, 6037.585449>
[COT 2024-03-01 17:46:16] 76561199108250772: Spawned Entity NBC Boots (NBCBootsGray<8eb41e10>, 100, 80, 0) at <6527.336914, 135.343643, 6037.664551>
[COT 2024-03-01 17:46:58] 76561199108250772: Spawned Entity Combat Gas Mask (GasMask<376eb830>, 225, 120, 0) at <6526.807129, 134.776749, 6037.218750>
[COT 2024-03-01 17:46:58] 76561199108250772: Spawned Entity Combat Gas Mask (GasMask<376edae0>, 225, 120, 0) at <6526.885742, 134.891235, 6037.291016>
[COT 2024-03-01 17:46:59] 76561199108250772: Spawned Entity Combat Gas Mask (GasMask<376f9f70>, 225, 120, 0) at <6526.997559, 135.062561, 6037.394531>
[COT 2024-03-01 17:47:00] 76561199108250772: Spawned Entity Combat Gas Mask (GasMask<376fc220>, 225, 120, 0) at <6527.112793, 135.237488, 6037.495605>
[COT 2024-03-01 17:48:39] 76561199108250772: Teleported to position <9366.894531, 2.632637, 1082.777710>
[COT 2024-03-01 17:48:51] 76561199108250772: Entered the Free Camera
[COT 2024-03-01 17:49:06] 76561199108250772: Left the Free Camera
[COT 2024-03-01 17:49:18] 76561199108250772: Spawned Entity Sea Chest (SeaChest<3fd00070>, 100, 600, 0) at <9544.253906, 3.817060, 999.999207>
[COT 2024-03-01 17:52:45] 76561199108250772: Set rain to 0.01 0 0
[COT 2024-03-01 17:52:45] 76561199108250772: Set storm to 0.0001 0.8 4000
[COT 2024-03-01 17:52:45] 76561199108250772: Set fog to 0.122114 0 0
[COT 2024-03-01 17:52:45] 76561199108250772: Set overcast to 0.980602 0 0
[COT 2024-03-01 17:52:45] 76561199108250772: Set the date to 2024/8/28 14:14
[COT 2024-03-01 17:52:45] 76561199108250772: Set wind to 10.3172 10.3172 1
[COT 2024-03-01 17:54:39] 76561199108250772: Set rain to 0 0 0
[COT 2024-03-01 17:54:39] 76561199108250772: Set storm to 0 0.8 4000
[COT 2024-03-01 17:54:39] 76561199108250772: Set fog to 0 0 0
[COT 2024-03-01 17:54:39] 76561199108250772: Set overcast to 0 0 0
[COT 2024-03-01 17:54:39] 76561199108250772: Set wind to 0 0 1
[COT 2024-03-01 17:54:58] 76561199108250772: Teleported to position <9506.112305, 3.123162, 554.360962>
[COT 2024-03-01 17:55:06] 76561199108250772: Entered the Free Camera
[COT 2024-03-01 17:55:12] 76561199108250772: Left the Free Camera
[COT 2024-03-01 17:55:45] 76561199108250772: Spawned Entity Flag Pole Kit (TerritoryFlagKit<4394b800>, 100, 200, 0) at <9584.854492, 2.814619, 533.451416>
[COT 2024-03-01 17:57:48] 76561199108250772: Teleported to position <9496.788086, 2.946951, 558.249512>
[COT 2024-03-01 17:57:54] 76561199108250772: Entered the Free Camera
[COT 2024-03-01 17:57:59] 76561199108250772: Left the Free Camera
[COT 2024-03-01 17:59:42] 76561199108250772: Spawned Entity (Large/Small) Door Kit (BBP_Door_Kit<80972b70>, 100, 100, 0) at <9585.296875, 3.011448, 541.169006>
[COT 2024-03-01 17:59:56] 76561199108250772: Spawned Entity (Large/Small) Door Kit (BBP_Door_Kit<86f40740>, 100, 100, 0) at <9586.279297, 3.011365, 540.773438>
[COT 2024-03-01 18:00:27] 76561199108250772: ESP: Viewing ESP
[COT 2024-03-01 18:00:43] 76561199108250772: ESP: Clearing ESP
[COT 2024-03-01 18:00:59] 76561199108250772: Spawned Entity Admin Hammer (Hammer<2955d160>, 100, 100, 0) at <9581.435547, 3.291461, 544.107117>
[COT 2024-03-01 18:01:28] 76561199108250772: Spawned Entity Code Lock (ExpansionCodeLock<333d3b90>, 100, 100, 0) at <9580.734375, 3.291461, 544.444580>
[COT 2024-03-01 18:01:38] 76561199108250772: Spawned Entity Code Lock (ExpansionCodeLock<333abfa0>, 100, 100, 0) at <9579.472656, 3.291461, 545.175781>
[COT 2024-03-01 18:02:54] 76561199108250772: Spawned Entity (Large/Small) Wall Kit (BBP_Wall_Kit<88657ee0>, 100, 100, 0) at <9578.384766, 3.012202, 539.453979>
[COT 2024-03-01 18:02:56] 76561199108250772: Spawned Entity (Large/Small) Wall Kit (BBP_Wall_Kit<886671b0>, 100, 100, 0) at <9576.441406, 3.012161, 539.970459>
[COT 2024-03-01 18:02:59] 76561199108250772: Spawned Entity (Large/Small) Wall Kit (BBP_Wall_Kit<88667d40>, 100, 100, 0) at <9577.274414, 3.012158, 540.749573>
[COT 2024-03-01 18:03:54] 76561199108250772: Spawned Entity Nature's Herbs (BBP_WallPaper<35693080>, 100, 100, 0) at <9578.993164, 3.012242, 540.475464>
[COT 2024-03-01 18:05:23] 76561199108250772: Spawned Entity Nature's Herbs (BBP_WallPaper<3eefe8f0>, 100, 100, 0) at <9575.116211, 3.011473, 549.211060>
[COT 2024-03-01 18:05:28] 76561199108250772: Spawned Entity Nature's Herbs (BBP_WallPaper<3ef00ba0>, 100, 100, 0) at <9575.841797, 3.011596, 548.000183>
[COT 2024-03-01 18:05:31] 76561199108250772: Spawned Entity Nature's Herbs (BBP_WallPaper<3ef039e0>, 100, 100, 0) at <9574.632813, 3.011571, 548.471558>
[COT 2024-03-01 18:06:58] 76561199108250772: Teleported to position <925.680908, 151.334412, 7127.504883>
[COT 2024-03-01 18:07:27] 76561199108250772: Entered the Free Camera
[COT 2024-03-01 18:07:33] 76561199108250772: Left the Free Camera
[COT 2024-03-01 18:10:17] 76561199108250772: Teleported to position <9591.444336, 3.010374, 543.718262>
[COT 2024-03-01 18:12:38] 76561199108250772: Spawned Entity (Large/Small) Wall Kit (BBP_Wall_Kit<43255790>, 100, 100, 0) at <9592.967773, 3.009059, 549.062988>
[COT 2024-03-01 18:13:09] 76561199108250772: Spawned Entity (Large/Small) Wall Kit (BBP_Wall_Kit<86c0aca0>, 100, 100, 0) at <9594.331055, 3.008262, 549.591919>
[COT 2024-03-01 18:14:28] 76561199108250772: Spawned Entity (Large/Small) Wall Kit (BBP_Wall_Kit<43b6fb90>, 100, 100, 0) at <9590.239258, 3.009866, 549.893616>
[COT 2024-03-01 18:14:31] 76561199108250772: Spawned Entity (Large/Small) Wall Kit (BBP_Wall_Kit<43b6e470>, 100, 100, 0) at <9591.889648, 3.008752, 550.922485>
[COT 2024-03-01 18:14:34] 76561199108250772: Spawned Entity (Large/Small) Wall Kit (BBP_Wall_Kit<43b75810>, 100, 100, 0) at <9589.525391, 3.009978, 549.492920>
[COT 2024-03-01 18:14:38] 76561199108250772: Spawned Entity Nature's Herbs (BBP_WallPaper<43b7a900>, 100, 100, 0) at <9590.786133, 3.009875, 548.970215>
[COT 2024-03-01 18:14:43] 76561199108250772: Spawned Entity Nature's Herbs (BBP_WallPaper<1e630fc0>, 100, 100, 0) at <9591.699219, 3.009322, 549.637817>
[COT 2024-03-01 18:17:15] 76561199108250772: Spawned Entity Nature's Herbs (BBP_WallPaper<27bdf6c0>, 100, 100, 0) at <9587.029297, 3.011101, 542.596252>
[COT 2024-03-01 18:17:17] 76561199108250772: Spawned Entity Nature's Herbs (BBP_WallPaper<27bed270>, 100, 100, 0) at <9586.967773, 3.011208, 541.258301>
[COT 2024-03-01 18:18:15] 76561199108250772: Spawned Entity (Large/Small) Wall Kit (BBP_Wall_Kit<8be184e0>, 100, 100, 0) at <9585.947266, 3.011405, 540.808105>
[COT 2024-03-01 18:18:59] 76561199108250772: Entered the Free Camera
[COT 2024-03-01 18:19:04] 76561199108250772: Left the Free Camera
[COT 2024-03-01 18:19:17] 76561199108250772: Spawned Entity Code Lock (ExpansionCodeLock<88e707a0>, 100, 100, 0) at <9581.134766, 3.291461, 543.980957>
[COT 2024-03-01 18:19:31] 76561199108250772: Spawned Entity (Large/Small) Door Kit (BBP_Door_Kit<88e6f080>, 100, 100, 0) at <9581.153320, 3.291461, 543.987366>
[COT 2024-03-01 18:19:33] 76561199108250772: Spawned Entity (Large/Small) Door Kit (BBP_Door_Kit<88e6c240>, 100, 100, 0) at <9581.309570, 3.291461, 545.127441>
[COT 2024-03-01 18:20:22] 76561199108250772: Spawned Entity Bear Trap (BearTrap<1c0531f0>, 100, 200, 0) at <9580.992188, 3.291461, 544.302124>
[COT 2024-03-01 18:21:17] 76561199108250772: Entered the Free Camera
[COT 2024-03-01 18:21:21] 76561199108250772: Left the Free Camera
[COT 2024-03-01 18:21:25] 76561199108250772: Spawned Entity Tripwire (TripwireTrap<86fa1b60>, 100, 50, 0) at <9583.796875, 2.857467, 531.136658>
[COT 2024-03-01 18:21:29] 76561199108250772: Spawned Entity Tripwire (TripwireTrap<86f92020>, 100, 50, 0) at <9583.384766, 2.874218, 530.660706>
[COT 2024-03-01 18:21:33] 76561199108250772: Spawned Entity Tripwire (TripwireTrap<8879cc00>, 100, 50, 0) at <9584.087891, 2.845629, 531.929016>
[COT 2024-03-01 18:21:35] 76561199108250772: Spawned Entity Tripwire (TripwireTrap<8879d890>, 100, 50, 0) at <9583.021484, 2.889129, 532.157043>
[COT 2024-03-01 18:21:48] 76561199108250772: Spawned Entity 6-M7 Frag Grenade (M67Grenade<1c066b90>, 100, 50, 0) at <9583.365234, 2.875234, 533.705566>
[COT 2024-03-01 18:21:53] 76561199108250772: Spawned Entity 6-M7 Frag Grenade (M67Grenade<870c8120>, 100, 50, 0) at <9583.010742, 3.248091, 532.976440>
[COT 2024-03-01 18:21:56] 76561199108250772: Spawned Entity 6-M7 Frag Grenade (M67Grenade<870c1490>, 100, 50, 0) at <9583.015625, 2.889462, 534.345093>
[COT 2024-03-01 18:21:58] 76561199108250772: Spawned Entity 6-M7 Frag Grenade (M67Grenade<870c8d30>, 100, 50, 0) at <9582.433594, 2.913051, 533.934570>
[COT 2024-03-01 18:22:08] 76561199108250772: Entered the Free Camera
[COT 2024-03-01 18:22:14] 76561199108250772: Left the Free Camera
[COT 2024-03-01 18:23:19] 76561199108250772: Spawned Entity MMG Equipment Locker Rusty Kit (mmg_equipment_locker_grey_kit<7ff4a360>, 100, 1000, 0) at <9580.201172, 3.291461, 544.431030>
[COT 2024-03-01 18:24:31] 76561199108250772: Spawned Entity Packed Cannabis Skunk Seeds (CP_CannabisSeedsPackSkunk<276e42a0>, 20, 5, 0) at <9579.752930, 3.291461, 544.966064>
[COT 2024-03-01 18:25:13] 76561199108250772: Entered the Free Camera
[COT 2024-03-01 18:25:18] 76561199108250772: Left the Free Camera
[COT 2024-03-01 18:25:23] 76561199108250772: Spawned Entity Packed Cannabis Skunk Seeds (CP_CannabisSeedsPackSkunk<8eb53390>, 100, 5, 0) at <9594.971680, 3.009963, 543.331787>
[COT 2024-03-01 18:25:37] 76561199108250772: Spawned Entity Packed Cannabis Skunk Seeds (CP_CannabisSeedsPackSkunk<27a1b480>, 100, 5, 0) at <9594.720703, 3.009867, 544.494019>
[COT 2024-03-01 18:25:59] 76561199108250772: Spawned Entity Packed Cannabis Skunk Seeds (CP_CannabisSeedsPackSkunk<417c2250>, 100, 5, 0) at <9594.620117, 3.009943, 543.924744>
[COT 2024-03-01 18:26:14] 76561199108250772: Spawned Entity Packed Cannabis Skunk Seeds (CP_CannabisSeedsPackSkunk<417f5740>, 20, 5, 0) at <9594.479492, 3.009979, 543.771667>
[COT 2024-03-01 18:26:23] 76561199108250772: Spawned Entity Packed Cannabis Skunk Seeds (CP_CannabisSeedsPackSkunk<22f7acf0>, 20, 5, 0) at <9595.600586, 3.009808, 544.006958>
[COT 2024-03-01 18:26:40] 76561199108250772: Spawned Entity MMG Greenhouse Kit (mmg_greenhouse_kit<22f75c00>, 100, 1000, 0) at <9594.755859, 3.009935, 544.252686>
[COT 2024-03-01 18:26:59] 76561199108250772: Entered the Free Camera
[COT 2024-03-01 18:27:06] 76561199108250772: Left the Free Camera
[COT 2024-03-01 18:27:41] 76561199108250772: Spawned Entity Empty 1oz Bag (CP_EmptyBag<8c051d30>, 16, 100, 0) at <9580.968750, 3.291461, 544.650208>
[COT 2024-03-01 18:28:18] 76561199108250772: Entered the Free Camera
[COT 2024-03-01 18:28:24] 76561199108250772: Left the Free Camera
[COT 2024-03-01 18:28:35] 76561199108250772: Spawned Entity Empty 1oz Bag (CP_EmptyBag<3909b7d0>, 16, 100, 0) at <9597.307617, 3.007898, 547.479431>
[COT 2024-03-01 18:29:04] 76561199108250772: Spawned Entity Empty 1oz Bag (CP_EmptyBag<1e3aa900>, 16, 100, 0) on 76561199108250772
[COT 2024-03-01 18:29:05] 76561199108250772: Spawned Entity Empty 1oz Bag (CP_EmptyBag<1e3ab490>, 16, 100, 0) on 76561199108250772
[COT 2024-03-01 18:29:28] 76561199108250772: Spawned Entity Empty 1oz Bag (CP_EmptyBag<8b423d50>, 16, 100, 0) on 76561199108250772
[COT 2024-03-01 18:29:29] 76561199108250772: Spawned Entity Empty 1oz Bag (CP_EmptyBag<8b42b0f0>, 16, 100, 0) on 76561199108250772
[COT 2024-03-01 18:29:39] 76561199108250772: Spawned Entity Empty 1oz Bag (CP_EmptyBag<8b426b90>, 16, 100, 0) on 76561199108250772
[COT 2024-03-01 18:29:39] 76561199108250772: Spawned Entity Empty 1oz Bag (CP_EmptyBag<8b4282b0>, 16, 100, 0) on 76561199108250772
[COT 2024-03-01 18:30:06] 76561199108250772: Spawned Entity Empty 1oz Bag (CP_EmptyBag<42023b90>, 16, 100, 0) on 76561199108250772
[COT 2024-03-01 18:30:07] 76561199108250772: Spawned Entity Empty 1oz Bag (CP_EmptyBag<420269d0>, 16, 100, 0) on 76561199108250772
[COT 2024-03-01 18:30:13] 76561199108250772: Entered the Free Camera
[COT 2024-03-01 18:30:22] 76561199108250772: Left the Free Camera
[COT 2024-03-01 18:30:47] 76561199108250772: Entered the Free Camera
[COT 2024-03-01 18:30:51] 76561199108250772: Left the Free Camera
[COT 2024-03-01 18:31:26] 76561199108250772: Spawned Entity Bear Trap (BearTrap<40778d30>, 100, 200, 0) on 76561199108250772
[COT 2024-03-01 18:31:27] 76561199108250772: Spawned Entity Bear Trap (BearTrap<40779940>, 100, 200, 0) on 76561199108250772
[COT 2024-03-01 18:31:28] 76561199108250772: Spawned Entity Bear Trap (BearTrap<40772cb0>, 100, 200, 0) on 76561199108250772
[COT 2024-03-01 18:31:28] 76561199108250772: Spawned Entity Bear Trap (BearTrap<407738c0>, 100, 200, 0) on 76561199108250772
[COT 2024-03-01 18:33:35] 76561199108250772: Spawned Entity AR15_Cannabis (556x45) (M4A1_Base<39cd0ec0>, 30, 200, 0) on 76561199108250772
[COT 2024-03-01 18:33:37] 76561199108250772: Spawned Entity AR15_Cannabis (556x45) (M4A1_Base<39ce2110>, 30, 200, 0) on 76561199108250772
[COT 2024-03-01 18:33:38] 76561199108250772: Spawned Entity AR15_Cannabis (556x45) (M4A1_Base<39cdecd0>, 30, 200, 0) on 76561199108250772
[COT 2024-03-01 18:34:04] 76561199108250772: Spawned Entity AR15_Cannabis (556x45) (M4A1_Base<39ce1400>, 20, 200, 0) at <9582.516602, 3.315516, 547.092712>
[COT 2024-03-01 18:34:24] 76561199108250772: Spawned Entity TWP_AR15Cannabis_mag_30Rnd (Mag_STANAG_30Rnd<3acfd6c0>, 30, 100, 0) at <9582.443359, 3.315516, 547.033997>
[COT 2024-03-01 18:34:46] 76561199108250772: Spawned Entity TWP_AR15Cannabis_mag_30Rnd (Mag_STANAG_30Rnd<3ad01090>, 30, 100, 0) at <9582.449219, 3.315517, 547.032471>
[COT 2024-03-01 18:35:00] 76561199108250772: Spawned Entity TWP_AR15Cannabis_mag_30Rnd (Mag_STANAG_30Rnd<2b671ec0>, 30, 100, 0) at <9582.293945, 3.315516, 547.167847>
[COT 2024-03-01 18:35:31] 76561199108250772: Spawned Entity Brick of Black Frost Weed (CP_CannabisBrickBlackFrost<8e4eb680>, 1, 30, 0) at <9584.380859, 4.065358, 546.441284>
[COT 2024-03-01 18:36:26] 76561199108250772: Entered the Free Camera
[COT 2024-03-01 18:36:29] 76561199108250772: Left the Free Camera
[COT 2024-03-01 18:40:54] 76561199108250772: Set GodMode To true [guid=OAdpPkJP2Ps_W7h2ttR1bK23ekHCzrxw0mDT3zqLMdU=]
[COT 2024-03-01 18:40:54] 76561199108250772: Set UnlimitedAmmo To true [guid=OAdpPkJP2Ps_W7h2ttR1bK23ekHCzrxw0mDT3zqLMdU=]
[COT 2024-03-01 18:40:55] 76561199108250772: Set UnlimitedStamina To true [guid=OAdpPkJP2Ps_W7h2ttR1bK23ekHCzrxw0mDT3zqLMdU=]
[COT 2024-03-01 18:40:55] 76561199108250772: Set cannot be targeted by AI to true [guid=OAdpPkJP2Ps_W7h2ttR1bK23ekHCzrxw0mDT3zqLMdU=]
