[COT 2024-02-27 05:02:31] 76561199108250772: Set GodMode To true [guid=OAdpPkJP2Ps_W7h2ttR1bK23ekHCzrxw0mDT3zqLMdU=]
[COT 2024-02-27 05:02:33] 76561199108250772: Set cannot be targeted by AI to true [guid=OAdpPkJP2Ps_W7h2ttR1bK23ekHCzrxw0mDT3zqLMdU=]
[COT 2024-02-27 05:02:33] 76561199108250772: Set UnlimitedStamina To true [guid=OAdpPkJP2Ps_W7h2ttR1bK23ekHCzrxw0mDT3zqLMdU=]
[COT 2024-02-27 05:02:34] 76561199108250772: Set UnlimitedAmmo To true [guid=OAdpPkJP2Ps_W7h2ttR1bK23ekHCzrxw0mDT3zqLMdU=]
[COT 2024-02-27 05:06:25] 76561199108250772: Teleported to position <9854.953125, 2.514998, 6801.834961>
[COT 2024-02-27 05:06:39] 76561199108250772: Teleported [guid=KWl3ojgjStHOe3-iLRChpUG8crsNiNfei3BT6NCIfaw=] to <9856.866211, 2.527463, 6796.500488>
[COT 2024-02-27 05:09:35] 76561199108250772: Spawned Entity DMR25 (308 Win) (FAL_Base<fb2b37f0>, 100, 300, 0) at <9856.506836, 2.514998, 6803.350098>
[COT 2024-02-27 05:09:36] 76561199108250772: Spawned Entity DMR25 (308 Win) (FAL_Base<fb2adc80>, 100, 300, 0) at <9856.501953, 2.573664, 6803.351563>
[COT 2024-02-27 05:09:46] 76561199108250772: Spawned Entity Punched Card (PunchedCard<f77e0280>, 100, 15, 0) at <9855.812500, 2.514998, 6803.071777>
[COT 2024-02-27 05:09:46] 76561199108250772: Spawned Entity Punched Card (PunchedCard<f77df6f0>, 100, 15, 0) at <9855.818359, 2.528746, 6803.076172>
[COT 2024-02-27 05:10:06] 76561199108250772: Spawned Entity Hammer (Hammer<f77dd440>, 100, 100, 0) at <9855.699219, 2.515069, 6803.588867>
[COT 2024-02-27 05:10:06] 76561199108250772: Spawned Entity Hammer (Hammer<f77e2530>, 100, 100, 0) at <9855.743164, 2.611235, 6803.597656>
[COT 2024-02-27 05:10:07] 76561199108250772: Spawned Entity Hammer (Hammer<f77e0e10>, 100, 100, 0) at <9855.788086, 2.707753, 6803.605469>
[COT 2024-02-27 05:10:16] 76561199108250772: Spawned Entity Sharpening Stone (Whetstone<f77ea460>, 100, 50, 0) at <9855.835938, 2.804517, 6803.606934>
[COT 2024-02-27 05:10:16] 76561199108250772: Spawned Entity Sharpening Stone (Whetstone<f77ede30>, 100, 50, 0) at <9855.861328, 2.861977, 6803.612305>
[COT 2024-02-27 05:10:17] 76561199108250772: Spawned Entity Sharpening Stone (Whetstone<f77f68f0>, 100, 50, 0) at <9855.882813, 2.920014, 6803.616699>
[COT 2024-02-27 05:10:17] 76561199108250772: Spawned Entity Sharpening Stone (Whetstone<f77f4640>, 100, 50, 0) at <9855.903320, 2.977592, 6803.621094>
[COT 2024-02-27 05:10:29] 76561199108250772: Spawned Entity MMG Gear Stand Kit (mmg_gear_stand_kit<f77da600>, 100, 1000, 0) at <9855.927734, 3.035053, 6803.633301>
[COT 2024-02-27 05:10:29] 76561199108250772: Spawned Entity MMG Gear Stand Kit (mmg_gear_stand_kit<f77db190>, 100, 1000, 0) at <9856.003906, 3.216469, 6803.646484>
[COT 2024-02-27 05:11:08] 76561199108250772: Spawned Entity BBP Crafting Book (BBP_Blueprint<fa449df0>, 4, 100, 0) at <9855.777344, 2.515057, 6804.921875>
[COT 2024-02-27 05:11:11] 76561199108250772: Spawned Entity BBP Workbench Kit (BBP_Workbench_Kit<fa4486d0>, 4, 100, 0) at <9855.839844, 2.637954, 6804.845215>
[COT 2024-02-27 05:12:00] 76561199108250772: Spawned Entity Covid19 Head (GasMask<fa46eba0>, 225, 300, 0) at <9855.066406, 2.514998, 6804.402344>
[COT 2024-02-27 05:13:10] 76561199108250772: Spawned Entity S10 Respirator - OD (GP5GasMask<f7c51690>, 2, 100, 0) at <9855.066406, 2.514998, 6804.395508>
[COT 2024-02-27 05:13:11] 76561199108250772: Spawned Entity S10 Respirator - OD (GP5GasMask<f7c53940>, 2, 100, 0) at <9855.066406, 2.514998, 6804.401367>
[COT 2024-02-27 05:15:37] 76561199108250772: Spawned Entity Boxed 5.56x45mm Rounds (AmmoBox_556x45_20Rnd<f6fa4360>, 100, 100, 0) at <9870.732422, 4.184180, 6808.852051>
[COT 2024-02-27 05:15:37] 76561199108250772: Spawned Entity Boxed 5.56x45mm Rounds (AmmoBox_556x45_20Rnd<f6fa37d0>, 100, 100, 0) at <9870.729492, 4.203806, 6808.857910>
[COT 2024-02-27 05:15:38] 76561199108250772: Spawned Entity Boxed 5.56x45mm Rounds (AmmoBox_556x45_20Rnd<f6f9db50>, 100, 100, 0) at <9870.719727, 4.223433, 6808.861328>
[COT 2024-02-27 05:15:38] 76561199108250772: Spawned Entity Boxed 5.56x45mm Rounds (AmmoBox_556x45_20Rnd<f6fa71a0>, 100, 100, 0) at <9870.703125, 4.242986, 6808.865723>
[COT 2024-02-27 05:15:39] 76561199108250772: Spawned Entity Boxed 5.56x45mm Rounds (AmmoBox_556x45_20Rnd<f6faab70>, 100, 100, 0) at <9870.692383, 4.262538, 6808.867188>
[COT 2024-02-27 05:15:47] 76561199108250772: Spawned Entity Boxed .308 WIN Tracer Rounds (Box_Base<f6fab700>, 100, 100, 0) at <9870.335938, 4.184180, 6809.104492>
[COT 2024-02-27 05:15:48] 76561199108250772: Spawned Entity Boxed .308 WIN Tracer Rounds (Box_Base<f6fa88c0>, 100, 100, 0) at <9870.327148, 4.213904, 6809.102539>
[COT 2024-02-27 05:15:48] 76561199108250772: Spawned Entity Boxed .308 WIN Tracer Rounds (Box_Base<f6fa4ef0>, 100, 100, 0) at <9870.322266, 4.243628, 6809.104004>
[COT 2024-02-27 05:15:49] 76561199108250772: Spawned Entity Boxed .308 WIN Tracer Rounds (Box_Base<f6fa9fe0>, 100, 100, 0) at <9870.320313, 4.273352, 6809.100586>
[COT 2024-02-27 05:15:49] 76561199108250772: Spawned Entity Boxed .308 WIN Tracer Rounds (Box_Base<f6fa9450>, 100, 100, 0) at <9870.318359, 4.302777, 6809.097656>
[COT 2024-02-27 05:16:05] 76561199108250772: Spawned Entity Boxed .338 Lapua Magnum Rounds (Box_Base<f6fa5a80>, 100, 100, 0) at <9870.369141, 4.184179, 6809.536621>
[COT 2024-02-27 05:16:06] 76561199108250772: Spawned Entity Boxed .338 Lapua Magnum Rounds (Box_Base<f6face20>, 100, 100, 0) at <9870.350586, 4.290683, 6809.517578>
[COT 2024-02-27 05:16:06] 76561199108250772: Spawned Entity Boxed .338 Lapua Magnum Rounds (Box_Base<f6fa6610>, 100, 100, 0) at <9870.329102, 4.397186, 6809.499023>
[COT 2024-02-27 05:16:07] 76561199108250772: Spawned Entity Boxed .338 Lapua Magnum Rounds (Box_Base<f6fae540>, 100, 100, 0) at <9870.299805, 4.506560, 6809.478027>
[COT 2024-02-27 05:16:07] 76561199108250772: Spawned Entity Boxed .338 Lapua Magnum Rounds (Box_Base<f6fb1f10>, 100, 100, 0) at <9870.268555, 4.613063, 6809.455078>
[COT 2024-02-27 05:16:19] 76561199108250772: Spawned Entity Gun Cleaning Kit (WeaponCleaningKit<f6faf0d0>, 100, 100, 0) at <9870.370117, 4.184179, 6809.092285>
[COT 2024-02-27 05:16:21] 76561199108250772: Spawned Entity Gun Cleaning Kit (WeaponCleaningKit<f6fb1380>, 100, 100, 0) at <9870.241211, 4.184180, 6808.660156>
[COT 2024-02-27 05:16:33] 76561199108250772: Spawned Entity Sewing Kit (SewingKit<f6fb6470>, 100, 50, 0) at <9869.776367, 4.184179, 6808.368164>
[COT 2024-02-27 05:16:34] 76561199108250772: Spawned Entity Sewing Kit (SewingKit<f6fbcc80>, 100, 50, 0) at <9869.779297, 4.223574, 6808.383789>
[COT 2024-02-27 05:16:45] 76561199108250772: Spawned Entity Leather Sewing Kit (LeatherSewingKit<f6fbd810>, 100, 100, 0) at <9869.786133, 4.262412, 6808.393066>
[COT 2024-02-27 05:16:46] 76561199108250772: Spawned Entity Leather Sewing Kit (LeatherSewingKit<f6fb7000>, 100, 100, 0) at <9869.789063, 4.349491, 6808.416992>
