[COT 2024-02-28 02:01:35] 76561198036774377: Healed [guid=mBNlxASsPlOcry0dpDl8K-WgHNR5WMCMmoJ9NhpU4FY=]
[COT 2024-02-28 03:32:17] 76561198036774377: Spawned Entity MotorHome rust (MotorHome_rust<9162ef40>, 100, 5000, 0) at <6644.447754, 21.186127, 3619.923096>
[COT 2024-02-28 04:06:53] 76561198036774377: Stripped [guid=eZvdqnhxQZeB4Wvp7ko5cFy79bCUMACrCdUKq6S9F3w=]
[COT 2024-02-28 04:06:54] 76561198036774377: Stripped [guid=eZvdqnhxQZeB4Wvp7ko5cFy79bCUMACrCdUKq6S9F3w=]
[COT 2024-02-28 04:06:55] 76561198036774377: Stripped [guid=eZvdqnhxQZeB4Wvp7ko5cFy79bCUMACrCdUKq6S9F3w=]
[COT 2024-02-28 04:06:55] 76561198036774377: Stripped [guid=eZvdqnhxQZeB4Wvp7ko5cFy79bCUMACrCdUKq6S9F3w=]
[COT 2024-02-28 04:06:56] 76561198036774377: Stripped [guid=eZvdqnhxQZeB4Wvp7ko5cFy79bCUMACrCdUKq6S9F3w=]
[COT 2024-02-28 04:06:57] 76561198036774377: Stripped [guid=eZvdqnhxQZeB4Wvp7ko5cFy79bCUMACrCdUKq6S9F3w=]
[COT 2024-02-28 04:06:57] 76561198036774377: Stripped [guid=eZvdqnhxQZeB4Wvp7ko5cFy79bCUMACrCdUKq6S9F3w=]
[COT 2024-02-28 04:06:58] 76561198036774377: Stripped [guid=eZvdqnhxQZeB4Wvp7ko5cFy79bCUMACrCdUKq6S9F3w=]
[COT 2024-02-28 04:06:58] 76561198036774377: Stripped [guid=eZvdqnhxQZeB4Wvp7ko5cFy79bCUMACrCdUKq6S9F3w=]
[COT 2024-02-28 04:13:30] 76561198036774377: Teleported to position <9867.671875, 2.734977, 6817.916016>
[COT 2024-02-28 04:14:52] 76561198036774377: Spawned Entity MVS - Multicam Tropic (ModularVestSystem_Base<4085fac0>, 1000, 225, 0) at <9874.595703, 7.475760, 6808.876953>
[COT 2024-02-28 04:15:01] 76561198036774377: Spawned Entity MVS Magazine Pouch - Multicam Tropic (MVS_Pouch_Base<40861d70>, 1000, 100, 0) at <9874.489258, 7.084198, 6808.754395>
[COT 2024-02-28 04:15:04] 76561198036774377: Spawned Entity MVS Molle Panel - Multicam Tropic (MVS_Pouch_Base<408679f0>, 1000, 100, 0) at <9874.542969, 7.191119, 6808.788086>
[COT 2024-02-28 04:15:07] 76561198036774377: Spawned Entity MVS Raid Pouch - Multicam Tropic (Modular_Pouch_Base_Taco<408662d0>, 1000, 100, 0) at <9874.604492, 7.298039, 6808.807129>
[COT 2024-02-28 04:15:10] 76561198036774377: Spawned Entity MVS Admin Pouch - Multicam Tropic (MVS_Pouch_Base<40866e60>, 1000, 100, 0) at <9874.640625, 7.400071, 6808.838867>
[COT 2024-02-28 04:15:15] 76561198036774377: Spawned Entity MVS Medical Pouch - Multicam Tropic (MVS_Pouch_Base<40837340>, 1000, 100, 0) at <9874.600586, 7.298039, 6808.807617>
[COT 2024-02-28 04:15:19] 76561198036774377: Spawned Entity MVS Combat Helmet - Multicam Tropic (Mich2001Helmet<36215c20>, 1000, 50, 0) at <9874.544922, 7.191119, 6808.787598>
[COT 2024-02-28 04:15:28] 76561198036774377: Spawned Entity MVS Raider Pack - Multicam Tropic (MountainBag_ColorBase<362195f0>, 1000, 300, 0) at <9874.551758, 7.191119, 6808.780273>
[COT 2024-02-28 04:15:37] 76561198036774377: Spawned Entity MVS Combat Belt - Multicam Tropic (Modular_Belt_Base<362220b0>, 1000, 100, 0) at <9874.489258, 7.084198, 6808.754395>
[COT 2024-02-28 04:15:40] 76561198036774377: Spawned Entity MVS Holster - Multicam Tropic (PlateCarrierHolster<36231380>, 1000, 100, 0) at <9874.496094, 7.209612, 6808.805176>
[COT 2024-02-28 04:15:43] 76561198036774377: Spawned Entity MVS Sheath - Multicam Tropic (NylonKnifeSheath<40aa2470>, 1000, 100, 0) at <9874.573242, 7.238231, 6808.791992>
[COT 2024-02-28 04:15:54] 76561198036774377: Spawned Entity MVS Combat Pants - Multicam Tropic (BDUPants<40a79160>, 1000, 100, 0) at <9874.488281, 7.084198, 6808.761719>
[COT 2024-02-28 04:16:03] 76561198036774377: Spawned Entity MVS Gorka Top - Multicam Tropic (GorkaEJacket_Flat<40a7a880>, 1000, 130, 0) at <9874.485352, 7.084198, 6808.756348>
[COT 2024-02-28 04:16:16] 76561198036774377: Spawned Entity Jungle Boots (JungleBoots_Black<40aae900>, 1000, 180, 0) at <9874.490234, 7.084198, 6808.761230>
[COT 2024-02-28 04:17:16] 76561198036774377: Spawned Entity Keys (ExpansionCarKey<379d5160>, 100, 100, 0) at <9873.107422, 7.422901, 6808.920898>
[COT 2024-02-28 04:17:43] 76561198036774377: Spawned Entity MotorHome rust (MotorHome_rust<9b162040>, 100, 5000, 0) at <9857.965820, 2.514998, 6806.766602>
[COT 2024-02-28 04:17:53] 76561198036774377: Deleted Entity MotorHome_rust:12533 at <9857.965820, 2.289450, 6806.766113>
[COT 2024-02-28 04:18:00] 76561198036774377: Spawned Entity MotorHome rust (MotorHome_rust<9b162040>, 100, 5000, 0) at <9852.078125, 2.514998, 6805.128906>
[COT 2024-02-28 04:19:00] 76561198036774377: Teleported to position <6666.981445, 21.588615, 3615.460938>
