[COT 2024-03-03 17:14:11] 76561198036774377: Teleported to position <9080.368164, 61.287025, 4705.715820>
[COT 2024-03-03 17:14:51] 76561198036774377: Spawned Entity (Large/Small) Floor Kit (BBP_Floor_Kit<daa2d30>, 100, 100, 0) at <9078.382813, 71.603462, 4695.194824>
[COT 2024-03-03 17:16:06] 76561198036774377: Spawned Entity Flag Pole Kit (TerritoryFlagKit<350fdc0>, 100, 200, 0) at <9079.739258, 71.603462, 4691.553223>
[COT 2024-03-03 17:16:09] 76561198036774377: Deleted Entity WoodenLog:19286 at <9079.739258, 71.693886, 4691.553223>
[COT 2024-03-03 17:16:10] 76561198036774377: Deleted Entity WoodenLog:19283 at <9079.739258, 71.693886, 4691.553223>
[COT 2024-03-03 17:16:11] 76561198036774377: Deleted Entity Flag_DayZ:8052 at <9079.739258, 71.685287, 4691.553223>
[COT 2024-03-03 17:16:13] 76561198036774377: Deleted Entity WoodenLog:19291 at <9079.739258, 71.693886, 4691.553223>
[COT 2024-03-03 17:16:14] 76561198036774377: Deleted Entity WoodenLog:19284 at <9079.739258, 71.693886, 4691.553223>
[COT 2024-03-03 17:16:15] 76561198036774377: Deleted Entity WoodenLog:19285 at <9079.739258, 71.693886, 4691.553223>
[COT 2024-03-03 17:16:16] 76561198036774377: Deleted Entity WoodenLog:19288 at <9079.739258, 71.693886, 4691.553223>
[COT 2024-03-03 17:16:17] 76561198036774377: Deleted Entity WoodenLog:19292 at <9079.739258, 71.693886, 4691.553223>
[COT 2024-03-03 17:16:22] 76561198036774377: Deleted Entity Nail:8069 at <9079.739258, 71.693184, 4691.553223>
[COT 2024-03-03 17:16:24] 76561198036774377: Deleted Entity Stone:14862 at <9079.739258, 71.660812, 4691.553223>
[COT 2024-03-03 17:16:25] 76561198036774377: Deleted Entity Stone:14578 at <9079.739258, 71.660812, 4691.553223>
[COT 2024-03-03 17:16:26] 76561198036774377: Deleted Entity Stone:14948 at <9079.739258, 71.660812, 4691.553223>
[COT 2024-03-03 17:16:27] 76561198036774377: Deleted Entity Stone:16927 at <9079.739258, 71.660812, 4691.553223>
[COT 2024-03-03 17:16:28] 76561198036774377: Deleted Entity Stone:14520 at <9079.739258, 71.660812, 4691.553223>
[COT 2024-03-03 17:16:29] 76561198036774377: Deleted Entity Stone:16010 at <9079.739258, 71.660812, 4691.553223>
[COT 2024-03-03 17:16:30] 76561198036774377: Deleted Entity Stone:13432 at <9079.739258, 71.660812, 4691.553223>
[COT 2024-03-03 17:16:31] 76561198036774377: Deleted Entity Stone:16269 at <9079.739258, 71.660812, 4691.553223>
[COT 2024-03-03 17:16:32] 76561198036774377: Deleted Entity Stone:12731 at <9079.739258, 71.660812, 4691.553223>
[COT 2024-03-03 17:16:33] 76561198036774377: Deleted Entity Stone:19269 at <9079.739258, 71.660812, 4691.553223>
[COT 2024-03-03 17:16:34] 76561198036774377: Deleted Entity Stone:12494 at <9079.739258, 71.660812, 4691.553223>
[COT 2024-03-03 17:16:35] 76561198036774377: Deleted Entity Stone:19270 at <9079.739258, 71.660812, 4691.553223>
[COT 2024-03-03 17:16:36] 76561198036774377: Deleted Entity Stone:11578 at <9079.739258, 71.660812, 4691.553223>
[COT 2024-03-03 17:16:37] 76561198036774377: Deleted Entity Stone:19271 at <9079.739258, 71.660812, 4691.553223>
[COT 2024-03-03 17:16:38] 76561198036774377: Deleted Entity Stone:10607 at <9079.739258, 71.660812, 4691.553223>
[COT 2024-03-03 17:16:40] 76561198036774377: Deleted Entity Stone:19272 at <9079.739258, 71.660812, 4691.553223>
[COT 2024-03-03 17:16:42] 76561198036774377: Deleted Entity Stone:11068 at <9079.739258, 71.660812, 4691.553223>
[COT 2024-03-03 17:16:43] 76561198036774377: Deleted Entity Stone:19273 at <9079.739258, 71.660812, 4691.553223>
[COT 2024-03-03 17:16:43] 76561198036774377: Deleted Entity Stone:10410 at <9079.739258, 71.660812, 4691.553223>
[COT 2024-03-03 17:16:45] 76561198036774377: Deleted Entity Stone:19274 at <9079.739258, 71.660812, 4691.553223>
[COT 2024-03-03 17:16:45] 76561198036774377: Deleted Entity Stone:10320 at <9079.739258, 71.660812, 4691.553223>
[COT 2024-03-03 17:16:46] 76561198036774377: Deleted Entity Stone:19275 at <9079.739258, 71.660812, 4691.553223>
[COT 2024-03-03 17:16:47] 76561198036774377: Deleted Entity Stone:10395 at <9079.739258, 71.660812, 4691.553223>
[COT 2024-03-03 17:16:48] 76561198036774377: Deleted Entity Stone:19276 at <9079.739258, 71.660812, 4691.553223>
[COT 2024-03-03 17:16:59] 76561198036774377: Deleted Entity Stone:9814 at <9079.739258, 71.660812, 4691.553223>
[COT 2024-03-03 17:17:00] 76561198036774377: Deleted Entity Stone:19277 at <9079.739258, 71.660812, 4691.553223>
[COT 2024-03-03 17:17:01] 76561198036774377: Deleted Entity Stone:9345 at <9079.739258, 71.660812, 4691.553223>
[COT 2024-03-03 17:17:02] 76561198036774377: Deleted Entity Stone:19278 at <9079.739258, 71.660812, 4691.553223>
[COT 2024-03-03 17:17:04] 76561198036774377: Deleted Entity Stone:19282 at <9079.739258, 71.660812, 4691.553223>
[COT 2024-03-03 17:17:05] 76561198036774377: Deleted Entity Stone:19281 at <9079.739258, 71.660812, 4691.553223>
[COT 2024-03-03 17:17:06] 76561198036774377: Deleted Entity Stone:19280 at <9079.739258, 71.660812, 4691.553223>
[COT 2024-03-03 17:17:07] 76561198036774377: Deleted Entity Stone:19279 at <9079.739258, 71.660812, 4691.553223>
[COT 2024-03-03 17:17:09] 76561198036774377: Deleted Entity WoodenLog:19289 at <9079.739258, 71.693886, 4691.553223>
[COT 2024-03-03 17:17:10] 76561198036774377: Deleted Entity WoodenLog:19290 at <9079.739258, 71.693886, 4691.553223>
[COT 2024-03-03 17:17:11] 76561198036774377: Deleted Entity WoodenLog:19287 at <9079.739258, 71.693886, 4691.553223>
[COT 2024-03-03 17:17:12] 76561198036774377: Deleted Entity Rope:8885 at <9079.739258, 71.804039, 4691.553223>
[COT 2024-03-03 17:17:13] 76561198036774377: Deleted Entity Hammer:9229 at <9079.739258, 71.738098, 4691.553223>
[COT 2024-03-03 17:17:15] 76561198036774377: Deleted Entity MetalWire:9015 at <9079.739258, 71.856583, 4691.553223>
[COT 2024-03-03 17:17:17] 76561198036774377: Deleted Entity Shovel:9233 at <9079.739258, 71.913429, 4691.553223>
[COT 2024-03-03 17:17:18] 76561198036774377: Deleted Entity SledgeHammer:17033 at <9079.739258, 71.784523, 4691.553223>
[COT 2024-03-03 17:19:37] 76561198036774377: Set GodMode To true [guid=mBNlxASsPlOcry0dpDl8K-WgHNR5WMCMmoJ9NhpU4FY=]
[COT 2024-03-03 17:19:38] 76561198036774377: Set Invisibility To 1 [guid=mBNlxASsPlOcry0dpDl8K-WgHNR5WMCMmoJ9NhpU4FY=]
[COT 2024-03-03 17:19:40] 76561198036774377: Healed [guid=mBNlxASsPlOcry0dpDl8K-WgHNR5WMCMmoJ9NhpU4FY=]
[COT 2024-03-03 17:19:47] 76561198036774377: Spawned Entity ADMIN HAMMER (BBP_Admin_Hammer<80559c0>, 100, 100, 0) on 76561198036774377
[COT 2024-03-03 17:21:02] 76561198036774377: Spawned Entity (Large/Small) Wall Kit (BBP_Wall_Kit<ea5ad50>, 100, 100, 0) on 76561198036774377
[COT 2024-03-03 17:21:03] 76561198036774377: Spawned Entity (Large/Small) Wall Kit (BBP_Wall_Kit<ea55c60>, 100, 100, 0) on 76561198036774377
[COT 2024-03-03 17:21:12] 76561198036774377: Spawned Entity (Large/Small) Door Kit (BBP_Door_Kit<ea63810>, 100, 100, 0) on 76561198036774377
[COT 2024-03-03 17:21:41] 76561198036774377: Set rain to 0 0 0
[COT 2024-03-03 17:21:41] 76561198036774377: Set storm to 0 0.8 4000
[COT 2024-03-03 17:21:41] 76561198036774377: Set fog to 0.0462151 0 0
[COT 2024-03-03 17:21:41] 76561198036774377: Set overcast to 0.185039 0 0
[COT 2024-03-03 17:21:41] 76561198036774377: Set the date to 2024/8/14 5:59
[COT 2024-03-03 17:21:41] 76561198036774377: Set wind to 9.55777 9.55777 1
[COT 2024-03-03 17:22:52] 76561198036774377: Spawned Entity Code Lock (ExpansionCodeLock<ea7d850>, 100, 100, 0) on 76561198036774377
[COT 2024-03-03 17:23:39] 76561198036774377: Spawned Entity MMG Equipment Locker Green Kit (mmg_equipment_locker_green_kit<e2ddd40>, 100, 1000, 0) on 76561198036774377
