06:07:45.039 [Party] Player "Slightly Crazed" (id=RjqUafmWjW9Q1BHza4n7WoZ_8uUWujoz2w-ciuQaZcs=) joinded the party "GRUMPY OLD GITS" (id=2 ownerUID=SgADkNjbGaUs8SauxTNPqYQENYs5GlEGD7NNksMh0hI= ownerName=wiggy)
06:07:45.044 [Expansion Quests] - InitQuestSystemClient - Loaded existing player quest data for player with UID: RjqUafmWjW9Q1BHza4n7WoZ_8uUWujoz2w-ciuQaZcs=
06:07:45.046 [Expansion Quests] - LoadGroupQuestData - Loaded existing group quest data for group with ID: 2
06:07:45.046 [Expansion Quests] - Create new quest instance for quest: 60 - Player UID: RjqUafmWjW9Q1BHza4n7WoZ_8uUWujoz2w-ciuQaZcs=
06:07:46.013 [Expansion Quests] - LoadGroupQuestData - Got cached group quest data for group with ID: 2
06:10:23.113 [Party] Player "wiggy" (id=SgADkNjbGaUs8SauxTNPqYQENYs5GlEGD7NNksMh0hI=) joinded the party "GRUMPY OLD GITS" (id=2 ownerUID=SgADkNjbGaUs8SauxTNPqYQENYs5GlEGD7NNksMh0hI= ownerName=wiggy)
06:10:23.125 [Expansion Quests] - InitQuestSystemClient - Loaded existing player quest data for player with UID: SgADkNjbGaUs8SauxTNPqYQENYs5GlEGD7NNksMh0hI=
06:10:23.125 [Expansion Quests] - LoadGroupQuestData - Got cached group quest data for group with ID: 2
06:10:24.083 [Expansion Quests] - LoadGroupQuestData - Got cached group quest data for group with ID: 2
06:12:50.621 [MissionAirdrop] An airdrop is heading towards "Ocean Shores" (pos=<1322.369995, 0.000000, 948.588013> type=Random_OceanShores) with a ExpansionAirdropContainer_Medical
06:16:58.568 [VehicleCarKey] Player "wiggy" (id=SgADkNjbGaUs8SauxTNPqYQENYs5GlEGD7NNksMh0hI= pos=<2295.022705, 112.256592, 5293.187500>) used the  ExpansionCarKey to unlock PONTIAC_rust (id=180F5B32204A0D6D4EE595BE10DBA16D pos=<2293.103760, 112.228020, 5293.962402>)
06:17:12.667 [VehicleEnter] Player wiggy [uid=SgADkNjbGaUs8SauxTNPqYQENYs5GlEGD7NNksMh0hI=] entered vehicle PONTIAC (rust) (id=180F5B32204A0D6D4EE595BE10DBA16D pos=<2293.103516, 112.228027, 5293.962402>) as driver
06:17:15.523 [VehicleEngine] Player wiggy [uid=SgADkNjbGaUs8SauxTNPqYQENYs5GlEGD7NNksMh0hI=] started vehicle PONTIAC (rust) (id=180F5B32204A0D6D4EE595BE10DBA16D pos=<2293.103760, 112.228027, 5293.962402>)
06:17:39.205 [VehicleLeave] Player wiggy [uid=SgADkNjbGaUs8SauxTNPqYQENYs5GlEGD7NNksMh0hI=] left vehicle PONTIAC (rust) (id=180F5B32204A0D6D4EE595BE10DBA16D pos=<2307.941406, 111.607018, 5318.140625>)
06:21:38.158 [VehicleEnter] Player Slightly Crazed [uid=RjqUafmWjW9Q1BHza4n7WoZ_8uUWujoz2w-ciuQaZcs=] entered vehicle PONTIAC (rust) (id=180F5B32204A0D6D4EE595BE10DBA16D pos=<2307.941406, 111.607018, 5318.140625>) as driver
06:21:41.935 [VehicleEngine] Player Slightly Crazed [uid=RjqUafmWjW9Q1BHza4n7WoZ_8uUWujoz2w-ciuQaZcs=] started vehicle PONTIAC (rust) (id=180F5B32204A0D6D4EE595BE10DBA16D pos=<2307.941406, 111.607033, 5318.140625>)
06:21:43.035 [VehicleEnter] Player wiggy [uid=SgADkNjbGaUs8SauxTNPqYQENYs5GlEGD7NNksMh0hI=] entered vehicle PONTIAC (rust) (id=180F5B32204A0D6D4EE595BE10DBA16D pos=<2307.941406, 111.607010, 5318.140625>) as passenger
06:23:47.539 [VehicleLeave] Player wiggy [uid=SgADkNjbGaUs8SauxTNPqYQENYs5GlEGD7NNksMh0hI=] left vehicle PONTIAC (rust) (id=180F5B32204A0D6D4EE595BE10DBA16D pos=<963.505676, 37.281033, 3767.040283>)
06:23:52.111 [VehicleEnter] Player wiggy [uid=SgADkNjbGaUs8SauxTNPqYQENYs5GlEGD7NNksMh0hI=] entered vehicle PONTIAC (rust) (id=180F5B32204A0D6D4EE595BE10DBA16D pos=<963.495850, 37.280815, 3767.024170>) as passenger
06:27:24.591 [VehicleLeave] Player Slightly Crazed [uid=RjqUafmWjW9Q1BHza4n7WoZ_8uUWujoz2w-ciuQaZcs=] left vehicle PONTIAC (rust) (id=180F5B32204A0D6D4EE595BE10DBA16D pos=<1399.395996, 6.323973, 859.389709>)
06:27:28.005 [VehicleLeave] Player wiggy [uid=SgADkNjbGaUs8SauxTNPqYQENYs5GlEGD7NNksMh0hI=] left vehicle PONTIAC (rust) (id=180F5B32204A0D6D4EE595BE10DBA16D pos=<1399.395996, 6.323974, 859.389343>)
06:27:40.140 [VehicleCarKey] Player "wiggy" (id=SgADkNjbGaUs8SauxTNPqYQENYs5GlEGD7NNksMh0hI= pos=<1395.113037, 6.359583, 860.704163>) used the  ExpansionCarKey to lock PONTIAC_rust (id=180F5B32204A0D6D4EE595BE10DBA16D pos=<1399.395996, 6.323974, 859.389343>)
06:34:02.533 [VehicleCarKey] Player "wiggy" (id=SgADkNjbGaUs8SauxTNPqYQENYs5GlEGD7NNksMh0hI= pos=<1398.185547, 6.366435, 856.992981>) used the  ExpansionCarKey to unlock PONTIAC_rust (id=180F5B32204A0D6D4EE595BE10DBA16D pos=<1399.395996, 6.323974, 859.389343>)
06:35:46.373 [VehicleCarKey] Player "wiggy" (id=SgADkNjbGaUs8SauxTNPqYQENYs5GlEGD7NNksMh0hI= pos=<1398.202271, 6.366149, 857.267578>) used the  ExpansionCarKey to lock PONTIAC_rust (id=180F5B32204A0D6D4EE595BE10DBA16D pos=<1399.395996, 6.323974, 859.389343>)
06:37:03.462 [VehicleCarKey] Player "wiggy" (id=SgADkNjbGaUs8SauxTNPqYQENYs5GlEGD7NNksMh0hI= pos=<1398.936157, 6.366981, 857.136108>) used the  ExpansionCarKey to unlock PONTIAC_rust (id=180F5B32204A0D6D4EE595BE10DBA16D pos=<1399.395996, 6.323974, 859.389343>)
06:37:14.150 [VehicleEnter] Player Slightly Crazed [uid=RjqUafmWjW9Q1BHza4n7WoZ_8uUWujoz2w-ciuQaZcs=] entered vehicle PONTIAC (rust) (id=180F5B32204A0D6D4EE595BE10DBA16D pos=<1399.395996, 6.323974, 859.389160>) as driver
06:37:20.117 [VehicleEngine] Player Slightly Crazed [uid=RjqUafmWjW9Q1BHza4n7WoZ_8uUWujoz2w-ciuQaZcs=] started vehicle PONTIAC (rust) (id=180F5B32204A0D6D4EE595BE10DBA16D pos=<1399.395996, 6.323974, 859.389038>)
06:37:21.402 [VehicleEnter] Player wiggy [uid=SgADkNjbGaUs8SauxTNPqYQENYs5GlEGD7NNksMh0hI=] entered vehicle PONTIAC (rust) (id=180F5B32204A0D6D4EE595BE10DBA16D pos=<1399.395996, 6.323974, 859.389160>) as passenger
06:37:56.425 [VehicleLeave] Player Slightly Crazed [uid=RjqUafmWjW9Q1BHza4n7WoZ_8uUWujoz2w-ciuQaZcs=] left vehicle PONTIAC (rust) (id=180F5B32204A0D6D4EE595BE10DBA16D pos=<1609.098877, 6.159574, 806.426880>)
06:37:58.423 [VehicleLeave] Player wiggy [uid=SgADkNjbGaUs8SauxTNPqYQENYs5GlEGD7NNksMh0hI=] left vehicle PONTIAC (rust) (id=180F5B32204A0D6D4EE595BE10DBA16D pos=<1609.098877, 6.159574, 806.426758>)
06:38:12.121 [VehicleCarKey] Player "wiggy" (id=SgADkNjbGaUs8SauxTNPqYQENYs5GlEGD7NNksMh0hI= pos=<1609.411987, 6.192695, 803.634827>) used the  ExpansionCarKey to lock PONTIAC_rust (id=180F5B32204A0D6D4EE595BE10DBA16D pos=<1609.098877, 6.159574, 806.426758>)
06:54:50.181 [ExplosionDamageSystem] About to explode LandFuelFeed_Ammo from Land_FuelStation_Feed<e8a94710> at <1849.25, 9.67, 1050.28> EXPLOSION range 20 dropoff 5
07:00:07.271 [VehicleCarKey] Player "wiggy" (id=SgADkNjbGaUs8SauxTNPqYQENYs5GlEGD7NNksMh0hI= pos=<1608.088135, 6.199446, 804.825256>) used the  ExpansionCarKey to unlock PONTIAC_rust (id=180F5B32204A0D6D4EE595BE10DBA16D pos=<1609.098877, 6.159574, 806.426758>)
07:03:50.595 [VehicleEnter] Player wiggy [uid=SgADkNjbGaUs8SauxTNPqYQENYs5GlEGD7NNksMh0hI=] entered vehicle PONTIAC (rust) (id=180F5B32204A0D6D4EE595BE10DBA16D pos=<1609.098877, 6.159574, 806.426758>) as passenger
07:05:00.423 [VehicleEnter] Player Slightly Crazed [uid=RjqUafmWjW9Q1BHza4n7WoZ_8uUWujoz2w-ciuQaZcs=] entered vehicle PONTIAC (rust) (id=180F5B32204A0D6D4EE595BE10DBA16D pos=<1609.098999, 6.159574, 806.426880>) as driver
07:05:03.660 [VehicleEngine] Player Slightly Crazed [uid=RjqUafmWjW9Q1BHza4n7WoZ_8uUWujoz2w-ciuQaZcs=] started vehicle PONTIAC (rust) (id=180F5B32204A0D6D4EE595BE10DBA16D pos=<1609.098877, 6.159574, 806.426636>)
07:07:24.724 [VehicleLeave] Player Slightly Crazed [uid=RjqUafmWjW9Q1BHza4n7WoZ_8uUWujoz2w-ciuQaZcs=] left vehicle PONTIAC (rust) (id=180F5B32204A0D6D4EE595BE10DBA16D pos=<1143.556274, 12.259242, 2516.107666>)
07:07:26.537 [VehicleLeave] Player wiggy [uid=SgADkNjbGaUs8SauxTNPqYQENYs5GlEGD7NNksMh0hI=] left vehicle PONTIAC (rust) (id=180F5B32204A0D6D4EE595BE10DBA16D pos=<1143.555786, 12.259236, 2516.107666>)
07:08:39.027 [VehicleEnter] Player wiggy [uid=SgADkNjbGaUs8SauxTNPqYQENYs5GlEGD7NNksMh0hI=] entered vehicle PONTIAC (rust) (id=180F5B32204A0D6D4EE595BE10DBA16D pos=<1143.555786, 12.259236, 2516.107666>) as passenger
07:08:46.501 [VehicleEnter] Player Slightly Crazed [uid=RjqUafmWjW9Q1BHza4n7WoZ_8uUWujoz2w-ciuQaZcs=] entered vehicle PONTIAC (rust) (id=180F5B32204A0D6D4EE595BE10DBA16D pos=<1143.555908, 12.259233, 2516.107666>) as driver
07:08:49.878 [VehicleEngine] Player Slightly Crazed [uid=RjqUafmWjW9Q1BHza4n7WoZ_8uUWujoz2w-ciuQaZcs=] started vehicle PONTIAC (rust) (id=180F5B32204A0D6D4EE595BE10DBA16D pos=<1143.556152, 12.259240, 2516.107666>)
07:10:05.328 [VehicleLeave] Player wiggy [uid=SgADkNjbGaUs8SauxTNPqYQENYs5GlEGD7NNksMh0hI=] left vehicle PONTIAC (rust) (id=180F5B32204A0D6D4EE595BE10DBA16D pos=<518.628418, 26.336531, 3357.983398>)
07:10:05.453 [VehicleLeave] Player Slightly Crazed [uid=RjqUafmWjW9Q1BHza4n7WoZ_8uUWujoz2w-ciuQaZcs=] left vehicle PONTIAC (rust) (id=180F5B32204A0D6D4EE595BE10DBA16D pos=<518.628540, 26.336531, 3357.983398>)
07:10:18.535 [VehicleCarKey] Player "wiggy" (id=SgADkNjbGaUs8SauxTNPqYQENYs5GlEGD7NNksMh0hI= pos=<519.638916, 26.378162, 3359.498779>) used the  ExpansionCarKey to lock PONTIAC_rust (id=180F5B32204A0D6D4EE595BE10DBA16D pos=<518.628662, 26.336531, 3357.983398>)
07:14:35.941 [VehicleEnter] Player wiggy [uid=SgADkNjbGaUs8SauxTNPqYQENYs5GlEGD7NNksMh0hI=] entered vehicle Sarka 120 (id=E114AD97A14EF27A0F97B396EA944AF8 pos=<548.554626, 27.272379, 3493.296143>) as driver
07:14:39.052 [VehicleLeave] Player wiggy [uid=SgADkNjbGaUs8SauxTNPqYQENYs5GlEGD7NNksMh0hI=] left vehicle Sarka 120 (id=E114AD97A14EF27A0F97B396EA944AF8 pos=<548.542664, 27.272743, 3493.307617>)
07:31:37.117 [ExplosionDamageSystem] About to explode LandFuelFeed_Ammo from Land_FuelStation_Feed<d60249a0> at <448.84, 26.75, 3420.53> EXPLOSION range 20 dropoff 5
07:32:42.126 [VehicleCarKey] Player "wiggy" (id=SgADkNjbGaUs8SauxTNPqYQENYs5GlEGD7NNksMh0hI= pos=<520.098022, 26.399626, 3359.190430>) used the  ExpansionCarKey to unlock PONTIAC_rust (id=180F5B32204A0D6D4EE595BE10DBA16D pos=<518.628662, 26.336531, 3357.983398>)
07:32:48.753 [VehicleEnter] Player wiggy [uid=SgADkNjbGaUs8SauxTNPqYQENYs5GlEGD7NNksMh0hI=] entered vehicle PONTIAC (rust) (id=180F5B32204A0D6D4EE595BE10DBA16D pos=<518.628662, 26.336531, 3357.983398>) as passenger
07:33:03.597 [VehicleEnter] Player Slightly Crazed [uid=RjqUafmWjW9Q1BHza4n7WoZ_8uUWujoz2w-ciuQaZcs=] entered vehicle PONTIAC (rust) (id=180F5B32204A0D6D4EE595BE10DBA16D pos=<518.628601, 26.336533, 3357.983398>) as driver
07:33:07.921 [VehicleEngine] Player Slightly Crazed [uid=RjqUafmWjW9Q1BHza4n7WoZ_8uUWujoz2w-ciuQaZcs=] started vehicle PONTIAC (rust) (id=180F5B32204A0D6D4EE595BE10DBA16D pos=<518.628479, 26.336533, 3357.983398>)
07:36:47.044 [VehicleLeave] Player Slightly Crazed [uid=RjqUafmWjW9Q1BHza4n7WoZ_8uUWujoz2w-ciuQaZcs=] left vehicle PONTIAC (rust) (id=180F5B32204A0D6D4EE595BE10DBA16D pos=<1521.482910, 110.869942, 4734.252441>)
07:39:01.730 [VehicleEnter] Player Slightly Crazed [uid=RjqUafmWjW9Q1BHza4n7WoZ_8uUWujoz2w-ciuQaZcs=] entered vehicle PONTIAC (rust) (id=180F5B32204A0D6D4EE595BE10DBA16D pos=<1521.482910, 110.869942, 4734.252441>) as driver
07:39:06.617 [VehicleEngine] Player Slightly Crazed [uid=RjqUafmWjW9Q1BHza4n7WoZ_8uUWujoz2w-ciuQaZcs=] started vehicle PONTIAC (rust) (id=180F5B32204A0D6D4EE595BE10DBA16D pos=<1521.482910, 110.869949, 4734.252441>)
07:39:34.753 [VehicleLeave] Player Slightly Crazed [uid=RjqUafmWjW9Q1BHza4n7WoZ_8uUWujoz2w-ciuQaZcs=] left vehicle PONTIAC (rust) (id=180F5B32204A0D6D4EE595BE10DBA16D pos=<1614.438354, 111.108742, 4919.299805>)
07:39:51.927 [Party] Player "Hawk" (id=Vq9KG5wXnlxiAZYi9EngBgzAagT-q5gfv9gcAfd4zA4=) joinded the party "GRUMPY OLD GITS" (id=2 ownerUID=SgADkNjbGaUs8SauxTNPqYQENYs5GlEGD7NNksMh0hI= ownerName=wiggy)
07:39:51.941 [Expansion Quests] - InitQuestSystemClient - Loaded existing player quest data for player with UID: Vq9KG5wXnlxiAZYi9EngBgzAagT-q5gfv9gcAfd4zA4=
07:39:51.941 [Expansion Quests] - LoadGroupQuestData - Got cached group quest data for group with ID: 2
07:39:52.906 [Expansion Quests] - LoadGroupQuestData - Got cached group quest data for group with ID: 2
07:40:44.564 [VehicleEnter] Player Slightly Crazed [uid=RjqUafmWjW9Q1BHza4n7WoZ_8uUWujoz2w-ciuQaZcs=] entered vehicle PONTIAC (rust) (id=180F5B32204A0D6D4EE595BE10DBA16D pos=<1614.438965, 111.108734, 4919.299316>) as driver
07:40:47.535 [VehicleLeave] Player Slightly Crazed [uid=RjqUafmWjW9Q1BHza4n7WoZ_8uUWujoz2w-ciuQaZcs=] left vehicle PONTIAC (rust) (id=180F5B32204A0D6D4EE595BE10DBA16D pos=<1614.438354, 111.108734, 4919.299805>)
07:40:51.162 [VehicleEnter] Player Slightly Crazed [uid=RjqUafmWjW9Q1BHza4n7WoZ_8uUWujoz2w-ciuQaZcs=] entered vehicle PONTIAC (rust) (id=180F5B32204A0D6D4EE595BE10DBA16D pos=<1614.438232, 111.108734, 4919.299805>) as driver
07:40:54.474 [VehicleEngine] Player Slightly Crazed [uid=RjqUafmWjW9Q1BHza4n7WoZ_8uUWujoz2w-ciuQaZcs=] started vehicle PONTIAC (rust) (id=180F5B32204A0D6D4EE595BE10DBA16D pos=<1614.438599, 111.108734, 4919.299316>)
07:41:51.519 [VehicleLeave] Player Slightly Crazed [uid=RjqUafmWjW9Q1BHza4n7WoZ_8uUWujoz2w-ciuQaZcs=] left vehicle PONTIAC (rust) (id=180F5B32204A0D6D4EE595BE10DBA16D pos=<1951.075317, 112.232796, 4675.863281>)
07:43:37.703 [VehicleEnter] Player Slightly Crazed [uid=RjqUafmWjW9Q1BHza4n7WoZ_8uUWujoz2w-ciuQaZcs=] entered vehicle PONTIAC (rust) (id=180F5B32204A0D6D4EE595BE10DBA16D pos=<1951.075317, 112.232803, 4675.863281>) as driver
07:43:41.275 [VehicleEngine] Player Slightly Crazed [uid=RjqUafmWjW9Q1BHza4n7WoZ_8uUWujoz2w-ciuQaZcs=] started vehicle PONTIAC (rust) (id=180F5B32204A0D6D4EE595BE10DBA16D pos=<1951.075317, 112.232811, 4675.862793>)
07:44:53.164 [VehicleLeave] Player Slightly Crazed [uid=RjqUafmWjW9Q1BHza4n7WoZ_8uUWujoz2w-ciuQaZcs=] left vehicle PONTIAC (rust) (id=180F5B32204A0D6D4EE595BE10DBA16D pos=<2299.257813, 111.678925, 5323.499023>)
07:44:54.851 [VehicleLeave] Player wiggy [uid=SgADkNjbGaUs8SauxTNPqYQENYs5GlEGD7NNksMh0hI=] left vehicle PONTIAC (rust) (id=180F5B32204A0D6D4EE595BE10DBA16D pos=<2299.258057, 111.678932, 5323.499023>)
07:46:26.703 [MissionAirdrop] An airdrop is heading towards "Ocean Shores" (pos=<1322.369995, 0.000000, 948.588013> type=Random_OceanShores) with a ExpansionAirdropContainer_Medical
07:53:42.968 [VehicleEnter] Player wiggy [uid=SgADkNjbGaUs8SauxTNPqYQENYs5GlEGD7NNksMh0hI=] entered vehicle PONTIAC (rust) (id=180F5B32204A0D6D4EE595BE10DBA16D pos=<2299.258057, 111.678932, 5323.499023>) as passenger
07:57:33.976 [VehicleEnter] Player Slightly Crazed [uid=RjqUafmWjW9Q1BHza4n7WoZ_8uUWujoz2w-ciuQaZcs=] entered vehicle PONTIAC (rust) (id=180F5B32204A0D6D4EE595BE10DBA16D pos=<2299.258057, 111.678925, 5323.499023>) as driver
07:57:37.427 [VehicleEngine] Player Slightly Crazed [uid=RjqUafmWjW9Q1BHza4n7WoZ_8uUWujoz2w-ciuQaZcs=] started vehicle PONTIAC (rust) (id=180F5B32204A0D6D4EE595BE10DBA16D pos=<2299.258057, 111.678925, 5323.499023>)
07:57:38.046 [VehicleEnter] Player Hawk [uid=Vq9KG5wXnlxiAZYi9EngBgzAagT-q5gfv9gcAfd4zA4=] entered vehicle PONTIAC (rust) (id=180F5B32204A0D6D4EE595BE10DBA16D pos=<2299.257813, 111.678925, 5323.499023>) as passenger
08:02:47.972 [VehicleLeave] Player Slightly Crazed [uid=RjqUafmWjW9Q1BHza4n7WoZ_8uUWujoz2w-ciuQaZcs=] left vehicle PONTIAC (rust) (id=180F5B32204A0D6D4EE595BE10DBA16D pos=<1324.439453, 6.260599, 881.682922>)
08:02:50.281 [VehicleLeave] Player wiggy [uid=SgADkNjbGaUs8SauxTNPqYQENYs5GlEGD7NNksMh0hI=] left vehicle PONTIAC (rust) (id=180F5B32204A0D6D4EE595BE10DBA16D pos=<1324.439331, 6.260599, 881.682617>)
08:02:52.406 [VehicleLeave] Player Hawk [uid=Vq9KG5wXnlxiAZYi9EngBgzAagT-q5gfv9gcAfd4zA4=] left vehicle PONTIAC (rust) (id=180F5B32204A0D6D4EE595BE10DBA16D pos=<1324.439331, 6.260599, 881.682617>)
08:02:58.792 [VehicleCarKey] Player "wiggy" (id=SgADkNjbGaUs8SauxTNPqYQENYs5GlEGD7NNksMh0hI= pos=<1325.434570, 6.304584, 878.695068>) used the  ExpansionCarKey to lock PONTIAC_rust (id=180F5B32204A0D6D4EE595BE10DBA16D pos=<1324.439331, 6.260599, 881.682617>)
08:04:08.542 [Party] Player "Nachoz" (id=fvuyfu2vAyZ5FpaBSc8JMfvFka2TJFc5PXMfSME3A8I=) joinded the party "GRUMPY OLD GITS" (id=2 ownerUID=SgADkNjbGaUs8SauxTNPqYQENYs5GlEGD7NNksMh0hI= ownerName=wiggy)
08:04:08.550 [Expansion Quests] - InitQuestSystemClient - Loaded existing player quest data for player with UID: fvuyfu2vAyZ5FpaBSc8JMfvFka2TJFc5PXMfSME3A8I=
08:04:08.550 [Expansion Quests] - LoadGroupQuestData - Got cached group quest data for group with ID: 2
08:04:08.550 [Expansion Quests] - Create new quest instance for quest: 99 - Player UID: fvuyfu2vAyZ5FpaBSc8JMfvFka2TJFc5PXMfSME3A8I=
08:04:08.552 [AI Patrol] Spawning 2 Vagabond Army bots at <3448.584961, 99.908615, 7870.674805>
08:04:09.523 [Expansion Quests] - LoadGroupQuestData - Got cached group quest data for group with ID: 2
08:05:09.513 [VehicleCarKey] Player "wiggy" (id=SgADkNjbGaUs8SauxTNPqYQENYs5GlEGD7NNksMh0hI= pos=<1324.977295, 6.304020, 879.310486>) used the  ExpansionCarKey to unlock PONTIAC_rust (id=180F5B32204A0D6D4EE595BE10DBA16D pos=<1324.439331, 6.260599, 881.682617>)
08:05:28.519 [VehicleEnter] Player wiggy [uid=SgADkNjbGaUs8SauxTNPqYQENYs5GlEGD7NNksMh0hI=] entered vehicle PONTIAC (rust) (id=180F5B32204A0D6D4EE595BE10DBA16D pos=<1324.439331, 6.260599, 881.682617>) as passenger
08:05:32.017 [VehicleEnter] Player Slightly Crazed [uid=RjqUafmWjW9Q1BHza4n7WoZ_8uUWujoz2w-ciuQaZcs=] entered vehicle PONTIAC (rust) (id=180F5B32204A0D6D4EE595BE10DBA16D pos=<1324.439453, 6.260599, 881.682800>) as driver
08:05:34.439 [VehicleEnter] Player Hawk [uid=Vq9KG5wXnlxiAZYi9EngBgzAagT-q5gfv9gcAfd4zA4=] entered vehicle PONTIAC (rust) (id=180F5B32204A0D6D4EE595BE10DBA16D pos=<1324.439453, 6.260598, 881.682922>) as passenger
08:05:35.455 [VehicleEngine] Player Slightly Crazed [uid=RjqUafmWjW9Q1BHza4n7WoZ_8uUWujoz2w-ciuQaZcs=] started vehicle PONTIAC (rust) (id=180F5B32204A0D6D4EE595BE10DBA16D pos=<1324.439331, 6.260599, 881.682556>)
08:09:29.966 [VehicleLeave] Player Hawk [uid=Vq9KG5wXnlxiAZYi9EngBgzAagT-q5gfv9gcAfd4zA4=] left vehicle PONTIAC (rust) (id=180F5B32204A0D6D4EE595BE10DBA16D pos=<2686.803467, 4.660043, 2485.867188>)
08:09:31.818 [VehicleLeave] Player wiggy [uid=SgADkNjbGaUs8SauxTNPqYQENYs5GlEGD7NNksMh0hI=] left vehicle PONTIAC (rust) (id=180F5B32204A0D6D4EE595BE10DBA16D pos=<2686.803467, 4.660043, 2485.867188>)
08:09:32.812 [VehicleLeave] Player Slightly Crazed [uid=RjqUafmWjW9Q1BHza4n7WoZ_8uUWujoz2w-ciuQaZcs=] left vehicle PONTIAC (rust) (id=180F5B32204A0D6D4EE595BE10DBA16D pos=<2686.803223, 4.660043, 2485.867188>)
08:11:26.947 [VehicleEnter] Player wiggy [uid=SgADkNjbGaUs8SauxTNPqYQENYs5GlEGD7NNksMh0hI=] entered vehicle PONTIAC (rust) (id=180F5B32204A0D6D4EE595BE10DBA16D pos=<2686.803467, 4.660043, 2485.867188>) as passenger
08:11:42.386 [VehicleEnter] Player Hawk [uid=Vq9KG5wXnlxiAZYi9EngBgzAagT-q5gfv9gcAfd4zA4=] entered vehicle PONTIAC (rust) (id=180F5B32204A0D6D4EE595BE10DBA16D pos=<2686.803467, 4.660043, 2485.867188>) as passenger
08:11:52.509 [VehicleLeave] Player Hawk [uid=Vq9KG5wXnlxiAZYi9EngBgzAagT-q5gfv9gcAfd4zA4=] left vehicle PONTIAC (rust) (id=180F5B32204A0D6D4EE595BE10DBA16D pos=<2686.803467, 4.660043, 2485.867188>)
08:12:42.162 [VehicleEnter] Player Hawk [uid=Vq9KG5wXnlxiAZYi9EngBgzAagT-q5gfv9gcAfd4zA4=] entered vehicle PONTIAC (rust) (id=180F5B32204A0D6D4EE595BE10DBA16D pos=<2686.803467, 4.660043, 2485.867188>) as passenger
08:13:25.976 [VehicleEnter] Player Slightly Crazed [uid=RjqUafmWjW9Q1BHza4n7WoZ_8uUWujoz2w-ciuQaZcs=] entered vehicle PONTIAC (rust) (id=180F5B32204A0D6D4EE595BE10DBA16D pos=<2686.803467, 4.660043, 2485.867188>) as driver
08:13:30.691 [VehicleEngine] Player Slightly Crazed [uid=RjqUafmWjW9Q1BHza4n7WoZ_8uUWujoz2w-ciuQaZcs=] started vehicle PONTIAC (rust) (id=180F5B32204A0D6D4EE595BE10DBA16D pos=<2686.803467, 4.660043, 2485.867188>)
08:17:47.283 [AI Patrol] Spawning 2 Police Academy bots at <5222.791992, 56.129997, 2353.955322>
08:17:57.197 [VehicleLeave] Player Hawk [uid=Vq9KG5wXnlxiAZYi9EngBgzAagT-q5gfv9gcAfd4zA4=] left vehicle PONTIAC (rust) (id=180F5B32204A0D6D4EE595BE10DBA16D pos=<4291.560059, 45.722534, 2059.980713>)
08:17:59.410 [VehicleLeave] Player Slightly Crazed [uid=RjqUafmWjW9Q1BHza4n7WoZ_8uUWujoz2w-ciuQaZcs=] left vehicle PONTIAC (rust) (id=180F5B32204A0D6D4EE595BE10DBA16D pos=<4291.560059, 45.722534, 2059.980713>)
08:18:02.595 [VehicleLeave] Player wiggy [uid=SgADkNjbGaUs8SauxTNPqYQENYs5GlEGD7NNksMh0hI=] left vehicle PONTIAC (rust) (id=180F5B32204A0D6D4EE595BE10DBA16D pos=<4291.560059, 45.722527, 2059.980713>)
08:18:10.027 [VehicleCarKey] Player "wiggy" (id=SgADkNjbGaUs8SauxTNPqYQENYs5GlEGD7NNksMh0hI= pos=<4293.808594, 45.891472, 2061.473877>) used the  ExpansionCarKey to lock PONTIAC_rust (id=180F5B32204A0D6D4EE595BE10DBA16D pos=<4291.560059, 45.722527, 2059.980713>)
08:22:31.031 [VehicleCarKey] Player "wiggy" (id=SgADkNjbGaUs8SauxTNPqYQENYs5GlEGD7NNksMh0hI= pos=<4293.834473, 45.821785, 2060.229980>) used the  ExpansionCarKey to unlock PONTIAC_rust (id=180F5B32204A0D6D4EE595BE10DBA16D pos=<4291.560059, 45.722527, 2059.980713>)
08:22:37.792 [VehicleEnter] Player Hawk [uid=Vq9KG5wXnlxiAZYi9EngBgzAagT-q5gfv9gcAfd4zA4=] entered vehicle PONTIAC (rust) (id=180F5B32204A0D6D4EE595BE10DBA16D pos=<4291.560059, 45.722527, 2059.980713>) as passenger
08:22:40.208 [VehicleEnter] Player Slightly Crazed [uid=RjqUafmWjW9Q1BHza4n7WoZ_8uUWujoz2w-ciuQaZcs=] entered vehicle PONTIAC (rust) (id=180F5B32204A0D6D4EE595BE10DBA16D pos=<4291.560059, 45.722534, 2059.980713>) as driver
08:22:43.253 [VehicleEnter] Player wiggy [uid=SgADkNjbGaUs8SauxTNPqYQENYs5GlEGD7NNksMh0hI=] entered vehicle PONTIAC (rust) (id=180F5B32204A0D6D4EE595BE10DBA16D pos=<4291.560059, 45.722530, 2059.980713>) as passenger
08:22:43.812 [VehicleEngine] Player Slightly Crazed [uid=RjqUafmWjW9Q1BHza4n7WoZ_8uUWujoz2w-ciuQaZcs=] started vehicle PONTIAC (rust) (id=180F5B32204A0D6D4EE595BE10DBA16D pos=<4291.560059, 45.722534, 2059.980713>)
08:23:27.105 [VehicleEnter] Player Nachoz [uid=fvuyfu2vAyZ5FpaBSc8JMfvFka2TJFc5PXMfSME3A8I=] entered vehicle M3S Covered (id=1966CD97564977A72D6E1E9FE55F4660 pos=<3902.563232, 155.933014, 7237.889160>) as driver
08:23:28.546 [VehicleEngine] Player Nachoz [uid=fvuyfu2vAyZ5FpaBSc8JMfvFka2TJFc5PXMfSME3A8I=] started vehicle M3S Covered (id=1966CD97564977A72D6E1E9FE55F4660 pos=<3902.594727, 155.926025, 7237.899414>)
08:25:39.808 [VehicleLeave] Player Nachoz [uid=fvuyfu2vAyZ5FpaBSc8JMfvFka2TJFc5PXMfSME3A8I=] left vehicle M3S Covered (id=1966CD97564977A72D6E1E9FE55F4660 pos=<3874.226563, 176.347610, 7136.404785>)
08:25:42.113 [VehicleLeave] Player wiggy [uid=SgADkNjbGaUs8SauxTNPqYQENYs5GlEGD7NNksMh0hI=] left vehicle PONTIAC (rust) (id=180F5B32204A0D6D4EE595BE10DBA16D pos=<3508.855957, 4.313067, 1400.539673>)
08:26:01.410 [VehicleLeave] Player Hawk [uid=Vq9KG5wXnlxiAZYi9EngBgzAagT-q5gfv9gcAfd4zA4=] left vehicle PONTIAC (rust) (id=180F5B32204A0D6D4EE595BE10DBA16D pos=<3495.632813, 4.307515, 1356.838989>)
08:26:03.205 [VehicleLeave] Player Slightly Crazed [uid=RjqUafmWjW9Q1BHza4n7WoZ_8uUWujoz2w-ciuQaZcs=] left vehicle PONTIAC (rust) (id=180F5B32204A0D6D4EE595BE10DBA16D pos=<3495.632813, 4.307515, 1356.838989>)
08:26:20.277 [VehicleCarKey] Player "wiggy" (id=SgADkNjbGaUs8SauxTNPqYQENYs5GlEGD7NNksMh0hI= pos=<3493.624023, 4.348543, 1357.948120>) used the  ExpansionCarKey to lock PONTIAC_rust (id=180F5B32204A0D6D4EE595BE10DBA16D pos=<3495.633057, 4.307515, 1356.838989>)
08:27:14.738 [VehicleEnter] Player Nachoz [uid=fvuyfu2vAyZ5FpaBSc8JMfvFka2TJFc5PXMfSME3A8I=] entered vehicle M3S Covered (id=1966CD97564977A72D6E1E9FE55F4660 pos=<3874.228516, 176.347351, 7136.405273>) as driver
08:27:17.929 [VehicleEngine] Player Nachoz [uid=fvuyfu2vAyZ5FpaBSc8JMfvFka2TJFc5PXMfSME3A8I=] started vehicle M3S Covered (id=1966CD97564977A72D6E1E9FE55F4660 pos=<3874.228027, 176.347000, 7136.410156>)
08:27:46.349 [VehicleLeave] Player Nachoz [uid=fvuyfu2vAyZ5FpaBSc8JMfvFka2TJFc5PXMfSME3A8I=] left vehicle M3S Covered (id=1966CD97564977A72D6E1E9FE55F4660 pos=<3869.126709, 179.640121, 7080.759766>)
08:28:48.130 [VehicleEnter] Player Nachoz [uid=fvuyfu2vAyZ5FpaBSc8JMfvFka2TJFc5PXMfSME3A8I=] entered vehicle M3S Covered (id=1966CD97564977A72D6E1E9FE55F4660 pos=<3869.127686, 179.639984, 7080.762695>) as driver
08:28:52.312 [VehicleEngine] Player Nachoz [uid=fvuyfu2vAyZ5FpaBSc8JMfvFka2TJFc5PXMfSME3A8I=] started vehicle M3S Covered (id=1966CD97564977A72D6E1E9FE55F4660 pos=<3869.126465, 179.639877, 7080.769531>)
08:31:41.308 [VehicleLeave] Player Nachoz [uid=fvuyfu2vAyZ5FpaBSc8JMfvFka2TJFc5PXMfSME3A8I=] left vehicle M3S Covered (id=1966CD97564977A72D6E1E9FE55F4660 pos=<3844.358887, 187.797729, 7004.319336>)
08:32:24.730 [VehicleEnter] Player Nachoz [uid=fvuyfu2vAyZ5FpaBSc8JMfvFka2TJFc5PXMfSME3A8I=] entered vehicle M3S Covered (id=1966CD97564977A72D6E1E9FE55F4660 pos=<3844.360107, 187.797791, 7004.319336>) as driver
08:32:27.765 [VehicleEngine] Player Nachoz [uid=fvuyfu2vAyZ5FpaBSc8JMfvFka2TJFc5PXMfSME3A8I=] started vehicle M3S Covered (id=1966CD97564977A72D6E1E9FE55F4660 pos=<3844.358887, 187.797791, 7004.318848>)
08:33:28.363 [VehicleLeave] Player Nachoz [uid=fvuyfu2vAyZ5FpaBSc8JMfvFka2TJFc5PXMfSME3A8I=] left vehicle M3S Covered (id=1966CD97564977A72D6E1E9FE55F4660 pos=<3833.385254, 196.665146, 6915.041504>)
08:34:46.828 [VehicleEnter] Player Nachoz [uid=fvuyfu2vAyZ5FpaBSc8JMfvFka2TJFc5PXMfSME3A8I=] entered vehicle M3S Covered (id=1966CD97564977A72D6E1E9FE55F4660 pos=<3833.395020, 196.658386, 6915.080566>) as driver
08:34:50.794 [VehicleLeave] Player Nachoz [uid=fvuyfu2vAyZ5FpaBSc8JMfvFka2TJFc5PXMfSME3A8I=] left vehicle M3S Covered (id=1966CD97564977A72D6E1E9FE55F4660 pos=<3833.411865, 196.644547, 6915.161133>)
08:35:20.822 [VehicleEnter] Player Nachoz [uid=fvuyfu2vAyZ5FpaBSc8JMfvFka2TJFc5PXMfSME3A8I=] entered vehicle M3S Covered (id=1966CD97564977A72D6E1E9FE55F4660 pos=<3833.421387, 196.637802, 6915.199707>) as driver
08:35:25.953 [VehicleEngine] Player Nachoz [uid=fvuyfu2vAyZ5FpaBSc8JMfvFka2TJFc5PXMfSME3A8I=] started vehicle M3S Covered (id=1966CD97564977A72D6E1E9FE55F4660 pos=<3833.447510, 196.620377, 6915.300293>)
08:38:41.511 [VehicleCarKey] Player "wiggy" (id=SgADkNjbGaUs8SauxTNPqYQENYs5GlEGD7NNksMh0hI= pos=<3494.096924, 4.348546, 1357.570068>) used the  ExpansionCarKey to unlock PONTIAC_rust (id=180F5B32204A0D6D4EE595BE10DBA16D pos=<3495.633057, 4.307515, 1356.838989>)
08:38:58.087 [VehicleLeave] Player Nachoz [uid=fvuyfu2vAyZ5FpaBSc8JMfvFka2TJFc5PXMfSME3A8I=] left vehicle M3S Covered (id=1966CD97564977A72D6E1E9FE55F4660 pos=<3885.442139, 224.231964, 6337.687500>)
08:39:02.134 [VehicleEnter] Player Nachoz [uid=fvuyfu2vAyZ5FpaBSc8JMfvFka2TJFc5PXMfSME3A8I=] entered vehicle M3S Covered (id=1966CD97564977A72D6E1E9FE55F4660 pos=<3885.505127, 224.222534, 6337.685059>) as driver
08:39:06.130 [VehicleEngine] Player Nachoz [uid=fvuyfu2vAyZ5FpaBSc8JMfvFka2TJFc5PXMfSME3A8I=] started vehicle M3S Covered (id=1966CD97564977A72D6E1E9FE55F4660 pos=<3885.608643, 224.202606, 6337.679199>)
08:41:37.275 [VehicleLeave] Player Nachoz [uid=fvuyfu2vAyZ5FpaBSc8JMfvFka2TJFc5PXMfSME3A8I=] left vehicle M3S Covered (id=1966CD97564977A72D6E1E9FE55F4660 pos=<3641.616699, 249.521362, 6392.941406>)
08:41:45.966 [VehicleEnter] Player Nachoz [uid=fvuyfu2vAyZ5FpaBSc8JMfvFka2TJFc5PXMfSME3A8I=] entered vehicle M3S Covered (id=1966CD97564977A72D6E1E9FE55F4660 pos=<3641.646484, 249.517899, 6392.959961>) as driver
08:41:50.642 [VehicleEngine] Player Nachoz [uid=fvuyfu2vAyZ5FpaBSc8JMfvFka2TJFc5PXMfSME3A8I=] started vehicle M3S Covered (id=1966CD97564977A72D6E1E9FE55F4660 pos=<3641.714600, 249.509567, 6393.002930>)
08:41:51.742 [VehicleEnter] Player wiggy [uid=SgADkNjbGaUs8SauxTNPqYQENYs5GlEGD7NNksMh0hI=] entered vehicle PONTIAC (rust) (id=180F5B32204A0D6D4EE595BE10DBA16D pos=<3495.633057, 4.307515, 1356.838989>) as passenger
08:42:31.037 [VehicleEnter] Player Slightly Crazed [uid=RjqUafmWjW9Q1BHza4n7WoZ_8uUWujoz2w-ciuQaZcs=] entered vehicle PONTIAC (rust) (id=180F5B32204A0D6D4EE595BE10DBA16D pos=<3495.632813, 4.307515, 1356.838989>) as driver
08:42:35.257 [VehicleEngine] Player Slightly Crazed [uid=RjqUafmWjW9Q1BHza4n7WoZ_8uUWujoz2w-ciuQaZcs=] started vehicle PONTIAC (rust) (id=180F5B32204A0D6D4EE595BE10DBA16D pos=<3495.633057, 4.307515, 1356.838989>)
08:42:37.023 [VehicleEnter] Player Hawk [uid=Vq9KG5wXnlxiAZYi9EngBgzAagT-q5gfv9gcAfd4zA4=] entered vehicle PONTIAC (rust) (id=180F5B32204A0D6D4EE595BE10DBA16D pos=<3495.632813, 4.307515, 1356.838989>) as passenger
08:45:28.218 [VehicleLeave] Player Nachoz [uid=fvuyfu2vAyZ5FpaBSc8JMfvFka2TJFc5PXMfSME3A8I=] left vehicle M3S Covered (id=1966CD97564977A72D6E1E9FE55F4660 pos=<3361.535645, 278.194733, 6182.130859>)
08:45:55.468 [VehicleLeave] Player Hawk [uid=Vq9KG5wXnlxiAZYi9EngBgzAagT-q5gfv9gcAfd4zA4=] left vehicle PONTIAC (rust) (id=180F5B32204A0D6D4EE595BE10DBA16D pos=<5482.103027, 10.300402, 808.082458>)
08:45:58.472 [VehicleLeave] Player Slightly Crazed [uid=RjqUafmWjW9Q1BHza4n7WoZ_8uUWujoz2w-ciuQaZcs=] left vehicle PONTIAC (rust) (id=180F5B32204A0D6D4EE595BE10DBA16D pos=<5482.103027, 10.300401, 808.082458>)
08:47:57.003 [VehicleLeave] Player wiggy [uid=SgADkNjbGaUs8SauxTNPqYQENYs5GlEGD7NNksMh0hI=] left vehicle PONTIAC (rust) (id=180F5B32204A0D6D4EE595BE10DBA16D pos=<5482.103027, 10.300405, 808.082153>)
08:48:05.679 [VehicleCarKey] Player "wiggy" (id=SgADkNjbGaUs8SauxTNPqYQENYs5GlEGD7NNksMh0hI= pos=<5481.079102, 10.311159, 806.436157>) used the  ExpansionCarKey to lock PONTIAC_rust (id=180F5B32204A0D6D4EE595BE10DBA16D pos=<5482.103027, 10.300405, 808.082153>)
08:48:15.062 [VehicleEnter] Player Nachoz [uid=fvuyfu2vAyZ5FpaBSc8JMfvFka2TJFc5PXMfSME3A8I=] entered vehicle M3S Covered (id=1966CD97564977A72D6E1E9FE55F4660 pos=<3361.536621, 278.194763, 6182.132813>) as driver
08:48:41.058 [VehicleCarKey] Player "wiggy" (id=SgADkNjbGaUs8SauxTNPqYQENYs5GlEGD7NNksMh0hI= pos=<5481.555176, 10.341933, 806.265076>) used the  ExpansionCarKey to unlock PONTIAC_rust (id=180F5B32204A0D6D4EE595BE10DBA16D pos=<5482.103027, 10.300405, 808.082153>)
08:48:46.810 [VehicleEnter] Player wiggy [uid=SgADkNjbGaUs8SauxTNPqYQENYs5GlEGD7NNksMh0hI=] entered vehicle PONTIAC (rust) (id=180F5B32204A0D6D4EE595BE10DBA16D pos=<5482.103027, 10.300405, 808.082153>) as passenger
08:48:50.234 [VehicleEnter] Player Hawk [uid=Vq9KG5wXnlxiAZYi9EngBgzAagT-q5gfv9gcAfd4zA4=] entered vehicle PONTIAC (rust) (id=180F5B32204A0D6D4EE595BE10DBA16D pos=<5482.103027, 10.300405, 808.082153>) as passenger
08:48:52.765 [VehicleEnter] Player Slightly Crazed [uid=RjqUafmWjW9Q1BHza4n7WoZ_8uUWujoz2w-ciuQaZcs=] entered vehicle PONTIAC (rust) (id=180F5B32204A0D6D4EE595BE10DBA16D pos=<5482.103027, 10.300406, 808.082214>) as driver
08:49:01.824 [VehicleEngine] Player Slightly Crazed [uid=RjqUafmWjW9Q1BHza4n7WoZ_8uUWujoz2w-ciuQaZcs=] started vehicle PONTIAC (rust) (id=180F5B32204A0D6D4EE595BE10DBA16D pos=<5482.103027, 10.300405, 808.082214>)
08:49:29.992 [VehicleLeave] Player Nachoz [uid=fvuyfu2vAyZ5FpaBSc8JMfvFka2TJFc5PXMfSME3A8I=] left vehicle M3S Covered (id=1966CD97564977A72D6E1E9FE55F4660 pos=<3361.536377, 278.194733, 6182.131348>)
08:50:15.695 [AI Patrol] Spawning 2 Airfield bots at <6538.593262, 20.412832, 1886.437866>
08:51:33.125 [VehicleLeave] Player Slightly Crazed [uid=RjqUafmWjW9Q1BHza4n7WoZ_8uUWujoz2w-ciuQaZcs=] left vehicle PONTIAC (rust) (id=180F5B32204A0D6D4EE595BE10DBA16D pos=<7159.009277, 15.182304, 1418.429199>)
08:51:34.921 [VehicleLeave] Player Hawk [uid=Vq9KG5wXnlxiAZYi9EngBgzAagT-q5gfv9gcAfd4zA4=] left vehicle PONTIAC (rust) (id=180F5B32204A0D6D4EE595BE10DBA16D pos=<7159.009277, 15.182304, 1418.429077>)
08:51:36.886 [VehicleLeave] Player wiggy [uid=SgADkNjbGaUs8SauxTNPqYQENYs5GlEGD7NNksMh0hI=] left vehicle PONTIAC (rust) (id=180F5B32204A0D6D4EE595BE10DBA16D pos=<7159.009277, 15.182304, 1418.429077>)
08:51:44.718 [VehicleCarKey] Player "wiggy" (id=SgADkNjbGaUs8SauxTNPqYQENYs5GlEGD7NNksMh0hI= pos=<7159.677734, 15.223944, 1419.861572>) used the  ExpansionCarKey to lock PONTIAC_rust (id=180F5B32204A0D6D4EE595BE10DBA16D pos=<7159.009277, 15.182304, 1418.429077>)
08:53:50.078 [VehicleEnter] Player Nachoz [uid=fvuyfu2vAyZ5FpaBSc8JMfvFka2TJFc5PXMfSME3A8I=] entered vehicle M3S Covered (id=1966CD97564977A72D6E1E9FE55F4660 pos=<3361.535156, 278.194763, 6182.130859>) as driver
08:53:51.511 [ExplosionDamageSystem] About to explode LandFuelFeed_Ammo from Land_FuelStation_Feed<efb7fe50> at <7027.06, 16.31, 1526.66> EXPLOSION range 20 dropoff 5
08:54:03.011 [VehicleEngine] Player Nachoz [uid=fvuyfu2vAyZ5FpaBSc8JMfvFka2TJFc5PXMfSME3A8I=] started vehicle M3S Covered (id=1966CD97564977A72D6E1E9FE55F4660 pos=<3361.536133, 278.194763, 6182.132324>)
08:54:56.269 [Killfeed] wiggy got killed by Airfield with LE-MAS from a distance of 2 m.
08:55:32.003 [Party] Player "wiggy" (id=SgADkNjbGaUs8SauxTNPqYQENYs5GlEGD7NNksMh0hI=) joinded the party "GRUMPY OLD GITS" (id=2 ownerUID=SgADkNjbGaUs8SauxTNPqYQENYs5GlEGD7NNksMh0hI= ownerName=wiggy)
08:55:32.996 [Expansion Quests] - LoadGroupQuestData - Got cached group quest data for group with ID: 2
09:05:22.460 [VehicleLeave] Player Nachoz [uid=fvuyfu2vAyZ5FpaBSc8JMfvFka2TJFc5PXMfSME3A8I=] left vehicle M3S Covered (id=1966CD97564977A72D6E1E9FE55F4660 pos=<4132.296875, 296.584442, 5248.444824>)
09:05:28.841 [VehicleEnter] Player Nachoz [uid=fvuyfu2vAyZ5FpaBSc8JMfvFka2TJFc5PXMfSME3A8I=] entered vehicle M3S Covered (id=1966CD97564977A72D6E1E9FE55F4660 pos=<4132.316895, 296.579559, 5248.463867>) as driver
09:05:32.242 [VehicleEngine] Player Nachoz [uid=fvuyfu2vAyZ5FpaBSc8JMfvFka2TJFc5PXMfSME3A8I=] started vehicle M3S Covered (id=1966CD97564977A72D6E1E9FE55F4660 pos=<4132.350098, 296.572968, 5248.496094>)
09:08:40.476 [VehicleLeave] Player Nachoz [uid=fvuyfu2vAyZ5FpaBSc8JMfvFka2TJFc5PXMfSME3A8I=] left vehicle M3S Covered (id=1966CD97564977A72D6E1E9FE55F4660 pos=<3240.048828, 295.224915, 5552.456055>)
09:09:14.085 [VehicleEnter] Player Nachoz [uid=fvuyfu2vAyZ5FpaBSc8JMfvFka2TJFc5PXMfSME3A8I=] entered vehicle M3S Covered (id=1966CD97564977A72D6E1E9FE55F4660 pos=<3240.038818, 295.225159, 5552.456055>) as driver
09:09:18.167 [VehicleEngine] Player Nachoz [uid=fvuyfu2vAyZ5FpaBSc8JMfvFka2TJFc5PXMfSME3A8I=] started vehicle M3S Covered (id=1966CD97564977A72D6E1E9FE55F4660 pos=<3240.019043, 295.225525, 5552.455078>)
09:13:32.875 [VehicleLeave] Player Nachoz [uid=fvuyfu2vAyZ5FpaBSc8JMfvFka2TJFc5PXMfSME3A8I=] left vehicle M3S Covered (id=1966CD97564977A72D6E1E9FE55F4660 pos=<2310.601318, 111.099236, 5295.631836>)
09:14:17.703 [MissionAirdrop] An airdrop is heading towards "Junkyard" (pos=<3364.919922, 0.000000, 6174.080078> type=Random_Junkyard) with a ExpansionAirdropContainer
09:18:59.261 [Safezone] Player "Lou Sassole" (id=ebo0O4yOjYkK486s9SoqLuFc3tRe1vP1S2eE1IJxhV4= pos=<6616.957520, 21.493235, 3670.019287>) Entered the safezone
09:18:59.261 [Party] Player "Lou Sassole" (id=ebo0O4yOjYkK486s9SoqLuFc3tRe1vP1S2eE1IJxhV4=) joinded the party "Reaper" (id=4 ownerUID=ebo0O4yOjYkK486s9SoqLuFc3tRe1vP1S2eE1IJxhV4= ownerName=Lou Sassole)
09:18:59.273 [Expansion Quests] - InitQuestSystemClient - Loaded existing player quest data for player with UID: ebo0O4yOjYkK486s9SoqLuFc3tRe1vP1S2eE1IJxhV4=
09:18:59.273 [Expansion Quests] - LoadGroupQuestData - Loaded existing group quest data for group with ID: 4
09:18:59.273 [Expansion Quests] - Create new quest instance for quest: 33 - Player UID: ebo0O4yOjYkK486s9SoqLuFc3tRe1vP1S2eE1IJxhV4=
09:19:00.226 [Expansion Quests] - LoadGroupQuestData - Got cached group quest data for group with ID: 4
09:22:09.230 [Safezone] Player "Lou Sassole" (id=ebo0O4yOjYkK486s9SoqLuFc3tRe1vP1S2eE1IJxhV4= pos=<6631.640137, 21.685442, 3704.762939>) Entered the safezone
09:22:32.324 [Safezone] Player "Lou Sassole" (id=ebo0O4yOjYkK486s9SoqLuFc3tRe1vP1S2eE1IJxhV4= pos=<6615.557129, 21.798737, 3758.470459>) Left the safezone
09:25:48.515 [AI Patrol] Spawning 2 Orting bots at <5394.500488, 204.550690, 4859.923340>
09:35:18.468 [VehicleEnter] Player Nachoz [uid=fvuyfu2vAyZ5FpaBSc8JMfvFka2TJFc5PXMfSME3A8I=] entered vehicle Sarka 120 (id=6EF73529F24ABD40A5A8E8B93E1A45AB pos=<751.181213, 156.153793, 5856.335938>) as driver
09:35:28.585 [VehicleLeave] Player Nachoz [uid=fvuyfu2vAyZ5FpaBSc8JMfvFka2TJFc5PXMfSME3A8I=] left vehicle Sarka 120 (id=6EF73529F24ABD40A5A8E8B93E1A45AB pos=<751.139038, 156.167084, 5856.242676>)
09:35:55.328 [VehicleEnter] Player Nachoz [uid=fvuyfu2vAyZ5FpaBSc8JMfvFka2TJFc5PXMfSME3A8I=] entered vehicle Sarka 120 (id=6EF73529F24ABD40A5A8E8B93E1A45AB pos=<751.131287, 156.169922, 5856.222656>) as driver
09:35:57.398 [VehicleEngine] Player Nachoz [uid=fvuyfu2vAyZ5FpaBSc8JMfvFka2TJFc5PXMfSME3A8I=] started vehicle Sarka 120 (id=6EF73529F24ABD40A5A8E8B93E1A45AB pos=<751.122498, 156.173019, 5856.199707>)
09:36:00.757 [VehicleEngine] Player Nachoz [uid=fvuyfu2vAyZ5FpaBSc8JMfvFka2TJFc5PXMfSME3A8I=] started vehicle Sarka 120 (id=6EF73529F24ABD40A5A8E8B93E1A45AB pos=<751.124817, 156.171936, 5856.210449>)
09:36:08.101 [VehicleEngine] Player Nachoz [uid=fvuyfu2vAyZ5FpaBSc8JMfvFka2TJFc5PXMfSME3A8I=] started vehicle Sarka 120 (id=6EF73529F24ABD40A5A8E8B93E1A45AB pos=<751.161743, 156.162079, 5856.277832>)
09:36:15.949 [VehicleEngine] Player Nachoz [uid=fvuyfu2vAyZ5FpaBSc8JMfvFka2TJFc5PXMfSME3A8I=] started vehicle Sarka 120 (id=6EF73529F24ABD40A5A8E8B93E1A45AB pos=<751.163330, 156.164337, 5856.263184>)
09:36:19.867 [VehicleEngine] Player Nachoz [uid=fvuyfu2vAyZ5FpaBSc8JMfvFka2TJFc5PXMfSME3A8I=] started vehicle Sarka 120 (id=6EF73529F24ABD40A5A8E8B93E1A45AB pos=<751.164612, 156.166138, 5856.249512>)
09:36:23.554 [VehicleLeave] Player Nachoz [uid=fvuyfu2vAyZ5FpaBSc8JMfvFka2TJFc5PXMfSME3A8I=] left vehicle Sarka 120 (id=6EF73529F24ABD40A5A8E8B93E1A45AB pos=<751.163696, 156.169479, 5856.226563>)
09:56:16.929 [VehicleEnter] Player Hawk [uid=Vq9KG5wXnlxiAZYi9EngBgzAagT-q5gfv9gcAfd4zA4=] entered vehicle Olga 24 (id=3A36CE9D1A4050A2F7E7219061CBF7E3 pos=<8701.880859, 1.913313, 761.944641>) as driver
09:56:19.667 [VehicleLeave] Player Hawk [uid=Vq9KG5wXnlxiAZYi9EngBgzAagT-q5gfv9gcAfd4zA4=] left vehicle Olga 24 (id=3A36CE9D1A4050A2F7E7219061CBF7E3 pos=<8701.882813, 1.913287, 761.944275>)
09:56:38.644 [Party] Player "wiggy" (id=SgADkNjbGaUs8SauxTNPqYQENYs5GlEGD7NNksMh0hI=) left the party "GRUMPY OLD GITS" (id=2 ownerUID=SgADkNjbGaUs8SauxTNPqYQENYs5GlEGD7NNksMh0hI= ownerName=wiggy)
10:02:36.984 [VehicleCover] Player "Slightly Crazed" (id=RjqUafmWjW9Q1BHza4n7WoZ_8uUWujoz2w-ciuQaZcs= pos=<2314.690186, 111.160141, 5305.531250>) uncovered vehicle "MotorHome_rust" (GlobalID=80000000800000008000000080002B6C pos=<2311.744141, 111.431427, 5303.637207>)!
10:02:49.242 [VehicleDeleted] Truck_01_Covered_Blue (id=3FBABD05F64737BE0DB5409630D66320 pos=<2315.844971, 111.037422, 5300.297852>)
10:02:49.242 [VehicleCover] Player "Slightly Crazed" (id=RjqUafmWjW9Q1BHza4n7WoZ_8uUWujoz2w-ciuQaZcs= pos=<2314.027100, 111.177238, 5304.184570>) covered vehicle "Truck_01_Covered_Blue" (GlobalID=80000000800000008000000080000019 pos=<2315.844971, 111.037422, 5300.297852>)!
10:03:00.468 [VehicleCarKey] Player "Slightly Crazed" (id=RjqUafmWjW9Q1BHza4n7WoZ_8uUWujoz2w-ciuQaZcs= pos=<2313.707520, 111.352325, 5310.496094>) used the  ExpansionCarKey to unlock MotorHome_rust (id=D8A29C0B5C4F003433BD25B96BDFF239 pos=<2311.757080, 111.430916, 5303.637207>)
10:03:09.605 [VehicleEnter] Player Nachoz [uid=fvuyfu2vAyZ5FpaBSc8JMfvFka2TJFc5PXMfSME3A8I=] entered vehicle MotorHome rust (id=D8A29C0B5C4F003433BD25B96BDFF239 pos=<2311.757080, 111.430916, 5303.637207>) as passenger
10:03:12.078 [VehicleLeave] Player Nachoz [uid=fvuyfu2vAyZ5FpaBSc8JMfvFka2TJFc5PXMfSME3A8I=] left vehicle MotorHome rust (id=D8A29C0B5C4F003433BD25B96BDFF239 pos=<2311.757080, 111.430916, 5303.637207>)
10:03:18.179 [VehicleEnter] Player Nachoz [uid=fvuyfu2vAyZ5FpaBSc8JMfvFka2TJFc5PXMfSME3A8I=] entered vehicle MotorHome rust (id=D8A29C0B5C4F003433BD25B96BDFF239 pos=<2311.757080, 111.430916, 5303.637207>) as passenger
10:03:31.468 [VehicleLeave] Player Nachoz [uid=fvuyfu2vAyZ5FpaBSc8JMfvFka2TJFc5PXMfSME3A8I=] left vehicle MotorHome rust (id=D8A29C0B5C4F003433BD25B96BDFF239 pos=<2311.757080, 111.430916, 5303.637207>)
10:03:34.253 [VehicleEnter] Player Nachoz [uid=fvuyfu2vAyZ5FpaBSc8JMfvFka2TJFc5PXMfSME3A8I=] entered vehicle MotorHome rust (id=D8A29C0B5C4F003433BD25B96BDFF239 pos=<2311.757080, 111.430916, 5303.637207>) as driver
10:03:39.832 [VehicleEnter] Player Slightly Crazed [uid=RjqUafmWjW9Q1BHza4n7WoZ_8uUWujoz2w-ciuQaZcs=] entered vehicle MotorHome rust (id=D8A29C0B5C4F003433BD25B96BDFF239 pos=<2311.757080, 111.430923, 5303.637207>) as passenger
10:03:46.250 [VehicleEngine] Player Nachoz [uid=fvuyfu2vAyZ5FpaBSc8JMfvFka2TJFc5PXMfSME3A8I=] started vehicle MotorHome rust (id=D8A29C0B5C4F003433BD25B96BDFF239 pos=<2311.757080, 111.430916, 5303.637207>)
10:09:05.515 [VehicleLeave] Player Slightly Crazed [uid=RjqUafmWjW9Q1BHza4n7WoZ_8uUWujoz2w-ciuQaZcs=] left vehicle MotorHome rust (id=D8A29C0B5C4F003433BD25B96BDFF239 pos=<2269.653809, 111.885834, 5322.296875>)
10:09:42.925 [VehicleEngine] Player Nachoz [uid=fvuyfu2vAyZ5FpaBSc8JMfvFka2TJFc5PXMfSME3A8I=] stopped vehicle MotorHome rust (id=D8A29C0B5C4F003433BD25B96BDFF239 pos=<2300.669678, 111.885834, 5327.444336>)
10:10:10.820 [VehicleEngine] Player Nachoz [uid=fvuyfu2vAyZ5FpaBSc8JMfvFka2TJFc5PXMfSME3A8I=] started vehicle MotorHome rust (id=D8A29C0B5C4F003433BD25B96BDFF239 pos=<2300.669678, 111.885834, 5327.444336>)
10:10:18.351 [VehicleEngine] Player Nachoz [uid=fvuyfu2vAyZ5FpaBSc8JMfvFka2TJFc5PXMfSME3A8I=] stopped vehicle MotorHome rust (id=D8A29C0B5C4F003433BD25B96BDFF239 pos=<2300.669678, 111.885834, 5327.444336>)
10:10:31.382 [VehicleLeave] Player Nachoz [uid=fvuyfu2vAyZ5FpaBSc8JMfvFka2TJFc5PXMfSME3A8I=] left vehicle MotorHome rust (id=D8A29C0B5C4F003433BD25B96BDFF239 pos=<2300.669678, 111.885826, 5327.444336>)
10:10:35.312 [VehicleEnter] Player Slightly Crazed [uid=RjqUafmWjW9Q1BHza4n7WoZ_8uUWujoz2w-ciuQaZcs=] entered vehicle MotorHome rust (id=D8A29C0B5C4F003433BD25B96BDFF239 pos=<2300.669678, 111.885834, 5327.444336>) as passenger
10:10:37.316 [VehicleEnter] Player Nachoz [uid=fvuyfu2vAyZ5FpaBSc8JMfvFka2TJFc5PXMfSME3A8I=] entered vehicle MotorHome rust (id=D8A29C0B5C4F003433BD25B96BDFF239 pos=<2300.669678, 111.885834, 5327.444336>) as driver
10:10:39.859 [VehicleEngine] Player Nachoz [uid=fvuyfu2vAyZ5FpaBSc8JMfvFka2TJFc5PXMfSME3A8I=] started vehicle MotorHome rust (id=D8A29C0B5C4F003433BD25B96BDFF239 pos=<2300.669678, 111.885834, 5327.444336>)
10:14:55.121 [VehicleEnter] Player Hawk [uid=Vq9KG5wXnlxiAZYi9EngBgzAagT-q5gfv9gcAfd4zA4=] entered vehicle Olga 24 (id=3A36CE9D1A4050A2F7E7219061CBF7E3 pos=<8701.883789, 1.913216, 761.943787>) as driver
10:14:57.410 [VehicleLeave] Player Hawk [uid=Vq9KG5wXnlxiAZYi9EngBgzAagT-q5gfv9gcAfd4zA4=] left vehicle Olga 24 (id=3A36CE9D1A4050A2F7E7219061CBF7E3 pos=<8701.881836, 1.913309, 761.941711>)
10:15:57.878 [Party] Player "wiggy" (id=SgADkNjbGaUs8SauxTNPqYQENYs5GlEGD7NNksMh0hI=) joinded the party "GRUMPY OLD GITS" (id=2 ownerUID=SgADkNjbGaUs8SauxTNPqYQENYs5GlEGD7NNksMh0hI= ownerName=wiggy)
10:15:57.886 [Expansion Quests] - InitQuestSystemClient - Loaded existing player quest data for player with UID: SgADkNjbGaUs8SauxTNPqYQENYs5GlEGD7NNksMh0hI=
10:15:57.886 [Expansion Quests] - LoadGroupQuestData - Got cached group quest data for group with ID: 2
10:15:58.843 [Expansion Quests] - LoadGroupQuestData - Got cached group quest data for group with ID: 2
10:16:52.753 [Expansion Quests] - InitQuestSystemClient - Loaded existing player quest data for player with UID: -r2araXommLNgd2kLCOg5MUhQUGYZRsIrQF--_XcIVE=
10:21:10.343 [VehicleEngine] Player Nachoz [uid=fvuyfu2vAyZ5FpaBSc8JMfvFka2TJFc5PXMfSME3A8I=] stopped vehicle MotorHome rust (id=D8A29C0B5C4F003433BD25B96BDFF239 pos=<7163.122559, 15.387692, 1414.484741>)
10:21:16.949 [VehicleLeave] Player Nachoz [uid=fvuyfu2vAyZ5FpaBSc8JMfvFka2TJFc5PXMfSME3A8I=] left vehicle MotorHome rust (id=D8A29C0B5C4F003433BD25B96BDFF239 pos=<7163.122559, 15.387691, 1414.484741>)
10:21:26.367 [VehicleLeave] Player Slightly Crazed [uid=RjqUafmWjW9Q1BHza4n7WoZ_8uUWujoz2w-ciuQaZcs=] left vehicle MotorHome rust (id=D8A29C0B5C4F003433BD25B96BDFF239 pos=<7163.122559, 15.387690, 1414.484741>)
10:22:23.578 [VehicleEnter] Player Hawk [uid=Vq9KG5wXnlxiAZYi9EngBgzAagT-q5gfv9gcAfd4zA4=] entered vehicle Olga 24 (id=3A36CE9D1A4050A2F7E7219061CBF7E3 pos=<8701.883789, 1.913229, 761.941833>) as driver
10:22:27.617 [VehicleLeave] Player Hawk [uid=Vq9KG5wXnlxiAZYi9EngBgzAagT-q5gfv9gcAfd4zA4=] left vehicle Olga 24 (id=3A36CE9D1A4050A2F7E7219061CBF7E3 pos=<8701.887695, 1.913179, 761.940308>)
10:23:07.015 [VehicleCarKey] Player "Slightly Crazed" (id=RjqUafmWjW9Q1BHza4n7WoZ_8uUWujoz2w-ciuQaZcs= pos=<7159.208496, 15.223534, 1416.838989>) used the  ExpansionCarKey to unlock PONTIAC_rust (id=180F5B32204A0D6D4EE595BE10DBA16D pos=<7159.009766, 15.182305, 1418.429565>)
10:23:15.191 [VehicleEnter] Player Slightly Crazed [uid=RjqUafmWjW9Q1BHza4n7WoZ_8uUWujoz2w-ciuQaZcs=] entered vehicle PONTIAC (rust) (id=180F5B32204A0D6D4EE595BE10DBA16D pos=<7159.009277, 15.182304, 1418.429199>) as driver
10:23:18.886 [VehicleEngine] Player Slightly Crazed [uid=RjqUafmWjW9Q1BHza4n7WoZ_8uUWujoz2w-ciuQaZcs=] started vehicle PONTIAC (rust) (Locked) (id=180F5B32204A0D6D4EE595BE10DBA16D pos=<7159.009766, 15.182305, 1418.429688>)
10:23:33.695 [VehicleEnter] Player Nachoz [uid=fvuyfu2vAyZ5FpaBSc8JMfvFka2TJFc5PXMfSME3A8I=] entered vehicle MotorHome rust (id=D8A29C0B5C4F003433BD25B96BDFF239 pos=<7163.122559, 15.387691, 1414.484863>) as driver
10:23:40.187 [VehicleEngine] Player Nachoz [uid=fvuyfu2vAyZ5FpaBSc8JMfvFka2TJFc5PXMfSME3A8I=] started vehicle MotorHome rust (id=D8A29C0B5C4F003433BD25B96BDFF239 pos=<7163.122559, 15.387691, 1414.484863>)
10:29:44.984 [VehicleEngine] Player Nachoz [uid=fvuyfu2vAyZ5FpaBSc8JMfvFka2TJFc5PXMfSME3A8I=] stopped vehicle MotorHome rust (id=D8A29C0B5C4F003433BD25B96BDFF239 pos=<8692.429688, 1.994907, 741.681335>)
10:29:51.167 [VehicleLeave] Player Nachoz [uid=fvuyfu2vAyZ5FpaBSc8JMfvFka2TJFc5PXMfSME3A8I=] left vehicle MotorHome rust (id=D8A29C0B5C4F003433BD25B96BDFF239 pos=<8692.429688, 1.994913, 741.681335>)
10:30:40.609 [VehicleEnter] Player Hawk [uid=Vq9KG5wXnlxiAZYi9EngBgzAagT-q5gfv9gcAfd4zA4=] entered vehicle Olga 24 (id=3A36CE9D1A4050A2F7E7219061CBF7E3 pos=<8701.888672, 1.913163, 761.938599>) as driver
10:30:42.617 [VehicleEnter] Player Nachoz [uid=fvuyfu2vAyZ5FpaBSc8JMfvFka2TJFc5PXMfSME3A8I=] entered vehicle MotorHome rust (id=D8A29C0B5C4F003433BD25B96BDFF239 pos=<8692.429688, 1.994913, 741.681335>) as driver
10:30:46.437 [VehicleEngine] Player Hawk [uid=Vq9KG5wXnlxiAZYi9EngBgzAagT-q5gfv9gcAfd4zA4=] started vehicle Olga 24 (id=3A36CE9D1A4050A2F7E7219061CBF7E3 pos=<8701.891602, 1.913256, 761.934631>)
10:30:47.617 [VehicleEngine] Player Nachoz [uid=fvuyfu2vAyZ5FpaBSc8JMfvFka2TJFc5PXMfSME3A8I=] started vehicle MotorHome rust (id=D8A29C0B5C4F003433BD25B96BDFF239 pos=<8692.429688, 1.994911, 741.681335>)
10:31:12.890 [VehicleLeave] Player Hawk [uid=Vq9KG5wXnlxiAZYi9EngBgzAagT-q5gfv9gcAfd4zA4=] left vehicle Olga 24 (id=3A36CE9D1A4050A2F7E7219061CBF7E3 pos=<8705.817383, 1.869470, 758.956970>)
10:31:22.203 [VehicleEngine] Player Nachoz [uid=fvuyfu2vAyZ5FpaBSc8JMfvFka2TJFc5PXMfSME3A8I=] stopped vehicle MotorHome rust (id=D8A29C0B5C4F003433BD25B96BDFF239 pos=<8692.420898, 2.189702, 738.683472>)
10:31:24.789 [VehicleLeave] Player Nachoz [uid=fvuyfu2vAyZ5FpaBSc8JMfvFka2TJFc5PXMfSME3A8I=] left vehicle MotorHome rust (id=D8A29C0B5C4F003433BD25B96BDFF239 pos=<8692.420898, 2.189701, 738.683472>)
10:31:34.656 [VehicleEnter] Player Hawk [uid=Vq9KG5wXnlxiAZYi9EngBgzAagT-q5gfv9gcAfd4zA4=] entered vehicle Olga 24 (id=3A36CE9D1A4050A2F7E7219061CBF7E3 pos=<8705.823242, 1.836181, 758.951294>) as driver
10:31:37.109 [VehicleEngine] Player Hawk [uid=Vq9KG5wXnlxiAZYi9EngBgzAagT-q5gfv9gcAfd4zA4=] started vehicle Olga 24 (id=3A36CE9D1A4050A2F7E7219061CBF7E3 pos=<8705.823242, 1.836243, 758.951538>)
10:31:53.164 [VehicleEnter] Player Nachoz [uid=fvuyfu2vAyZ5FpaBSc8JMfvFka2TJFc5PXMfSME3A8I=] entered vehicle MotorHome rust (id=D8A29C0B5C4F003433BD25B96BDFF239 pos=<8692.420898, 2.189701, 738.683472>) as driver
10:31:54.699 [VehicleEngine] Player Nachoz [uid=fvuyfu2vAyZ5FpaBSc8JMfvFka2TJFc5PXMfSME3A8I=] started vehicle MotorHome rust (id=D8A29C0B5C4F003433BD25B96BDFF239 pos=<8692.420898, 2.189701, 738.683472>)
10:32:26.425 [VehicleLeave] Player Hawk [uid=Vq9KG5wXnlxiAZYi9EngBgzAagT-q5gfv9gcAfd4zA4=] left vehicle Olga 24 (id=3A36CE9D1A4050A2F7E7219061CBF7E3 pos=<8315.079102, 1.526652, 676.882385>)
10:32:50.296 [VehicleEnter] Player Hawk [uid=Vq9KG5wXnlxiAZYi9EngBgzAagT-q5gfv9gcAfd4zA4=] entered vehicle Olga 24 (id=3A36CE9D1A4050A2F7E7219061CBF7E3 pos=<8315.079102, 1.526669, 676.882813>) as driver
10:32:52.359 [VehicleEngine] Player Hawk [uid=Vq9KG5wXnlxiAZYi9EngBgzAagT-q5gfv9gcAfd4zA4=] started vehicle Olga 24 (id=3A36CE9D1A4050A2F7E7219061CBF7E3 pos=<8315.079102, 1.526731, 676.883057>)
10:33:52.109 [VehicleLeave] Player Slightly Crazed [uid=RjqUafmWjW9Q1BHza4n7WoZ_8uUWujoz2w-ciuQaZcs=] left vehicle PONTIAC (rust) (id=180F5B32204A0D6D4EE595BE10DBA16D pos=<2296.614502, 111.678925, 5323.631348>)
10:33:54.296 [VehicleCarKey] Player "Slightly Crazed" (id=RjqUafmWjW9Q1BHza4n7WoZ_8uUWujoz2w-ciuQaZcs= pos=<2299.027832, 111.719986, 5324.748535>) used the  ExpansionCarKey to lock PONTIAC_rust (id=180F5B32204A0D6D4EE595BE10DBA16D pos=<2296.614746, 111.678925, 5323.631348>)
10:34:01.058 [VehicleCarKey] Player "Slightly Crazed" (id=RjqUafmWjW9Q1BHza4n7WoZ_8uUWujoz2w-ciuQaZcs= pos=<2296.280518, 111.719986, 5327.337891>) used the  ExpansionCarKey to unlock PONTIAC_rust (id=180F5B32204A0D6D4EE595BE10DBA16D pos=<2296.614746, 111.678925, 5323.631348>)
10:34:28.976 [VehicleCarKey] Player "Slightly Crazed" (id=RjqUafmWjW9Q1BHza4n7WoZ_8uUWujoz2w-ciuQaZcs= pos=<2295.901855, 111.719986, 5327.310059>) used the  ExpansionCarKey to lock PONTIAC_rust (id=180F5B32204A0D6D4EE595BE10DBA16D pos=<2296.614746, 111.678925, 5323.631348>)
10:34:31.593 [VehicleCarKey] Player "Slightly Crazed" (id=RjqUafmWjW9Q1BHza4n7WoZ_8uUWujoz2w-ciuQaZcs= pos=<2294.777832, 111.719994, 5325.197266>) used the  ExpansionCarKey to unlock PONTIAC_rust (id=180F5B32204A0D6D4EE595BE10DBA16D pos=<2296.614746, 111.678925, 5323.631348>)
10:35:37.664 [VehicleEnter] Player wiggy [uid=SgADkNjbGaUs8SauxTNPqYQENYs5GlEGD7NNksMh0hI=] entered vehicle PONTIAC (rust) (id=180F5B32204A0D6D4EE595BE10DBA16D pos=<2296.614502, 111.678925, 5323.631348>) as driver
10:35:40.484 [VehicleEngine] Player wiggy [uid=SgADkNjbGaUs8SauxTNPqYQENYs5GlEGD7NNksMh0hI=] started vehicle PONTIAC (rust) (id=180F5B32204A0D6D4EE595BE10DBA16D pos=<2296.614502, 111.678932, 5323.631348>)
10:36:40.796 [VehicleEngine] Player Nachoz [uid=fvuyfu2vAyZ5FpaBSc8JMfvFka2TJFc5PXMfSME3A8I=] stopped vehicle MotorHome rust (id=D8A29C0B5C4F003433BD25B96BDFF239 pos=<7163.735840, 6.659159, 681.010315>)
10:36:41.023 [VehicleLeave] Player wiggy [uid=SgADkNjbGaUs8SauxTNPqYQENYs5GlEGD7NNksMh0hI=] left vehicle PONTIAC (rust) (id=180F5B32204A0D6D4EE595BE10DBA16D pos=<2289.453125, 112.229614, 5285.583496>)
10:36:41.640 [VehicleLeave] Player Hawk [uid=Vq9KG5wXnlxiAZYi9EngBgzAagT-q5gfv9gcAfd4zA4=] left vehicle Olga 24 (id=3A36CE9D1A4050A2F7E7219061CBF7E3 pos=<7154.132813, 6.429502, 679.956360>)
10:36:44.984 [VehicleLeave] Player Nachoz [uid=fvuyfu2vAyZ5FpaBSc8JMfvFka2TJFc5PXMfSME3A8I=] left vehicle MotorHome rust (id=D8A29C0B5C4F003433BD25B96BDFF239 pos=<7163.735840, 6.659157, 681.010193>)
10:37:06.984 [VehicleEnter] Player Hawk [uid=Vq9KG5wXnlxiAZYi9EngBgzAagT-q5gfv9gcAfd4zA4=] entered vehicle Olga 24 (id=3A36CE9D1A4050A2F7E7219061CBF7E3 pos=<7154.132813, 6.429550, 679.956787>) as driver
10:37:09.554 [VehicleEngine] Player Hawk [uid=Vq9KG5wXnlxiAZYi9EngBgzAagT-q5gfv9gcAfd4zA4=] started vehicle Olga 24 (id=3A36CE9D1A4050A2F7E7219061CBF7E3 pos=<7154.132813, 6.429503, 679.957703>)
10:37:18.687 [VehicleCarKey] Player "wiggy" (id=SgADkNjbGaUs8SauxTNPqYQENYs5GlEGD7NNksMh0hI= pos=<2292.057129, 112.257965, 5285.868164>) used the  ExpansionCarKey to lock PONTIAC_rust (id=180F5B32204A0D6D4EE595BE10DBA16D pos=<2289.453125, 112.229614, 5285.583496>)
10:37:27.636 [VehicleEnter] Player Nachoz [uid=fvuyfu2vAyZ5FpaBSc8JMfvFka2TJFc5PXMfSME3A8I=] entered vehicle MotorHome rust (id=D8A29C0B5C4F003433BD25B96BDFF239 pos=<7163.735840, 6.659160, 681.010315>) as driver
10:37:30.742 [VehicleEngine] Player Nachoz [uid=fvuyfu2vAyZ5FpaBSc8JMfvFka2TJFc5PXMfSME3A8I=] started vehicle MotorHome rust (id=D8A29C0B5C4F003433BD25B96BDFF239 pos=<7163.735840, 6.659159, 681.010193>)
10:37:32.945 [VehicleLeave] Player Hawk [uid=Vq9KG5wXnlxiAZYi9EngBgzAagT-q5gfv9gcAfd4zA4=] left vehicle Olga 24 (id=3A36CE9D1A4050A2F7E7219061CBF7E3 pos=<7039.021973, 4.163858, 650.996521>)
10:37:47.621 [AI Patrol] Spawning 2 Trench 94 bots at <3018.785400, 99.884567, 9206.265625>
10:37:54.945 [VehicleEnter] Player Hawk [uid=Vq9KG5wXnlxiAZYi9EngBgzAagT-q5gfv9gcAfd4zA4=] entered vehicle Olga 24 (id=3A36CE9D1A4050A2F7E7219061CBF7E3 pos=<7039.021973, 4.164097, 650.996582>) as driver
10:37:56.351 [VehicleEngine] Player Hawk [uid=Vq9KG5wXnlxiAZYi9EngBgzAagT-q5gfv9gcAfd4zA4=] started vehicle Olga 24 (id=3A36CE9D1A4050A2F7E7219061CBF7E3 pos=<7039.021973, 4.164146, 650.996765>)
10:38:05.425 [VehicleEngine] Player Nachoz [uid=fvuyfu2vAyZ5FpaBSc8JMfvFka2TJFc5PXMfSME3A8I=] stopped vehicle MotorHome rust (id=D8A29C0B5C4F003433BD25B96BDFF239 pos=<6740.850586, 4.490537, 610.700073>)
10:38:07.941 [VehicleLeave] Player Nachoz [uid=fvuyfu2vAyZ5FpaBSc8JMfvFka2TJFc5PXMfSME3A8I=] left vehicle MotorHome rust (id=D8A29C0B5C4F003433BD25B96BDFF239 pos=<6740.850586, 4.490536, 610.700195>)
10:38:28.656 [VehicleLeave] Player Hawk [uid=Vq9KG5wXnlxiAZYi9EngBgzAagT-q5gfv9gcAfd4zA4=] left vehicle Olga 24 (id=3A36CE9D1A4050A2F7E7219061CBF7E3 pos=<6760.668457, 4.236485, 613.941406>)
10:39:17.953 [VehicleEnter] Player Hawk [uid=Vq9KG5wXnlxiAZYi9EngBgzAagT-q5gfv9gcAfd4zA4=] entered vehicle Olga 24 (id=3A36CE9D1A4050A2F7E7219061CBF7E3 pos=<6760.668457, 4.236503, 613.941772>) as driver
10:39:20.406 [VehicleEngine] Player Hawk [uid=Vq9KG5wXnlxiAZYi9EngBgzAagT-q5gfv9gcAfd4zA4=] started vehicle Olga 24 (id=3A36CE9D1A4050A2F7E7219061CBF7E3 pos=<6760.668457, 4.236524, 613.942383>)
10:39:48.246 [VehicleEnter] Player Nachoz [uid=fvuyfu2vAyZ5FpaBSc8JMfvFka2TJFc5PXMfSME3A8I=] entered vehicle MotorHome rust (id=D8A29C0B5C4F003433BD25B96BDFF239 pos=<6740.850586, 4.490536, 610.700134>) as driver
10:39:53.812 [VehicleEngine] Player Nachoz [uid=fvuyfu2vAyZ5FpaBSc8JMfvFka2TJFc5PXMfSME3A8I=] started vehicle MotorHome rust (id=D8A29C0B5C4F003433BD25B96BDFF239 pos=<6740.850586, 4.490535, 610.700256>)
10:40:25.332 [Party] Player "Slightly Crazed" (id=RjqUafmWjW9Q1BHza4n7WoZ_8uUWujoz2w-ciuQaZcs=) left the party "GRUMPY OLD GITS" (id=2 ownerUID=SgADkNjbGaUs8SauxTNPqYQENYs5GlEGD7NNksMh0hI= ownerName=wiggy)
10:41:27.707 [MissionAirdrop] An airdrop is heading towards "Sweet Water" (pos=<4663.779785, 0.000000, 9148.309570> type=Random_SweetWater) with a ExpansionAirdropContainer
10:43:07.644 [VehicleLeave] Player Nachoz [uid=fvuyfu2vAyZ5FpaBSc8JMfvFka2TJFc5PXMfSME3A8I=] left vehicle MotorHome rust (id=D8A29C0B5C4F003433BD25B96BDFF239 pos=<4253.080078, 3.012318, 548.283936>)
10:43:37.171 [VehicleLeave] Player Hawk [uid=Vq9KG5wXnlxiAZYi9EngBgzAagT-q5gfv9gcAfd4zA4=] left vehicle Olga 24 (id=3A36CE9D1A4050A2F7E7219061CBF7E3 pos=<4246.641602, 2.760081, 557.452576>)
10:46:52.609 [VehicleEnter] Player Hawk [uid=Vq9KG5wXnlxiAZYi9EngBgzAagT-q5gfv9gcAfd4zA4=] entered vehicle Olga 24 (id=3A36CE9D1A4050A2F7E7219061CBF7E3 pos=<4246.807617, 2.759113, 557.198975>) as driver
10:46:55.625 [VehicleEngine] Player Hawk [uid=Vq9KG5wXnlxiAZYi9EngBgzAagT-q5gfv9gcAfd4zA4=] started vehicle Olga 24 (id=3A36CE9D1A4050A2F7E7219061CBF7E3 pos=<4246.807617, 2.759121, 557.198059>)
10:47:16.273 [VehicleEnter] Player Nachoz [uid=fvuyfu2vAyZ5FpaBSc8JMfvFka2TJFc5PXMfSME3A8I=] entered vehicle MotorHome rust (id=D8A29C0B5C4F003433BD25B96BDFF239 pos=<4253.080078, 3.012318, 548.283875>) as driver
10:47:22.250 [VehicleEngine] Player Nachoz [uid=fvuyfu2vAyZ5FpaBSc8JMfvFka2TJFc5PXMfSME3A8I=] started vehicle MotorHome rust (id=D8A29C0B5C4F003433BD25B96BDFF239 pos=<4253.080078, 3.012317, 548.283813>)
10:49:33.343 [VehicleLeave] Player Hawk [uid=Vq9KG5wXnlxiAZYi9EngBgzAagT-q5gfv9gcAfd4zA4=] left vehicle Olga 24 (id=3A36CE9D1A4050A2F7E7219061CBF7E3 pos=<3484.508789, 11.748643, 1668.177856>)
10:49:59.324 [Party] Player "wiggy" (id=SgADkNjbGaUs8SauxTNPqYQENYs5GlEGD7NNksMh0hI=) left the party "GRUMPY OLD GITS" (id=2 ownerUID=SgADkNjbGaUs8SauxTNPqYQENYs5GlEGD7NNksMh0hI= ownerName=wiggy)
10:50:01.039 [VehicleEnter] Player Hawk [uid=Vq9KG5wXnlxiAZYi9EngBgzAagT-q5gfv9gcAfd4zA4=] entered vehicle Olga 24 (id=3A36CE9D1A4050A2F7E7219061CBF7E3 pos=<3484.509033, 11.748257, 1668.177979>) as driver
10:50:03.593 [VehicleEngine] Player Hawk [uid=Vq9KG5wXnlxiAZYi9EngBgzAagT-q5gfv9gcAfd4zA4=] started vehicle Olga 24 (id=3A36CE9D1A4050A2F7E7219061CBF7E3 pos=<3484.508789, 11.748182, 1668.178345>)
10:51:59.375 [VehicleLeave] Player Nachoz [uid=fvuyfu2vAyZ5FpaBSc8JMfvFka2TJFc5PXMfSME3A8I=] left vehicle MotorHome rust (id=D8A29C0B5C4F003433BD25B96BDFF239 pos=<1133.926758, 12.433510, 2540.457764>)
10:53:02.656 [VehicleLeave] Player Hawk [uid=Vq9KG5wXnlxiAZYi9EngBgzAagT-q5gfv9gcAfd4zA4=] left vehicle Olga 24 (id=3A36CE9D1A4050A2F7E7219061CBF7E3 pos=<1653.694336, 10.840583, 2645.676270>)
10:53:07.964 [VehicleEnter] Player Nachoz [uid=fvuyfu2vAyZ5FpaBSc8JMfvFka2TJFc5PXMfSME3A8I=] entered vehicle MotorHome rust (id=D8A29C0B5C4F003433BD25B96BDFF239 pos=<1133.926636, 12.433508, 2540.457764>) as driver
10:53:11.847 [VehicleEngine] Player Nachoz [uid=fvuyfu2vAyZ5FpaBSc8JMfvFka2TJFc5PXMfSME3A8I=] started vehicle MotorHome rust (id=D8A29C0B5C4F003433BD25B96BDFF239 pos=<1133.926636, 12.433510, 2540.457764>)
10:53:17.046 [VehicleEnter] Player Hawk [uid=Vq9KG5wXnlxiAZYi9EngBgzAagT-q5gfv9gcAfd4zA4=] entered vehicle Olga 24 (id=3A36CE9D1A4050A2F7E7219061CBF7E3 pos=<1653.695190, 10.840558, 2645.675781>) as driver
10:53:19.710 [VehicleEngine] Player Hawk [uid=Vq9KG5wXnlxiAZYi9EngBgzAagT-q5gfv9gcAfd4zA4=] started vehicle Olga 24 (id=3A36CE9D1A4050A2F7E7219061CBF7E3 pos=<1653.698608, 10.840531, 2645.674805>)
10:57:19.625 [VehicleEngine] Player Nachoz [uid=fvuyfu2vAyZ5FpaBSc8JMfvFka2TJFc5PXMfSME3A8I=] stopped vehicle MotorHome rust (id=D8A29C0B5C4F003433BD25B96BDFF239 pos=<2312.507080, 111.401901, 5304.325684>)
10:57:23.988 [VehicleLeave] Player Nachoz [uid=fvuyfu2vAyZ5FpaBSc8JMfvFka2TJFc5PXMfSME3A8I=] left vehicle MotorHome rust (id=D8A29C0B5C4F003433BD25B96BDFF239 pos=<2312.507080, 111.401894, 5304.325684>)
10:57:59.148 [VehicleCarKey] Player "Nachoz" (id=fvuyfu2vAyZ5FpaBSc8JMfvFka2TJFc5PXMfSME3A8I= pos=<2310.183105, 111.326027, 5303.339844>) used the  ExpansionCarKey to lock MotorHome_rust (id=D8A29C0B5C4F003433BD25B96BDFF239 pos=<2312.507080, 111.401901, 5304.325684>)
10:58:53.160 [Party] Player "Nachoz" (id=fvuyfu2vAyZ5FpaBSc8JMfvFka2TJFc5PXMfSME3A8I=) left the party "GRUMPY OLD GITS" (id=2 ownerUID=SgADkNjbGaUs8SauxTNPqYQENYs5GlEGD7NNksMh0hI= ownerName=wiggy)
10:59:50.562 [VehicleLeave] Player Hawk [uid=Vq9KG5wXnlxiAZYi9EngBgzAagT-q5gfv9gcAfd4zA4=] left vehicle Olga 24 (id=3A36CE9D1A4050A2F7E7219061CBF7E3 pos=<2305.890869, 111.549530, 5317.833008>)
10:59:57.601 [VehicleEnter] Player Hawk [uid=Vq9KG5wXnlxiAZYi9EngBgzAagT-q5gfv9gcAfd4zA4=] entered vehicle Olga 24 (id=3A36CE9D1A4050A2F7E7219061CBF7E3 pos=<2305.890869, 111.549637, 5317.833496>) as driver
10:59:59.050 [VehicleEngine] Player Hawk [uid=Vq9KG5wXnlxiAZYi9EngBgzAagT-q5gfv9gcAfd4zA4=] started vehicle Olga 24 (id=3A36CE9D1A4050A2F7E7219061CBF7E3 pos=<2305.890625, 111.549553, 5317.833496>)
11:00:11.179 [VehicleLeave] Player Hawk [uid=Vq9KG5wXnlxiAZYi9EngBgzAagT-q5gfv9gcAfd4zA4=] left vehicle Olga 24 (id=3A36CE9D1A4050A2F7E7219061CBF7E3 pos=<2293.083252, 112.173531, 5296.806152>)
11:04:03.949 [Party] Player "Hawk" (id=Vq9KG5wXnlxiAZYi9EngBgzAagT-q5gfv9gcAfd4zA4=) left the party "GRUMPY OLD GITS" (id=2 ownerUID=SgADkNjbGaUs8SauxTNPqYQENYs5GlEGD7NNksMh0hI= ownerName=wiggy)
11:05:07.218 [AI Patrol] Spawning 2 Manhattan Project bots at <1944.804077, 99.884567, 8907.903320>
11:20:27.925 [Party] Player "Lou Sassole" (id=ebo0O4yOjYkK486s9SoqLuFc3tRe1vP1S2eE1IJxhV4=) left the party "Reaper" (id=4 ownerUID=ebo0O4yOjYkK486s9SoqLuFc3tRe1vP1S2eE1IJxhV4= ownerName=Lou Sassole)
