06:02:07.552 [Party] Player "Slightly Crazed" (id=RjqUafmWjW9Q1BHza4n7WoZ_8uUWujoz2w-ciuQaZcs=) joinded the party "GRUMPY OLD GITS" (id=2 ownerUID=SgADkNjbGaUs8SauxTNPqYQENYs5GlEGD7NNksMh0hI= ownerName=wiggy)
06:02:07.556 [Expansion Quests] - InitQuestSystemClient - Loaded existing player quest data for player with UID: RjqUafmWjW9Q1BHza4n7WoZ_8uUWujoz2w-ciuQaZcs=
06:02:07.558 [Expansion Quests] - LoadGroupQuestData - Loaded existing group quest data for group with ID: 2
06:02:08.519 [Expansion Quests] - LoadGroupQuestData - Got cached group quest data for group with ID: 2
06:04:57.375 [Party] Player "wiggy" (id=SgADkNjbGaUs8SauxTNPqYQENYs5GlEGD7NNksMh0hI=) joinded the party "GRUMPY OLD GITS" (id=2 ownerUID=SgADkNjbGaUs8SauxTNPqYQENYs5GlEGD7NNksMh0hI= ownerName=wiggy)
06:04:57.380 [Expansion Quests] - InitQuestSystemClient - Loaded existing player quest data for player with UID: SgADkNjbGaUs8SauxTNPqYQENYs5GlEGD7NNksMh0hI=
06:04:57.380 [Expansion Quests] - LoadGroupQuestData - Got cached group quest data for group with ID: 2
06:04:58.349 [Expansion Quests] - LoadGroupQuestData - Got cached group quest data for group with ID: 2
06:07:15.224 [MissionAirdrop] An airdrop is heading towards "Junkyard" (pos=<3364.919922, 0.000000, 6174.080078> type=Random_Junkyard) with a ExpansionAirdropContainer
06:07:51.974 [VehicleCarKey] Player "wiggy" (id=SgADkNjbGaUs8SauxTNPqYQENYs5GlEGD7NNksMh0hI= pos=<9393.219727, 2.406785, 1053.083740>) used the  ExpansionCarKey to unlock PONTIAC_rust (id=180F5B32204A0D6D4EE595BE10DBA16D pos=<9394.675781, 2.365055, 1054.912964>)
06:08:10.607 [VehicleEnter] Player Slightly Crazed [uid=RjqUafmWjW9Q1BHza4n7WoZ_8uUWujoz2w-ciuQaZcs=] entered vehicle PONTIAC (rust) (id=180F5B32204A0D6D4EE595BE10DBA16D pos=<9394.674805, 2.365222, 1054.913208>) as driver
06:08:13.388 [VehicleEnter] Player wiggy [uid=SgADkNjbGaUs8SauxTNPqYQENYs5GlEGD7NNksMh0hI=] entered vehicle PONTIAC (rust) (id=180F5B32204A0D6D4EE595BE10DBA16D pos=<9394.674805, 2.365221, 1054.912964>) as passenger
06:08:14.664 [VehicleEngine] Player Slightly Crazed [uid=RjqUafmWjW9Q1BHza4n7WoZ_8uUWujoz2w-ciuQaZcs=] started vehicle PONTIAC (rust) (id=180F5B32204A0D6D4EE595BE10DBA16D pos=<9394.674805, 2.365223, 1054.913330>)
06:18:39.601 [VehicleLeave] Player wiggy [uid=SgADkNjbGaUs8SauxTNPqYQENYs5GlEGD7NNksMh0hI=] left vehicle PONTIAC (rust) (id=180F5B32204A0D6D4EE595BE10DBA16D pos=<598.252686, 32.801437, 3527.487305>)
06:19:32.871 [VehicleEnter] Player wiggy [uid=SgADkNjbGaUs8SauxTNPqYQENYs5GlEGD7NNksMh0hI=] entered vehicle PONTIAC (rust) (id=180F5B32204A0D6D4EE595BE10DBA16D pos=<598.252625, 32.801445, 3527.487305>) as passenger
06:24:18.246 [VehicleLeave] Player Slightly Crazed [uid=RjqUafmWjW9Q1BHza4n7WoZ_8uUWujoz2w-ciuQaZcs=] left vehicle PONTIAC (rust) (id=180F5B32204A0D6D4EE595BE10DBA16D pos=<3372.156494, 279.202911, 6059.480469>)
06:24:20.433 [VehicleLeave] Player wiggy [uid=SgADkNjbGaUs8SauxTNPqYQENYs5GlEGD7NNksMh0hI=] left vehicle PONTIAC (rust) (id=180F5B32204A0D6D4EE595BE10DBA16D pos=<3372.156250, 279.202881, 6059.480469>)
06:24:32.365 [VehicleCarKey] Player "wiggy" (id=SgADkNjbGaUs8SauxTNPqYQENYs5GlEGD7NNksMh0hI= pos=<3374.133545, 279.206543, 6059.249023>) used the  ExpansionCarKey to lock PONTIAC_rust (id=180F5B32204A0D6D4EE595BE10DBA16D pos=<3372.156250, 279.202881, 6059.480469>)
06:30:36.867 [VehicleCarKey] Player "wiggy" (id=SgADkNjbGaUs8SauxTNPqYQENYs5GlEGD7NNksMh0hI= pos=<3374.253906, 279.193146, 6059.022461>) used the  ExpansionCarKey to unlock PONTIAC_rust (id=180F5B32204A0D6D4EE595BE10DBA16D pos=<3372.156250, 279.202881, 6059.480469>)
06:32:31.529 [VehicleEnter] Player Slightly Crazed [uid=RjqUafmWjW9Q1BHza4n7WoZ_8uUWujoz2w-ciuQaZcs=] entered vehicle PONTIAC (rust) (id=180F5B32204A0D6D4EE595BE10DBA16D pos=<3372.156250, 279.202911, 6059.480469>) as driver
06:32:35.285 [VehicleEngine] Player Slightly Crazed [uid=RjqUafmWjW9Q1BHza4n7WoZ_8uUWujoz2w-ciuQaZcs=] started vehicle PONTIAC (rust) (id=180F5B32204A0D6D4EE595BE10DBA16D pos=<3372.156250, 279.202911, 6059.480469>)
06:32:47.443 [VehicleEnter] Player wiggy [uid=SgADkNjbGaUs8SauxTNPqYQENYs5GlEGD7NNksMh0hI=] entered vehicle PONTIAC (rust) (id=180F5B32204A0D6D4EE595BE10DBA16D pos=<3372.156250, 279.202942, 6059.480469>) as passenger
06:35:59.828 [VehicleLeave] Player Slightly Crazed [uid=RjqUafmWjW9Q1BHza4n7WoZ_8uUWujoz2w-ciuQaZcs=] left vehicle PONTIAC (rust) (id=180F5B32204A0D6D4EE595BE10DBA16D pos=<1746.611572, 108.878792, 5761.405762>)
06:36:00.312 [VehicleLeave] Player wiggy [uid=SgADkNjbGaUs8SauxTNPqYQENYs5GlEGD7NNksMh0hI=] left vehicle PONTIAC (rust) (id=180F5B32204A0D6D4EE595BE10DBA16D pos=<1746.611328, 108.878830, 5761.405762>)
06:36:42.910 [VehicleCarKey] Player "wiggy" (id=SgADkNjbGaUs8SauxTNPqYQENYs5GlEGD7NNksMh0hI= pos=<1747.480713, 108.889046, 5767.259766>) used the  ExpansionCarKey to unlock Truck_01_Covered_Blue (id=76E384C0BB4B2B24290EB7823CDA7F4F pos=<1748.318481, 108.779747, 5771.797852>)
06:57:25.621 [VehicleEnter] Player wiggy [uid=SgADkNjbGaUs8SauxTNPqYQENYs5GlEGD7NNksMh0hI=] entered vehicle M3S Covered (id=76E384C0BB4B2B24290EB7823CDA7F4F pos=<1748.319336, 108.779564, 5771.798340>) as driver
06:57:34.898 [VehicleEnter] Player Slightly Crazed [uid=RjqUafmWjW9Q1BHza4n7WoZ_8uUWujoz2w-ciuQaZcs=] entered vehicle PONTIAC (rust) (id=180F5B32204A0D6D4EE595BE10DBA16D pos=<1746.611450, 108.878792, 5761.405762>) as driver
06:57:39.121 [VehicleEngine] Player Slightly Crazed [uid=RjqUafmWjW9Q1BHza4n7WoZ_8uUWujoz2w-ciuQaZcs=] started vehicle PONTIAC (rust) (id=180F5B32204A0D6D4EE595BE10DBA16D pos=<1746.611206, 108.878838, 5761.405762>)
06:57:47.623 [VehicleEngine] Player wiggy [uid=SgADkNjbGaUs8SauxTNPqYQENYs5GlEGD7NNksMh0hI=] started vehicle M3S Covered (id=76E384C0BB4B2B24290EB7823CDA7F4F pos=<1748.320068, 108.779320, 5771.801270>)
06:59:30.257 [VehicleLeave] Player Slightly Crazed [uid=RjqUafmWjW9Q1BHza4n7WoZ_8uUWujoz2w-ciuQaZcs=] left vehicle PONTIAC (rust) (id=180F5B32204A0D6D4EE595BE10DBA16D pos=<2319.453613, 111.678925, 5334.300781>)
07:02:29.453 [VehicleLeave] Player wiggy [uid=SgADkNjbGaUs8SauxTNPqYQENYs5GlEGD7NNksMh0hI=] left vehicle M3S Covered (id=76E384C0BB4B2B24290EB7823CDA7F4F pos=<2307.224854, 111.699059, 5323.760742>)
07:02:52.640 [Party] Player "Hawk" (id=Vq9KG5wXnlxiAZYi9EngBgzAagT-q5gfv9gcAfd4zA4=) joinded the party "GRUMPY OLD GITS" (id=2 ownerUID=SgADkNjbGaUs8SauxTNPqYQENYs5GlEGD7NNksMh0hI= ownerName=wiggy)
07:02:52.652 [Expansion Quests] - InitQuestSystemClient - Loaded existing player quest data for player with UID: Vq9KG5wXnlxiAZYi9EngBgzAagT-q5gfv9gcAfd4zA4=
07:02:52.654 [Expansion Quests] - LoadGroupQuestData - Got cached group quest data for group with ID: 2
07:02:53.621 [Expansion Quests] - LoadGroupQuestData - Got cached group quest data for group with ID: 2
07:03:46.292 [VehicleEnter] Player Hawk [uid=Vq9KG5wXnlxiAZYi9EngBgzAagT-q5gfv9gcAfd4zA4=] entered vehicle M3S Covered (id=1966CD97564977A72D6E1E9FE55F4660 pos=<1725.398926, 112.408531, 5774.903320>) as driver
07:03:48.847 [VehicleLeave] Player Hawk [uid=Vq9KG5wXnlxiAZYi9EngBgzAagT-q5gfv9gcAfd4zA4=] left vehicle M3S Covered (id=1966CD97564977A72D6E1E9FE55F4660 pos=<1725.461670, 112.396233, 5774.803711>)
07:06:05.605 [Territory] Player "wiggy" (id=SgADkNjbGaUs8SauxTNPqYQENYs5GlEGD7NNksMh0hI=) created territory bean flickers at <2286.025635, 111.707527, 5306.324219>
07:07:39.599 [Party] Player "HEAVYTECH" (id=ZvFB4Iq7S3xLir1St-aloNDPJctjdiPr_rmh75OZDwY=) joinded the party "Servantsofares" (id=7 ownerUID=iTo8sT5I8_b86yF1DwFroON7Zj4Kq_gp0UA46l9HR-0= ownerName=Ares)
07:07:39.607 [Expansion Quests] - InitQuestSystemClient - Loaded existing player quest data for player with UID: ZvFB4Iq7S3xLir1St-aloNDPJctjdiPr_rmh75OZDwY=
07:07:39.609 [Expansion Quests] - LoadGroupQuestData - Loaded existing group quest data for group with ID: 7
07:07:39.609 [Expansion Quests] - Create new quest instance for quest: 99 - Player UID: ZvFB4Iq7S3xLir1St-aloNDPJctjdiPr_rmh75OZDwY=
07:07:40.570 [Expansion Quests] - LoadGroupQuestData - Got cached group quest data for group with ID: 7
07:08:45.933 [Territory] Player "Slightly Crazed" (id=RjqUafmWjW9Q1BHza4n7WoZ_8uUWujoz2w-ciuQaZcs= pos=<2285.366211, 111.822159, 5307.371094>) was invited to join the territory bean flickers at <2286.025635, 111.707527, 5306.324219> by the player "wiggy" (id=SgADkNjbGaUs8SauxTNPqYQENYs5GlEGD7NNksMh0hI=)
07:08:55.501 [Territory] Player "Hawk" (id=Vq9KG5wXnlxiAZYi9EngBgzAagT-q5gfv9gcAfd4zA4= pos=<1740.646606, 109.761429, 5776.979980>) was invited to join the territory bean flickers at <2286.025635, 111.707527, 5306.324219> by the player "wiggy" (id=SgADkNjbGaUs8SauxTNPqYQENYs5GlEGD7NNksMh0hI=)
07:09:22.750 [VehicleEnter] Player Hawk [uid=Vq9KG5wXnlxiAZYi9EngBgzAagT-q5gfv9gcAfd4zA4=] entered vehicle M3S Covered (id=1966CD97564977A72D6E1E9FE55F4660 pos=<1725.510620, 112.386642, 5774.727539>) as driver
07:09:26.554 [VehicleEngine] Player Hawk [uid=Vq9KG5wXnlxiAZYi9EngBgzAagT-q5gfv9gcAfd4zA4=] started vehicle M3S Covered (id=1966CD97564977A72D6E1E9FE55F4660 pos=<1725.605835, 112.368027, 5774.580566>)
07:11:30.699 [VehicleEngine] Player Hawk [uid=Vq9KG5wXnlxiAZYi9EngBgzAagT-q5gfv9gcAfd4zA4=] stopped vehicle M3S Covered (id=1966CD97564977A72D6E1E9FE55F4660 pos=<2303.685059, 111.669411, 5319.779785>)
07:11:34.136 [VehicleLeave] Player Hawk [uid=Vq9KG5wXnlxiAZYi9EngBgzAagT-q5gfv9gcAfd4zA4=] left vehicle M3S Covered (id=1966CD97564977A72D6E1E9FE55F4660 pos=<2303.685791, 111.669289, 5319.780273>)
07:34:46.222 [MissionAirdrop] An airdrop is heading towards "Hurrican Ridge" (pos=<3851.189941, 0.000000, 3068.409912> type=Random_HurricanRidge) with a ExpansionAirdropContainer_Military
08:00:26.464 [VehicleEnter] Player Hawk [uid=Vq9KG5wXnlxiAZYi9EngBgzAagT-q5gfv9gcAfd4zA4=] entered vehicle PONTIAC (rust) (id=180F5B32204A0D6D4EE595BE10DBA16D pos=<2319.453613, 111.678925, 5334.300781>) as driver
08:00:29.570 [VehicleEngine] Player Hawk [uid=Vq9KG5wXnlxiAZYi9EngBgzAagT-q5gfv9gcAfd4zA4=] started vehicle PONTIAC (rust) (id=180F5B32204A0D6D4EE595BE10DBA16D pos=<2319.453613, 111.678932, 5334.300781>)
08:02:41.031 [VehicleEnter] Player wiggy [uid=SgADkNjbGaUs8SauxTNPqYQENYs5GlEGD7NNksMh0hI=] entered vehicle PONTIAC (rust) (id=180F5B32204A0D6D4EE595BE10DBA16D pos=<1893.129517, 110.597404, 5625.793945>) as passenger
08:03:53.169 [VehicleLeave] Player Hawk [uid=Vq9KG5wXnlxiAZYi9EngBgzAagT-q5gfv9gcAfd4zA4=] left vehicle PONTIAC (rust) (id=180F5B32204A0D6D4EE595BE10DBA16D pos=<2323.453857, 111.678925, 5330.500000>)
08:03:53.927 [VehicleLeave] Player wiggy [uid=SgADkNjbGaUs8SauxTNPqYQENYs5GlEGD7NNksMh0hI=] left vehicle PONTIAC (rust) (id=180F5B32204A0D6D4EE595BE10DBA16D pos=<2323.453857, 111.678925, 5330.500000>)
08:07:50.847 [BaseRaiding] mmg_armored_cabinet_green (<2293.338379, 111.707512, 5313.823730>) Code set by player "wiggy" (ID = "SgADkNjbGaUs8SauxTNPqYQENYs5GlEGD7NNksMh0hI=" at <2293.024414, 111.719986, 5313.252441>) and the code is 7477
08:08:07.398 [VehicleEnter] Player Hawk [uid=Vq9KG5wXnlxiAZYi9EngBgzAagT-q5gfv9gcAfd4zA4=] entered vehicle M3S Covered (id=76E384C0BB4B2B24290EB7823CDA7F4F pos=<2307.225098, 111.699059, 5323.760742>) as driver
08:08:09.234 [VehicleEngine] Player Hawk [uid=Vq9KG5wXnlxiAZYi9EngBgzAagT-q5gfv9gcAfd4zA4=] started vehicle M3S Covered (id=76E384C0BB4B2B24290EB7823CDA7F4F pos=<2307.225098, 111.699066, 5323.760742>)
08:08:37.531 [VehicleLeave] Player Hawk [uid=Vq9KG5wXnlxiAZYi9EngBgzAagT-q5gfv9gcAfd4zA4=] left vehicle M3S Covered (id=76E384C0BB4B2B24290EB7823CDA7F4F pos=<2291.885498, 111.699059, 5320.261230>)
08:08:49.304 [VehicleCarKey] Player "wiggy" (id=SgADkNjbGaUs8SauxTNPqYQENYs5GlEGD7NNksMh0hI= pos=<2290.560547, 111.719986, 5322.069824>) used the  ExpansionCarKey to lock Truck_01_Covered_Blue (id=76E384C0BB4B2B24290EB7823CDA7F4F pos=<2291.885498, 111.699059, 5320.260742>)
08:09:26.367 [VehicleCarKey] Player "wiggy" (id=SgADkNjbGaUs8SauxTNPqYQENYs5GlEGD7NNksMh0hI= pos=<2290.257568, 111.719986, 5322.422852>) used the  ExpansionCarKey to unlock Truck_01_Covered_Blue (id=76E384C0BB4B2B24290EB7823CDA7F4F pos=<2292.200928, 111.699890, 5320.537598>)
08:09:36.626 [VehicleEnter] Player wiggy [uid=SgADkNjbGaUs8SauxTNPqYQENYs5GlEGD7NNksMh0hI=] entered vehicle M3S Covered (id=76E384C0BB4B2B24290EB7823CDA7F4F pos=<2292.201660, 111.699059, 5320.537598>) as driver
08:09:38.009 [VehicleEnter] Player Slightly Crazed [uid=RjqUafmWjW9Q1BHza4n7WoZ_8uUWujoz2w-ciuQaZcs=] entered vehicle M3S Covered (id=1966CD97564977A72D6E1E9FE55F4660 pos=<2303.688721, 111.669281, 5319.780273>) as driver
08:09:39.412 [VehicleEngine] Player wiggy [uid=SgADkNjbGaUs8SauxTNPqYQENYs5GlEGD7NNksMh0hI=] started vehicle M3S Covered (id=76E384C0BB4B2B24290EB7823CDA7F4F pos=<2292.201416, 111.699066, 5320.537598>)
08:09:39.599 [VehicleEngine] Player Slightly Crazed [uid=RjqUafmWjW9Q1BHza4n7WoZ_8uUWujoz2w-ciuQaZcs=] started vehicle M3S Covered (id=1966CD97564977A72D6E1E9FE55F4660 pos=<2303.689209, 111.669250, 5319.780273>)
08:09:57.259 [VehicleLeave] Player Slightly Crazed [uid=RjqUafmWjW9Q1BHza4n7WoZ_8uUWujoz2w-ciuQaZcs=] left vehicle M3S Covered (id=1966CD97564977A72D6E1E9FE55F4660 pos=<2311.497314, 111.252487, 5302.136719>)
08:11:17.437 [VehicleEngine] Player wiggy [uid=SgADkNjbGaUs8SauxTNPqYQENYs5GlEGD7NNksMh0hI=] stopped vehicle M3S Covered (id=76E384C0BB4B2B24290EB7823CDA7F4F pos=<2292.534180, 111.699059, 5317.050781>)
08:11:32.636 [VehicleEnter] Player wiggy [uid=SgADkNjbGaUs8SauxTNPqYQENYs5GlEGD7NNksMh0hI=] switched seats in vehicle M3S Covered (id=76E384C0BB4B2B24290EB7823CDA7F4F pos=<2292.533936, 111.699059, 5317.050781>) to passenger
08:11:40.769 [VehicleLeave] Player wiggy [uid=SgADkNjbGaUs8SauxTNPqYQENYs5GlEGD7NNksMh0hI=] left vehicle M3S Covered (id=76E384C0BB4B2B24290EB7823CDA7F4F pos=<2292.533936, 111.699120, 5317.050781>)
08:11:55.833 [VehicleCarKey] Player "wiggy" (id=SgADkNjbGaUs8SauxTNPqYQENYs5GlEGD7NNksMh0hI= pos=<2292.626709, 111.719978, 5319.251465>) used the  ExpansionCarKey to lock Truck_01_Covered_Blue (id=76E384C0BB4B2B24290EB7823CDA7F4F pos=<2292.533936, 111.699120, 5317.050781>)
08:12:24.695 [VehicleCarKey] Player "wiggy" (id=SgADkNjbGaUs8SauxTNPqYQENYs5GlEGD7NNksMh0hI= pos=<2292.044189, 111.719978, 5319.398926>) used the  ExpansionCarKey to unlock Truck_01_Covered_Blue (id=76E384C0BB4B2B24290EB7823CDA7F4F pos=<2292.533936, 111.699120, 5317.050781>)
08:12:35.876 [VehicleEnter] Player wiggy [uid=SgADkNjbGaUs8SauxTNPqYQENYs5GlEGD7NNksMh0hI=] entered vehicle M3S Covered (id=76E384C0BB4B2B24290EB7823CDA7F4F pos=<2292.533936, 111.699120, 5317.050781>) as passenger
08:12:41.046 [VehicleEnter] Player wiggy [uid=SgADkNjbGaUs8SauxTNPqYQENYs5GlEGD7NNksMh0hI=] switched seats in vehicle M3S Covered (id=76E384C0BB4B2B24290EB7823CDA7F4F pos=<2292.533936, 111.699120, 5317.050781>) to driver
08:12:51.472 [VehicleEngine] Player wiggy [uid=SgADkNjbGaUs8SauxTNPqYQENYs5GlEGD7NNksMh0hI=] started vehicle M3S Covered (id=76E384C0BB4B2B24290EB7823CDA7F4F pos=<2292.533203, 111.699059, 5317.050781>)
08:13:23.421 [VehicleLeave] Player wiggy [uid=SgADkNjbGaUs8SauxTNPqYQENYs5GlEGD7NNksMh0hI=] left vehicle M3S Covered (id=76E384C0BB4B2B24290EB7823CDA7F4F pos=<2301.113770, 111.699059, 5332.369629>)
08:13:27.873 [VehicleEnter] Player Hawk [uid=Vq9KG5wXnlxiAZYi9EngBgzAagT-q5gfv9gcAfd4zA4=] entered vehicle M3S Covered (id=76E384C0BB4B2B24290EB7823CDA7F4F pos=<2301.114014, 111.699081, 5332.369629>) as driver
08:13:30.277 [VehicleEngine] Player Hawk [uid=Vq9KG5wXnlxiAZYi9EngBgzAagT-q5gfv9gcAfd4zA4=] started vehicle M3S Covered (id=76E384C0BB4B2B24290EB7823CDA7F4F pos=<2301.114014, 111.699066, 5332.369141>)
08:13:33.716 [VehicleEnter] Player Slightly Crazed [uid=RjqUafmWjW9Q1BHza4n7WoZ_8uUWujoz2w-ciuQaZcs=] entered vehicle PONTIAC (rust) (id=180F5B32204A0D6D4EE595BE10DBA16D pos=<2323.453857, 111.678925, 5330.500000>) as driver
08:13:37.927 [VehicleEngine] Player Slightly Crazed [uid=RjqUafmWjW9Q1BHza4n7WoZ_8uUWujoz2w-ciuQaZcs=] started vehicle PONTIAC (rust) (id=180F5B32204A0D6D4EE595BE10DBA16D pos=<2323.453857, 111.678925, 5330.500000>)
08:13:57.458 [VehicleLeave] Player Slightly Crazed [uid=RjqUafmWjW9Q1BHza4n7WoZ_8uUWujoz2w-ciuQaZcs=] left vehicle PONTIAC (rust) (id=180F5B32204A0D6D4EE595BE10DBA16D pos=<2311.493652, 111.678925, 5346.325195>)
08:14:46.039 [VehicleLeave] Player Hawk [uid=Vq9KG5wXnlxiAZYi9EngBgzAagT-q5gfv9gcAfd4zA4=] left vehicle M3S Covered (id=76E384C0BB4B2B24290EB7823CDA7F4F pos=<2292.635986, 111.705574, 5316.941895>)
08:15:29.058 [VehicleCarKey] Player "wiggy" (id=SgADkNjbGaUs8SauxTNPqYQENYs5GlEGD7NNksMh0hI= pos=<2294.531250, 111.719971, 5318.277832>) used the  ExpansionCarKey to lock Truck_01_Covered_Blue (id=76E384C0BB4B2B24290EB7823CDA7F4F pos=<2292.635986, 111.705536, 5316.942383>)
08:15:58.753 [VehicleEnter] Player Hawk [uid=Vq9KG5wXnlxiAZYi9EngBgzAagT-q5gfv9gcAfd4zA4=] entered vehicle PONTIAC (rust) (id=180F5B32204A0D6D4EE595BE10DBA16D pos=<2311.493652, 111.678925, 5346.325195>) as passenger
08:16:21.097 [VehicleEnter] Player Slightly Crazed [uid=RjqUafmWjW9Q1BHza4n7WoZ_8uUWujoz2w-ciuQaZcs=] entered vehicle PONTIAC (rust) (id=180F5B32204A0D6D4EE595BE10DBA16D pos=<2311.493652, 111.678925, 5346.325195>) as driver
08:16:40.953 [VehicleEnter] Player wiggy [uid=SgADkNjbGaUs8SauxTNPqYQENYs5GlEGD7NNksMh0hI=] entered vehicle PONTIAC (rust) (id=180F5B32204A0D6D4EE595BE10DBA16D pos=<2311.493652, 111.678925, 5346.325195>) as passenger
08:17:05.449 [VehicleEngine] Player Slightly Crazed [uid=RjqUafmWjW9Q1BHza4n7WoZ_8uUWujoz2w-ciuQaZcs=] started vehicle PONTIAC (rust) (id=180F5B32204A0D6D4EE595BE10DBA16D pos=<2311.493652, 111.678925, 5346.325195>)
08:21:09.072 [VehicleLeave] Player Slightly Crazed [uid=RjqUafmWjW9Q1BHza4n7WoZ_8uUWujoz2w-ciuQaZcs=] left vehicle PONTIAC (rust) (id=180F5B32204A0D6D4EE595BE10DBA16D pos=<3691.333496, 338.548279, 4934.353516>)
08:21:10.859 [VehicleLeave] Player wiggy [uid=SgADkNjbGaUs8SauxTNPqYQENYs5GlEGD7NNksMh0hI=] left vehicle PONTIAC (rust) (id=180F5B32204A0D6D4EE595BE10DBA16D pos=<3691.333252, 338.548279, 4934.353027>)
08:21:12.722 [VehicleLeave] Player Hawk [uid=Vq9KG5wXnlxiAZYi9EngBgzAagT-q5gfv9gcAfd4zA4=] left vehicle PONTIAC (rust) (id=180F5B32204A0D6D4EE595BE10DBA16D pos=<3691.333252, 338.548279, 4934.353027>)
08:21:32.414 [VehicleCarKey] Player "Slightly Crazed" (id=RjqUafmWjW9Q1BHza4n7WoZ_8uUWujoz2w-ciuQaZcs= pos=<3689.986816, 338.591675, 4933.150879>) used the  ExpansionCarKey to lock PONTIAC_rust (id=180F5B32204A0D6D4EE595BE10DBA16D pos=<3691.333252, 338.548279, 4934.353027>)
08:22:28.507 [Party] Player "HEAVYTECH" (id=ZvFB4Iq7S3xLir1St-aloNDPJctjdiPr_rmh75OZDwY=) left the party "Servantsofares" (id=7 ownerUID=iTo8sT5I8_b86yF1DwFroON7Zj4Kq_gp0UA46l9HR-0= ownerName=Ares)
08:26:57.353 [VehicleCarKey] Player "wiggy" (id=SgADkNjbGaUs8SauxTNPqYQENYs5GlEGD7NNksMh0hI= pos=<3692.943115, 338.586365, 4935.422852>) used the  ExpansionCarKey to unlock PONTIAC_rust (id=180F5B32204A0D6D4EE595BE10DBA16D pos=<3691.333252, 338.548279, 4934.353027>)
08:27:03.210 [VehicleCarKey] Player "Slightly Crazed" (id=RjqUafmWjW9Q1BHza4n7WoZ_8uUWujoz2w-ciuQaZcs= pos=<3690.994873, 338.589325, 4932.743164>) used the  ExpansionCarKey to lock PONTIAC_rust (id=180F5B32204A0D6D4EE595BE10DBA16D pos=<3691.333252, 338.548279, 4934.353027>)
08:27:07.447 [VehicleCarKey] Player "Slightly Crazed" (id=RjqUafmWjW9Q1BHza4n7WoZ_8uUWujoz2w-ciuQaZcs= pos=<3690.994873, 338.589325, 4932.743164>) used the  ExpansionCarKey to unlock PONTIAC_rust (id=180F5B32204A0D6D4EE595BE10DBA16D pos=<3691.319336, 338.548309, 4934.339844>)
08:27:16.589 [VehicleEnter] Player Hawk [uid=Vq9KG5wXnlxiAZYi9EngBgzAagT-q5gfv9gcAfd4zA4=] entered vehicle PONTIAC (rust) (id=180F5B32204A0D6D4EE595BE10DBA16D pos=<3691.319336, 338.548309, 4934.339844>) as passenger
08:27:19.292 [VehicleEnter] Player Slightly Crazed [uid=RjqUafmWjW9Q1BHza4n7WoZ_8uUWujoz2w-ciuQaZcs=] entered vehicle PONTIAC (rust) (id=180F5B32204A0D6D4EE595BE10DBA16D pos=<3691.319336, 338.548309, 4934.339844>) as driver
08:27:23.312 [VehicleEngine] Player Slightly Crazed [uid=RjqUafmWjW9Q1BHza4n7WoZ_8uUWujoz2w-ciuQaZcs=] started vehicle PONTIAC (rust) (id=180F5B32204A0D6D4EE595BE10DBA16D pos=<3691.319092, 338.548309, 4934.339844>)
08:27:29.185 [VehicleEnter] Player wiggy [uid=SgADkNjbGaUs8SauxTNPqYQENYs5GlEGD7NNksMh0hI=] entered vehicle PONTIAC (rust) (id=180F5B32204A0D6D4EE595BE10DBA16D pos=<3691.319336, 338.548309, 4934.339844>) as passenger
08:29:12.251 [AI Patrol] Spawning 2 Orting bots at <5230.600098, 219.734055, 5004.345703>
08:32:14.156 [VehicleLeave] Player wiggy [uid=SgADkNjbGaUs8SauxTNPqYQENYs5GlEGD7NNksMh0hI=] left vehicle PONTIAC (rust) (id=180F5B32204A0D6D4EE595BE10DBA16D pos=<5157.389160, 201.872849, 4181.429688>)
08:32:15.679 [VehicleLeave] Player Slightly Crazed [uid=RjqUafmWjW9Q1BHza4n7WoZ_8uUWujoz2w-ciuQaZcs=] left vehicle PONTIAC (rust) (id=180F5B32204A0D6D4EE595BE10DBA16D pos=<5157.389160, 201.872849, 4181.429688>)
08:32:17.023 [VehicleLeave] Player Hawk [uid=Vq9KG5wXnlxiAZYi9EngBgzAagT-q5gfv9gcAfd4zA4=] left vehicle PONTIAC (rust) (id=180F5B32204A0D6D4EE595BE10DBA16D pos=<5157.388672, 201.872849, 4181.429688>)
08:32:26.226 [VehicleCarKey] Player "wiggy" (id=SgADkNjbGaUs8SauxTNPqYQENYs5GlEGD7NNksMh0hI= pos=<5159.445801, 201.913391, 4180.552734>) used the  ExpansionCarKey to lock PONTIAC_rust (id=180F5B32204A0D6D4EE595BE10DBA16D pos=<5157.388672, 201.872849, 4181.429688>)
08:37:06.199 [BaseRaiding] BBP_BDoor (<5104.685547, 202.082428, 3934.505127>) player "wiggy" (ID = "SgADkNjbGaUs8SauxTNPqYQENYs5GlEGD7NNksMh0hI=" at <5106.416504, 201.917480, 3935.122559>) failed to enter the correct code.
08:37:06.199 [BaseRaiding] BBP_BDoor (<5104.685547, 202.082428, 3934.505127>) The correct code was 736669 and the player tried 1986
08:37:30.736 [BaseRaiding] BBP_BDoor (<5104.685547, 202.082428, 3934.505127>) player "wiggy" (ID = "SgADkNjbGaUs8SauxTNPqYQENYs5GlEGD7NNksMh0hI=" at <5106.416504, 201.917480, 3935.122559>) failed to enter the correct code.
08:37:30.738 [BaseRaiding] BBP_BDoor (<5104.685547, 202.082428, 3934.505127>) The correct code was 736669 and the player tried 1985
08:48:59.199 [VehicleCarKey] Player "wiggy" (id=SgADkNjbGaUs8SauxTNPqYQENYs5GlEGD7NNksMh0hI= pos=<5158.970215, 201.913483, 4180.269531>) used the  ExpansionCarKey to unlock PONTIAC_rust (id=180F5B32204A0D6D4EE595BE10DBA16D pos=<5157.388672, 201.872849, 4181.429688>)
08:49:07.730 [VehicleEnter] Player wiggy [uid=SgADkNjbGaUs8SauxTNPqYQENYs5GlEGD7NNksMh0hI=] entered vehicle PONTIAC (rust) (id=180F5B32204A0D6D4EE595BE10DBA16D pos=<5157.388672, 201.872849, 4181.429688>) as passenger
08:49:10.498 [VehicleEnter] Player Slightly Crazed [uid=RjqUafmWjW9Q1BHza4n7WoZ_8uUWujoz2w-ciuQaZcs=] entered vehicle PONTIAC (rust) (id=180F5B32204A0D6D4EE595BE10DBA16D pos=<5157.389160, 201.872849, 4181.429688>) as driver
08:49:13.751 [VehicleEngine] Player Slightly Crazed [uid=RjqUafmWjW9Q1BHza4n7WoZ_8uUWujoz2w-ciuQaZcs=] started vehicle PONTIAC (rust) (id=180F5B32204A0D6D4EE595BE10DBA16D pos=<5157.389160, 201.872849, 4181.429688>)
08:50:14.687 [VehicleEnter] Player Hawk [uid=Vq9KG5wXnlxiAZYi9EngBgzAagT-q5gfv9gcAfd4zA4=] entered vehicle PONTIAC (rust) (id=180F5B32204A0D6D4EE595BE10DBA16D pos=<5157.389648, 201.872849, 4181.430176>) as passenger
08:50:28.417 [Party] Player "Sharkparty" (id=2H7391gmOSCz4VnnBebcTth-2Sm4qjaSYaboxsOPA1Q=) joinded the party "Sharkparty" (id=6 ownerUID=2H7391gmOSCz4VnnBebcTth-2Sm4qjaSYaboxsOPA1Q= ownerName=Sharkparty)
08:50:28.429 [Expansion Quests] - InitQuestSystemClient - Loaded existing player quest data for player with UID: 2H7391gmOSCz4VnnBebcTth-2Sm4qjaSYaboxsOPA1Q=
08:50:28.429 [Expansion Quests] - LoadGroupQuestData - Created new persistent group quest data for group with ID: 6
08:50:28.429 [Expansion Quests] - Create new quest instance for quest: 58 - Player UID: 2H7391gmOSCz4VnnBebcTth-2Sm4qjaSYaboxsOPA1Q=
08:50:29.396 [Expansion Quests] - LoadGroupQuestData - Got cached group quest data for group with ID: 6
08:55:11.480 [AI Patrol] Spawning 2 Vagabond Army bots at <3625.657715, 101.879005, 7881.103516>
08:56:30.861 [VehicleLeave] Player Slightly Crazed [uid=RjqUafmWjW9Q1BHza4n7WoZ_8uUWujoz2w-ciuQaZcs=] left vehicle PONTIAC (rust) (id=180F5B32204A0D6D4EE595BE10DBA16D pos=<4434.582031, 103.354164, 9306.005859>)
08:56:33.882 [VehicleLeave] Player wiggy [uid=SgADkNjbGaUs8SauxTNPqYQENYs5GlEGD7NNksMh0hI=] left vehicle PONTIAC (rust) (id=180F5B32204A0D6D4EE595BE10DBA16D pos=<4434.582031, 103.354172, 9306.005859>)
08:57:15.738 [VehicleEnter] Player Slightly Crazed [uid=RjqUafmWjW9Q1BHza4n7WoZ_8uUWujoz2w-ciuQaZcs=] entered vehicle PONTIAC (rust) (id=180F5B32204A0D6D4EE595BE10DBA16D pos=<4434.582031, 103.354164, 9306.005859>) as driver
08:57:19.359 [VehicleEngine] Player Slightly Crazed [uid=RjqUafmWjW9Q1BHza4n7WoZ_8uUWujoz2w-ciuQaZcs=] started vehicle PONTIAC (rust) (id=180F5B32204A0D6D4EE595BE10DBA16D pos=<4434.582031, 103.354164, 9306.005859>)
08:57:58.417 [VehicleLeave] Player Slightly Crazed [uid=RjqUafmWjW9Q1BHza4n7WoZ_8uUWujoz2w-ciuQaZcs=] left vehicle PONTIAC (rust) (id=180F5B32204A0D6D4EE595BE10DBA16D pos=<4412.477539, 103.638542, 9394.901367>)
08:59:09.410 [Party] Player "Hawk" (id=Vq9KG5wXnlxiAZYi9EngBgzAagT-q5gfv9gcAfd4zA4=) left the party "GRUMPY OLD GITS" (id=2 ownerUID=SgADkNjbGaUs8SauxTNPqYQENYs5GlEGD7NNksMh0hI= ownerName=wiggy)
08:59:52.585 [Party] Player "Hawk" (id=Vq9KG5wXnlxiAZYi9EngBgzAagT-q5gfv9gcAfd4zA4=) joinded the party "GRUMPY OLD GITS" (id=2 ownerUID=SgADkNjbGaUs8SauxTNPqYQENYs5GlEGD7NNksMh0hI= ownerName=wiggy)
08:59:52.589 [Expansion Quests] - InitQuestSystemClient - Loaded existing player quest data for player with UID: Vq9KG5wXnlxiAZYi9EngBgzAagT-q5gfv9gcAfd4zA4=
08:59:52.589 [Expansion Quests] - LoadGroupQuestData - Got cached group quest data for group with ID: 2
08:59:53.558 [Expansion Quests] - LoadGroupQuestData - Got cached group quest data for group with ID: 2
09:00:09.498 [VehicleCarKey] Player "Slightly Crazed" (id=RjqUafmWjW9Q1BHza4n7WoZ_8uUWujoz2w-ciuQaZcs= pos=<4412.375977, 103.672165, 9392.721680>) used the  ExpansionCarKey to lock PONTIAC_rust (id=180F5B32204A0D6D4EE595BE10DBA16D pos=<4412.477539, 103.638535, 9394.901367>)
09:01:09.226 [MissionAirdrop] An airdrop is heading towards "Church Camp" (pos=<8075.850098, 0.000000, 6584.669922> type=Random_ChurchCamp) with a ExpansionAirdropContainer_Basebuilding
09:01:59.863 [VehicleEnter] Player Slightly Crazed [uid=RjqUafmWjW9Q1BHza4n7WoZ_8uUWujoz2w-ciuQaZcs=] entered vehicle M3S Covered (id=BA6B9303E6436A63EBF493900E1B11D1 pos=<4445.618652, 103.559563, 9419.298828>) as driver
09:02:01.712 [VehicleEngine] Player Slightly Crazed [uid=RjqUafmWjW9Q1BHza4n7WoZ_8uUWujoz2w-ciuQaZcs=] started vehicle M3S Covered (id=BA6B9303E6436A63EBF493900E1B11D1 pos=<4445.618652, 103.559570, 9419.298828>)
09:02:09.109 [VehicleEngine] Player Slightly Crazed [uid=RjqUafmWjW9Q1BHza4n7WoZ_8uUWujoz2w-ciuQaZcs=] stopped vehicle M3S Covered (id=BA6B9303E6436A63EBF493900E1B11D1 pos=<4445.618652, 103.559494, 9419.298828>)
09:02:14.808 [VehicleLeave] Player Slightly Crazed [uid=RjqUafmWjW9Q1BHza4n7WoZ_8uUWujoz2w-ciuQaZcs=] left vehicle M3S Covered (id=BA6B9303E6436A63EBF493900E1B11D1 pos=<4445.618652, 103.559509, 9419.298828>)
09:02:38.917 [VehicleCarKey] Player "Slightly Crazed" (id=RjqUafmWjW9Q1BHza4n7WoZ_8uUWujoz2w-ciuQaZcs= pos=<4412.708984, 103.674530, 9393.415039>) used the  ExpansionCarKey to unlock PONTIAC_rust (id=180F5B32204A0D6D4EE595BE10DBA16D pos=<4412.477539, 103.638535, 9394.901367>)
09:02:48.875 [VehicleEnter] Player Slightly Crazed [uid=RjqUafmWjW9Q1BHza4n7WoZ_8uUWujoz2w-ciuQaZcs=] entered vehicle PONTIAC (rust) (id=180F5B32204A0D6D4EE595BE10DBA16D pos=<4412.477539, 103.638535, 9394.901367>) as driver
09:02:52.976 [VehicleEngine] Player Slightly Crazed [uid=RjqUafmWjW9Q1BHza4n7WoZ_8uUWujoz2w-ciuQaZcs=] started vehicle PONTIAC (rust) (id=180F5B32204A0D6D4EE595BE10DBA16D pos=<4412.477539, 103.638535, 9394.901367>)
09:02:59.402 [VehicleEnter] Player wiggy [uid=SgADkNjbGaUs8SauxTNPqYQENYs5GlEGD7NNksMh0hI=] entered vehicle PONTIAC (rust) (id=180F5B32204A0D6D4EE595BE10DBA16D pos=<4412.477539, 103.638542, 9394.901367>) as passenger
09:09:16.164 [VehicleLeave] Player Slightly Crazed [uid=RjqUafmWjW9Q1BHza4n7WoZ_8uUWujoz2w-ciuQaZcs=] left vehicle PONTIAC (rust) (id=180F5B32204A0D6D4EE595BE10DBA16D pos=<8026.283203, 8.534951, 6661.249023>)
09:09:18.140 [VehicleLeave] Player wiggy [uid=SgADkNjbGaUs8SauxTNPqYQENYs5GlEGD7NNksMh0hI=] left vehicle PONTIAC (rust) (id=180F5B32204A0D6D4EE595BE10DBA16D pos=<8026.283203, 8.534951, 6661.249023>)
09:09:25.585 [VehicleCarKey] Player "Slightly Crazed" (id=RjqUafmWjW9Q1BHza4n7WoZ_8uUWujoz2w-ciuQaZcs= pos=<8027.108398, 8.574538, 6662.729980>) used the  ExpansionCarKey to lock PONTIAC_rust (id=180F5B32204A0D6D4EE595BE10DBA16D pos=<8026.283203, 8.534951, 6661.249023>)
09:10:24.453 [Safezone] Player "Sharkparty" (id=2H7391gmOSCz4VnnBebcTth-2Sm4qjaSYaboxsOPA1Q= pos=<6653.749512, 21.887592, 3683.734863>) Entered the safezone
09:10:50.183 [Expansion Quests] - CompleteQuest - Player with UID 2H7391gmOSCz4VnnBebcTth-2Sm4qjaSYaboxsOPA1Q= has completed quest 58
09:13:54.859 [VehicleCarKey] Player "wiggy" (id=SgADkNjbGaUs8SauxTNPqYQENYs5GlEGD7NNksMh0hI= pos=<8024.633789, 8.572481, 6664.630371>) used the  ExpansionCarKey to unlock PONTIAC_rust (id=180F5B32204A0D6D4EE595BE10DBA16D pos=<8026.283203, 8.534951, 6661.249023>)
09:15:18.132 [Safezone] Player "PipPapScallywap" (id=-r2araXommLNgd2kLCOg5MUhQUGYZRsIrQF--_XcIVE= pos=<6607.716309, 21.316843, 3670.704590>) Entered the safezone
09:15:18.152 [Expansion Quests] - InitQuestSystemClient - Loaded existing player quest data for player with UID: -r2araXommLNgd2kLCOg5MUhQUGYZRsIrQF--_XcIVE=
09:15:18.152 [Expansion Quests] - LoadGroupQuestData - Created new persistent group quest data for group with ID: -1
09:16:15.937 [VehicleEnter] Player wiggy [uid=SgADkNjbGaUs8SauxTNPqYQENYs5GlEGD7NNksMh0hI=] entered vehicle PONTIAC (rust) (id=180F5B32204A0D6D4EE595BE10DBA16D pos=<8026.283203, 8.534951, 6661.248535>) as driver
09:16:18.492 [VehicleEngine] Player wiggy [uid=SgADkNjbGaUs8SauxTNPqYQENYs5GlEGD7NNksMh0hI=] started vehicle PONTIAC (rust) (id=180F5B32204A0D6D4EE595BE10DBA16D pos=<8026.283203, 8.534950, 6661.248535>)
09:16:39.312 [VehicleLeave] Player wiggy [uid=SgADkNjbGaUs8SauxTNPqYQENYs5GlEGD7NNksMh0hI=] left vehicle PONTIAC (rust) (id=180F5B32204A0D6D4EE595BE10DBA16D pos=<8095.681152, 8.536444, 6622.225586>)
09:17:17.140 [Expansion Quests] - CreateQuestInstance - Created new quest instance for with instance key 2H7391gmOSCz4VnnBebcTth-2Sm4qjaSYaboxsOPA1Q= for quest 55
09:19:38.539 [VehicleEnter] Player Hawk [uid=Vq9KG5wXnlxiAZYi9EngBgzAagT-q5gfv9gcAfd4zA4=] entered vehicle M3S Covered (id=BA6B9303E6436A63EBF493900E1B11D1 pos=<4445.618652, 103.559525, 9419.298828>) as driver
09:19:41.773 [VehicleEngine] Player Hawk [uid=Vq9KG5wXnlxiAZYi9EngBgzAagT-q5gfv9gcAfd4zA4=] started vehicle M3S Covered (id=BA6B9303E6436A63EBF493900E1B11D1 pos=<4445.618652, 103.559563, 9419.298828>)
09:19:57.421 [Safezone] Player "Sharkparty" (id=2H7391gmOSCz4VnnBebcTth-2Sm4qjaSYaboxsOPA1Q= pos=<6632.146973, 21.911074, 3734.817383>) Left the safezone
09:20:21.765 [VehicleEnter] Player Slightly Crazed [uid=RjqUafmWjW9Q1BHza4n7WoZ_8uUWujoz2w-ciuQaZcs=] entered vehicle PONTIAC (rust) (id=180F5B32204A0D6D4EE595BE10DBA16D pos=<8095.681152, 8.536444, 6622.225586>) as driver
09:20:25.851 [VehicleEnter] Player wiggy [uid=SgADkNjbGaUs8SauxTNPqYQENYs5GlEGD7NNksMh0hI=] entered vehicle PONTIAC (rust) (id=180F5B32204A0D6D4EE595BE10DBA16D pos=<8095.681152, 8.536445, 6622.225586>) as passenger
09:20:27.378 [VehicleEngine] Player Slightly Crazed [uid=RjqUafmWjW9Q1BHza4n7WoZ_8uUWujoz2w-ciuQaZcs=] started vehicle PONTIAC (rust) (id=180F5B32204A0D6D4EE595BE10DBA16D pos=<8095.681152, 8.536446, 6622.225586>)
09:20:27.500 [VehicleLeave] Player wiggy [uid=SgADkNjbGaUs8SauxTNPqYQENYs5GlEGD7NNksMh0hI=] left vehicle PONTIAC (rust) (id=180F5B32204A0D6D4EE595BE10DBA16D pos=<8095.681152, 8.536445, 6622.225586>)
09:20:32.042 [VehicleEnter] Player wiggy [uid=SgADkNjbGaUs8SauxTNPqYQENYs5GlEGD7NNksMh0hI=] entered vehicle PONTIAC (rust) (id=180F5B32204A0D6D4EE595BE10DBA16D pos=<8095.681152, 8.536446, 6622.225586>) as passenger
09:20:45.035 [Safezone] Player "PipPapScallywap" (id=-r2araXommLNgd2kLCOg5MUhQUGYZRsIrQF--_XcIVE= pos=<6626.589844, 21.472719, 3683.381104>) Entered the safezone
09:20:45.039 [Expansion Quests] - InitQuestSystemClient - Loaded existing player quest data for player with UID: -r2araXommLNgd2kLCOg5MUhQUGYZRsIrQF--_XcIVE=
09:20:45.039 [Expansion Quests] - LoadGroupQuestData - Got cached group quest data for group with ID: -1
09:21:40.058 [Safezone] Player "PipPapScallywap" (id=-r2araXommLNgd2kLCOg5MUhQUGYZRsIrQF--_XcIVE= pos=<6661.760254, 21.546951, 3626.968506>) Left the safezone
09:21:58.820 [Safezone] Player "PipPapScallywap" (id=-r2araXommLNgd2kLCOg5MUhQUGYZRsIrQF--_XcIVE= pos=<6627.443848, 21.098024, 3626.416992>) Entered the safezone
09:22:23.132 [Safezone] Player "PipPapScallywap" (id=-r2araXommLNgd2kLCOg5MUhQUGYZRsIrQF--_XcIVE= pos=<6539.546875, 22.273235, 3625.827393>) Left the safezone
09:22:42.628 [Safezone] Player "PipPapScallywap" (id=-r2araXommLNgd2kLCOg5MUhQUGYZRsIrQF--_XcIVE= pos=<6580.143555, 21.423260, 3657.347900>) Entered the safezone
09:23:51.535 [Party] Player "HEAVYTECH" (id=ZvFB4Iq7S3xLir1St-aloNDPJctjdiPr_rmh75OZDwY=) joinded the party "Servantsofares" (id=7 ownerUID=iTo8sT5I8_b86yF1DwFroON7Zj4Kq_gp0UA46l9HR-0= ownerName=Ares)
09:23:51.542 [Expansion Quests] - InitQuestSystemClient - Loaded existing player quest data for player with UID: ZvFB4Iq7S3xLir1St-aloNDPJctjdiPr_rmh75OZDwY=
09:23:51.542 [Expansion Quests] - LoadGroupQuestData - Got cached group quest data for group with ID: 7
09:23:51.542 [Expansion Quests] - Create new quest instance for quest: 99 - Player UID: ZvFB4Iq7S3xLir1St-aloNDPJctjdiPr_rmh75OZDwY=
09:23:52.503 [Expansion Quests] - LoadGroupQuestData - Got cached group quest data for group with ID: 7
09:25:09.816 [VehicleLeave] Player Hawk [uid=Vq9KG5wXnlxiAZYi9EngBgzAagT-q5gfv9gcAfd4zA4=] left vehicle M3S Covered (id=BA6B9303E6436A63EBF493900E1B11D1 pos=<4470.774902, 191.601288, 7409.882813>)
09:25:49.601 [VehicleEnter] Player Hawk [uid=Vq9KG5wXnlxiAZYi9EngBgzAagT-q5gfv9gcAfd4zA4=] entered vehicle PONTIAC (rust) (id=180F5B32204A0D6D4EE595BE10DBA16D pos=<4547.899414, 192.383499, 7386.363281>) as passenger
09:27:15.535 [Expansion Quests] - InitQuestSystemClient - Loaded existing player quest data for player with UID: spMEkRl42onhFHdF_u42e0T03x2sj347kUc600NXdGA=
09:27:15.535 [Expansion Quests] - LoadGroupQuestData - Got cached group quest data for group with ID: -1
09:28:20.984 [Party] Player "Sharkparty" (id=2H7391gmOSCz4VnnBebcTth-2Sm4qjaSYaboxsOPA1Q=) left the party "Sharkparty" (id=6 ownerUID=2H7391gmOSCz4VnnBebcTth-2Sm4qjaSYaboxsOPA1Q= ownerName=Sharkparty)
09:32:07.515 [Party] Player "Sharkparty" (id=2H7391gmOSCz4VnnBebcTth-2Sm4qjaSYaboxsOPA1Q=) joinded the party "Sharkparty" (id=6 ownerUID=2H7391gmOSCz4VnnBebcTth-2Sm4qjaSYaboxsOPA1Q= ownerName=Sharkparty)
09:32:07.519 [Expansion Quests] - InitQuestSystemClient - Loaded existing player quest data for player with UID: 2H7391gmOSCz4VnnBebcTth-2Sm4qjaSYaboxsOPA1Q=
09:32:07.519 [Expansion Quests] - LoadGroupQuestData - Got cached group quest data for group with ID: 6
09:32:07.519 [Expansion Quests] - Create new quest instance for quest: 55 - Player UID: 2H7391gmOSCz4VnnBebcTth-2Sm4qjaSYaboxsOPA1Q=
09:32:08.492 [Expansion Quests] - LoadGroupQuestData - Got cached group quest data for group with ID: 6
09:32:19.765 [VehicleLeave] Player wiggy [uid=SgADkNjbGaUs8SauxTNPqYQENYs5GlEGD7NNksMh0hI=] left vehicle PONTIAC (rust) (id=180F5B32204A0D6D4EE595BE10DBA16D pos=<1897.770020, 110.960411, 5617.592285>)
09:32:21.800 [VehicleLeave] Player Hawk [uid=Vq9KG5wXnlxiAZYi9EngBgzAagT-q5gfv9gcAfd4zA4=] left vehicle PONTIAC (rust) (id=180F5B32204A0D6D4EE595BE10DBA16D pos=<1897.770020, 110.960411, 5617.592285>)
09:32:29.242 [VehicleLeave] Player Slightly Crazed [uid=RjqUafmWjW9Q1BHza4n7WoZ_8uUWujoz2w-ciuQaZcs=] left vehicle PONTIAC (rust) (id=180F5B32204A0D6D4EE595BE10DBA16D pos=<1897.769653, 110.960403, 5617.592773>)
09:34:05.250 [VehicleEnter] Player Slightly Crazed [uid=RjqUafmWjW9Q1BHza4n7WoZ_8uUWujoz2w-ciuQaZcs=] entered vehicle PONTIAC (rust) (id=180F5B32204A0D6D4EE595BE10DBA16D pos=<1897.769897, 110.960403, 5617.592285>) as driver
09:34:08.371 [VehicleEngine] Player Slightly Crazed [uid=RjqUafmWjW9Q1BHza4n7WoZ_8uUWujoz2w-ciuQaZcs=] started vehicle PONTIAC (rust) (id=180F5B32204A0D6D4EE595BE10DBA16D pos=<1897.770020, 110.960403, 5617.592285>)
09:34:10.128 [VehicleEnter] Player wiggy [uid=SgADkNjbGaUs8SauxTNPqYQENYs5GlEGD7NNksMh0hI=] entered vehicle PONTIAC (rust) (id=180F5B32204A0D6D4EE595BE10DBA16D pos=<1897.769653, 110.960396, 5617.592285>) as passenger
09:35:05.437 [AdminTools] Player "[ADMIN]DrKilledByDeath" (id=spMEkRl42onhFHdF_u42e0T03x2sj347kUc600NXdGA= pos=<1714.225220, 108.768570, 5211.882813>) used the Admin CarKey to unpair CivilianSedan_Black (id=F21BBEC70541FAFFD71C1DB57F7DA208 pos=<1714.187134, 108.808456, 5209.846680>)
09:35:06.695 [VehicleLeave] Player wiggy [uid=SgADkNjbGaUs8SauxTNPqYQENYs5GlEGD7NNksMh0hI=] left vehicle PONTIAC (rust) (id=180F5B32204A0D6D4EE595BE10DBA16D pos=<1728.126831, 109.690880, 5203.205566>)
09:35:12.156 [VehicleLeave] Player Slightly Crazed [uid=RjqUafmWjW9Q1BHza4n7WoZ_8uUWujoz2w-ciuQaZcs=] left vehicle PONTIAC (rust) (id=180F5B32204A0D6D4EE595BE10DBA16D pos=<1728.126831, 109.690865, 5203.205566>)
09:35:13.996 [VehicleEnter] Player Hawk [uid=Vq9KG5wXnlxiAZYi9EngBgzAagT-q5gfv9gcAfd4zA4=] entered vehicle Olga 24 (id=F21BBEC70541FAFFD71C1DB57F7DA208 pos=<1714.187134, 108.808456, 5209.846680>) as passenger
09:35:17.300 [VehicleEnter] Player Hawk [uid=Vq9KG5wXnlxiAZYi9EngBgzAagT-q5gfv9gcAfd4zA4=] switched seats in vehicle Olga 24 (id=F21BBEC70541FAFFD71C1DB57F7DA208 pos=<1714.187134, 108.808456, 5209.846680>) to driver
09:35:22.023 [VehicleEngine] Player Hawk [uid=Vq9KG5wXnlxiAZYi9EngBgzAagT-q5gfv9gcAfd4zA4=] started vehicle Olga 24 (id=F21BBEC70541FAFFD71C1DB57F7DA208 pos=<1716.976807, 109.016632, 5209.193848>)
09:35:26.921 [VehicleEngine] Player Hawk [uid=Vq9KG5wXnlxiAZYi9EngBgzAagT-q5gfv9gcAfd4zA4=] started vehicle Olga 24 (id=F21BBEC70541FAFFD71C1DB57F7DA208 pos=<1716.917236, 109.012665, 5209.194336>)
09:35:31.835 [VehicleLeave] Player Hawk [uid=Vq9KG5wXnlxiAZYi9EngBgzAagT-q5gfv9gcAfd4zA4=] left vehicle Olga 24 (id=F21BBEC70541FAFFD71C1DB57F7DA208 pos=<1716.852295, 109.008301, 5209.194336>)
09:36:07.886 [VehicleEnter] Player wiggy [uid=SgADkNjbGaUs8SauxTNPqYQENYs5GlEGD7NNksMh0hI=] entered vehicle PONTIAC (rust) (id=180F5B32204A0D6D4EE595BE10DBA16D pos=<1728.126343, 109.690849, 5203.205566>) as passenger
09:36:20.675 [VehicleEnter] Player Slightly Crazed [uid=RjqUafmWjW9Q1BHza4n7WoZ_8uUWujoz2w-ciuQaZcs=] entered vehicle PONTIAC (rust) (id=180F5B32204A0D6D4EE595BE10DBA16D pos=<1728.126587, 109.690880, 5203.205566>) as driver
09:36:31.492 [VehicleEngine] Player Slightly Crazed [uid=RjqUafmWjW9Q1BHza4n7WoZ_8uUWujoz2w-ciuQaZcs=] stopped vehicle PONTIAC (rust) (id=180F5B32204A0D6D4EE595BE10DBA16D pos=<1729.561768, 109.691551, 5204.745605>)
09:36:36.464 [VehicleEngine] Player Slightly Crazed [uid=RjqUafmWjW9Q1BHza4n7WoZ_8uUWujoz2w-ciuQaZcs=] started vehicle PONTIAC (rust) (id=180F5B32204A0D6D4EE595BE10DBA16D pos=<1731.621826, 109.727631, 5205.869141>)
09:37:51.179 [VehicleLeave] Player Slightly Crazed [uid=RjqUafmWjW9Q1BHza4n7WoZ_8uUWujoz2w-ciuQaZcs=] left vehicle PONTIAC (rust) (id=180F5B32204A0D6D4EE595BE10DBA16D pos=<2301.147949, 111.678925, 5322.312988>)
09:37:52.816 [VehicleLeave] Player wiggy [uid=SgADkNjbGaUs8SauxTNPqYQENYs5GlEGD7NNksMh0hI=] left vehicle PONTIAC (rust) (id=180F5B32204A0D6D4EE595BE10DBA16D pos=<2301.147949, 111.678925, 5322.312988>)
09:37:59.523 [VehicleCarKey] Player "wiggy" (id=SgADkNjbGaUs8SauxTNPqYQENYs5GlEGD7NNksMh0hI= pos=<2294.682373, 111.719971, 5318.792480>) used the  ExpansionCarKey to unlock Truck_01_Covered_Blue (id=76E384C0BB4B2B24290EB7823CDA7F4F pos=<2292.635986, 111.705536, 5316.942383>)
09:38:08.519 [VehicleEnter] Player wiggy [uid=SgADkNjbGaUs8SauxTNPqYQENYs5GlEGD7NNksMh0hI=] entered vehicle M3S Covered (id=76E384C0BB4B2B24290EB7823CDA7F4F pos=<2292.635986, 111.705566, 5316.941895>) as driver
09:38:09.167 [Safezone] Player "[ADMIN]DrKilledByDeath" (id=spMEkRl42onhFHdF_u42e0T03x2sj347kUc600NXdGA= pos=<6621.798340, 27.389900, 3669.004395>) Entered the safezone
09:38:10.820 [VehicleEngine] Player wiggy [uid=SgADkNjbGaUs8SauxTNPqYQENYs5GlEGD7NNksMh0hI=] started vehicle M3S Covered (id=76E384C0BB4B2B24290EB7823CDA7F4F pos=<2292.635498, 111.705620, 5316.941895>)
09:38:32.628 [VehicleLeave] Player wiggy [uid=SgADkNjbGaUs8SauxTNPqYQENYs5GlEGD7NNksMh0hI=] left vehicle M3S Covered (id=76E384C0BB4B2B24290EB7823CDA7F4F pos=<2304.309326, 111.699059, 5330.664063>)
09:39:23.667 [BaseRaiding] BBP_BDoor (<2290.077881, 111.707512, 5316.189453>) Code set by player "wiggy" (ID = "SgADkNjbGaUs8SauxTNPqYQENYs5GlEGD7NNksMh0hI=" at <2291.052490, 111.719978, 5318.121582>) and the code is 7477
09:39:39.429 [VehicleEnter] Player Slightly Crazed [uid=RjqUafmWjW9Q1BHza4n7WoZ_8uUWujoz2w-ciuQaZcs=] entered vehicle PONTIAC (rust) (id=180F5B32204A0D6D4EE595BE10DBA16D pos=<2301.147949, 111.678925, 5322.312988>) as driver
09:39:44.339 [VehicleEngine] Player Slightly Crazed [uid=RjqUafmWjW9Q1BHza4n7WoZ_8uUWujoz2w-ciuQaZcs=] started vehicle PONTIAC (rust) (id=180F5B32204A0D6D4EE595BE10DBA16D pos=<2301.147705, 111.678925, 5322.312988>)
09:39:51.609 [VehicleLeave] Player Slightly Crazed [uid=RjqUafmWjW9Q1BHza4n7WoZ_8uUWujoz2w-ciuQaZcs=] left vehicle PONTIAC (rust) (id=180F5B32204A0D6D4EE595BE10DBA16D pos=<2301.147949, 111.678932, 5322.312988>)
09:40:08.851 [VehicleEnter] Player wiggy [uid=SgADkNjbGaUs8SauxTNPqYQENYs5GlEGD7NNksMh0hI=] entered vehicle PONTIAC (rust) (id=180F5B32204A0D6D4EE595BE10DBA16D pos=<2301.147949, 111.678932, 5322.312988>) as driver
09:40:18.851 [VehicleEngine] Player wiggy [uid=SgADkNjbGaUs8SauxTNPqYQENYs5GlEGD7NNksMh0hI=] started vehicle PONTIAC (rust) (id=180F5B32204A0D6D4EE595BE10DBA16D pos=<2301.147949, 111.678925, 5322.312988>)
09:40:22.750 [VehicleCarKey] Player "Hawk" (id=Vq9KG5wXnlxiAZYi9EngBgzAagT-q5gfv9gcAfd4zA4= pos=<1717.336548, 108.994087, 5211.356445>) paired a  ExpansionCarKey to CivilianSedan_Black (id=F21BBEC70541FAFFD71C1DB57F7DA208 pos=<1716.845947, 109.007874, 5209.194336>)
09:41:38.656 [VehicleLeave] Player wiggy [uid=SgADkNjbGaUs8SauxTNPqYQENYs5GlEGD7NNksMh0hI=] left vehicle PONTIAC (rust) (id=180F5B32204A0D6D4EE595BE10DBA16D pos=<1725.093994, 109.603271, 5202.576172>)
09:41:38.972 [VehicleEnter] Player Hawk [uid=Vq9KG5wXnlxiAZYi9EngBgzAagT-q5gfv9gcAfd4zA4=] entered vehicle Olga 24 (id=F21BBEC70541FAFFD71C1DB57F7DA208 pos=<1716.826172, 109.006569, 5209.194336>) as driver
09:42:11.539 [VehicleEngine] Player Hawk [uid=Vq9KG5wXnlxiAZYi9EngBgzAagT-q5gfv9gcAfd4zA4=] started vehicle Olga 24 (id=F21BBEC70541FAFFD71C1DB57F7DA208 pos=<1716.400513, 108.978134, 5209.193359>)
09:42:26.257 [VehicleEnter] Player wiggy [uid=SgADkNjbGaUs8SauxTNPqYQENYs5GlEGD7NNksMh0hI=] entered vehicle PONTIAC (rust) (id=180F5B32204A0D6D4EE595BE10DBA16D pos=<1725.093872, 109.603271, 5202.576172>) as driver
09:42:29.265 [VehicleEngine] Player wiggy [uid=SgADkNjbGaUs8SauxTNPqYQENYs5GlEGD7NNksMh0hI=] started vehicle PONTIAC (rust) (id=180F5B32204A0D6D4EE595BE10DBA16D pos=<1724.970459, 109.613609, 5202.108887>)
09:43:56.652 [VehicleLeave] Player wiggy [uid=SgADkNjbGaUs8SauxTNPqYQENYs5GlEGD7NNksMh0hI=] left vehicle PONTIAC (rust) (id=180F5B32204A0D6D4EE595BE10DBA16D pos=<2302.296143, 111.654922, 5319.964844>)
09:43:56.980 [VehicleLeave] Player Hawk [uid=Vq9KG5wXnlxiAZYi9EngBgzAagT-q5gfv9gcAfd4zA4=] left vehicle Olga 24 (id=F21BBEC70541FAFFD71C1DB57F7DA208 pos=<2291.874756, 112.244919, 5290.977539>)
09:44:04.863 [VehicleCarKey] Player "Hawk" (id=Vq9KG5wXnlxiAZYi9EngBgzAagT-q5gfv9gcAfd4zA4= pos=<2293.941406, 112.257210, 5289.786621>) used the  ExpansionCarKey to lock CivilianSedan_Black (id=F21BBEC70541FAFFD71C1DB57F7DA208 pos=<2291.874512, 112.244926, 5290.977539>)
09:44:26.468 [Safezone] Player "[ADMIN]DrKilledByDeath" (id=spMEkRl42onhFHdF_u42e0T03x2sj347kUc600NXdGA= pos=<6621.597656, 27.372679, 3669.070801>) Entered the safezone
09:44:26.476 [Expansion Quests] - InitQuestSystemClient - Loaded existing player quest data for player with UID: spMEkRl42onhFHdF_u42e0T03x2sj347kUc600NXdGA=
09:44:26.476 [Expansion Quests] - LoadGroupQuestData - Got cached group quest data for group with ID: -1
09:44:55.648 [Safezone] Player "[ADMIN]DrKilledByDeath" (id=spMEkRl42onhFHdF_u42e0T03x2sj347kUc600NXdGA= pos=<8501.456055, 21.105757, 5142.627441>) Left the safezone
09:45:40.312 [AdminTools] Player "[ADMIN]DrKilledByDeath" (id=spMEkRl42onhFHdF_u42e0T03x2sj347kUc600NXdGA= pos=<8487.014648, 21.046194, 5057.754883>) used the  ExpansionCarAdminKey to unlock SUV (id=7F479247EF45DED11822B99E909D85DE pos=<8488.616211, 20.712299, 5055.153320>)
09:46:19.531 [VehicleEnter] Player Slightly Crazed [uid=RjqUafmWjW9Q1BHza4n7WoZ_8uUWujoz2w-ciuQaZcs=] entered vehicle PONTIAC (rust) (id=180F5B32204A0D6D4EE595BE10DBA16D pos=<2302.296143, 111.654938, 5319.964844>) as driver
09:46:23.390 [VehicleEngine] Player Slightly Crazed [uid=RjqUafmWjW9Q1BHza4n7WoZ_8uUWujoz2w-ciuQaZcs=] started vehicle PONTIAC (rust) (id=180F5B32204A0D6D4EE595BE10DBA16D pos=<2302.296143, 111.654938, 5319.964844>)
09:46:35.214 [AdminTools] Player "[ADMIN]DrKilledByDeath" (id=spMEkRl42onhFHdF_u42e0T03x2sj347kUc600NXdGA= pos=<8486.155273, 21.051632, 5057.867676>) used the Admin CarKey to unpair SUV (id=7F479247EF45DED11822B99E909D85DE pos=<8488.638672, 20.928617, 5055.123047>)
09:46:43.187 [AdminTools] Player "[ADMIN]DrKilledByDeath" (id=spMEkRl42onhFHdF_u42e0T03x2sj347kUc600NXdGA= pos=<8486.584961, 21.036495, 5057.506348>) used the  ExpansionCarAdminKey to lock SUV (id=7F479247EF45DED11822B99E909D85DE pos=<8488.638672, 20.928617, 5055.123047>)
09:46:47.476 [VehicleLeave] Player Slightly Crazed [uid=RjqUafmWjW9Q1BHza4n7WoZ_8uUWujoz2w-ciuQaZcs=] left vehicle PONTIAC (rust) (id=180F5B32204A0D6D4EE595BE10DBA16D pos=<2294.876953, 112.227249, 5298.075684>)
09:48:00.148 [AdminTools] Player "[ADMIN]DrKilledByDeath" (id=spMEkRl42onhFHdF_u42e0T03x2sj347kUc600NXdGA= pos=<8487.656250, 21.011618, 5056.921387>) used the  ExpansionCarAdminKey to unlock SUV (id=7F479247EF45DED11822B99E909D85DE pos=<8488.638672, 20.928617, 5055.123047>)
09:48:08.441 [BaseRaiding] BBP_SGate (<2303.850586, 112.213181, 5310.680664>) Code set by player "wiggy" (ID = "SgADkNjbGaUs8SauxTNPqYQENYs5GlEGD7NNksMh0hI=" at <2303.152344, 112.253502, 5308.953125>) and the code is 7477
09:48:42.289 [AdminTools] Player "[ADMIN]DrKilledByDeath" (id=spMEkRl42onhFHdF_u42e0T03x2sj347kUc600NXdGA= pos=<8485.214844, 21.031281, 5057.345215>) used the Admin CarKey to unpair SUV (id=7F479247EF45DED11822B99E909D85DE pos=<8488.638672, 20.928617, 5055.123047>)
09:51:53.988 [VehicleCarKey] Player "HEAVYTECH" (id=ZvFB4Iq7S3xLir1St-aloNDPJctjdiPr_rmh75OZDwY= pos=<8490.827148, 21.111288, 5059.445313>) paired a  ExpansionCarKey to SUV (id=7F479247EF45DED11822B99E909D85DE pos=<8488.638672, 20.928617, 5055.123047>)
09:52:59.246 [Party] Player "wiggy" (id=SgADkNjbGaUs8SauxTNPqYQENYs5GlEGD7NNksMh0hI=) left the party "GRUMPY OLD GITS" (id=2 ownerUID=SgADkNjbGaUs8SauxTNPqYQENYs5GlEGD7NNksMh0hI= ownerName=wiggy)
09:53:16.339 [VehicleEnter] Player Hawk [uid=Vq9KG5wXnlxiAZYi9EngBgzAagT-q5gfv9gcAfd4zA4=] entered vehicle M3S Covered (id=76E384C0BB4B2B24290EB7823CDA7F4F pos=<2304.309082, 111.699066, 5330.664551>) as driver
09:53:19.890 [VehicleEngine] Player Hawk [uid=Vq9KG5wXnlxiAZYi9EngBgzAagT-q5gfv9gcAfd4zA4=] started vehicle M3S Covered (id=76E384C0BB4B2B24290EB7823CDA7F4F pos=<2304.308594, 111.699081, 5330.664551>)
09:53:58.261 [VehicleLeave] Player Hawk [uid=Vq9KG5wXnlxiAZYi9EngBgzAagT-q5gfv9gcAfd4zA4=] left vehicle M3S Covered (id=76E384C0BB4B2B24290EB7823CDA7F4F pos=<2318.343018, 111.699059, 5341.638184>)
09:54:21.691 [VehicleEnter] Player Hawk [uid=Vq9KG5wXnlxiAZYi9EngBgzAagT-q5gfv9gcAfd4zA4=] entered vehicle M3S Covered (id=76E384C0BB4B2B24290EB7823CDA7F4F pos=<2318.342773, 111.699066, 5341.638184>) as driver
09:54:23.589 [VehicleEngine] Player Hawk [uid=Vq9KG5wXnlxiAZYi9EngBgzAagT-q5gfv9gcAfd4zA4=] started vehicle M3S Covered (id=76E384C0BB4B2B24290EB7823CDA7F4F pos=<2318.342773, 111.699066, 5341.638184>)
09:55:18.171 [VehicleLeave] Player Hawk [uid=Vq9KG5wXnlxiAZYi9EngBgzAagT-q5gfv9gcAfd4zA4=] left vehicle M3S Covered (id=76E384C0BB4B2B24290EB7823CDA7F4F pos=<2315.865967, 111.057465, 5300.371094>)
09:56:31.984 [VehicleCarKey] Player "Hawk" (id=Vq9KG5wXnlxiAZYi9EngBgzAagT-q5gfv9gcAfd4zA4= pos=<2312.800781, 111.216927, 5299.761719>) used the  ExpansionCarKey to lock Truck_01_Covered_Blue (id=76E384C0BB4B2B24290EB7823CDA7F4F pos=<2315.865967, 111.057526, 5300.371094>)
09:56:42.671 [VehicleCarKey] Player "Hawk" (id=Vq9KG5wXnlxiAZYi9EngBgzAagT-q5gfv9gcAfd4zA4= pos=<2312.927246, 111.219818, 5300.370117>) paired a  ExpansionCarKey to Truck_01_Covered_Blue (id=1966CD97564977A72D6E1E9FE55F4660 pos=<2311.497314, 111.252510, 5302.136719>)
09:56:45.609 [VehicleCarKey] Player "Hawk" (id=Vq9KG5wXnlxiAZYi9EngBgzAagT-q5gfv9gcAfd4zA4= pos=<2312.927246, 111.219818, 5300.370117>) used the  ExpansionCarKey to lock Truck_01_Covered_Blue (id=1966CD97564977A72D6E1E9FE55F4660 pos=<2311.497314, 111.252510, 5302.136719>)
09:56:50.332 [VehicleEnter] Player Hawk [uid=Vq9KG5wXnlxiAZYi9EngBgzAagT-q5gfv9gcAfd4zA4=] entered vehicle M3S Covered (Locked) (id=1966CD97564977A72D6E1E9FE55F4660 pos=<2311.497559, 111.252502, 5302.136719>) as driver
09:56:52.773 [VehicleEngine] Player Hawk [uid=Vq9KG5wXnlxiAZYi9EngBgzAagT-q5gfv9gcAfd4zA4=] started vehicle M3S Covered (Locked) (id=1966CD97564977A72D6E1E9FE55F4660 pos=<2311.497559, 111.252464, 5302.136719>)
09:56:56.906 [VehicleEngine] Player Hawk [uid=Vq9KG5wXnlxiAZYi9EngBgzAagT-q5gfv9gcAfd4zA4=] stopped vehicle M3S Covered (Locked) (id=1966CD97564977A72D6E1E9FE55F4660 pos=<2311.497803, 111.252541, 5302.136719>)
09:56:59.546 [VehicleLeave] Player Hawk [uid=Vq9KG5wXnlxiAZYi9EngBgzAagT-q5gfv9gcAfd4zA4=] left vehicle M3S Covered (Locked) (id=1966CD97564977A72D6E1E9FE55F4660 pos=<2311.498047, 111.252464, 5302.136719>)
09:57:25.601 [Party] Player "HEAVYTECH" (id=ZvFB4Iq7S3xLir1St-aloNDPJctjdiPr_rmh75OZDwY=) left the party "Servantsofares" (id=7 ownerUID=iTo8sT5I8_b86yF1DwFroON7Zj4Kq_gp0UA46l9HR-0= ownerName=Ares)
09:57:32.582 [VehicleEnter] Player Slightly Crazed [uid=RjqUafmWjW9Q1BHza4n7WoZ_8uUWujoz2w-ciuQaZcs=] entered vehicle M3S Covered (Locked) (id=1966CD97564977A72D6E1E9FE55F4660 pos=<2311.498047, 111.252434, 5302.136719>) as driver
09:57:35.343 [VehicleEngine] Player Slightly Crazed [uid=RjqUafmWjW9Q1BHza4n7WoZ_8uUWujoz2w-ciuQaZcs=] started vehicle M3S Covered (Locked) (id=1966CD97564977A72D6E1E9FE55F4660 pos=<2311.498291, 111.252441, 5302.136719>)
09:58:02.242 [Party] Player "HEAVYTECH" (id=ZvFB4Iq7S3xLir1St-aloNDPJctjdiPr_rmh75OZDwY=) joinded the party "Servantsofares" (id=7 ownerUID=iTo8sT5I8_b86yF1DwFroON7Zj4Kq_gp0UA46l9HR-0= ownerName=Ares)
09:58:02.250 [Expansion Quests] - InitQuestSystemClient - Loaded existing player quest data for player with UID: ZvFB4Iq7S3xLir1St-aloNDPJctjdiPr_rmh75OZDwY=
09:58:02.250 [Expansion Quests] - LoadGroupQuestData - Got cached group quest data for group with ID: 7
09:58:02.250 [Expansion Quests] - Create new quest instance for quest: 99 - Player UID: ZvFB4Iq7S3xLir1St-aloNDPJctjdiPr_rmh75OZDwY=
09:58:03.210 [Expansion Quests] - LoadGroupQuestData - Got cached group quest data for group with ID: 7
09:58:34.714 [VehicleCarKey] Player "Hawk" (id=Vq9KG5wXnlxiAZYi9EngBgzAagT-q5gfv9gcAfd4zA4= pos=<2305.495605, 111.324997, 5282.936035>) used the  ExpansionCarKey to unlock Truck_01_Covered_Blue (id=1966CD97564977A72D6E1E9FE55F4660 pos=<2303.330322, 111.459076, 5285.364746>)
09:59:25.378 [VehicleEngine] Player Slightly Crazed [uid=RjqUafmWjW9Q1BHza4n7WoZ_8uUWujoz2w-ciuQaZcs=] stopped vehicle M3S Covered (id=1966CD97564977A72D6E1E9FE55F4660 pos=<2301.799316, 111.635437, 5284.719727>)
09:59:28.726 [VehicleEnter] Player Slightly Crazed [uid=RjqUafmWjW9Q1BHza4n7WoZ_8uUWujoz2w-ciuQaZcs=] switched seats in vehicle M3S Covered (id=1966CD97564977A72D6E1E9FE55F4660 pos=<2301.799561, 111.635643, 5284.721191>) to passenger
09:59:37.117 [VehicleLeave] Player Slightly Crazed [uid=RjqUafmWjW9Q1BHza4n7WoZ_8uUWujoz2w-ciuQaZcs=] left vehicle M3S Covered (id=1966CD97564977A72D6E1E9FE55F4660 pos=<2301.800293, 111.635208, 5284.720703>)
09:59:40.375 [VehicleCarKey] Player "Hawk" (id=Vq9KG5wXnlxiAZYi9EngBgzAagT-q5gfv9gcAfd4zA4= pos=<2304.586426, 111.390480, 5284.837891>) used the  ExpansionCarKey to lock Truck_01_Covered_Blue (id=1966CD97564977A72D6E1E9FE55F4660 pos=<2301.800293, 111.635208, 5284.720703>)
10:00:13.136 [VehicleCarKey] Player "Slightly Crazed" (id=RjqUafmWjW9Q1BHza4n7WoZ_8uUWujoz2w-ciuQaZcs= pos=<2297.190430, 112.255775, 5297.324707>) used the  ExpansionCarKey to lock PONTIAC_rust (id=180F5B32204A0D6D4EE595BE10DBA16D pos=<2294.876953, 112.227242, 5298.075684>)
10:00:19.984 [VehicleCarKey] Player "HEAVYTECH" (id=ZvFB4Iq7S3xLir1St-aloNDPJctjdiPr_rmh75OZDwY= pos=<8490.589844, 21.123632, 5059.742676>) used the  ExpansionCarKey to lock SUV (id=7F479247EF45DED11822B99E909D85DE pos=<8488.638672, 20.928617, 5055.123047>)
10:02:19.226 [Party] Player "Hawk" (id=Vq9KG5wXnlxiAZYi9EngBgzAagT-q5gfv9gcAfd4zA4=) left the party "GRUMPY OLD GITS" (id=2 ownerUID=SgADkNjbGaUs8SauxTNPqYQENYs5GlEGD7NNksMh0hI= ownerName=wiggy)
10:02:49.085 [Party] Player "Slightly Crazed" (id=RjqUafmWjW9Q1BHza4n7WoZ_8uUWujoz2w-ciuQaZcs=) left the party "GRUMPY OLD GITS" (id=2 ownerUID=SgADkNjbGaUs8SauxTNPqYQENYs5GlEGD7NNksMh0hI= ownerName=wiggy)
10:05:38.250 [Party] Player "HEAVYTECH" (id=ZvFB4Iq7S3xLir1St-aloNDPJctjdiPr_rmh75OZDwY=) left the party "Servantsofares" (id=7 ownerUID=iTo8sT5I8_b86yF1DwFroON7Zj4Kq_gp0UA46l9HR-0= ownerName=Ares)
10:08:39.355 [Party] Player "Sharkparty" (id=2H7391gmOSCz4VnnBebcTth-2Sm4qjaSYaboxsOPA1Q=) left the party "Sharkparty" (id=6 ownerUID=2H7391gmOSCz4VnnBebcTth-2Sm4qjaSYaboxsOPA1Q= ownerName=Sharkparty)
10:08:41.968 [Party] Player "wiggy" (id=SgADkNjbGaUs8SauxTNPqYQENYs5GlEGD7NNksMh0hI=) joinded the party "GRUMPY OLD GITS" (id=2 ownerUID=SgADkNjbGaUs8SauxTNPqYQENYs5GlEGD7NNksMh0hI= ownerName=wiggy)
10:08:41.976 [Expansion Quests] - InitQuestSystemClient - Loaded existing player quest data for player with UID: SgADkNjbGaUs8SauxTNPqYQENYs5GlEGD7NNksMh0hI=
10:08:41.976 [Expansion Quests] - LoadGroupQuestData - Got cached group quest data for group with ID: 2
10:08:42.937 [Expansion Quests] - LoadGroupQuestData - Got cached group quest data for group with ID: 2
10:10:30.468 [Party] Player "Sharkparty" (id=2H7391gmOSCz4VnnBebcTth-2Sm4qjaSYaboxsOPA1Q=) joinded the party "Sharkparty" (id=6 ownerUID=2H7391gmOSCz4VnnBebcTth-2Sm4qjaSYaboxsOPA1Q= ownerName=Sharkparty)
10:10:30.472 [Expansion Quests] - InitQuestSystemClient - Loaded existing player quest data for player with UID: 2H7391gmOSCz4VnnBebcTth-2Sm4qjaSYaboxsOPA1Q=
10:10:30.472 [Expansion Quests] - LoadGroupQuestData - Got cached group quest data for group with ID: 6
10:10:30.472 [Expansion Quests] - Create new quest instance for quest: 55 - Player UID: 2H7391gmOSCz4VnnBebcTth-2Sm4qjaSYaboxsOPA1Q=
10:10:31.445 [Expansion Quests] - LoadGroupQuestData - Got cached group quest data for group with ID: 6
10:13:36.671 [VehicleDeleted] Truck_01_Covered_Blue (id=76E384C0BB4B2B24290EB7823CDA7F4F pos=<2315.865967, 111.057373, 5300.356445>)
10:13:36.671 [VehicleCover] Player "wiggy" (id=SgADkNjbGaUs8SauxTNPqYQENYs5GlEGD7NNksMh0hI= pos=<2315.232666, 111.007011, 5296.287598>) covered vehicle "Truck_01_Covered_Blue" (GlobalID=80000000800000008000000080000019 pos=<2315.865967, 111.057373, 5300.356445>)!
10:24:39.765 [Party] Player "wiggy" (id=SgADkNjbGaUs8SauxTNPqYQENYs5GlEGD7NNksMh0hI=) left the party "GRUMPY OLD GITS" (id=2 ownerUID=SgADkNjbGaUs8SauxTNPqYQENYs5GlEGD7NNksMh0hI= ownerName=wiggy)
10:27:28.226 [MissionAirdrop] An airdrop is heading towards "Base Camp Charlie" (pos=<2675.060059, 0.000000, 2487.120117> type=Random_BaseCampCharlie) with a ExpansionAirdropContainer_Medical
10:42:12.398 [Party] Player "HEAVYTECH" (id=ZvFB4Iq7S3xLir1St-aloNDPJctjdiPr_rmh75OZDwY=) joinded the party "Servantsofares" (id=7 ownerUID=iTo8sT5I8_b86yF1DwFroON7Zj4Kq_gp0UA46l9HR-0= ownerName=Ares)
10:42:12.398 [Expansion Quests] - InitQuestSystemClient - Loaded existing player quest data for player with UID: ZvFB4Iq7S3xLir1St-aloNDPJctjdiPr_rmh75OZDwY=
10:42:12.398 [Expansion Quests] - LoadGroupQuestData - Got cached group quest data for group with ID: 7
10:42:12.398 [Expansion Quests] - Create new quest instance for quest: 99 - Player UID: ZvFB4Iq7S3xLir1St-aloNDPJctjdiPr_rmh75OZDwY=
10:42:13.359 [Expansion Quests] - LoadGroupQuestData - Got cached group quest data for group with ID: 7
10:43:21.281 [VehicleCarKey] Player "HEAVYTECH" (id=ZvFB4Iq7S3xLir1St-aloNDPJctjdiPr_rmh75OZDwY= pos=<8489.474609, 21.132725, 5059.938965>) used the  ExpansionCarKey to unlock SUV (id=7F479247EF45DED11822B99E909D85DE pos=<8488.638672, 20.928617, 5055.123047>)
10:43:22.679 [VehicleCarKey] Player "HEAVYTECH" (id=ZvFB4Iq7S3xLir1St-aloNDPJctjdiPr_rmh75OZDwY= pos=<8489.474609, 21.132725, 5059.938965>) used the  ExpansionCarKey to lock SUV (id=7F479247EF45DED11822B99E909D85DE pos=<8488.638672, 20.928617, 5055.123047>)
10:43:24.046 [VehicleCarKey] Player "HEAVYTECH" (id=ZvFB4Iq7S3xLir1St-aloNDPJctjdiPr_rmh75OZDwY= pos=<8489.474609, 21.132725, 5059.938965>) used the  ExpansionCarKey to unlock SUV (id=7F479247EF45DED11822B99E909D85DE pos=<8488.638672, 20.928617, 5055.123047>)
10:48:16.828 [VehicleCarKey] Player "HEAVYTECH" (id=ZvFB4Iq7S3xLir1St-aloNDPJctjdiPr_rmh75OZDwY= pos=<8490.458984, 21.132927, 5059.967285>) used the  ExpansionCarKey to lock SUV (id=7F479247EF45DED11822B99E909D85DE pos=<8488.638672, 20.928617, 5055.123047>)
10:51:45.593 [VehicleCarKey] Player "HEAVYTECH" (id=ZvFB4Iq7S3xLir1St-aloNDPJctjdiPr_rmh75OZDwY= pos=<8486.652344, 21.084293, 5058.681641>) used the  ExpansionCarKey to unlock SUV (id=7F479247EF45DED11822B99E909D85DE pos=<8488.638672, 20.928617, 5055.123047>)
10:51:48.085 [VehicleCarKey] Player "HEAVYTECH" (id=ZvFB4Iq7S3xLir1St-aloNDPJctjdiPr_rmh75OZDwY= pos=<8489.656250, 21.134295, 5059.978027>) used the  ExpansionCarKey to lock SUV (id=7F479247EF45DED11822B99E909D85DE pos=<8488.638672, 20.928617, 5055.123047>)
10:51:49.085 [VehicleCarKey] Player "HEAVYTECH" (id=ZvFB4Iq7S3xLir1St-aloNDPJctjdiPr_rmh75OZDwY= pos=<8489.656250, 21.134295, 5059.978027>) used the  ExpansionCarKey to unlock SUV (id=7F479247EF45DED11822B99E909D85DE pos=<8488.638672, 20.928617, 5055.123047>)
10:54:02.585 [VehicleCarKey] Player "HEAVYTECH" (id=ZvFB4Iq7S3xLir1St-aloNDPJctjdiPr_rmh75OZDwY= pos=<8491.444336, 21.102985, 5059.256348>) used the  ExpansionCarKey to lock SUV (id=7F479247EF45DED11822B99E909D85DE pos=<8488.638672, 20.928617, 5055.123047>)
10:55:30.984 [VehicleCarKey] Player "HEAVYTECH" (id=ZvFB4Iq7S3xLir1St-aloNDPJctjdiPr_rmh75OZDwY= pos=<8488.228516, 21.060192, 5058.127930>) used the  ExpansionCarKey to unlock SUV (id=7F479247EF45DED11822B99E909D85DE pos=<8488.638672, 20.928617, 5055.123047>)
10:57:45.886 [VehicleCarKey] Player "HEAVYTECH" (id=ZvFB4Iq7S3xLir1St-aloNDPJctjdiPr_rmh75OZDwY= pos=<8487.713867, 21.070084, 5058.358398>) used the  ExpansionCarKey to lock SUV (id=7F479247EF45DED11822B99E909D85DE pos=<8488.638672, 20.928617, 5055.123047>)
10:57:57.562 [Party] Player "Sharkparty" (id=2H7391gmOSCz4VnnBebcTth-2Sm4qjaSYaboxsOPA1Q=) left the party "Sharkparty" (id=6 ownerUID=2H7391gmOSCz4VnnBebcTth-2Sm4qjaSYaboxsOPA1Q= ownerName=Sharkparty)
11:06:36.656 [VehicleCarKey] Player "HEAVYTECH" (id=ZvFB4Iq7S3xLir1St-aloNDPJctjdiPr_rmh75OZDwY= pos=<8491.508789, 20.989929, 5056.481934>) used the  ExpansionCarKey to unlock SUV (id=7F479247EF45DED11822B99E909D85DE pos=<8488.638672, 20.928617, 5055.123047>)
11:09:20.710 [VehicleCarKey] Player "HEAVYTECH" (id=ZvFB4Iq7S3xLir1St-aloNDPJctjdiPr_rmh75OZDwY= pos=<8491.478516, 21.002747, 5056.795898>) used the  ExpansionCarKey to lock SUV (id=7F479247EF45DED11822B99E909D85DE pos=<8488.638672, 20.928617, 5055.123047>)
11:22:54.664 [VehicleCarKey] Player "HEAVYTECH" (id=ZvFB4Iq7S3xLir1St-aloNDPJctjdiPr_rmh75OZDwY= pos=<8489.403320, 21.130051, 5059.871582>) used the  ExpansionCarKey to unlock SUV (id=7F479247EF45DED11822B99E909D85DE pos=<8488.638672, 20.928617, 5055.123047>)
11:25:49.195 [VehicleCarKey] Player "HEAVYTECH" (id=ZvFB4Iq7S3xLir1St-aloNDPJctjdiPr_rmh75OZDwY= pos=<8488.088867, 21.058123, 5058.073730>) used the  ExpansionCarKey to lock SUV (id=7F479247EF45DED11822B99E909D85DE pos=<8488.638672, 20.928617, 5055.123047>)
11:26:52.695 [VehicleCarKey] Player "HEAVYTECH" (id=ZvFB4Iq7S3xLir1St-aloNDPJctjdiPr_rmh75OZDwY= pos=<8490.866211, 20.908453, 5054.465820>) used the  ExpansionCarKey to unlock SUV (id=7F479247EF45DED11822B99E909D85DE pos=<8488.638672, 20.928617, 5055.123047>)
11:26:57.328 [VehicleEnter] Player HEAVYTECH [uid=ZvFB4Iq7S3xLir1St-aloNDPJctjdiPr_rmh75OZDwY=] entered vehicle SUV (id=7F479247EF45DED11822B99E909D85DE pos=<8488.637695, 20.928169, 5055.123535>) as driver
11:27:06.476 [VehicleEngine] Player HEAVYTECH [uid=ZvFB4Iq7S3xLir1St-aloNDPJctjdiPr_rmh75OZDwY=] started vehicle SUV (Locked) (id=7F479247EF45DED11822B99E909D85DE pos=<8488.637695, 20.928179, 5055.123535>)
11:28:39.710 [VehicleLeave] Player HEAVYTECH [uid=ZvFB4Iq7S3xLir1St-aloNDPJctjdiPr_rmh75OZDwY=] left vehicle SUV (id=7F479247EF45DED11822B99E909D85DE pos=<8361.717773, 62.281391, 5391.139160>)
11:28:41.875 [VehicleCarKey] Player "HEAVYTECH" (id=ZvFB4Iq7S3xLir1St-aloNDPJctjdiPr_rmh75OZDwY= pos=<8364.297852, 62.333332, 5389.273926>) used the  ExpansionCarKey to lock SUV (id=7F479247EF45DED11822B99E909D85DE pos=<8361.719727, 62.281483, 5391.137207>)
11:29:02.843 [VehicleCarKey] Player "HEAVYTECH" (id=ZvFB4Iq7S3xLir1St-aloNDPJctjdiPr_rmh75OZDwY= pos=<8362.947266, 62.416157, 5388.011230>) used the  ExpansionCarKey to unlock SUV (id=7F479247EF45DED11822B99E909D85DE pos=<8361.719727, 62.281483, 5391.137207>)
11:29:06.578 [VehicleEnter] Player HEAVYTECH [uid=ZvFB4Iq7S3xLir1St-aloNDPJctjdiPr_rmh75OZDwY=] entered vehicle SUV (id=7F479247EF45DED11822B99E909D85DE pos=<8361.722656, 62.281376, 5391.137207>) as driver
11:29:11.160 [VehicleEngine] Player HEAVYTECH [uid=ZvFB4Iq7S3xLir1St-aloNDPJctjdiPr_rmh75OZDwY=] started vehicle SUV (id=7F479247EF45DED11822B99E909D85DE pos=<8361.721680, 62.281319, 5391.138672>)
11:30:42.039 [VehicleLeave] Player HEAVYTECH [uid=ZvFB4Iq7S3xLir1St-aloNDPJctjdiPr_rmh75OZDwY=] left vehicle SUV (id=7F479247EF45DED11822B99E909D85DE pos=<7602.083984, 104.026176, 5131.447266>)
11:30:51.507 [VehicleCarKey] Player "HEAVYTECH" (id=ZvFB4Iq7S3xLir1St-aloNDPJctjdiPr_rmh75OZDwY= pos=<7603.448242, 103.491081, 5133.131348>) used the  ExpansionCarKey to lock SUV (id=7F479247EF45DED11822B99E909D85DE pos=<7602.081543, 104.026817, 5131.445801>)
11:52:55.089 [VehicleCarKey] Player "HEAVYTECH" (id=ZvFB4Iq7S3xLir1St-aloNDPJctjdiPr_rmh75OZDwY= pos=<7604.088867, 103.495728, 5132.398926>) used the  ExpansionCarKey to unlock SUV (id=7F479247EF45DED11822B99E909D85DE pos=<7602.081543, 104.026817, 5131.445801>)
11:53:04.890 [VehicleEnter] Player HEAVYTECH [uid=ZvFB4Iq7S3xLir1St-aloNDPJctjdiPr_rmh75OZDwY=] entered vehicle SUV (id=7F479247EF45DED11822B99E909D85DE pos=<7602.083008, 104.026421, 5131.446777>) as driver
11:53:22.949 [VehicleEngine] Player HEAVYTECH [uid=ZvFB4Iq7S3xLir1St-aloNDPJctjdiPr_rmh75OZDwY=] started vehicle SUV (Locked) (id=7F479247EF45DED11822B99E909D85DE pos=<7602.081543, 104.026909, 5131.445801>)
11:53:41.234 [MissionAirdrop] An airdrop is heading towards "Ocean Shores" (pos=<1322.369995, 0.000000, 948.588013> type=Random_OceanShores) with a ExpansionAirdropContainer_Basebuilding
11:54:39.437 [VehicleLeave] Player HEAVYTECH [uid=ZvFB4Iq7S3xLir1St-aloNDPJctjdiPr_rmh75OZDwY=] left vehicle SUV (id=7F479247EF45DED11822B99E909D85DE pos=<7314.359375, 114.821526, 5397.604492>)
