06:04:07.435 [Party] Player "Slightly Crazed" (id=RjqUafmWjW9Q1BHza4n7WoZ_8uUWujoz2w-ciuQaZcs=) joinded the party "GRUMPY OLD GITS" (id=2 ownerUID=SgADkNjbGaUs8SauxTNPqYQENYs5GlEGD7NNksMh0hI= ownerName=wiggy)
06:04:07.439 [Expansion Quests] - InitQuestSystemClient - Loaded existing player quest data for player with UID: RjqUafmWjW9Q1BHza4n7WoZ_8uUWujoz2w-ciuQaZcs=
06:04:07.439 [Expansion Quests] - LoadGroupQuestData - Loaded existing group quest data for group with ID: 2
06:04:07.441 [Expansion Quests] - Create new quest instance for quest: 32 - Player UID: RjqUafmWjW9Q1BHza4n7WoZ_8uUWujoz2w-ciuQaZcs=
06:04:07.441 [Expansion Quests] - Create new quest instance for quest: 31 - Player UID: RjqUafmWjW9Q1BHza4n7WoZ_8uUWujoz2w-ciuQaZcs=
06:04:08.390 [Expansion Quests] - LoadGroupQuestData - Got cached group quest data for group with ID: 2
06:05:11.828 [Party] Player "wiggy" (id=SgADkNjbGaUs8SauxTNPqYQENYs5GlEGD7NNksMh0hI=) joinded the party "GRUMPY OLD GITS" (id=2 ownerUID=SgADkNjbGaUs8SauxTNPqYQENYs5GlEGD7NNksMh0hI= ownerName=wiggy)
06:05:11.832 [Expansion Quests] - InitQuestSystemClient - Loaded existing player quest data for player with UID: SgADkNjbGaUs8SauxTNPqYQENYs5GlEGD7NNksMh0hI=
06:05:11.832 [Expansion Quests] - LoadGroupQuestData - Got cached group quest data for group with ID: 2
06:05:12.792 [Expansion Quests] - LoadGroupQuestData - Got cached group quest data for group with ID: 2
06:09:11.242 [MissionAirdrop] An airdrop is heading towards "Harvard" (pos=<5933.540039, 0.000000, 8281.790039> type=Random_Harvard) with a ExpansionAirdropContainer_Military
06:09:23.388 [Party] Player "Slightly Crazed" (id=RjqUafmWjW9Q1BHza4n7WoZ_8uUWujoz2w-ciuQaZcs=) left the party "GRUMPY OLD GITS" (id=2 ownerUID=SgADkNjbGaUs8SauxTNPqYQENYs5GlEGD7NNksMh0hI= ownerName=wiggy)
06:11:03.189 [Party] Player "Slightly Crazed" (id=RjqUafmWjW9Q1BHza4n7WoZ_8uUWujoz2w-ciuQaZcs=) joinded the party "GRUMPY OLD GITS" (id=2 ownerUID=SgADkNjbGaUs8SauxTNPqYQENYs5GlEGD7NNksMh0hI= ownerName=wiggy)
06:11:03.193 [Expansion Quests] - InitQuestSystemClient - Loaded existing player quest data for player with UID: RjqUafmWjW9Q1BHza4n7WoZ_8uUWujoz2w-ciuQaZcs=
06:11:03.195 [Expansion Quests] - LoadGroupQuestData - Got cached group quest data for group with ID: 2
06:11:03.195 [Expansion Quests] - Create new quest instance for quest: 32 - Player UID: RjqUafmWjW9Q1BHza4n7WoZ_8uUWujoz2w-ciuQaZcs=
06:11:03.195 [Expansion Quests] - Create new quest instance for quest: 31 - Player UID: RjqUafmWjW9Q1BHza4n7WoZ_8uUWujoz2w-ciuQaZcs=
06:11:04.150 [Expansion Quests] - LoadGroupQuestData - Got cached group quest data for group with ID: 2
06:21:18.144 [AI Patrol] Spawning 2 Orting bots at <5226.893066, 219.725449, 5016.181641>
06:33:39.404 [Party] Player "Slightly Crazed" (id=RjqUafmWjW9Q1BHza4n7WoZ_8uUWujoz2w-ciuQaZcs=) left the party "GRUMPY OLD GITS" (id=2 ownerUID=SgADkNjbGaUs8SauxTNPqYQENYs5GlEGD7NNksMh0hI= ownerName=wiggy)
06:35:25.216 [Party] Player "Slightly Crazed" (id=RjqUafmWjW9Q1BHza4n7WoZ_8uUWujoz2w-ciuQaZcs=) joinded the party "GRUMPY OLD GITS" (id=2 ownerUID=SgADkNjbGaUs8SauxTNPqYQENYs5GlEGD7NNksMh0hI= ownerName=wiggy)
06:35:25.222 [Expansion Quests] - InitQuestSystemClient - Loaded existing player quest data for player with UID: RjqUafmWjW9Q1BHza4n7WoZ_8uUWujoz2w-ciuQaZcs=
06:35:25.222 [Expansion Quests] - LoadGroupQuestData - Got cached group quest data for group with ID: 2
06:35:25.222 [Expansion Quests] - Create new quest instance for quest: 32 - Player UID: RjqUafmWjW9Q1BHza4n7WoZ_8uUWujoz2w-ciuQaZcs=
06:35:25.222 [Expansion Quests] - Create new quest instance for quest: 31 - Player UID: RjqUafmWjW9Q1BHza4n7WoZ_8uUWujoz2w-ciuQaZcs=
06:35:26.175 [Expansion Quests] - LoadGroupQuestData - Got cached group quest data for group with ID: 2
06:48:22.496 [Safezone] Player "Slightly Crazed" (id=RjqUafmWjW9Q1BHza4n7WoZ_8uUWujoz2w-ciuQaZcs= pos=<6583.569824, 21.519033, 3689.479004>) Entered the safezone
06:48:30.306 [Safezone] Player "wiggy" (id=SgADkNjbGaUs8SauxTNPqYQENYs5GlEGD7NNksMh0hI= pos=<6581.892578, 21.530907, 3689.344727>) Entered the safezone
06:49:06.533 [Expansion Quests] - CompleteQuest - Player with UID RjqUafmWjW9Q1BHza4n7WoZ_8uUWujoz2w-ciuQaZcs= has completed quest 31
06:49:06.535 [ATM] Player "wiggy" (id=SgADkNjbGaUs8SauxTNPqYQENYs5GlEGD7NNksMh0hI=) has deposited 26811 on his ATM account.
06:49:39.791 [Expansion Quests] - CompleteQuest - Player with UID RjqUafmWjW9Q1BHza4n7WoZ_8uUWujoz2w-ciuQaZcs= has completed quest 32
06:52:33.005 [ATM] Player "Slightly Crazed" (id=RjqUafmWjW9Q1BHza4n7WoZ_8uUWujoz2w-ciuQaZcs=) has deposited 200 on his ATM account.
06:54:25.792 [ATM] Player "wiggy" (id=SgADkNjbGaUs8SauxTNPqYQENYs5GlEGD7NNksMh0hI=) has withdrawn 26811 from his ATM account.
06:54:34.121 [Market] Player "wiggy" (id=SgADkNjbGaUs8SauxTNPqYQENYs5GlEGD7NNksMh0hI=) has send a requested to purchase expansioncarkey x1 from the trader "Vehicle_Parts (Lewis [VEHICLE PARTS])" in market zone "The Holler" (pos=<6614.000000, 0.000000, 3670.000000>).
06:54:34.257 [Market] Player "wiggy" (id=SgADkNjbGaUs8SauxTNPqYQENYs5GlEGD7NNksMh0hI=) has bought expansioncarkey x1 from the trader "Vehicle_Parts (Lewis [VEHICLE PARTS])" in market zone "The Holler" (pos=<6614.000000, 0.000000, 3670.000000>) for a price of 600.
06:54:45.595 [ATM] Player "wiggy" (id=SgADkNjbGaUs8SauxTNPqYQENYs5GlEGD7NNksMh0hI=) has deposited 26211 on his ATM account.
06:58:38.050 [ATM] Player "Slightly Crazed" (id=RjqUafmWjW9Q1BHza4n7WoZ_8uUWujoz2w-ciuQaZcs=) has withdrawn 1000 from his ATM account.
06:58:50.474 [Market] Player "Slightly Crazed" (id=RjqUafmWjW9Q1BHza4n7WoZ_8uUWujoz2w-ciuQaZcs=) has send a requested to purchase ammobox_556x45_20rnd x1 from the trader "Magazines (Oliver [AMMO & MAGAZINES])" in market zone "The Holler" (pos=<6614.000000, 0.000000, 3670.000000>).
06:58:50.750 [Market] Player "Slightly Crazed" (id=RjqUafmWjW9Q1BHza4n7WoZ_8uUWujoz2w-ciuQaZcs=) has bought ammobox_556x45_20rnd x1 from the trader "Magazines (Oliver [AMMO & MAGAZINES])" in market zone "The Holler" (pos=<6614.000000, 0.000000, 3670.000000>) for a price of 32.
06:58:51.181 [Market] Player "Slightly Crazed" (id=RjqUafmWjW9Q1BHza4n7WoZ_8uUWujoz2w-ciuQaZcs=) has send a requested to purchase ammobox_556x45_20rnd x1 from the trader "Magazines (Oliver [AMMO & MAGAZINES])" in market zone "The Holler" (pos=<6614.000000, 0.000000, 3670.000000>).
06:58:51.474 [Market] Player "Slightly Crazed" (id=RjqUafmWjW9Q1BHza4n7WoZ_8uUWujoz2w-ciuQaZcs=) has bought ammobox_556x45_20rnd x1 from the trader "Magazines (Oliver [AMMO & MAGAZINES])" in market zone "The Holler" (pos=<6614.000000, 0.000000, 3670.000000>) for a price of 32.
06:58:51.882 [Market] Player "Slightly Crazed" (id=RjqUafmWjW9Q1BHza4n7WoZ_8uUWujoz2w-ciuQaZcs=) has send a requested to purchase ammobox_556x45_20rnd x1 from the trader "Magazines (Oliver [AMMO & MAGAZINES])" in market zone "The Holler" (pos=<6614.000000, 0.000000, 3670.000000>).
06:58:52.306 [Market] Player "Slightly Crazed" (id=RjqUafmWjW9Q1BHza4n7WoZ_8uUWujoz2w-ciuQaZcs=) has bought ammobox_556x45_20rnd x1 from the trader "Magazines (Oliver [AMMO & MAGAZINES])" in market zone "The Holler" (pos=<6614.000000, 0.000000, 3670.000000>) for a price of 32.
06:58:52.542 [Market] Player "Slightly Crazed" (id=RjqUafmWjW9Q1BHza4n7WoZ_8uUWujoz2w-ciuQaZcs=) has send a requested to purchase ammobox_556x45_20rnd x1 from the trader "Magazines (Oliver [AMMO & MAGAZINES])" in market zone "The Holler" (pos=<6614.000000, 0.000000, 3670.000000>).
06:58:52.830 [Market] Player "Slightly Crazed" (id=RjqUafmWjW9Q1BHza4n7WoZ_8uUWujoz2w-ciuQaZcs=) has bought ammobox_556x45_20rnd x1 from the trader "Magazines (Oliver [AMMO & MAGAZINES])" in market zone "The Holler" (pos=<6614.000000, 0.000000, 3670.000000>) for a price of 32.
06:58:53.269 [Market] Player "Slightly Crazed" (id=RjqUafmWjW9Q1BHza4n7WoZ_8uUWujoz2w-ciuQaZcs=) has send a requested to purchase ammobox_556x45_20rnd x1 from the trader "Magazines (Oliver [AMMO & MAGAZINES])" in market zone "The Holler" (pos=<6614.000000, 0.000000, 3670.000000>).
06:58:53.582 [Market] Player "Slightly Crazed" (id=RjqUafmWjW9Q1BHza4n7WoZ_8uUWujoz2w-ciuQaZcs=) has bought ammobox_556x45_20rnd x1 from the trader "Magazines (Oliver [AMMO & MAGAZINES])" in market zone "The Holler" (pos=<6614.000000, 0.000000, 3670.000000>) for a price of 32.
06:59:00.363 [Market] Player "Slightly Crazed" (id=RjqUafmWjW9Q1BHza4n7WoZ_8uUWujoz2w-ciuQaZcs=) has send a requested to purchase ammobox_556x45_20rnd x1 from the trader "Magazines (Oliver [AMMO & MAGAZINES])" in market zone "The Holler" (pos=<6614.000000, 0.000000, 3670.000000>).
06:59:00.667 [Market] Player "Slightly Crazed" (id=RjqUafmWjW9Q1BHza4n7WoZ_8uUWujoz2w-ciuQaZcs=) has bought ammobox_556x45_20rnd x1 from the trader "Magazines (Oliver [AMMO & MAGAZINES])" in market zone "The Holler" (pos=<6614.000000, 0.000000, 3670.000000>) for a price of 32.
06:59:01.728 [Market] Player "Slightly Crazed" (id=RjqUafmWjW9Q1BHza4n7WoZ_8uUWujoz2w-ciuQaZcs=) has send a requested to purchase ammobox_556x45_20rnd x1 from the trader "Magazines (Oliver [AMMO & MAGAZINES])" in market zone "The Holler" (pos=<6614.000000, 0.000000, 3670.000000>).
06:59:01.980 [Market] Player "Slightly Crazed" (id=RjqUafmWjW9Q1BHza4n7WoZ_8uUWujoz2w-ciuQaZcs=) has bought ammobox_556x45_20rnd x1 from the trader "Magazines (Oliver [AMMO & MAGAZINES])" in market zone "The Holler" (pos=<6614.000000, 0.000000, 3670.000000>) for a price of 32.
06:59:06.294 [Market] Player "Slightly Crazed" (id=RjqUafmWjW9Q1BHza4n7WoZ_8uUWujoz2w-ciuQaZcs=) has send a requested to purchase ammobox_9x39ap_20rnd x1 from the trader "Magazines (Oliver [AMMO & MAGAZINES])" in market zone "The Holler" (pos=<6614.000000, 0.000000, 3670.000000>).
06:59:06.572 [Market] Player "Slightly Crazed" (id=RjqUafmWjW9Q1BHza4n7WoZ_8uUWujoz2w-ciuQaZcs=) has bought ammobox_9x39ap_20rnd x1 from the trader "Magazines (Oliver [AMMO & MAGAZINES])" in market zone "The Holler" (pos=<6614.000000, 0.000000, 3670.000000>) for a price of 64.
06:59:07.478 [Market] Player "Slightly Crazed" (id=RjqUafmWjW9Q1BHza4n7WoZ_8uUWujoz2w-ciuQaZcs=) has send a requested to purchase ammobox_9x39ap_20rnd x1 from the trader "Magazines (Oliver [AMMO & MAGAZINES])" in market zone "The Holler" (pos=<6614.000000, 0.000000, 3670.000000>).
06:59:07.755 [Market] Player "Slightly Crazed" (id=RjqUafmWjW9Q1BHza4n7WoZ_8uUWujoz2w-ciuQaZcs=) has bought ammobox_9x39ap_20rnd x1 from the trader "Magazines (Oliver [AMMO & MAGAZINES])" in market zone "The Holler" (pos=<6614.000000, 0.000000, 3670.000000>) for a price of 64.
06:59:09.068 [Market] Player "Slightly Crazed" (id=RjqUafmWjW9Q1BHza4n7WoZ_8uUWujoz2w-ciuQaZcs=) has send a requested to purchase ammobox_9x39ap_20rnd x1 from the trader "Magazines (Oliver [AMMO & MAGAZINES])" in market zone "The Holler" (pos=<6614.000000, 0.000000, 3670.000000>).
06:59:09.376 [Market] Player "Slightly Crazed" (id=RjqUafmWjW9Q1BHza4n7WoZ_8uUWujoz2w-ciuQaZcs=) has bought ammobox_9x39ap_20rnd x1 from the trader "Magazines (Oliver [AMMO & MAGAZINES])" in market zone "The Holler" (pos=<6614.000000, 0.000000, 3670.000000>) for a price of 64.
06:59:10.246 [Market] Player "Slightly Crazed" (id=RjqUafmWjW9Q1BHza4n7WoZ_8uUWujoz2w-ciuQaZcs=) has send a requested to purchase ammobox_9x39ap_20rnd x1 from the trader "Magazines (Oliver [AMMO & MAGAZINES])" in market zone "The Holler" (pos=<6614.000000, 0.000000, 3670.000000>).
06:59:10.523 [Market] Player "Slightly Crazed" (id=RjqUafmWjW9Q1BHza4n7WoZ_8uUWujoz2w-ciuQaZcs=) has bought ammobox_9x39ap_20rnd x1 from the trader "Magazines (Oliver [AMMO & MAGAZINES])" in market zone "The Holler" (pos=<6614.000000, 0.000000, 3670.000000>) for a price of 64.
06:59:11.361 [Market] Player "Slightly Crazed" (id=RjqUafmWjW9Q1BHza4n7WoZ_8uUWujoz2w-ciuQaZcs=) has send a requested to purchase ammobox_9x39ap_20rnd x1 from the trader "Magazines (Oliver [AMMO & MAGAZINES])" in market zone "The Holler" (pos=<6614.000000, 0.000000, 3670.000000>).
06:59:11.623 [Market] Player "Slightly Crazed" (id=RjqUafmWjW9Q1BHza4n7WoZ_8uUWujoz2w-ciuQaZcs=) has bought ammobox_9x39ap_20rnd x1 from the trader "Magazines (Oliver [AMMO & MAGAZINES])" in market zone "The Holler" (pos=<6614.000000, 0.000000, 3670.000000>) for a price of 64.
06:59:12.017 [Market] Player "Slightly Crazed" (id=RjqUafmWjW9Q1BHza4n7WoZ_8uUWujoz2w-ciuQaZcs=) has send a requested to purchase ammobox_9x39ap_20rnd x1 from the trader "Magazines (Oliver [AMMO & MAGAZINES])" in market zone "The Holler" (pos=<6614.000000, 0.000000, 3670.000000>).
06:59:12.285 [Market] Player "Slightly Crazed" (id=RjqUafmWjW9Q1BHza4n7WoZ_8uUWujoz2w-ciuQaZcs=) has bought ammobox_9x39ap_20rnd x1 from the trader "Magazines (Oliver [AMMO & MAGAZINES])" in market zone "The Holler" (pos=<6614.000000, 0.000000, 3670.000000>) for a price of 64.
06:59:19.722 [ATM] Player "Slightly Crazed" (id=RjqUafmWjW9Q1BHza4n7WoZ_8uUWujoz2w-ciuQaZcs=) has deposited 392 on his ATM account.
07:04:57.923 [Party] Player "wiggy" (id=SgADkNjbGaUs8SauxTNPqYQENYs5GlEGD7NNksMh0hI=) left the party "GRUMPY OLD GITS" (id=2 ownerUID=SgADkNjbGaUs8SauxTNPqYQENYs5GlEGD7NNksMh0hI= ownerName=wiggy)
07:07:13.460 [Safezone] Player "wiggy" (id=SgADkNjbGaUs8SauxTNPqYQENYs5GlEGD7NNksMh0hI= pos=<6623.589355, 21.492956, 3671.781494>) Entered the safezone
07:07:13.460 [Party] Player "wiggy" (id=SgADkNjbGaUs8SauxTNPqYQENYs5GlEGD7NNksMh0hI=) joinded the party "GRUMPY OLD GITS" (id=2 ownerUID=SgADkNjbGaUs8SauxTNPqYQENYs5GlEGD7NNksMh0hI= ownerName=wiggy)
07:07:13.464 [Expansion Quests] - InitQuestSystemClient - Loaded existing player quest data for player with UID: SgADkNjbGaUs8SauxTNPqYQENYs5GlEGD7NNksMh0hI=
07:07:13.464 [Expansion Quests] - LoadGroupQuestData - Got cached group quest data for group with ID: 2
07:07:14.416 [Expansion Quests] - LoadGroupQuestData - Got cached group quest data for group with ID: 2
07:11:16.824 [Safezone] Player "Slightly Crazed" (id=RjqUafmWjW9Q1BHza4n7WoZ_8uUWujoz2w-ciuQaZcs= pos=<6641.104492, 21.266167, 3637.701904>) Entered the safezone
07:17:10.738 [ATM] Player "wiggy" (id=SgADkNjbGaUs8SauxTNPqYQENYs5GlEGD7NNksMh0hI=) has withdrawn 26211 from his ATM account.
07:17:24.382 [Market] Player "wiggy" (id=SgADkNjbGaUs8SauxTNPqYQENYs5GlEGD7NNksMh0hI=) has send a requested to purchase ammobox_556x45_20rnd x1 from the trader "Magazines (Oliver [AMMO & MAGAZINES])" in market zone "The Holler" (pos=<6614.000000, 0.000000, 3670.000000>).
07:17:24.558 [Market] Player "wiggy" (id=SgADkNjbGaUs8SauxTNPqYQENYs5GlEGD7NNksMh0hI=) has bought ammobox_556x45_20rnd x1 from the trader "Magazines (Oliver [AMMO & MAGAZINES])" in market zone "The Holler" (pos=<6614.000000, 0.000000, 3670.000000>) for a price of 32.
07:17:25.615 [Market] Player "wiggy" (id=SgADkNjbGaUs8SauxTNPqYQENYs5GlEGD7NNksMh0hI=) has send a requested to purchase ammobox_556x45_20rnd x1 from the trader "Magazines (Oliver [AMMO & MAGAZINES])" in market zone "The Holler" (pos=<6614.000000, 0.000000, 3670.000000>).
07:17:25.824 [Market] Player "wiggy" (id=SgADkNjbGaUs8SauxTNPqYQENYs5GlEGD7NNksMh0hI=) has bought ammobox_556x45_20rnd x1 from the trader "Magazines (Oliver [AMMO & MAGAZINES])" in market zone "The Holler" (pos=<6614.000000, 0.000000, 3670.000000>) for a price of 32.
07:17:26.906 [Market] Player "wiggy" (id=SgADkNjbGaUs8SauxTNPqYQENYs5GlEGD7NNksMh0hI=) has send a requested to purchase ammobox_556x45_20rnd x1 from the trader "Magazines (Oliver [AMMO & MAGAZINES])" in market zone "The Holler" (pos=<6614.000000, 0.000000, 3670.000000>).
07:17:27.091 [Market] Player "wiggy" (id=SgADkNjbGaUs8SauxTNPqYQENYs5GlEGD7NNksMh0hI=) has bought ammobox_556x45_20rnd x1 from the trader "Magazines (Oliver [AMMO & MAGAZINES])" in market zone "The Holler" (pos=<6614.000000, 0.000000, 3670.000000>) for a price of 32.
07:17:28.054 [Market] Player "wiggy" (id=SgADkNjbGaUs8SauxTNPqYQENYs5GlEGD7NNksMh0hI=) has send a requested to purchase ammobox_556x45_20rnd x1 from the trader "Magazines (Oliver [AMMO & MAGAZINES])" in market zone "The Holler" (pos=<6614.000000, 0.000000, 3670.000000>).
07:17:28.207 [Market] Player "wiggy" (id=SgADkNjbGaUs8SauxTNPqYQENYs5GlEGD7NNksMh0hI=) has bought ammobox_556x45_20rnd x1 from the trader "Magazines (Oliver [AMMO & MAGAZINES])" in market zone "The Holler" (pos=<6614.000000, 0.000000, 3670.000000>) for a price of 32.
07:17:29.171 [Market] Player "wiggy" (id=SgADkNjbGaUs8SauxTNPqYQENYs5GlEGD7NNksMh0hI=) has send a requested to purchase ammobox_556x45_20rnd x1 from the trader "Magazines (Oliver [AMMO & MAGAZINES])" in market zone "The Holler" (pos=<6614.000000, 0.000000, 3670.000000>).
07:17:29.353 [Market] Player "wiggy" (id=SgADkNjbGaUs8SauxTNPqYQENYs5GlEGD7NNksMh0hI=) has bought ammobox_556x45_20rnd x1 from the trader "Magazines (Oliver [AMMO & MAGAZINES])" in market zone "The Holler" (pos=<6614.000000, 0.000000, 3670.000000>) for a price of 32.
07:17:32.927 [Market] Player "wiggy" (id=SgADkNjbGaUs8SauxTNPqYQENYs5GlEGD7NNksMh0hI=) has send a requested to purchase ammobox_556x45_20rnd x1 from the trader "Magazines (Oliver [AMMO & MAGAZINES])" in market zone "The Holler" (pos=<6614.000000, 0.000000, 3670.000000>).
07:17:33.109 [Market] Player "wiggy" (id=SgADkNjbGaUs8SauxTNPqYQENYs5GlEGD7NNksMh0hI=) has bought ammobox_556x45_20rnd x1 from the trader "Magazines (Oliver [AMMO & MAGAZINES])" in market zone "The Holler" (pos=<6614.000000, 0.000000, 3670.000000>) for a price of 32.
07:17:41.431 [ATM] Player "wiggy" (id=SgADkNjbGaUs8SauxTNPqYQENYs5GlEGD7NNksMh0hI=) has deposited 26019 on his ATM account.
07:21:37.310 [Expansion Quests] - CreateQuestInstance - Created new quest instance for with instance key RjqUafmWjW9Q1BHza4n7WoZ_8uUWujoz2w-ciuQaZcs= for quest 55
07:21:49.919 [Expansion Quests] - CreateQuestInstance - Created new quest instance for with instance key SgADkNjbGaUs8SauxTNPqYQENYs5GlEGD7NNksMh0hI= for quest 55
07:22:52.103 [Safezone] Player "Slightly Crazed" (id=RjqUafmWjW9Q1BHza4n7WoZ_8uUWujoz2w-ciuQaZcs= pos=<6665.763184, 22.518435, 3713.574707>) Left the safezone
07:22:56.431 [Safezone] Player "wiggy" (id=SgADkNjbGaUs8SauxTNPqYQENYs5GlEGD7NNksMh0hI= pos=<6673.149902, 22.920601, 3728.920166>) Left the safezone
07:35:19.253 [MissionAirdrop] An airdrop is heading towards "Sweet Water" (pos=<4663.779785, 0.000000, 9148.309570> type=Random_SweetWater) with a ExpansionAirdropContainer_Military
07:50:06.519 [Party] Player "Hawk" (id=Vq9KG5wXnlxiAZYi9EngBgzAagT-q5gfv9gcAfd4zA4=) joinded the party "GRUMPY OLD GITS" (id=2 ownerUID=SgADkNjbGaUs8SauxTNPqYQENYs5GlEGD7NNksMh0hI= ownerName=wiggy)
07:50:06.535 [Expansion Quests] - InitQuestSystemClient - Loaded existing player quest data for player with UID: Vq9KG5wXnlxiAZYi9EngBgzAagT-q5gfv9gcAfd4zA4=
07:50:06.535 [Expansion Quests] - LoadGroupQuestData - Got cached group quest data for group with ID: 2
07:50:07.488 [Expansion Quests] - LoadGroupQuestData - Got cached group quest data for group with ID: 2
08:09:24.277 [AI Patrol] Spawning 2 Vagabond Army bots at <3368.739502, 99.884567, 7994.626953>
08:35:45.859 [Party] Player "Mac" (id=M29Lb4bPdxyF3qJn9gUU0MA3ayqGZ1rIA6b3xR-gJ7Q=) joinded the party "Reaper" (id=4 ownerUID=ebo0O4yOjYkK486s9SoqLuFc3tRe1vP1S2eE1IJxhV4= ownerName=Lou Sassole)
08:35:45.875 [Expansion Quests] - InitQuestSystemClient - Loaded existing player quest data for player with UID: M29Lb4bPdxyF3qJn9gUU0MA3ayqGZ1rIA6b3xR-gJ7Q=
08:35:45.875 [Expansion Quests] - LoadGroupQuestData - Loaded existing group quest data for group with ID: 4
08:35:45.875 [Expansion Quests] - Create new quest instance for quest: 99 - Player UID: M29Lb4bPdxyF3qJn9gUU0MA3ayqGZ1rIA6b3xR-gJ7Q=
08:35:46.826 [Expansion Quests] - LoadGroupQuestData - Got cached group quest data for group with ID: 4
08:49:25.099 [Party] Player "Lou Sassole" (id=ebo0O4yOjYkK486s9SoqLuFc3tRe1vP1S2eE1IJxhV4=) joinded the party "Reaper" (id=4 ownerUID=ebo0O4yOjYkK486s9SoqLuFc3tRe1vP1S2eE1IJxhV4= ownerName=Lou Sassole)
08:49:25.109 [Expansion Quests] - InitQuestSystemClient - Loaded existing player quest data for player with UID: ebo0O4yOjYkK486s9SoqLuFc3tRe1vP1S2eE1IJxhV4=
08:49:25.109 [Expansion Quests] - LoadGroupQuestData - Got cached group quest data for group with ID: 4
08:49:26.070 [Expansion Quests] - LoadGroupQuestData - Got cached group quest data for group with ID: 4
08:50:48.652 [VehicleEnter] Player Hawk [uid=Vq9KG5wXnlxiAZYi9EngBgzAagT-q5gfv9gcAfd4zA4=] entered vehicle Sarka 120 (id=F975EA7A014F87A9ACE21CB98AD43648 pos=<6046.481445, 35.891594, 9759.739258>) as driver
08:50:53.128 [VehicleLeave] Player Hawk [uid=Vq9KG5wXnlxiAZYi9EngBgzAagT-q5gfv9gcAfd4zA4=] left vehicle Sarka 120 (id=F975EA7A014F87A9ACE21CB98AD43648 pos=<6046.481445, 35.891556, 9759.739258>)
08:52:55.664 [VehicleEnter] Player Slightly Crazed [uid=RjqUafmWjW9Q1BHza4n7WoZ_8uUWujoz2w-ciuQaZcs=] entered vehicle Sarka 120 (id=F975EA7A014F87A9ACE21CB98AD43648 pos=<6046.481445, 35.891590, 9759.739258>) as driver
08:52:57.511 [VehicleEngine] Player Slightly Crazed [uid=RjqUafmWjW9Q1BHza4n7WoZ_8uUWujoz2w-ciuQaZcs=] started vehicle Sarka 120 (id=F975EA7A014F87A9ACE21CB98AD43648 pos=<6046.481445, 35.891537, 9759.739258>)
08:53:49.937 [VehicleEnter] Player Hawk [uid=Vq9KG5wXnlxiAZYi9EngBgzAagT-q5gfv9gcAfd4zA4=] entered vehicle Sarka 120 (id=F975EA7A014F87A9ACE21CB98AD43648 pos=<6049.375000, 35.716759, 9775.357422>) as passenger
08:55:19.226 [VehicleLeave] Player Hawk [uid=Vq9KG5wXnlxiAZYi9EngBgzAagT-q5gfv9gcAfd4zA4=] left vehicle Sarka 120 (id=F975EA7A014F87A9ACE21CB98AD43648 pos=<6817.165039, 35.716766, 9584.385742>)
08:56:42.033 [VehicleLeave] Player Slightly Crazed [uid=RjqUafmWjW9Q1BHza4n7WoZ_8uUWujoz2w-ciuQaZcs=] left vehicle Sarka 120 (id=F975EA7A014F87A9ACE21CB98AD43648 pos=<7123.611816, 35.716759, 9620.188477>)
08:57:22.939 [VehicleEnter] Player Slightly Crazed [uid=RjqUafmWjW9Q1BHza4n7WoZ_8uUWujoz2w-ciuQaZcs=] entered vehicle Sarka 120 (id=F975EA7A014F87A9ACE21CB98AD43648 pos=<7123.611328, 35.716743, 9620.188477>) as driver
08:57:24.476 [VehicleEngine] Player Slightly Crazed [uid=RjqUafmWjW9Q1BHza4n7WoZ_8uUWujoz2w-ciuQaZcs=] started vehicle Sarka 120 (id=F975EA7A014F87A9ACE21CB98AD43648 pos=<7123.611328, 35.716705, 9620.188477>)
08:57:34.140 [VehicleEnter] Player Hawk [uid=Vq9KG5wXnlxiAZYi9EngBgzAagT-q5gfv9gcAfd4zA4=] entered vehicle Sarka 120 (id=F975EA7A014F87A9ACE21CB98AD43648 pos=<7123.615234, 35.716782, 9620.184570>) as passenger
08:57:36.203 [VehicleEnter] Player wiggy [uid=SgADkNjbGaUs8SauxTNPqYQENYs5GlEGD7NNksMh0hI=] entered vehicle Sarka 120 (id=F975EA7A014F87A9ACE21CB98AD43648 pos=<7123.776367, 35.717339, 9620.048828>) as passenger
09:07:22.136 [VehicleLeave] Player Hawk [uid=Vq9KG5wXnlxiAZYi9EngBgzAagT-q5gfv9gcAfd4zA4=] left vehicle Sarka 120 (id=F975EA7A014F87A9ACE21CB98AD43648 pos=<4483.972168, 194.063202, 7320.984863>)
09:07:22.289 [VehicleLeave] Player Slightly Crazed [uid=RjqUafmWjW9Q1BHza4n7WoZ_8uUWujoz2w-ciuQaZcs=] left vehicle Sarka 120 (id=F975EA7A014F87A9ACE21CB98AD43648 pos=<4483.973633, 194.062988, 7320.984863>)
09:07:25.714 [VehicleLeave] Player wiggy [uid=SgADkNjbGaUs8SauxTNPqYQENYs5GlEGD7NNksMh0hI=] left vehicle Sarka 120 (id=F975EA7A014F87A9ACE21CB98AD43648 pos=<4483.973145, 194.063187, 7320.984863>)
09:12:14.117 [VehicleEnter] Player Slightly Crazed [uid=RjqUafmWjW9Q1BHza4n7WoZ_8uUWujoz2w-ciuQaZcs=] entered vehicle M3S Covered (id=BA6B9303E6436A63EBF493900E1B11D1 pos=<4470.774414, 191.601273, 7409.882813>) as driver
09:12:17.871 [VehicleEngine] Player Slightly Crazed [uid=RjqUafmWjW9Q1BHza4n7WoZ_8uUWujoz2w-ciuQaZcs=] started vehicle M3S Covered (id=BA6B9303E6436A63EBF493900E1B11D1 pos=<4470.773438, 191.601227, 7409.882813>)
09:13:26.828 [VehicleLeave] Player Slightly Crazed [uid=RjqUafmWjW9Q1BHza4n7WoZ_8uUWujoz2w-ciuQaZcs=] left vehicle M3S Covered (id=BA6B9303E6436A63EBF493900E1B11D1 pos=<4192.084961, 188.154465, 7331.297852>)
09:15:07.359 [Territory] Player "wiggy" (id=SgADkNjbGaUs8SauxTNPqYQENYs5GlEGD7NNksMh0hI=) created territory wokawoka tribe at <4176.607910, 186.396988, 7335.740234>
09:16:24.257 [Territory] Player "Hawk" (id=Vq9KG5wXnlxiAZYi9EngBgzAagT-q5gfv9gcAfd4zA4= pos=<4196.315918, 188.756699, 7331.052734>) was invited to join the territory wokawoka tribe at <4176.607910, 186.396988, 7335.740234> by the player "wiggy" (id=SgADkNjbGaUs8SauxTNPqYQENYs5GlEGD7NNksMh0hI=)
09:16:32.835 [Territory] Player "Slightly Crazed" (id=RjqUafmWjW9Q1BHza4n7WoZ_8uUWujoz2w-ciuQaZcs= pos=<4185.798828, 187.437164, 7330.422363>) was invited to join the territory wokawoka tribe at <4176.607910, 186.396988, 7335.740234> by the player "wiggy" (id=SgADkNjbGaUs8SauxTNPqYQENYs5GlEGD7NNksMh0hI=)
09:17:26.066 [VehicleEnter] Player Hawk [uid=Vq9KG5wXnlxiAZYi9EngBgzAagT-q5gfv9gcAfd4zA4=] entered vehicle M3S Covered (id=BA6B9303E6436A63EBF493900E1B11D1 pos=<4192.005859, 188.144058, 7331.297852>) as driver
09:17:29.667 [VehicleEngine] Player Hawk [uid=Vq9KG5wXnlxiAZYi9EngBgzAagT-q5gfv9gcAfd4zA4=] started vehicle M3S Covered (id=BA6B9303E6436A63EBF493900E1B11D1 pos=<4191.865234, 188.125549, 7331.297852>)
09:17:49.628 [VehicleLeave] Player Hawk [uid=Vq9KG5wXnlxiAZYi9EngBgzAagT-q5gfv9gcAfd4zA4=] left vehicle M3S Covered (id=BA6B9303E6436A63EBF493900E1B11D1 pos=<4184.815918, 186.859589, 7335.083496>)
09:18:14.652 [VehicleCarKey] Player "wiggy" (id=SgADkNjbGaUs8SauxTNPqYQENYs5GlEGD7NNksMh0hI= pos=<4183.218262, 186.832352, 7333.370605>) paired a  ExpansionCarKey to Truck_01_Covered (id=BA6B9303E6436A63EBF493900E1B11D1 pos=<4184.796387, 186.856506, 7335.089844>)
09:18:17.449 [Expansion Quests] - InitQuestSystemClient - Loaded existing player quest data for player with UID: iVutVB0zyf9_ixQlC7_lUZXRzWS1VfyXb3Cova6YJFo=
09:18:17.449 [Expansion Quests] - Create new quest instance for quest: 32 - Player UID: iVutVB0zyf9_ixQlC7_lUZXRzWS1VfyXb3Cova6YJFo=
09:18:17.449 [Expansion Quests] - Create new quest instance for quest: 31 - Player UID: iVutVB0zyf9_ixQlC7_lUZXRzWS1VfyXb3Cova6YJFo=
09:18:18.687 [VehicleCarKey] Player "wiggy" (id=SgADkNjbGaUs8SauxTNPqYQENYs5GlEGD7NNksMh0hI= pos=<4183.218262, 186.832352, 7333.370605>) used the  ExpansionCarKey to lock Truck_01_Covered (id=BA6B9303E6436A63EBF493900E1B11D1 pos=<4184.796387, 186.856506, 7335.089844>)
09:18:20.750 [VehicleCarKey] Player "wiggy" (id=SgADkNjbGaUs8SauxTNPqYQENYs5GlEGD7NNksMh0hI= pos=<4183.218262, 186.832352, 7333.370605>) used the  ExpansionCarKey to unlock Truck_01_Covered (id=BA6B9303E6436A63EBF493900E1B11D1 pos=<4184.796387, 186.856506, 7335.089844>)
09:18:21.390 [BaseRaiding] mmg_armored_cabinet_grey (<923.117249, 154.556519, 7147.958008>) Code changed by player "Lou Sassole" (ID = "ebo0O4yOjYkK486s9SoqLuFc3tRe1vP1S2eE1IJxhV4=" at <923.640930, 154.596466, 7146.720703>) and the new code is 1505
09:19:37.003 [Party] Player "Lou Sassole" (id=ebo0O4yOjYkK486s9SoqLuFc3tRe1vP1S2eE1IJxhV4=) left the party "Reaper" (id=4 ownerUID=ebo0O4yOjYkK486s9SoqLuFc3tRe1vP1S2eE1IJxhV4= ownerName=Lou Sassole)
09:22:44.257 [MissionAirdrop] An airdrop is heading towards "Hurrican Ridge" (pos=<3851.189941, 0.000000, 3068.409912> type=Random_HurricanRidge) with a ExpansionAirdropContainer_Basebuilding
09:27:15.968 [VehicleCarKey] Player "wiggy" (id=SgADkNjbGaUs8SauxTNPqYQENYs5GlEGD7NNksMh0hI= pos=<4189.278320, 187.708237, 7332.416992>) used the  ExpansionCarKey to lock Truck_01_Covered (id=BA6B9303E6436A63EBF493900E1B11D1 pos=<4184.796387, 186.856506, 7335.089844>)
09:27:17.582 [AI Patrol] Spawning 2 Indian Island bots at <8814.089844, 12.717942, 8795.621094>
09:29:22.535 [VehicleCarKey] Player "wiggy" (id=SgADkNjbGaUs8SauxTNPqYQENYs5GlEGD7NNksMh0hI= pos=<4184.665039, 187.086914, 7332.638184>) used the  ExpansionCarKey to unlock Truck_01_Covered (id=BA6B9303E6436A63EBF493900E1B11D1 pos=<4184.796387, 186.856506, 7335.089844>)
09:30:59.167 [VehicleEnter] Player Hawk [uid=Vq9KG5wXnlxiAZYi9EngBgzAagT-q5gfv9gcAfd4zA4=] entered vehicle M3S Covered (id=BA6B9303E6436A63EBF493900E1B11D1 pos=<4183.131836, 186.568024, 7335.876465>) as driver
09:31:01.136 [VehicleEngine] Player Hawk [uid=Vq9KG5wXnlxiAZYi9EngBgzAagT-q5gfv9gcAfd4zA4=] started vehicle M3S Covered (id=BA6B9303E6436A63EBF493900E1B11D1 pos=<4183.022461, 186.550323, 7335.915039>)
09:32:32.109 [VehicleLeave] Player Hawk [uid=Vq9KG5wXnlxiAZYi9EngBgzAagT-q5gfv9gcAfd4zA4=] left vehicle M3S Covered (id=BA6B9303E6436A63EBF493900E1B11D1 pos=<4181.577148, 187.330139, 7325.363281>)
09:32:41.378 [VehicleCarKey] Player "wiggy" (id=SgADkNjbGaUs8SauxTNPqYQENYs5GlEGD7NNksMh0hI= pos=<4179.666992, 186.928024, 7327.239746>) used the  ExpansionCarKey to lock Truck_01_Covered (id=BA6B9303E6436A63EBF493900E1B11D1 pos=<4181.577148, 187.330185, 7325.363281>)
09:32:54.714 [VehicleEnter] Player Hawk [uid=Vq9KG5wXnlxiAZYi9EngBgzAagT-q5gfv9gcAfd4zA4=] entered vehicle M3S Covered (Locked) (id=BA6B9303E6436A63EBF493900E1B11D1 pos=<4181.577148, 187.330185, 7325.363281>) as passenger
09:32:57.203 [VehicleEnter] Player Hawk [uid=Vq9KG5wXnlxiAZYi9EngBgzAagT-q5gfv9gcAfd4zA4=] switched seats in vehicle M3S Covered (Locked) (id=BA6B9303E6436A63EBF493900E1B11D1 pos=<4181.577148, 187.330185, 7325.363281>) to driver
09:33:02.039 [VehicleEngine] Player Hawk [uid=Vq9KG5wXnlxiAZYi9EngBgzAagT-q5gfv9gcAfd4zA4=] started vehicle M3S Covered (Locked) (id=BA6B9303E6436A63EBF493900E1B11D1 pos=<4181.576660, 187.330124, 7325.363281>)
09:33:45.375 [VehicleEngine] Player Hawk [uid=Vq9KG5wXnlxiAZYi9EngBgzAagT-q5gfv9gcAfd4zA4=] stopped vehicle M3S Covered (Locked) (id=BA6B9303E6436A63EBF493900E1B11D1 pos=<4181.801758, 187.327530, 7325.717285>)
09:33:50.164 [VehicleEnter] Player Hawk [uid=Vq9KG5wXnlxiAZYi9EngBgzAagT-q5gfv9gcAfd4zA4=] switched seats in vehicle M3S Covered (Locked) (id=BA6B9303E6436A63EBF493900E1B11D1 pos=<4181.801758, 187.327606, 7325.716797>) to passenger
09:33:55.386 [VehicleLeave] Player Hawk [uid=Vq9KG5wXnlxiAZYi9EngBgzAagT-q5gfv9gcAfd4zA4=] left vehicle M3S Covered (Locked) (id=BA6B9303E6436A63EBF493900E1B11D1 pos=<4181.802246, 187.327637, 7325.716797>)
09:34:30.968 [Territory] Player "wiggy" (id=SgADkNjbGaUs8SauxTNPqYQENYs5GlEGD7NNksMh0hI=) deleted territory wokawoka tribe at <4176.607910, 186.396988, 7335.740234>
09:36:44.257 [VehicleEnter] Player wiggy [uid=SgADkNjbGaUs8SauxTNPqYQENYs5GlEGD7NNksMh0hI=] entered vehicle M3S Covered (Locked) (id=BA6B9303E6436A63EBF493900E1B11D1 pos=<4181.802246, 187.327637, 7325.716797>) as passenger
09:37:21.058 [Party] Player "Slightly Crazed" (id=RjqUafmWjW9Q1BHza4n7WoZ_8uUWujoz2w-ciuQaZcs=) left the party "GRUMPY OLD GITS" (id=2 ownerUID=SgADkNjbGaUs8SauxTNPqYQENYs5GlEGD7NNksMh0hI= ownerName=wiggy)
09:47:10.937 [Safezone] Player "Chuck_N_Biskitz" (id=-r2araXommLNgd2kLCOg5MUhQUGYZRsIrQF--_XcIVE= pos=<6609.680176, 21.992287, 3666.829834>) Entered the safezone
09:47:10.949 [Expansion Quests] - InitQuestSystemClient - Loaded existing player quest data for player with UID: -r2araXommLNgd2kLCOg5MUhQUGYZRsIrQF--_XcIVE=
09:47:10.949 [Expansion Quests] - Create new quest instance for quest: 33 - Player UID: -r2araXommLNgd2kLCOg5MUhQUGYZRsIrQF--_XcIVE=
09:50:09.089 [VehicleLeave] Player wiggy [uid=SgADkNjbGaUs8SauxTNPqYQENYs5GlEGD7NNksMh0hI=] left vehicle M3S Covered (Locked) (id=BA6B9303E6436A63EBF493900E1B11D1 pos=<4181.802246, 187.327637, 7325.716797>)
09:50:43.316 [VehicleCarKey] Player "wiggy" (id=SgADkNjbGaUs8SauxTNPqYQENYs5GlEGD7NNksMh0hI= pos=<4179.745117, 187.094193, 7325.562500>) used the  ExpansionCarKey to unlock Truck_01_Covered (id=BA6B9303E6436A63EBF493900E1B11D1 pos=<4181.802246, 187.327637, 7325.716797>)
09:51:33.257 [VehicleCarKey] Player "wiggy" (id=SgADkNjbGaUs8SauxTNPqYQENYs5GlEGD7NNksMh0hI= pos=<4179.745117, 187.094193, 7325.562500>) used the  ExpansionCarKey to lock Truck_01_Covered (id=BA6B9303E6436A63EBF493900E1B11D1 pos=<4181.802246, 187.327637, 7325.716797>)
09:51:59.015 [Safezone] Player "Chuck_N_Biskitz" (id=-r2araXommLNgd2kLCOg5MUhQUGYZRsIrQF--_XcIVE= pos=<6690.103027, 22.569782, 3611.270996>) Left the safezone
09:54:43.992 [VehicleEnter] Player wiggy [uid=SgADkNjbGaUs8SauxTNPqYQENYs5GlEGD7NNksMh0hI=] entered vehicle Sarka 120 (id=F975EA7A014F87A9ACE21CB98AD43648 pos=<4483.975098, 194.063080, 7320.985352>) as driver
09:54:56.531 [VehicleEngine] Player wiggy [uid=SgADkNjbGaUs8SauxTNPqYQENYs5GlEGD7NNksMh0hI=] started vehicle Sarka 120 (id=F975EA7A014F87A9ACE21CB98AD43648 pos=<4483.984863, 194.062561, 7320.986328>)
09:56:38.988 [AI Patrol] Spawning 2 National Guard bots at <9078.636719, 45.987640, 3445.377686>
09:58:55.808 [VehicleLeave] Player wiggy [uid=SgADkNjbGaUs8SauxTNPqYQENYs5GlEGD7NNksMh0hI=] left vehicle Sarka 120 (id=F975EA7A014F87A9ACE21CB98AD43648 pos=<4475.287598, 199.236374, 6519.265137>)
10:00:26.687 [VehicleEnter] Player wiggy [uid=SgADkNjbGaUs8SauxTNPqYQENYs5GlEGD7NNksMh0hI=] entered vehicle Sarka 120 (id=F975EA7A014F87A9ACE21CB98AD43648 pos=<4475.287598, 199.236389, 6519.265137>) as driver
10:03:34.300 [VehicleEnter] Player Hawk [uid=Vq9KG5wXnlxiAZYi9EngBgzAagT-q5gfv9gcAfd4zA4=] entered vehicle Sarka 120 (id=F975EA7A014F87A9ACE21CB98AD43648 pos=<4475.288574, 199.236374, 6519.264648>) as passenger
10:03:36.125 [VehicleEngine] Player wiggy [uid=SgADkNjbGaUs8SauxTNPqYQENYs5GlEGD7NNksMh0hI=] started vehicle Sarka 120 (id=F975EA7A014F87A9ACE21CB98AD43648 pos=<4475.288574, 199.236374, 6519.264648>)
10:10:15.953 [Party] Player "Mac" (id=M29Lb4bPdxyF3qJn9gUU0MA3ayqGZ1rIA6b3xR-gJ7Q=) left the party "Reaper" (id=4 ownerUID=ebo0O4yOjYkK486s9SoqLuFc3tRe1vP1S2eE1IJxhV4= ownerName=Lou Sassole)
10:12:15.460 [VehicleLeave] Player wiggy [uid=SgADkNjbGaUs8SauxTNPqYQENYs5GlEGD7NNksMh0hI=] left vehicle Sarka 120 (id=F975EA7A014F87A9ACE21CB98AD43648 pos=<6831.957031, 19.959379, 4224.797852>)
10:12:24.601 [VehicleLeave] Player Hawk [uid=Vq9KG5wXnlxiAZYi9EngBgzAagT-q5gfv9gcAfd4zA4=] left vehicle Sarka 120 (id=F975EA7A014F87A9ACE21CB98AD43648 pos=<6831.957031, 19.959362, 4224.797852>)
10:13:03.734 [VehicleEnter] Player Hawk [uid=Vq9KG5wXnlxiAZYi9EngBgzAagT-q5gfv9gcAfd4zA4=] entered vehicle Sarka 120 (id=F975EA7A014F87A9ACE21CB98AD43648 pos=<6831.957031, 19.959362, 4224.797852>) as passenger
10:13:06.558 [VehicleEnter] Player wiggy [uid=SgADkNjbGaUs8SauxTNPqYQENYs5GlEGD7NNksMh0hI=] entered vehicle Sarka 120 (id=F975EA7A014F87A9ACE21CB98AD43648 pos=<6831.957031, 19.959417, 4224.797852>) as driver
10:13:08.574 [VehicleEngine] Player wiggy [uid=SgADkNjbGaUs8SauxTNPqYQENYs5GlEGD7NNksMh0hI=] started vehicle Sarka 120 (id=F975EA7A014F87A9ACE21CB98AD43648 pos=<6831.957031, 19.959362, 4224.797852>)
10:15:18.746 [Safezone] Player "Hawk" (id=Vq9KG5wXnlxiAZYi9EngBgzAagT-q5gfv9gcAfd4zA4= pos=<6643.977539, 21.776497, 3636.676758>) Entered the safezone
10:15:18.773 [Safezone] Player "wiggy" (id=SgADkNjbGaUs8SauxTNPqYQENYs5GlEGD7NNksMh0hI= pos=<6643.291992, 21.791447, 3636.401611>) Entered the safezone
10:15:27.738 [VehicleLeave] Player Hawk [uid=Vq9KG5wXnlxiAZYi9EngBgzAagT-q5gfv9gcAfd4zA4=] left vehicle Sarka 120 (id=F975EA7A014F87A9ACE21CB98AD43648 pos=<6628.560547, 21.183643, 3650.483643>)
10:15:28.324 [VehicleLeave] Player wiggy [uid=SgADkNjbGaUs8SauxTNPqYQENYs5GlEGD7NNksMh0hI=] left vehicle Sarka 120 (id=F975EA7A014F87A9ACE21CB98AD43648 pos=<6628.560547, 21.183664, 3650.483643>)
10:15:59.453 [ATM] Player "wiggy" (id=SgADkNjbGaUs8SauxTNPqYQENYs5GlEGD7NNksMh0hI=) has withdrawn 26019 from his ATM account.
10:16:09.351 [Expansion Quests] - CompleteQuest - Player with UID SgADkNjbGaUs8SauxTNPqYQENYs5GlEGD7NNksMh0hI= has completed quest 55
10:16:12.523 [Safezone] Player "Hawk" (id=Vq9KG5wXnlxiAZYi9EngBgzAagT-q5gfv9gcAfd4zA4= pos=<6533.893555, 23.245173, 3617.024658>) Left the safezone
10:16:23.667 [Market] Player "wiggy" (id=SgADkNjbGaUs8SauxTNPqYQENYs5GlEGD7NNksMh0hI=) has send a requested to purchase camonet x1 from the trader "Vehicle_Parts (Lewis [VEHICLE PARTS])" in market zone "The Holler" (pos=<6614.000000, 0.000000, 3670.000000>).
10:16:23.796 [Market] Player "wiggy" (id=SgADkNjbGaUs8SauxTNPqYQENYs5GlEGD7NNksMh0hI=) has bought camonet x1 from the trader "Vehicle_Parts (Lewis [VEHICLE PARTS])" in market zone "The Holler" (pos=<6614.000000, 0.000000, 3670.000000>) for a price of 350.
10:16:37.250 [Market] Player "wiggy" (id=SgADkNjbGaUs8SauxTNPqYQENYs5GlEGD7NNksMh0hI=) has send a requested to purchase camonet x1 from the trader "Vehicle_Parts (Lewis [VEHICLE PARTS])" in market zone "The Holler" (pos=<6614.000000, 0.000000, 3670.000000>).
10:16:37.375 [Market] Player "wiggy" (id=SgADkNjbGaUs8SauxTNPqYQENYs5GlEGD7NNksMh0hI=) has bought camonet x1 from the trader "Vehicle_Parts (Lewis [VEHICLE PARTS])" in market zone "The Holler" (pos=<6614.000000, 0.000000, 3670.000000>) for a price of 350.
10:16:40.183 [Market] Player "wiggy" (id=SgADkNjbGaUs8SauxTNPqYQENYs5GlEGD7NNksMh0hI=) has send a requested to purchase expansioncarkey x1 from the trader "Vehicle_Parts (Lewis [VEHICLE PARTS])" in market zone "The Holler" (pos=<6614.000000, 0.000000, 3670.000000>).
10:16:40.316 [Market] Player "wiggy" (id=SgADkNjbGaUs8SauxTNPqYQENYs5GlEGD7NNksMh0hI=) has bought expansioncarkey x1 from the trader "Vehicle_Parts (Lewis [VEHICLE PARTS])" in market zone "The Holler" (pos=<6614.000000, 0.000000, 3670.000000>) for a price of 600.
10:16:41.335 [Safezone] Player "Hawk" (id=Vq9KG5wXnlxiAZYi9EngBgzAagT-q5gfv9gcAfd4zA4= pos=<6582.196289, 21.353489, 3645.880371>) Entered the safezone
10:17:15.730 [Market] Player "wiggy" (id=SgADkNjbGaUs8SauxTNPqYQENYs5GlEGD7NNksMh0hI=) has send a requested to purchase mag_akm_drum75rnd x1 from the trader "Magazines (Oliver [AMMO & MAGAZINES])" in market zone "The Holler" (pos=<6614.000000, 0.000000, 3670.000000>).
10:17:15.863 [Market] Player "wiggy" (id=SgADkNjbGaUs8SauxTNPqYQENYs5GlEGD7NNksMh0hI=) has bought mag_akm_drum75rnd x1 from the trader "Magazines (Oliver [AMMO & MAGAZINES])" in market zone "The Holler" (pos=<6614.000000, 0.000000, 3670.000000>) for a price of 480.
10:17:17.242 [Market] Player "wiggy" (id=SgADkNjbGaUs8SauxTNPqYQENYs5GlEGD7NNksMh0hI=) has send a requested to purchase mag_akm_drum75rnd x1 from the trader "Magazines (Oliver [AMMO & MAGAZINES])" in market zone "The Holler" (pos=<6614.000000, 0.000000, 3670.000000>).
10:17:17.390 [Market] Player "wiggy" (id=SgADkNjbGaUs8SauxTNPqYQENYs5GlEGD7NNksMh0hI=) has bought mag_akm_drum75rnd x1 from the trader "Magazines (Oliver [AMMO & MAGAZINES])" in market zone "The Holler" (pos=<6614.000000, 0.000000, 3670.000000>) for a price of 480.
10:18:29.160 [Market] Player "wiggy" (id=SgADkNjbGaUs8SauxTNPqYQENYs5GlEGD7NNksMh0hI=) has send a requested to purchase mag_fal_20rnd x1 from the trader "Magazines (Oliver [AMMO & MAGAZINES])" in market zone "The Holler" (pos=<6614.000000, 0.000000, 3670.000000>).
10:18:29.312 [Market] Player "wiggy" (id=SgADkNjbGaUs8SauxTNPqYQENYs5GlEGD7NNksMh0hI=) has bought mag_fal_20rnd x1 from the trader "Magazines (Oliver [AMMO & MAGAZINES])" in market zone "The Holler" (pos=<6614.000000, 0.000000, 3670.000000>) for a price of 100.
10:18:30.527 [Market] Player "wiggy" (id=SgADkNjbGaUs8SauxTNPqYQENYs5GlEGD7NNksMh0hI=) has send a requested to purchase mag_fal_20rnd x1 from the trader "Magazines (Oliver [AMMO & MAGAZINES])" in market zone "The Holler" (pos=<6614.000000, 0.000000, 3670.000000>).
10:18:30.695 [Market] Player "wiggy" (id=SgADkNjbGaUs8SauxTNPqYQENYs5GlEGD7NNksMh0hI=) has bought mag_fal_20rnd x1 from the trader "Magazines (Oliver [AMMO & MAGAZINES])" in market zone "The Holler" (pos=<6614.000000, 0.000000, 3670.000000>) for a price of 100.
10:18:34.105 [Market] Player "wiggy" (id=SgADkNjbGaUs8SauxTNPqYQENYs5GlEGD7NNksMh0hI=) has send a requested to purchase mag_fal_20rnd x1 from the trader "Magazines (Oliver [AMMO & MAGAZINES])" in market zone "The Holler" (pos=<6614.000000, 0.000000, 3670.000000>).
10:18:34.222 [Market] Player "wiggy" (id=SgADkNjbGaUs8SauxTNPqYQENYs5GlEGD7NNksMh0hI=) has bought mag_fal_20rnd x1 from the trader "Magazines (Oliver [AMMO & MAGAZINES])" in market zone "The Holler" (pos=<6614.000000, 0.000000, 3670.000000>) for a price of 100.
10:18:43.746 [ATM] Player "wiggy" (id=SgADkNjbGaUs8SauxTNPqYQENYs5GlEGD7NNksMh0hI=) has deposited 23659 on his ATM account.
10:19:53.687 [VehicleEnter] Player wiggy [uid=SgADkNjbGaUs8SauxTNPqYQENYs5GlEGD7NNksMh0hI=] entered vehicle Sarka 120 (id=F975EA7A014F87A9ACE21CB98AD43648 pos=<6628.560547, 21.183662, 3650.483643>) as driver
10:20:20.375 [VehicleEnter] Player Hawk [uid=Vq9KG5wXnlxiAZYi9EngBgzAagT-q5gfv9gcAfd4zA4=] entered vehicle Sarka 120 (id=F975EA7A014F87A9ACE21CB98AD43648 pos=<6628.560059, 21.183643, 3650.484619>) as passenger
10:20:24.792 [VehicleEngine] Player wiggy [uid=SgADkNjbGaUs8SauxTNPqYQENYs5GlEGD7NNksMh0hI=] started vehicle Sarka 120 (id=F975EA7A014F87A9ACE21CB98AD43648 pos=<6628.559570, 21.183662, 3650.484619>)
10:20:48.117 [Safezone] Player "Hawk" (id=Vq9KG5wXnlxiAZYi9EngBgzAagT-q5gfv9gcAfd4zA4= pos=<6687.710449, 22.990311, 3616.742676>) Left the safezone
10:20:48.144 [Safezone] Player "wiggy" (id=SgADkNjbGaUs8SauxTNPqYQENYs5GlEGD7NNksMh0hI= pos=<6687.502441, 23.029968, 3617.457520>) Left the safezone
10:25:18.136 [VehicleLeave] Player wiggy [uid=SgADkNjbGaUs8SauxTNPqYQENYs5GlEGD7NNksMh0hI=] left vehicle Sarka 120 (id=F975EA7A014F87A9ACE21CB98AD43648 pos=<6702.889160, 55.354393, 4704.695801>)
10:25:20.671 [VehicleEnter] Player Hawk [uid=Vq9KG5wXnlxiAZYi9EngBgzAagT-q5gfv9gcAfd4zA4=] switched seats in vehicle Sarka 120 (id=F975EA7A014F87A9ACE21CB98AD43648 pos=<6702.905273, 55.349377, 4704.680664>) to driver
10:25:23.796 [VehicleEngine] Player Hawk [uid=Vq9KG5wXnlxiAZYi9EngBgzAagT-q5gfv9gcAfd4zA4=] started vehicle Sarka 120 (id=F975EA7A014F87A9ACE21CB98AD43648 pos=<6702.963867, 55.330322, 4704.625000>)
10:25:56.703 [VehicleLeave] Player Hawk [uid=Vq9KG5wXnlxiAZYi9EngBgzAagT-q5gfv9gcAfd4zA4=] left vehicle Sarka 120 (id=F975EA7A014F87A9ACE21CB98AD43648 pos=<6709.175293, 55.507103, 4707.030273>)
10:30:14.109 [Safezone] Player "Chuck_N_Biskitz" (id=-r2araXommLNgd2kLCOg5MUhQUGYZRsIrQF--_XcIVE= pos=<6652.652832, 21.871609, 3684.417236>) Entered the safezone
10:30:34.437 [Expansion Quests] - CompleteQuest - Player with UID -r2araXommLNgd2kLCOg5MUhQUGYZRsIrQF--_XcIVE= has completed quest 33
10:30:46.058 [ATM] Player "Chuck_N_Biskitz" (id=-r2araXommLNgd2kLCOg5MUhQUGYZRsIrQF--_XcIVE=) has deposited 1000 on his ATM account.
10:31:44.437 [Party] Player "Nachoz" (id=fvuyfu2vAyZ5FpaBSc8JMfvFka2TJFc5PXMfSME3A8I=) joinded the party "GRUMPY OLD GITS" (id=2 ownerUID=SgADkNjbGaUs8SauxTNPqYQENYs5GlEGD7NNksMh0hI= ownerName=wiggy)
10:31:44.449 [Expansion Quests] - InitQuestSystemClient - Loaded existing player quest data for player with UID: fvuyfu2vAyZ5FpaBSc8JMfvFka2TJFc5PXMfSME3A8I=
10:31:44.449 [Expansion Quests] - LoadGroupQuestData - Got cached group quest data for group with ID: 2
10:31:44.449 [Expansion Quests] - Create new quest instance for quest: 99 - Player UID: fvuyfu2vAyZ5FpaBSc8JMfvFka2TJFc5PXMfSME3A8I=
10:31:45.417 [Expansion Quests] - LoadGroupQuestData - Got cached group quest data for group with ID: 2
10:32:13.007 [Expansion Quests] - CreateQuestInstance - Created new quest instance for with instance key -r2araXommLNgd2kLCOg5MUhQUGYZRsIrQF--_XcIVE= for quest 32
10:32:46.082 [Safezone] Player "Chuck_N_Biskitz" (id=-r2araXommLNgd2kLCOg5MUhQUGYZRsIrQF--_XcIVE= pos=<6563.147949, 24.933136, 3644.000732>) Left the safezone
10:33:30.882 [Safezone] Player "Chuck_N_Biskitz" (id=-r2araXommLNgd2kLCOg5MUhQUGYZRsIrQF--_XcIVE= pos=<6580.646484, 21.367046, 3645.777588>) Entered the safezone
10:33:52.585 [Safezone] Player "Chuck_N_Biskitz" (id=-r2araXommLNgd2kLCOg5MUhQUGYZRsIrQF--_XcIVE= pos=<6659.991211, 21.456858, 3622.634033>) Left the safezone
10:36:37.445 [VehicleCarKey] Player "Nachoz" (id=fvuyfu2vAyZ5FpaBSc8JMfvFka2TJFc5PXMfSME3A8I= pos=<2310.229248, 111.324234, 5303.841797>) used the  ExpansionCarKey to unlock MotorHome_rust (id=D8A29C0B5C4F003433BD25B96BDFF239 pos=<2312.507080, 111.401901, 5304.325684>)
10:36:50.820 [VehicleEnter] Player Nachoz [uid=fvuyfu2vAyZ5FpaBSc8JMfvFka2TJFc5PXMfSME3A8I=] entered vehicle MotorHome rust (id=D8A29C0B5C4F003433BD25B96BDFF239 pos=<2312.507080, 111.401901, 5304.325684>) as driver
10:37:02.882 [VehicleEngine] Player Nachoz [uid=fvuyfu2vAyZ5FpaBSc8JMfvFka2TJFc5PXMfSME3A8I=] started vehicle MotorHome rust (id=D8A29C0B5C4F003433BD25B96BDFF239 pos=<2312.507080, 111.401901, 5304.325684>)
10:42:52.015 [VehicleEngine] Player Nachoz [uid=fvuyfu2vAyZ5FpaBSc8JMfvFka2TJFc5PXMfSME3A8I=] stopped vehicle MotorHome rust (id=D8A29C0B5C4F003433BD25B96BDFF239 pos=<5060.682617, 223.764435, 5180.673340>)
10:42:57.554 [VehicleLeave] Player Nachoz [uid=fvuyfu2vAyZ5FpaBSc8JMfvFka2TJFc5PXMfSME3A8I=] left vehicle MotorHome rust (id=D8A29C0B5C4F003433BD25B96BDFF239 pos=<5060.682617, 223.764450, 5180.673340>)
10:43:29.800 [VehicleEnter] Player Hawk [uid=Vq9KG5wXnlxiAZYi9EngBgzAagT-q5gfv9gcAfd4zA4=] entered vehicle MotorHome rust (id=D8A29C0B5C4F003433BD25B96BDFF239 pos=<5060.682617, 223.764450, 5180.673340>) as driver
10:43:32.523 [VehicleEngine] Player Hawk [uid=Vq9KG5wXnlxiAZYi9EngBgzAagT-q5gfv9gcAfd4zA4=] started vehicle MotorHome rust (id=D8A29C0B5C4F003433BD25B96BDFF239 pos=<5060.682617, 223.764435, 5180.673340>)
10:44:09.710 [VehicleLeave] Player Hawk [uid=Vq9KG5wXnlxiAZYi9EngBgzAagT-q5gfv9gcAfd4zA4=] left vehicle MotorHome rust (id=D8A29C0B5C4F003433BD25B96BDFF239 pos=<4955.204102, 225.875977, 4993.623047>)
10:46:01.898 [VehicleEnter] Player Nachoz [uid=fvuyfu2vAyZ5FpaBSc8JMfvFka2TJFc5PXMfSME3A8I=] entered vehicle MotorHome rust (id=D8A29C0B5C4F003433BD25B96BDFF239 pos=<4955.204102, 225.875977, 4993.623047>) as passenger
10:46:09.187 [VehicleEnter] Player Hawk [uid=Vq9KG5wXnlxiAZYi9EngBgzAagT-q5gfv9gcAfd4zA4=] entered vehicle MotorHome rust (id=D8A29C0B5C4F003433BD25B96BDFF239 pos=<4955.204102, 225.875977, 4993.623047>) as driver
10:46:13.625 [VehicleEnter] Player wiggy [uid=SgADkNjbGaUs8SauxTNPqYQENYs5GlEGD7NNksMh0hI=] entered vehicle MotorHome rust (id=D8A29C0B5C4F003433BD25B96BDFF239 pos=<4955.204102, 225.875977, 4993.623047>) as passenger
10:46:16.500 [VehicleEngine] Player Hawk [uid=Vq9KG5wXnlxiAZYi9EngBgzAagT-q5gfv9gcAfd4zA4=] started vehicle MotorHome rust (id=D8A29C0B5C4F003433BD25B96BDFF239 pos=<4955.204102, 225.875992, 4993.623047>)
10:48:38.265 [MissionAirdrop] An airdrop is heading towards "Junkyard" (pos=<3364.919922, 0.000000, 6174.080078> type=Random_Junkyard) with a ExpansionAirdropContainer
10:51:31.554 [VehicleLeave] Player Hawk [uid=Vq9KG5wXnlxiAZYi9EngBgzAagT-q5gfv9gcAfd4zA4=] left vehicle MotorHome rust (id=D8A29C0B5C4F003433BD25B96BDFF239 pos=<4186.293457, 187.549545, 7331.699219>)
10:51:34.562 [VehicleLeave] Player wiggy [uid=SgADkNjbGaUs8SauxTNPqYQENYs5GlEGD7NNksMh0hI=] left vehicle MotorHome rust (id=D8A29C0B5C4F003433BD25B96BDFF239 pos=<4186.293457, 187.549530, 7331.699219>)
10:51:37.421 [VehicleLeave] Player Nachoz [uid=fvuyfu2vAyZ5FpaBSc8JMfvFka2TJFc5PXMfSME3A8I=] left vehicle MotorHome rust (id=D8A29C0B5C4F003433BD25B96BDFF239 pos=<4186.293457, 187.549530, 7331.699219>)
10:52:52.148 [VehicleEnter] Player Hawk [uid=Vq9KG5wXnlxiAZYi9EngBgzAagT-q5gfv9gcAfd4zA4=] entered vehicle MotorHome rust (id=D8A29C0B5C4F003433BD25B96BDFF239 pos=<4186.309570, 187.551865, 7331.697266>) as driver
10:52:54.187 [VehicleEngine] Player Hawk [uid=Vq9KG5wXnlxiAZYi9EngBgzAagT-q5gfv9gcAfd4zA4=] started vehicle MotorHome rust (id=D8A29C0B5C4F003433BD25B96BDFF239 pos=<4186.309570, 187.551865, 7331.697266>)
10:53:09.070 [VehicleLeave] Player Hawk [uid=Vq9KG5wXnlxiAZYi9EngBgzAagT-q5gfv9gcAfd4zA4=] left vehicle MotorHome rust (id=D8A29C0B5C4F003433BD25B96BDFF239 pos=<4181.347656, 186.987671, 7330.733398>)
10:54:53.984 [VehicleAttachments] Player Hawk (uid=Vq9KG5wXnlxiAZYi9EngBgzAagT-q5gfv9gcAfd4zA4=) detached MotorHome Wheel (type=MotorHome_Wheel) from vehicle MotorHome rust(id=D8A29C0B5C4F003433BD25B96BDFF239 pos=<4181.347656, 186.987686, 7330.733398>)
10:54:59.187 [VehicleAttachments] Player Hawk (uid=Vq9KG5wXnlxiAZYi9EngBgzAagT-q5gfv9gcAfd4zA4=) detached MotorHome Wheel (type=MotorHome_Wheel) from vehicle MotorHome rust(id=D8A29C0B5C4F003433BD25B96BDFF239 pos=<4181.347656, 186.987686, 7330.733398>)
10:55:39.351 [VehicleAttachments] Player Hawk (uid=Vq9KG5wXnlxiAZYi9EngBgzAagT-q5gfv9gcAfd4zA4=) detached MotorHome Wheel (type=MotorHome_Wheel) from vehicle MotorHome rust(id=D8A29C0B5C4F003433BD25B96BDFF239 pos=<4181.347656, 186.987686, 7330.733398>)
10:55:45.179 [VehicleAttachments] Player Hawk (uid=Vq9KG5wXnlxiAZYi9EngBgzAagT-q5gfv9gcAfd4zA4=) detached MotorHome Wheel (type=MotorHome_Wheel) from vehicle MotorHome rust(id=D8A29C0B5C4F003433BD25B96BDFF239 pos=<4181.347656, 186.987686, 7330.733398>)
10:58:47.828 [VehicleCarKey] Player "wiggy" (id=SgADkNjbGaUs8SauxTNPqYQENYs5GlEGD7NNksMh0hI= pos=<4178.507813, 186.944916, 7325.087402>) used the  ExpansionCarKey to unlock Truck_01_Covered (id=BA6B9303E6436A63EBF493900E1B11D1 pos=<4181.802246, 187.327454, 7325.717773>)
10:59:32.156 [VehicleEnter] Player wiggy [uid=SgADkNjbGaUs8SauxTNPqYQENYs5GlEGD7NNksMh0hI=] entered vehicle MotorHome rust (id=D8A29C0B5C4F003433BD25B96BDFF239 pos=<4181.438477, 187.032715, 7330.369629>) as driver
10:59:35.718 [VehicleEngine] Player wiggy [uid=SgADkNjbGaUs8SauxTNPqYQENYs5GlEGD7NNksMh0hI=] started vehicle MotorHome rust (id=D8A29C0B5C4F003433BD25B96BDFF239 pos=<4181.438477, 187.032730, 7330.369629>)
11:00:12.335 [VehicleEngine] Player wiggy [uid=SgADkNjbGaUs8SauxTNPqYQENYs5GlEGD7NNksMh0hI=] stopped vehicle MotorHome rust (id=D8A29C0B5C4F003433BD25B96BDFF239 pos=<4181.051758, 187.122009, 7328.883301>)
11:00:15.882 [VehicleLeave] Player wiggy [uid=SgADkNjbGaUs8SauxTNPqYQENYs5GlEGD7NNksMh0hI=] left vehicle MotorHome rust (id=D8A29C0B5C4F003433BD25B96BDFF239 pos=<4181.051758, 187.122025, 7328.883789>)
11:00:42.496 [VehicleEnter] Player wiggy [uid=SgADkNjbGaUs8SauxTNPqYQENYs5GlEGD7NNksMh0hI=] entered vehicle MotorHome rust (id=D8A29C0B5C4F003433BD25B96BDFF239 pos=<4181.051758, 187.122055, 7328.883789>) as passenger
11:00:52.710 [VehicleLeave] Player wiggy [uid=SgADkNjbGaUs8SauxTNPqYQENYs5GlEGD7NNksMh0hI=] left vehicle MotorHome rust (id=D8A29C0B5C4F003433BD25B96BDFF239 pos=<4181.051758, 187.122055, 7328.883789>)
11:01:19.953 [VehicleEnter] Player wiggy [uid=SgADkNjbGaUs8SauxTNPqYQENYs5GlEGD7NNksMh0hI=] entered vehicle MotorHome rust (id=D8A29C0B5C4F003433BD25B96BDFF239 pos=<4181.051758, 187.122040, 7328.883789>) as driver
11:01:31.765 [VehicleLeave] Player wiggy [uid=SgADkNjbGaUs8SauxTNPqYQENYs5GlEGD7NNksMh0hI=] left vehicle MotorHome rust (id=D8A29C0B5C4F003433BD25B96BDFF239 pos=<4181.051270, 187.121979, 7328.883789>)
11:01:59.117 [Party] Player "wiggy" (id=SgADkNjbGaUs8SauxTNPqYQENYs5GlEGD7NNksMh0hI=) left the party "GRUMPY OLD GITS" (id=2 ownerUID=SgADkNjbGaUs8SauxTNPqYQENYs5GlEGD7NNksMh0hI= ownerName=wiggy)
11:02:04.039 [Party] Player "Hawk" (id=Vq9KG5wXnlxiAZYi9EngBgzAagT-q5gfv9gcAfd4zA4=) left the party "GRUMPY OLD GITS" (id=2 ownerUID=SgADkNjbGaUs8SauxTNPqYQENYs5GlEGD7NNksMh0hI= ownerName=wiggy)
11:02:34.312 [Party] Player "Nachoz" (id=fvuyfu2vAyZ5FpaBSc8JMfvFka2TJFc5PXMfSME3A8I=) left the party "GRUMPY OLD GITS" (id=2 ownerUID=SgADkNjbGaUs8SauxTNPqYQENYs5GlEGD7NNksMh0hI= ownerName=wiggy)
11:04:23.523 [Party] Player "wiggy" (id=SgADkNjbGaUs8SauxTNPqYQENYs5GlEGD7NNksMh0hI=) joinded the party "GRUMPY OLD GITS" (id=2 ownerUID=SgADkNjbGaUs8SauxTNPqYQENYs5GlEGD7NNksMh0hI= ownerName=wiggy)
11:04:23.531 [Expansion Quests] - InitQuestSystemClient - Loaded existing player quest data for player with UID: SgADkNjbGaUs8SauxTNPqYQENYs5GlEGD7NNksMh0hI=
11:04:23.531 [Expansion Quests] - LoadGroupQuestData - Got cached group quest data for group with ID: 2
11:04:24.476 [Expansion Quests] - LoadGroupQuestData - Got cached group quest data for group with ID: 2
11:05:19.652 [VehicleEnter] Player wiggy [uid=SgADkNjbGaUs8SauxTNPqYQENYs5GlEGD7NNksMh0hI=] entered vehicle MotorHome rust (id=D8A29C0B5C4F003433BD25B96BDFF239 pos=<4181.051270, 187.121979, 7328.883789>) as driver
11:05:27.367 [VehicleLeave] Player wiggy [uid=SgADkNjbGaUs8SauxTNPqYQENYs5GlEGD7NNksMh0hI=] left vehicle MotorHome rust (id=D8A29C0B5C4F003433BD25B96BDFF239 pos=<4181.051270, 187.121948, 7328.883789>)
11:05:44.925 [VehicleEnter] Player wiggy [uid=SgADkNjbGaUs8SauxTNPqYQENYs5GlEGD7NNksMh0hI=] entered vehicle MotorHome rust (id=D8A29C0B5C4F003433BD25B96BDFF239 pos=<4181.051270, 187.121964, 7328.883789>) as passenger
11:06:08.261 [VehicleLeave] Player wiggy [uid=SgADkNjbGaUs8SauxTNPqYQENYs5GlEGD7NNksMh0hI=] left vehicle MotorHome rust (id=D8A29C0B5C4F003433BD25B96BDFF239 pos=<4181.051270, 187.121964, 7328.883789>)
11:14:19.195 [VehicleEnter] Player wiggy [uid=SgADkNjbGaUs8SauxTNPqYQENYs5GlEGD7NNksMh0hI=] entered vehicle MotorHome rust (id=D8A29C0B5C4F003433BD25B96BDFF239 pos=<4181.051270, 187.121964, 7328.883789>) as passenger
11:14:41.929 [VehicleLeave] Player wiggy [uid=SgADkNjbGaUs8SauxTNPqYQENYs5GlEGD7NNksMh0hI=] left vehicle MotorHome rust (id=D8A29C0B5C4F003433BD25B96BDFF239 pos=<4181.051270, 187.121964, 7328.883789>)
11:14:50.226 [VehicleCarKey] Player "wiggy" (id=SgADkNjbGaUs8SauxTNPqYQENYs5GlEGD7NNksMh0hI= pos=<4178.869629, 187.828247, 7327.115723>) used the  ExpansionCarKey to lock MotorHome_rust (id=D8A29C0B5C4F003433BD25B96BDFF239 pos=<4181.051270, 187.121964, 7328.883789>)
11:14:53.160 [VehicleCarKey] Player "wiggy" (id=SgADkNjbGaUs8SauxTNPqYQENYs5GlEGD7NNksMh0hI= pos=<4178.863281, 187.828247, 7327.108398>) used the  ExpansionCarKey to unlock MotorHome_rust (id=D8A29C0B5C4F003433BD25B96BDFF239 pos=<4181.051270, 187.121964, 7328.883789>)
11:15:00.656 [VehicleEnter] Player wiggy [uid=SgADkNjbGaUs8SauxTNPqYQENYs5GlEGD7NNksMh0hI=] entered vehicle MotorHome rust (id=D8A29C0B5C4F003433BD25B96BDFF239 pos=<4181.051270, 187.121918, 7328.884277>) as driver
11:15:14.312 [VehicleEngine] Player wiggy [uid=SgADkNjbGaUs8SauxTNPqYQENYs5GlEGD7NNksMh0hI=] started vehicle MotorHome rust (id=D8A29C0B5C4F003433BD25B96BDFF239 pos=<4181.051270, 187.121841, 7328.884277>)
11:16:03.281 [VehicleEngine] Player wiggy [uid=SgADkNjbGaUs8SauxTNPqYQENYs5GlEGD7NNksMh0hI=] stopped vehicle MotorHome rust (id=D8A29C0B5C4F003433BD25B96BDFF239 pos=<4188.623047, 187.950439, 7330.628906>)
11:16:20.019 [VehicleLeave] Player wiggy [uid=SgADkNjbGaUs8SauxTNPqYQENYs5GlEGD7NNksMh0hI=] left vehicle MotorHome rust (id=D8A29C0B5C4F003433BD25B96BDFF239 pos=<4188.623047, 187.950470, 7330.628906>)
11:16:37.546 [VehicleCarKey] Player "wiggy" (id=SgADkNjbGaUs8SauxTNPqYQENYs5GlEGD7NNksMh0hI= pos=<4187.549316, 187.434845, 7332.928223>) used the  ExpansionCarKey to lock MotorHome_rust (id=D8A29C0B5C4F003433BD25B96BDFF239 pos=<4188.623047, 187.950455, 7330.628906>)
11:16:58.601 [VehicleDeleted] Truck_01_Covered (id=BA6B9303E6436A63EBF493900E1B11D1 pos=<4181.792480, 187.331329, 7325.663086>)
11:16:58.601 [VehicleCover] Player "wiggy" (id=SgADkNjbGaUs8SauxTNPqYQENYs5GlEGD7NNksMh0hI= pos=<4181.640137, 186.957260, 7329.785156>) covered vehicle "Truck_01_Covered" (GlobalID=80000000800000008000000080000018 pos=<4181.792480, 187.331329, 7325.663086>)!
11:17:19.546 [VehicleDeleted] MotorHome_rust (id=D8A29C0B5C4F003433BD25B96BDFF239 pos=<4188.623047, 187.950455, 7330.628906>)
11:17:19.546 [VehicleCover] Player "wiggy" (id=SgADkNjbGaUs8SauxTNPqYQENYs5GlEGD7NNksMh0hI= pos=<4182.570313, 187.067596, 7329.895020>) covered vehicle "MotorHome_rust" (GlobalID=80000000800000008000000080002B6C pos=<4188.623047, 187.950455, 7330.628906>)!
11:18:19.234 [Party] Player "wiggy" (id=SgADkNjbGaUs8SauxTNPqYQENYs5GlEGD7NNksMh0hI=) left the party "GRUMPY OLD GITS" (id=2 ownerUID=SgADkNjbGaUs8SauxTNPqYQENYs5GlEGD7NNksMh0hI= ownerName=wiggy)
11:27:21.746 [BaseRaiding] ExpansionSafeMedium (<6230.338379, 65.215744, 8371.333984>) Code set by player "Evsy" (ID = "iVutVB0zyf9_ixQlC7_lUZXRzWS1VfyXb3Cova6YJFo=" at <6232.061035, 65.228249, 8371.083008>) and the code is 1987
11:35:35.375 [Party] Player "Lou Sassole" (id=ebo0O4yOjYkK486s9SoqLuFc3tRe1vP1S2eE1IJxhV4=) joinded the party "Reaper" (id=4 ownerUID=ebo0O4yOjYkK486s9SoqLuFc3tRe1vP1S2eE1IJxhV4= ownerName=Lou Sassole)
11:35:35.382 [Expansion Quests] - InitQuestSystemClient - Loaded existing player quest data for player with UID: ebo0O4yOjYkK486s9SoqLuFc3tRe1vP1S2eE1IJxhV4=
11:35:35.382 [Expansion Quests] - LoadGroupQuestData - Got cached group quest data for group with ID: 4
11:35:36.343 [Expansion Quests] - LoadGroupQuestData - Got cached group quest data for group with ID: 4
11:55:31.382 [AI Patrol] Spawning 2 Trench 94 bots at <3115.147705, 99.884567, 9306.199219>
11:56:55.523 [Party] Player "Lou Sassole" (id=ebo0O4yOjYkK486s9SoqLuFc3tRe1vP1S2eE1IJxhV4=) left the party "Reaper" (id=4 ownerUID=ebo0O4yOjYkK486s9SoqLuFc3tRe1vP1S2eE1IJxhV4= ownerName=Lou Sassole)
