00:18:46.786 [Party] Player "{MM} meccmax" (id=iz1XKCOTQz4rSo4N_2QZvc-38Kw7-vxWkBvMaKVo0cI=) joinded the party "Misfits" (id=9 ownerUID=iz1XKCOTQz4rSo4N_2QZvc-38Kw7-vxWkBvMaKVo0cI= ownerName={MM} meccmax)
00:18:46.794 [Expansion Quests] - InitQuestSystemClient - Loaded existing player quest data for player with UID: iz1XKCOTQz4rSo4N_2QZvc-38Kw7-vxWkBvMaKVo0cI=
00:18:46.795 [Expansion Quests] - LoadGroupQuestData - Loaded existing group quest data for group with ID: 9
00:18:46.795 [Expansion Quests] - Create new quest instance for quest: 99 - Player UID: iz1XKCOTQz4rSo4N_2QZvc-38Kw7-vxWkBvMaKVo0cI=
00:18:47.756 [Expansion Quests] - LoadGroupQuestData - Got cached group quest data for group with ID: 9
00:19:34.723 [VehicleCarKey] Player "{MM} meccmax" (id=iz1XKCOTQz4rSo4N_2QZvc-38Kw7-vxWkBvMaKVo0cI= pos=<603.509338, 128.326996, 7637.862305>) used the  ExpansionCarKey to unlock M35a2_Black (id=5F973E2A67470430D8F713A20BFDB44D pos=<607.835022, 128.412720, 7636.558594>)
00:19:37.460 [VehicleCarKey] Player "{MM} meccmax" (id=iz1XKCOTQz4rSo4N_2QZvc-38Kw7-vxWkBvMaKVo0cI= pos=<603.509338, 128.326996, 7637.862305>) used the  ExpansionCarKey to lock M35a2_Black (id=5F973E2A67470430D8F713A20BFDB44D pos=<607.835022, 128.412720, 7636.558594>)
00:21:07.971 [VehicleCarKey] Player "{MM} meccmax" (id=iz1XKCOTQz4rSo4N_2QZvc-38Kw7-vxWkBvMaKVo0cI= pos=<606.306274, 128.411224, 7639.431152>) used the  ExpansionCarKey to unlock M35a2_Black (id=5F973E2A67470430D8F713A20BFDB44D pos=<607.835022, 128.412720, 7636.558594>)
00:22:06.004 [VehicleEnter] Player {MM} meccmax [uid=iz1XKCOTQz4rSo4N_2QZvc-38Kw7-vxWkBvMaKVo0cI=] entered vehicle M35a2 Black (id=5F973E2A67470430D8F713A20BFDB44D pos=<607.831543, 128.412613, 7636.558594>) as driver
00:22:10.006 [VehicleEngine] Player {MM} meccmax [uid=iz1XKCOTQz4rSo4N_2QZvc-38Kw7-vxWkBvMaKVo0cI=] started vehicle M35a2 Black (id=5F973E2A67470430D8F713A20BFDB44D pos=<607.828369, 128.412476, 7636.558594>)
00:23:49.506 [MissionAirdrop] An airdrop is heading towards "Church Camp" (pos=<8075.850098, 0.000000, 6584.669922> type=Random_ChurchCamp) with a ExpansionAirdropContainer_Military
00:23:56.266 [VehicleEngine] Player {MM} meccmax [uid=iz1XKCOTQz4rSo4N_2QZvc-38Kw7-vxWkBvMaKVo0cI=] stopped vehicle M35a2 Black (id=5F973E2A67470430D8F713A20BFDB44D pos=<165.670532, 104.780731, 7051.894531>)
00:24:00.618 [VehicleLeave] Player {MM} meccmax [uid=iz1XKCOTQz4rSo4N_2QZvc-38Kw7-vxWkBvMaKVo0cI=] left vehicle M35a2 Black (id=5F973E2A67470430D8F713A20BFDB44D pos=<165.680862, 104.780281, 7051.894531>)
00:24:06.780 [VehicleCarKey] Player "{MM} meccmax" (id=iz1XKCOTQz4rSo4N_2QZvc-38Kw7-vxWkBvMaKVo0cI= pos=<168.430496, 104.737541, 7050.468262>) used the  ExpansionCarKey to lock M35a2_Black (id=5F973E2A67470430D8F713A20BFDB44D pos=<165.682129, 104.780228, 7051.894531>)
00:24:20.852 [VehicleCarKey] Player "{MM} meccmax" (id=iz1XKCOTQz4rSo4N_2QZvc-38Kw7-vxWkBvMaKVo0cI= pos=<164.989380, 104.878197, 7050.000977>) used the  ExpansionCarKey to unlock M35a2_Black (id=5F973E2A67470430D8F713A20BFDB44D pos=<165.682129, 104.780228, 7051.894531>)
00:24:25.055 [VehicleEnter] Player {MM} meccmax [uid=iz1XKCOTQz4rSo4N_2QZvc-38Kw7-vxWkBvMaKVo0cI=] entered vehicle M35a2 Black (id=5F973E2A67470430D8F713A20BFDB44D pos=<165.686111, 104.780052, 7051.894531>) as driver
00:24:28.463 [VehicleEngine] Player {MM} meccmax [uid=iz1XKCOTQz4rSo4N_2QZvc-38Kw7-vxWkBvMaKVo0cI=] started vehicle M35a2 Black (id=5F973E2A67470430D8F713A20BFDB44D pos=<165.691406, 104.779816, 7051.894531>)
00:25:00.509 [VehicleEngine] Player {MM} meccmax [uid=iz1XKCOTQz4rSo4N_2QZvc-38Kw7-vxWkBvMaKVo0cI=] stopped vehicle M35a2 Black (id=5F973E2A67470430D8F713A20BFDB44D pos=<160.008835, 105.057472, 7042.513672>)
00:25:04.596 [VehicleLeave] Player {MM} meccmax [uid=iz1XKCOTQz4rSo4N_2QZvc-38Kw7-vxWkBvMaKVo0cI=] left vehicle M35a2 Black (Locked) (id=5F973E2A67470430D8F713A20BFDB44D pos=<160.000534, 105.057266, 7042.509277>)
00:25:07.018 [VehicleCarKey] Player "{MM} meccmax" (id=iz1XKCOTQz4rSo4N_2QZvc-38Kw7-vxWkBvMaKVo0cI= pos=<162.270065, 105.027946, 7042.208984>) used the  ExpansionCarKey to unlock M35a2_Black (id=5F973E2A67470430D8F713A20BFDB44D pos=<159.999756, 105.057304, 7042.508789>)
00:25:11.224 [VehicleCarKey] Player "{MM} meccmax" (id=iz1XKCOTQz4rSo4N_2QZvc-38Kw7-vxWkBvMaKVo0cI= pos=<162.052383, 105.027107, 7044.051758>) used the  ExpansionCarKey to lock M35a2_Black (id=5F973E2A67470430D8F713A20BFDB44D pos=<159.999756, 105.057304, 7042.508789>)
00:26:35.255 [Party] Player "{MM} meccmax" (id=iz1XKCOTQz4rSo4N_2QZvc-38Kw7-vxWkBvMaKVo0cI=) left the party "Misfits" (id=9 ownerUID=iz1XKCOTQz4rSo4N_2QZvc-38Kw7-vxWkBvMaKVo0cI= ownerName={MM} meccmax)
