18:54:09.421 [Expansion Quests] - InitQuestSystemClient - Loaded existing player quest data for player with UID: Lz9Kmumu1QnE7HX0I_hIz0vW-Eq-ERMw5EWCTjeKz4U=
18:54:09.421 [Expansion Quests] - Create new quest instance for quest: 40 - Player UID: Lz9Kmumu1QnE7HX0I_hIz0vW-Eq-ERMw5EWCTjeKz4U=
18:59:16.312 [MissionAirdrop] An airdrop is heading towards "Junkyard" (pos=<3364.919922, 0.000000, 6174.080078> type=Random_Junkyard) with a ExpansionAirdropContainer_Medical
21:22:05.265 [Party] Player "Sharkparty" (id=2H7391gmOSCz4VnnBebcTth-2Sm4qjaSYaboxsOPA1Q=) joinded the party "dirtymike" (id=1 ownerUID=eZvdqnhxQZeB4Wvp7ko5cFy79bCUMACrCdUKq6S9F3w= ownerName=DirtyMike)
21:22:05.281 [Expansion Quests] - InitQuestSystemClient - Loaded existing player quest data for player with UID: 2H7391gmOSCz4VnnBebcTth-2Sm4qjaSYaboxsOPA1Q=
21:22:05.281 [Expansion Quests] - LoadGroupQuestData - Loaded existing group quest data for group with ID: 1
21:22:05.281 [Expansion Quests] - Create new quest instance for quest: 34 - Player UID: 2H7391gmOSCz4VnnBebcTth-2Sm4qjaSYaboxsOPA1Q=
21:22:06.242 [Expansion Quests] - LoadGroupQuestData - Got cached group quest data for group with ID: 1
21:22:13.312 [MissionAirdrop] An airdrop is heading towards "Sweet Water" (pos=<4663.779785, 0.000000, 9148.309570> type=Random_SweetWater) with a ExpansionAirdropContainer_Military
21:46:22.156 [Party] Player "Slightly Crazed" (id=RjqUafmWjW9Q1BHza4n7WoZ_8uUWujoz2w-ciuQaZcs=) joinded the party "GRUMPY OLD GITS" (id=2 ownerUID=SgADkNjbGaUs8SauxTNPqYQENYs5GlEGD7NNksMh0hI= ownerName=wiggy)
21:46:22.171 [Expansion Quests] - InitQuestSystemClient - Loaded existing player quest data for player with UID: RjqUafmWjW9Q1BHza4n7WoZ_8uUWujoz2w-ciuQaZcs=
21:46:22.171 [Expansion Quests] - LoadGroupQuestData - Loaded existing group quest data for group with ID: 2
21:46:22.171 [Expansion Quests] - Create new quest instance for quest: 38 - Player UID: RjqUafmWjW9Q1BHza4n7WoZ_8uUWujoz2w-ciuQaZcs=
21:46:23.125 [Expansion Quests] - LoadGroupQuestData - Got cached group quest data for group with ID: 2
21:55:52.312 [Party] Player "Slightly Crazed" (id=RjqUafmWjW9Q1BHza4n7WoZ_8uUWujoz2w-ciuQaZcs=) left the party "GRUMPY OLD GITS" (id=2 ownerUID=SgADkNjbGaUs8SauxTNPqYQENYs5GlEGD7NNksMh0hI= ownerName=wiggy)
22:06:58.757 [BaseRaiding] mmg_lockable_gun_rack_grey (<8497.065430, 22.286121, 5051.768555>) player "Sharkparty" (ID = "2H7391gmOSCz4VnnBebcTth-2Sm4qjaSYaboxsOPA1Q=" at <8497.617188, 22.107777, 5052.521484>) failed to enter the correct code.
22:06:58.757 [BaseRaiding] mmg_lockable_gun_rack_grey (<8497.065430, 22.286121, 5051.768555>) The correct code was 024689 and the player tried 1776
22:07:04.421 [BaseRaiding] mmg_lockable_gun_rack_grey (<8497.065430, 22.286121, 5051.768555>) player "Sharkparty" (ID = "2H7391gmOSCz4VnnBebcTth-2Sm4qjaSYaboxsOPA1Q=" at <8497.617188, 22.107777, 5052.521484>) failed to enter the correct code.
22:07:04.421 [BaseRaiding] mmg_lockable_gun_rack_grey (<8497.065430, 22.286121, 5051.768555>) The correct code was 024689 and the player tried 0420
22:07:15.570 [BaseRaiding] mmg_lockable_gun_rack_grey (<8497.065430, 22.286121, 5051.768555>) player "Sharkparty" (ID = "2H7391gmOSCz4VnnBebcTth-2Sm4qjaSYaboxsOPA1Q=" at <8497.617188, 22.107777, 5052.521484>) failed to enter the correct code.
22:07:15.570 [BaseRaiding] mmg_lockable_gun_rack_grey (<8497.065430, 22.286121, 5051.768555>) The correct code was 024689 and the player tried 6969
22:10:30.390 [Party] Player "Sharkparty" (id=2H7391gmOSCz4VnnBebcTth-2Sm4qjaSYaboxsOPA1Q=) left the party "dirtymike" (id=1 ownerUID=eZvdqnhxQZeB4Wvp7ko5cFy79bCUMACrCdUKq6S9F3w= ownerName=DirtyMike)
22:24:21.062 [Party] Player "Pennywise" (id=DzVLOnusa_P6OAOhre9vNubgNuFYy109hQY6AmxYZ6I=) joinded the party "Nomads" (id=18 ownerUID=DzVLOnusa_P6OAOhre9vNubgNuFYy109hQY6AmxYZ6I= ownerName=Pennywise)
22:24:21.062 [Expansion Quests] - InitQuestSystemClient - Loaded existing player quest data for player with UID: DzVLOnusa_P6OAOhre9vNubgNuFYy109hQY6AmxYZ6I=
22:24:21.062 [Expansion Quests] - LoadGroupQuestData - Loaded existing group quest data for group with ID: 18
22:24:21.062 [Expansion Quests] - Create new quest instance for quest: 99 - Player UID: DzVLOnusa_P6OAOhre9vNubgNuFYy109hQY6AmxYZ6I=
22:24:21.992 [Expansion Quests] - LoadGroupQuestData - Got cached group quest data for group with ID: 18
22:24:54.953 [Party] Player "Pennywise" (id=DzVLOnusa_P6OAOhre9vNubgNuFYy109hQY6AmxYZ6I=) left the party "Nomads" (id=18 ownerUID=DzVLOnusa_P6OAOhre9vNubgNuFYy109hQY6AmxYZ6I= ownerName=Pennywise)
