00:01:28.833 [Party] Player "Captain Chaos" (id=KWl3ojgjStHOe3-iLRChpUG8crsNiNfei3BT6NCIfaw=) joinded the party "dirtymike" (id=1 ownerUID=eZvdqnhxQZeB4Wvp7ko5cFy79bCUMACrCdUKq6S9F3w= ownerName=DirtyMike)
00:01:28.838 [Expansion Quests] - InitQuestSystemClient - Loaded existing player quest data for player with UID: KWl3ojgjStHOe3-iLRChpUG8crsNiNfei3BT6NCIfaw=
00:01:28.838 [Expansion Quests] - LoadGroupQuestData - Loaded existing group quest data for group with ID: 1
00:01:28.839 [Expansion Quests] - Create new quest instance for quest: 31 - Player UID: KWl3ojgjStHOe3-iLRChpUG8crsNiNfei3BT6NCIfaw=
00:01:29.803 [Expansion Quests] - LoadGroupQuestData - Got cached group quest data for group with ID: 1
00:03:54.569 [Party] Player "Dobbs221" (id=xh5gRezpDXUR5ZebK1pV67IkiucvDPEszDClFf2IBHI=) joinded the party "The Guys " (id=5 ownerUID=4PM-ed15027IMDlqz8OC4iAIcZrRuqh3AwUjvBTw0pU= ownerName=Xcubone)
00:03:54.574 [Expansion Quests] - InitQuestSystemClient - Loaded existing player quest data for player with UID: xh5gRezpDXUR5ZebK1pV67IkiucvDPEszDClFf2IBHI=
00:03:54.574 [Expansion Quests] - LoadGroupQuestData - Loaded existing group quest data for group with ID: 5
00:03:54.574 [Expansion Quests] - Create new quest instance for quest: 99 - Player UID: xh5gRezpDXUR5ZebK1pV67IkiucvDPEszDClFf2IBHI=
00:03:55.552 [Expansion Quests] - LoadGroupQuestData - Got cached group quest data for group with ID: 5
00:04:37.430 [AI Patrol] Spawning 2 Police Academy bots at <5194.787109, 56.129997, 2360.330322>
00:05:37.440 [AI Patrol] Spawning 2 Airfield bots at <6503.196289, 20.516222, 1856.365112>
00:06:37.578 [MissionAirdrop] An airdrop is heading towards "Junkyard" (pos=<3364.919922, 0.000000, 6174.080078> type=Random_Junkyard) with a ExpansionAirdropContainer_Medical
00:10:36.492 [Party] Player "DirtyMike" (id=eZvdqnhxQZeB4Wvp7ko5cFy79bCUMACrCdUKq6S9F3w=) joinded the party "dirtymike" (id=1 ownerUID=eZvdqnhxQZeB4Wvp7ko5cFy79bCUMACrCdUKq6S9F3w= ownerName=DirtyMike)
00:10:36.497 [Expansion Quests] - InitQuestSystemClient - Loaded existing player quest data for player with UID: eZvdqnhxQZeB4Wvp7ko5cFy79bCUMACrCdUKq6S9F3w=
00:10:36.497 [Expansion Quests] - LoadGroupQuestData - Got cached group quest data for group with ID: 1
00:10:36.497 [Expansion Quests] - Create new quest instance for quest: 32 - Player UID: eZvdqnhxQZeB4Wvp7ko5cFy79bCUMACrCdUKq6S9F3w=
00:10:37.464 [Expansion Quests] - LoadGroupQuestData - Got cached group quest data for group with ID: 1
00:18:19.664 [Party] Player "Xcubone" (id=4PM-ed15027IMDlqz8OC4iAIcZrRuqh3AwUjvBTw0pU=) joinded the party "The Guys " (id=5 ownerUID=4PM-ed15027IMDlqz8OC4iAIcZrRuqh3AwUjvBTw0pU= ownerName=Xcubone)
00:18:19.668 [Expansion Quests] - InitQuestSystemClient - Loaded existing player quest data for player with UID: 4PM-ed15027IMDlqz8OC4iAIcZrRuqh3AwUjvBTw0pU=
00:18:19.669 [Expansion Quests] - LoadGroupQuestData - Got cached group quest data for group with ID: 5
00:18:19.669 [Expansion Quests] - Create new quest instance for quest: 99 - Player UID: 4PM-ed15027IMDlqz8OC4iAIcZrRuqh3AwUjvBTw0pU=
00:18:20.644 [Expansion Quests] - LoadGroupQuestData - Got cached group quest data for group with ID: 5
00:22:35.134 [Killfeed] Dobbs221 got killed by Airfield with Pioneer from a distance of 1 m.
00:23:08.074 [Party] Player "Dobbs221" (id=xh5gRezpDXUR5ZebK1pV67IkiucvDPEszDClFf2IBHI=) joinded the party "The Guys " (id=5 ownerUID=4PM-ed15027IMDlqz8OC4iAIcZrRuqh3AwUjvBTw0pU= ownerName=Xcubone)
00:23:09.064 [Expansion Quests] - LoadGroupQuestData - Got cached group quest data for group with ID: 5
00:24:48.662 [VehicleEnter] Player Dobbs221 [uid=xh5gRezpDXUR5ZebK1pV67IkiucvDPEszDClFf2IBHI=] entered vehicle Ada 4x4 (id=448338CCC14C6CE76DFED38DA1E5F77E pos=<8807.755859, 2.254011, 1449.108521>) as driver
00:24:55.409 [VehicleEngine] Player Dobbs221 [uid=xh5gRezpDXUR5ZebK1pV67IkiucvDPEszDClFf2IBHI=] started vehicle Ada 4x4 (id=448338CCC14C6CE76DFED38DA1E5F77E pos=<8807.755859, 2.254011, 1449.108521>)
00:25:05.728 [VehicleEngine] Player Dobbs221 [uid=xh5gRezpDXUR5ZebK1pV67IkiucvDPEszDClFf2IBHI=] stopped vehicle Ada 4x4 (id=448338CCC14C6CE76DFED38DA1E5F77E pos=<8807.755859, 2.254012, 1449.110718>)
00:25:10.669 [VehicleLeave] Player Dobbs221 [uid=xh5gRezpDXUR5ZebK1pV67IkiucvDPEszDClFf2IBHI=] left vehicle Ada 4x4 (id=448338CCC14C6CE76DFED38DA1E5F77E pos=<8807.754883, 2.254011, 1449.110718>)
00:32:10.396 [AI Patrol] Spawning 2 Orting bots at <5312.109863, 219.779099, 4941.501465>
00:34:34.567 [Killfeed] Xcubone got killed by Airfield with Pioneer from a distance of 18 m.
00:34:57.572 [Party] Player "Xcubone" (id=4PM-ed15027IMDlqz8OC4iAIcZrRuqh3AwUjvBTw0pU=) joinded the party "The Guys " (id=5 ownerUID=4PM-ed15027IMDlqz8OC4iAIcZrRuqh3AwUjvBTw0pU= ownerName=Xcubone)
00:34:58.568 [Expansion Quests] - LoadGroupQuestData - Got cached group quest data for group with ID: 5
00:37:42.994 [Chat - Global]("Xcubone"(id=4PM-ed15027IMDlqz8OC4iAIcZrRuqh3AwUjvBTw0pU=)): why cant we talk and be friendly 
00:39:34.803 [Party] Player "Xcubone" (id=4PM-ed15027IMDlqz8OC4iAIcZrRuqh3AwUjvBTw0pU=) joinded the party "The Guys " (id=5 ownerUID=4PM-ed15027IMDlqz8OC4iAIcZrRuqh3AwUjvBTw0pU= ownerName=Xcubone)
00:39:35.794 [Expansion Quests] - LoadGroupQuestData - Got cached group quest data for group with ID: 5
00:41:32.429 [Party] Player "Xcubone" (id=4PM-ed15027IMDlqz8OC4iAIcZrRuqh3AwUjvBTw0pU=) joinded the party "The Guys " (id=5 ownerUID=4PM-ed15027IMDlqz8OC4iAIcZrRuqh3AwUjvBTw0pU= ownerName=Xcubone)
00:41:33.424 [Expansion Quests] - LoadGroupQuestData - Got cached group quest data for group with ID: 5
00:41:50.268 [Party] Player "Dobbs221" (id=xh5gRezpDXUR5ZebK1pV67IkiucvDPEszDClFf2IBHI=) left the party "The Guys " (id=5 ownerUID=4PM-ed15027IMDlqz8OC4iAIcZrRuqh3AwUjvBTw0pU= ownerName=Xcubone)
00:41:59.396 [Safezone] Player "Captain Chaos" (id=KWl3ojgjStHOe3-iLRChpUG8crsNiNfei3BT6NCIfaw= pos=<6589.850098, 21.487450, 3692.764404>) Entered the safezone
00:43:03.870 [Safezone] Player "DirtyMike" (id=eZvdqnhxQZeB4Wvp7ko5cFy79bCUMACrCdUKq6S9F3w= pos=<6608.410645, 21.502689, 3703.954834>) Entered the safezone
00:43:05.679 [Expansion Quests] - CompleteQuest - Player with UID KWl3ojgjStHOe3-iLRChpUG8crsNiNfei3BT6NCIfaw= has completed quest 31
00:43:57.609 [Expansion Quests] - CompleteQuest - Player with UID eZvdqnhxQZeB4Wvp7ko5cFy79bCUMACrCdUKq6S9F3w= has completed quest 32
00:44:44.428 [Party] Player "Slightly Crazed" (id=RjqUafmWjW9Q1BHza4n7WoZ_8uUWujoz2w-ciuQaZcs=) joinded the party "GRUMPY OLD GITS" (id=2 ownerUID=SgADkNjbGaUs8SauxTNPqYQENYs5GlEGD7NNksMh0hI= ownerName=wiggy)
00:44:44.444 [Expansion Quests] - InitQuestSystemClient - Loaded existing player quest data for player with UID: RjqUafmWjW9Q1BHza4n7WoZ_8uUWujoz2w-ciuQaZcs=
00:44:44.445 [Expansion Quests] - LoadGroupQuestData - Loaded existing group quest data for group with ID: 2
00:44:44.445 [Expansion Quests] - Create new quest instance for quest: 99 - Player UID: RjqUafmWjW9Q1BHza4n7WoZ_8uUWujoz2w-ciuQaZcs=
00:44:45.407 [Expansion Quests] - LoadGroupQuestData - Got cached group quest data for group with ID: 2
00:45:27.529 [Market] Player "Captain Chaos" (id=KWl3ojgjStHOe3-iLRChpUG8crsNiNfei3BT6NCIfaw=) has send a requested to purchase expansioncarkey x1 from the trader "Vehicle_Parts (Lewis [VEHICLE PARTS])" in market zone "The Holler" (pos=<6614.000000, 0.000000, 3670.000000>).
00:45:27.638 [Market] Player "Captain Chaos" (id=KWl3ojgjStHOe3-iLRChpUG8crsNiNfei3BT6NCIfaw=) has bought expansioncarkey x1 from the trader "Vehicle_Parts (Lewis [VEHICLE PARTS])" in market zone "The Holler" (pos=<6614.000000, 0.000000, 3670.000000>) for a price of 600.
00:45:51.215 [Party] Player "Dobbs221" (id=xh5gRezpDXUR5ZebK1pV67IkiucvDPEszDClFf2IBHI=) joinded the party "The Guys " (id=5 ownerUID=4PM-ed15027IMDlqz8OC4iAIcZrRuqh3AwUjvBTw0pU= ownerName=Xcubone)
00:45:51.222 [Expansion Quests] - InitQuestSystemClient - Loaded existing player quest data for player with UID: xh5gRezpDXUR5ZebK1pV67IkiucvDPEszDClFf2IBHI=
00:45:51.223 [Expansion Quests] - LoadGroupQuestData - Got cached group quest data for group with ID: 5
00:45:51.223 [Expansion Quests] - Create new quest instance for quest: 99 - Player UID: xh5gRezpDXUR5ZebK1pV67IkiucvDPEszDClFf2IBHI=
00:45:52.209 [Expansion Quests] - LoadGroupQuestData - Got cached group quest data for group with ID: 5
00:46:09.536 [Party] Player "DirtyMike" (id=eZvdqnhxQZeB4Wvp7ko5cFy79bCUMACrCdUKq6S9F3w=) left the party "dirtymike" (id=1 ownerUID=eZvdqnhxQZeB4Wvp7ko5cFy79bCUMACrCdUKq6S9F3w= ownerName=DirtyMike)
00:46:32.122 [Expansion Quests] - CreateQuestInstance - Created new quest instance for with instance key KWl3ojgjStHOe3-iLRChpUG8crsNiNfei3BT6NCIfaw= for quest 32
00:46:52.836 [Safezone] Player "Captain Chaos" (id=KWl3ojgjStHOe3-iLRChpUG8crsNiNfei3BT6NCIfaw= pos=<6537.198242, 22.274698, 3632.379883>) Left the safezone
00:48:31.763 [Party] Player "Dobbs221" (id=xh5gRezpDXUR5ZebK1pV67IkiucvDPEszDClFf2IBHI=) joinded the party "The Guys " (id=5 ownerUID=4PM-ed15027IMDlqz8OC4iAIcZrRuqh3AwUjvBTw0pU= ownerName=Xcubone)
00:48:32.758 [Expansion Quests] - LoadGroupQuestData - Got cached group quest data for group with ID: 5
01:15:53.690 [AI Patrol] Spawning 2 Vagabond Army bots at <3561.474121, 99.884567, 7885.605469>
01:19:18.537 [Party] Player "Xcubone" (id=4PM-ed15027IMDlqz8OC4iAIcZrRuqh3AwUjvBTw0pU=) left the party "The Guys " (id=5 ownerUID=4PM-ed15027IMDlqz8OC4iAIcZrRuqh3AwUjvBTw0pU= ownerName=Xcubone)
01:19:23.124 [ExplosionDamageSystem] About to explode RGD5Grenade_Ammo from RGD5Grenade<ab857710> at <3314.91, 3.36, 1171.45> EXPLOSION range 12 dropoff 3
01:19:23.125 [Killfeed] Dobbs221 was killed by an explosion caused by EGD-5 Frag Grenade.
01:19:47.814 [Party] Player "Dobbs221" (id=xh5gRezpDXUR5ZebK1pV67IkiucvDPEszDClFf2IBHI=) joinded the party "The Guys " (id=5 ownerUID=4PM-ed15027IMDlqz8OC4iAIcZrRuqh3AwUjvBTw0pU= ownerName=Xcubone)
01:19:48.806 [Expansion Quests] - LoadGroupQuestData - Got cached group quest data for group with ID: 5
01:21:13.902 [Party] Player "Dobbs221" (id=xh5gRezpDXUR5ZebK1pV67IkiucvDPEszDClFf2IBHI=) left the party "The Guys " (id=5 ownerUID=4PM-ed15027IMDlqz8OC4iAIcZrRuqh3AwUjvBTw0pU= ownerName=Xcubone)
01:28:03.802 [VehicleEnter] Player Captain Chaos [uid=KWl3ojgjStHOe3-iLRChpUG8crsNiNfei3BT6NCIfaw=] entered vehicle Sarka 120 (id=6EF73529F24ABD40A5A8E8B93E1A45AB pos=<8108.618652, 8.541037, 6610.499512>) as driver
01:28:49.300 [VehicleEngine] Player Captain Chaos [uid=KWl3ojgjStHOe3-iLRChpUG8crsNiNfei3BT6NCIfaw=] started vehicle Sarka 120 (id=6EF73529F24ABD40A5A8E8B93E1A45AB pos=<8108.618164, 8.541035, 6610.500488>)
01:28:53.722 [VehicleLeave] Player Captain Chaos [uid=KWl3ojgjStHOe3-iLRChpUG8crsNiNfei3BT6NCIfaw=] left vehicle Sarka 120 (id=6EF73529F24ABD40A5A8E8B93E1A45AB pos=<8108.618164, 8.541046, 6610.500488>)
01:29:13.180 [VehicleEnter] Player Captain Chaos [uid=KWl3ojgjStHOe3-iLRChpUG8crsNiNfei3BT6NCIfaw=] entered vehicle Sarka 120 (id=6EF73529F24ABD40A5A8E8B93E1A45AB pos=<8108.618164, 8.541090, 6610.502930>) as driver
01:29:15.360 [VehicleEngine] Player Captain Chaos [uid=KWl3ojgjStHOe3-iLRChpUG8crsNiNfei3BT6NCIfaw=] stopped vehicle Sarka 120 (id=6EF73529F24ABD40A5A8E8B93E1A45AB pos=<8108.618164, 8.541033, 6610.502930>)
01:29:18.162 [VehicleLeave] Player Captain Chaos [uid=KWl3ojgjStHOe3-iLRChpUG8crsNiNfei3BT6NCIfaw=] left vehicle Sarka 120 (id=6EF73529F24ABD40A5A8E8B93E1A45AB pos=<8108.618164, 8.541035, 6610.502930>)
01:30:18.831 [VehicleEnter] Player Captain Chaos [uid=KWl3ojgjStHOe3-iLRChpUG8crsNiNfei3BT6NCIfaw=] entered vehicle Sarka 120 (id=6EF73529F24ABD40A5A8E8B93E1A45AB pos=<8108.618164, 8.541035, 6610.502930>) as driver
01:30:27.120 [VehicleLeave] Player Captain Chaos [uid=KWl3ojgjStHOe3-iLRChpUG8crsNiNfei3BT6NCIfaw=] left vehicle Sarka 120 (id=6EF73529F24ABD40A5A8E8B93E1A45AB pos=<8108.618164, 8.541038, 6610.503418>)
01:32:20.577 [MissionAirdrop] An airdrop is heading towards "Wetlands" (pos=<664.210022, 0.000000, 6312.689941> type=Random_Wetlands) with a ExpansionAirdropContainer
01:34:35.752 [VehicleEnter] Player Captain Chaos [uid=KWl3ojgjStHOe3-iLRChpUG8crsNiNfei3BT6NCIfaw=] entered vehicle Sarka 120 (id=6EF73529F24ABD40A5A8E8B93E1A45AB pos=<8108.618164, 8.541057, 6610.503418>) as driver
01:40:44.147 [Party] Player "Captain Chaos" (id=KWl3ojgjStHOe3-iLRChpUG8crsNiNfei3BT6NCIfaw=) left the party "dirtymike" (id=1 ownerUID=eZvdqnhxQZeB4Wvp7ko5cFy79bCUMACrCdUKq6S9F3w= ownerName=DirtyMike)
01:41:27.155 [Chat - Global]("Slightly Crazed"(id=RjqUafmWjW9Q1BHza4n7WoZ_8uUWujoz2w-ciuQaZcs=)): nails are scarce
01:41:32.814 [Party] Player "Captain Chaos" (id=KWl3ojgjStHOe3-iLRChpUG8crsNiNfei3BT6NCIfaw=) joinded the party "dirtymike" (id=1 ownerUID=eZvdqnhxQZeB4Wvp7ko5cFy79bCUMACrCdUKq6S9F3w= ownerName=DirtyMike)
01:41:32.819 [Expansion Quests] - InitQuestSystemClient - Loaded existing player quest data for player with UID: KWl3ojgjStHOe3-iLRChpUG8crsNiNfei3BT6NCIfaw=
01:41:32.819 [Expansion Quests] - LoadGroupQuestData - Got cached group quest data for group with ID: 1
01:41:32.819 [Expansion Quests] - Create new quest instance for quest: 32 - Player UID: KWl3ojgjStHOe3-iLRChpUG8crsNiNfei3BT6NCIfaw=
01:41:33.786 [Expansion Quests] - LoadGroupQuestData - Got cached group quest data for group with ID: 1
01:42:02.626 [VehicleEnter] Player Captain Chaos [uid=KWl3ojgjStHOe3-iLRChpUG8crsNiNfei3BT6NCIfaw=] entered vehicle Sarka 120 (id=6EF73529F24ABD40A5A8E8B93E1A45AB pos=<8108.618164, 8.541037, 6610.515137>) as driver
01:42:05.988 [VehicleEngine] Player Captain Chaos [uid=KWl3ojgjStHOe3-iLRChpUG8crsNiNfei3BT6NCIfaw=] started vehicle Sarka 120 (id=6EF73529F24ABD40A5A8E8B93E1A45AB pos=<8108.618164, 8.541059, 6610.515137>)
01:55:24.245 [Party] Player "Captain Chaos" (id=KWl3ojgjStHOe3-iLRChpUG8crsNiNfei3BT6NCIfaw=) joinded the party "dirtymike" (id=1 ownerUID=eZvdqnhxQZeB4Wvp7ko5cFy79bCUMACrCdUKq6S9F3w= ownerName=DirtyMike)
01:55:25.239 [Expansion Quests] - LoadGroupQuestData - Got cached group quest data for group with ID: 1
02:22:49.425 [Party] Player "Slightly Crazed" (id=RjqUafmWjW9Q1BHza4n7WoZ_8uUWujoz2w-ciuQaZcs=) left the party "GRUMPY OLD GITS" (id=2 ownerUID=SgADkNjbGaUs8SauxTNPqYQENYs5GlEGD7NNksMh0hI= ownerName=wiggy)
02:39:21.364 [Party] Player "Captain Chaos" (id=KWl3ojgjStHOe3-iLRChpUG8crsNiNfei3BT6NCIfaw=) joinded the party "dirtymike" (id=1 ownerUID=eZvdqnhxQZeB4Wvp7ko5cFy79bCUMACrCdUKq6S9F3w= ownerName=DirtyMike)
02:39:22.362 [Expansion Quests] - LoadGroupQuestData - Got cached group quest data for group with ID: 1
02:42:19.660 [AI Patrol] Spawning 2 FOB Alpha bots at <220.138245, 146.875931, 4962.110840>
02:51:48.294 [Party] Player "Captain Chaos" (id=KWl3ojgjStHOe3-iLRChpUG8crsNiNfei3BT6NCIfaw=) joinded the party "dirtymike" (id=1 ownerUID=eZvdqnhxQZeB4Wvp7ko5cFy79bCUMACrCdUKq6S9F3w= ownerName=DirtyMike)
02:51:49.289 [Expansion Quests] - LoadGroupQuestData - Got cached group quest data for group with ID: 1
02:54:20.746 [Party] Player "TBaguette" (id=_4TQYB2MRsDhRSX5L_XCQHGgkwz0PAQyY-_3LQMQL8Q=) joinded the party "The Guys " (id=5 ownerUID=4PM-ed15027IMDlqz8OC4iAIcZrRuqh3AwUjvBTw0pU= ownerName=Xcubone)
02:54:20.762 [Expansion Quests] - InitQuestSystemClient - Loaded existing player quest data for player with UID: _4TQYB2MRsDhRSX5L_XCQHGgkwz0PAQyY-_3LQMQL8Q=
02:54:20.762 [Expansion Quests] - LoadGroupQuestData - Got cached group quest data for group with ID: 5
02:54:20.762 [Expansion Quests] - Create new quest instance for quest: 99 - Player UID: _4TQYB2MRsDhRSX5L_XCQHGgkwz0PAQyY-_3LQMQL8Q=
02:54:21.732 [Expansion Quests] - LoadGroupQuestData - Got cached group quest data for group with ID: 5
02:58:43.224 [VehicleEnter] Player Captain Chaos [uid=KWl3ojgjStHOe3-iLRChpUG8crsNiNfei3BT6NCIfaw=] entered vehicle Ada 4x4 (id=448338CCC14C6CE76DFED38DA1E5F77E pos=<8807.754883, 2.254011, 1449.110718>) as driver
02:58:45.712 [VehicleLeave] Player Captain Chaos [uid=KWl3ojgjStHOe3-iLRChpUG8crsNiNfei3BT6NCIfaw=] left vehicle Ada 4x4 (id=448338CCC14C6CE76DFED38DA1E5F77E pos=<8807.754883, 2.254011, 1449.110718>)
02:58:50.586 [MissionAirdrop] An airdrop is heading towards "Ocean Shores" (pos=<1322.369995, 0.000000, 948.588013> type=Random_OceanShores) with a ExpansionAirdropContainer_Basebuilding
03:17:21.442 [Expansion Quests] - InitQuestSystemClient - Created new persistent player quest data for player UID: QM7LViVt5sZd0hja19cF2rW2mCNEG7w2k3AFdalcF50=
03:17:21.442 [Expansion Quests] - LoadGroupQuestData - Created new persistent group quest data for group with ID: -1
03:36:03.691 [VehicleEnter] Player Mansbridge [uid=QM7LViVt5sZd0hja19cF2rW2mCNEG7w2k3AFdalcF50=] entered vehicle Ada 4x4 (id=448338CCC14C6CE76DFED38DA1E5F77E pos=<8807.755859, 2.254012, 1449.110718>) as driver
03:36:06.292 [VehicleLeave] Player Mansbridge [uid=QM7LViVt5sZd0hja19cF2rW2mCNEG7w2k3AFdalcF50=] left vehicle Ada 4x4 (id=448338CCC14C6CE76DFED38DA1E5F77E pos=<8807.755859, 2.254012, 1449.110718>)
03:36:10.225 [VehicleEnter] Player Mansbridge [uid=QM7LViVt5sZd0hja19cF2rW2mCNEG7w2k3AFdalcF50=] entered vehicle Ada 4x4 (id=448338CCC14C6CE76DFED38DA1E5F77E pos=<8807.754883, 2.254011, 1449.110718>) as driver
03:36:13.121 [VehicleLeave] Player Mansbridge [uid=QM7LViVt5sZd0hja19cF2rW2mCNEG7w2k3AFdalcF50=] left vehicle Ada 4x4 (id=448338CCC14C6CE76DFED38DA1E5F77E pos=<8807.754883, 2.254011, 1449.110718>)
03:51:35.905 [VehicleEnter] Player Captain Chaos [uid=KWl3ojgjStHOe3-iLRChpUG8crsNiNfei3BT6NCIfaw=] entered vehicle Sarka 120 (id=F975EA7A014F87A9ACE21CB98AD43648 pos=<7917.529785, 1.818459, 879.677368>) as driver
03:51:41.607 [VehicleEngine] Player Captain Chaos [uid=KWl3ojgjStHOe3-iLRChpUG8crsNiNfei3BT6NCIfaw=] started vehicle Sarka 120 (id=F975EA7A014F87A9ACE21CB98AD43648 pos=<7917.529785, 1.818437, 879.679016>)
03:52:19.642 [VehicleLeave] Player Captain Chaos [uid=KWl3ojgjStHOe3-iLRChpUG8crsNiNfei3BT6NCIfaw=] left vehicle Sarka 120 (id=F975EA7A014F87A9ACE21CB98AD43648 pos=<7970.631348, 2.131592, 855.613586>)
03:53:44.377 [VehicleEnter] Player Captain Chaos [uid=KWl3ojgjStHOe3-iLRChpUG8crsNiNfei3BT6NCIfaw=] entered vehicle Sarka 120 (id=F975EA7A014F87A9ACE21CB98AD43648 pos=<7970.631348, 2.130419, 855.637390>) as driver
03:53:46.458 [VehicleLeave] Player Captain Chaos [uid=KWl3ojgjStHOe3-iLRChpUG8crsNiNfei3BT6NCIfaw=] left vehicle Sarka 120 (id=F975EA7A014F87A9ACE21CB98AD43648 pos=<7970.631348, 2.129454, 855.656799>)
03:55:09.470 [VehicleAttachments] Player Captain Chaos (uid=KWl3ojgjStHOe3-iLRChpUG8crsNiNfei3BT6NCIfaw=) detached Sarka 120 Front Left Door (type=Sedan_02_Door_1_1) from vehicle Sarka 120(id=F975EA7A014F87A9ACE21CB98AD43648 pos=<7970.631348, 2.129042, 855.664551>)
03:55:16.385 [VehicleEnter] Player Captain Chaos [uid=KWl3ojgjStHOe3-iLRChpUG8crsNiNfei3BT6NCIfaw=] entered vehicle Sarka 120 (id=F975EA7A014F87A9ACE21CB98AD43648 pos=<7970.631348, 2.128236, 855.680847>) as driver
03:55:17.627 [VehicleEngine] Player Captain Chaos [uid=KWl3ojgjStHOe3-iLRChpUG8crsNiNfei3BT6NCIfaw=] started vehicle Sarka 120 (id=F975EA7A014F87A9ACE21CB98AD43648 pos=<7970.631348, 2.127624, 855.693237>)
03:58:18.596 [VehicleLeave] Player Captain Chaos [uid=KWl3ojgjStHOe3-iLRChpUG8crsNiNfei3BT6NCIfaw=] left vehicle Sarka 120 (id=F975EA7A014F87A9ACE21CB98AD43648 pos=<8735.997070, 2.189329, 1520.924927>)
04:00:26.988 [VehicleEnter] Player Captain Chaos [uid=KWl3ojgjStHOe3-iLRChpUG8crsNiNfei3BT6NCIfaw=] entered vehicle Ada 4x4 (id=448338CCC14C6CE76DFED38DA1E5F77E pos=<8807.755859, 2.254012, 1449.110718>) as driver
04:00:30.043 [VehicleLeave] Player Captain Chaos [uid=KWl3ojgjStHOe3-iLRChpUG8crsNiNfei3BT6NCIfaw=] left vehicle Ada 4x4 (id=448338CCC14C6CE76DFED38DA1E5F77E pos=<8807.755859, 2.254012, 1449.110718>)
04:00:35.637 [VehicleAttachments] Player Captain Chaos (uid=KWl3ojgjStHOe3-iLRChpUG8crsNiNfei3BT6NCIfaw=) detached Ada 4x4 Left Door (type=HatchbackDoors_Driver_Blue) from vehicle Ada 4x4(id=448338CCC14C6CE76DFED38DA1E5F77E pos=<8807.754883, 2.254011, 1449.110718>)
04:14:28.790 [VehicleEnter] Player Captain Chaos [uid=KWl3ojgjStHOe3-iLRChpUG8crsNiNfei3BT6NCIfaw=] entered vehicle Ada 4x4 (id=448338CCC14C6CE76DFED38DA1E5F77E pos=<8807.754883, 2.254012, 1449.110718>) as driver
04:14:30.835 [VehicleEngine] Player Captain Chaos [uid=KWl3ojgjStHOe3-iLRChpUG8crsNiNfei3BT6NCIfaw=] started vehicle Ada 4x4 (id=448338CCC14C6CE76DFED38DA1E5F77E pos=<8807.754883, 2.254011, 1449.110718>)
04:15:01.935 [VehicleLeave] Player Captain Chaos [uid=KWl3ojgjStHOe3-iLRChpUG8crsNiNfei3BT6NCIfaw=] left vehicle Ada 4x4 (id=448338CCC14C6CE76DFED38DA1E5F77E pos=<8845.104492, 3.089600, 1418.397461>)
04:15:32.723 [VehicleEnter] Player Captain Chaos [uid=KWl3ojgjStHOe3-iLRChpUG8crsNiNfei3BT6NCIfaw=] entered vehicle Ada 4x4 (id=448338CCC14C6CE76DFED38DA1E5F77E pos=<8845.104492, 3.089600, 1418.396973>) as driver
04:15:37.029 [VehicleEngine] Player Captain Chaos [uid=KWl3ojgjStHOe3-iLRChpUG8crsNiNfei3BT6NCIfaw=] started vehicle Ada 4x4 (id=448338CCC14C6CE76DFED38DA1E5F77E pos=<8845.104492, 3.089600, 1418.397339>)
04:17:29.845 [VehicleLeave] Player Captain Chaos [uid=KWl3ojgjStHOe3-iLRChpUG8crsNiNfei3BT6NCIfaw=] left vehicle Ada 4x4 (id=448338CCC14C6CE76DFED38DA1E5F77E pos=<8741.375000, 2.254011, 1524.318359>)
04:17:47.514 [VehicleAttachments] Player Captain Chaos (uid=KWl3ojgjStHOe3-iLRChpUG8crsNiNfei3BT6NCIfaw=) detached Car Radiator (type=CarRadiator) from vehicle Sarka 120(id=F975EA7A014F87A9ACE21CB98AD43648 pos=<8735.997070, 2.189348, 1520.924927>)
04:18:00.535 [VehicleAttachments] Player Captain Chaos (uid=KWl3ojgjStHOe3-iLRChpUG8crsNiNfei3BT6NCIfaw=) detached Sarka 120 Wheel (type=Sedan_02_Wheel) from vehicle Sarka 120(id=F975EA7A014F87A9ACE21CB98AD43648 pos=<8735.997070, 2.189348, 1520.924927>)
04:18:18.019 [VehicleEnter] Player Captain Chaos [uid=KWl3ojgjStHOe3-iLRChpUG8crsNiNfei3BT6NCIfaw=] entered vehicle Ada 4x4 (id=448338CCC14C6CE76DFED38DA1E5F77E pos=<8741.375000, 2.254011, 1524.317627>) as driver
04:18:19.774 [VehicleEngine] Player Captain Chaos [uid=KWl3ojgjStHOe3-iLRChpUG8crsNiNfei3BT6NCIfaw=] started vehicle Ada 4x4 (id=448338CCC14C6CE76DFED38DA1E5F77E pos=<8741.375000, 2.254011, 1524.317627>)
04:18:24.786 [Party] Player "TBaguette" (id=_4TQYB2MRsDhRSX5L_XCQHGgkwz0PAQyY-_3LQMQL8Q=) left the party "The Guys " (id=5 ownerUID=4PM-ed15027IMDlqz8OC4iAIcZrRuqh3AwUjvBTw0pU= ownerName=Xcubone)
04:27:11.586 [MissionAirdrop] An airdrop is heading towards "Church Camp" (pos=<8075.850098, 0.000000, 6584.669922> type=Random_ChurchCamp) with a ExpansionAirdropContainer_Medical
04:30:02.258 [VehicleLeave] Player Captain Chaos [uid=KWl3ojgjStHOe3-iLRChpUG8crsNiNfei3BT6NCIfaw=] left vehicle Ada 4x4 (id=448338CCC14C6CE76DFED38DA1E5F77E pos=<6640.129883, 159.384705, 7104.553223>)
04:32:04.216 [Party] Player "Slightly Crazed" (id=RjqUafmWjW9Q1BHza4n7WoZ_8uUWujoz2w-ciuQaZcs=) joinded the party "GRUMPY OLD GITS" (id=2 ownerUID=SgADkNjbGaUs8SauxTNPqYQENYs5GlEGD7NNksMh0hI= ownerName=wiggy)
04:32:04.222 [Expansion Quests] - InitQuestSystemClient - Loaded existing player quest data for player with UID: RjqUafmWjW9Q1BHza4n7WoZ_8uUWujoz2w-ciuQaZcs=
04:32:04.222 [Expansion Quests] - LoadGroupQuestData - Got cached group quest data for group with ID: 2
04:32:04.223 [Expansion Quests] - Create new quest instance for quest: 99 - Player UID: RjqUafmWjW9Q1BHza4n7WoZ_8uUWujoz2w-ciuQaZcs=
04:32:05.195 [Expansion Quests] - LoadGroupQuestData - Got cached group quest data for group with ID: 2
04:32:53.161 [VehicleEnter] Player Slightly Crazed [uid=RjqUafmWjW9Q1BHza4n7WoZ_8uUWujoz2w-ciuQaZcs=] entered vehicle Olga 24 (id=F21BBEC70541FAFFD71C1DB57F7DA208 pos=<1741.900757, 109.445358, 5764.562012>) as driver
04:33:01.942 [VehicleEngine] Player Slightly Crazed [uid=RjqUafmWjW9Q1BHza4n7WoZ_8uUWujoz2w-ciuQaZcs=] started vehicle Olga 24 (id=F21BBEC70541FAFFD71C1DB57F7DA208 pos=<1741.986572, 109.433838, 5764.393555>)
04:33:12.660 [VehicleEngine] Player Slightly Crazed [uid=RjqUafmWjW9Q1BHza4n7WoZ_8uUWujoz2w-ciuQaZcs=] stopped vehicle Olga 24 (id=F21BBEC70541FAFFD71C1DB57F7DA208 pos=<1742.070068, 109.422615, 5764.229004>)
04:33:16.105 [VehicleEngine] Player Slightly Crazed [uid=RjqUafmWjW9Q1BHza4n7WoZ_8uUWujoz2w-ciuQaZcs=] started vehicle Olga 24 (id=F21BBEC70541FAFFD71C1DB57F7DA208 pos=<1742.100830, 109.418419, 5764.163086>)
04:33:43.794 [BaseRaiding] mmg_armored_cabinet_grey (<6515.943848, 161.663834, 7216.276855>) Code set by player "Captain Chaos" (ID = "KWl3ojgjStHOe3-iLRChpUG8crsNiNfei3BT6NCIfaw=" at <6516.698242, 161.703812, 7215.046387>) and the code is 1776
04:35:55.751 [Party] Player "wiggy" (id=SgADkNjbGaUs8SauxTNPqYQENYs5GlEGD7NNksMh0hI=) joinded the party "GRUMPY OLD GITS" (id=2 ownerUID=SgADkNjbGaUs8SauxTNPqYQENYs5GlEGD7NNksMh0hI= ownerName=wiggy)
04:35:55.763 [Expansion Quests] - InitQuestSystemClient - Loaded existing player quest data for player with UID: SgADkNjbGaUs8SauxTNPqYQENYs5GlEGD7NNksMh0hI=
04:35:55.763 [Expansion Quests] - LoadGroupQuestData - Got cached group quest data for group with ID: 2
04:35:55.763 [Expansion Quests] - Create new quest instance for quest: 99 - Player UID: SgADkNjbGaUs8SauxTNPqYQENYs5GlEGD7NNksMh0hI=
04:35:56.732 [Expansion Quests] - LoadGroupQuestData - Got cached group quest data for group with ID: 2
04:39:40.388 [Party] Player "Captain Chaos" (id=KWl3ojgjStHOe3-iLRChpUG8crsNiNfei3BT6NCIfaw=) left the party "dirtymike" (id=1 ownerUID=eZvdqnhxQZeB4Wvp7ko5cFy79bCUMACrCdUKq6S9F3w= ownerName=DirtyMike)
04:43:26.976 [VehicleLeave] Player Slightly Crazed [uid=RjqUafmWjW9Q1BHza4n7WoZ_8uUWujoz2w-ciuQaZcs=] left vehicle Olga 24 (id=F21BBEC70541FAFFD71C1DB57F7DA208 pos=<3693.800537, 338.558685, 4932.848633>)
04:45:08.476 [VehicleEnter] Player Slightly Crazed [uid=RjqUafmWjW9Q1BHza4n7WoZ_8uUWujoz2w-ciuQaZcs=] entered vehicle Olga 24 (id=F21BBEC70541FAFFD71C1DB57F7DA208 pos=<3693.801025, 338.558655, 4932.848633>) as driver
04:45:11.310 [VehicleEnter] Player wiggy [uid=SgADkNjbGaUs8SauxTNPqYQENYs5GlEGD7NNksMh0hI=] entered vehicle Olga 24 (id=F21BBEC70541FAFFD71C1DB57F7DA208 pos=<3693.800537, 338.558655, 4932.848633>) as passenger
04:45:11.847 [VehicleEngine] Player Slightly Crazed [uid=RjqUafmWjW9Q1BHza4n7WoZ_8uUWujoz2w-ciuQaZcs=] started vehicle Olga 24 (id=F21BBEC70541FAFFD71C1DB57F7DA208 pos=<3693.800293, 338.558655, 4932.848633>)
04:52:29.003 [Expansion Quests] - CompleteQuest - Player with UID SgADkNjbGaUs8SauxTNPqYQENYs5GlEGD7NNksMh0hI= has completed quest 99
04:52:29.072 [Expansion Quests] - CompleteQuest - Player with UID RjqUafmWjW9Q1BHza4n7WoZ_8uUWujoz2w-ciuQaZcs= has completed quest 99
04:52:31.519 [Safezone] Player "wiggy" (id=SgADkNjbGaUs8SauxTNPqYQENYs5GlEGD7NNksMh0hI= pos=<6639.408203, 21.858027, 3632.547363>) Entered the safezone
04:52:31.570 [Safezone] Player "Slightly Crazed" (id=RjqUafmWjW9Q1BHza4n7WoZ_8uUWujoz2w-ciuQaZcs= pos=<6638.496094, 21.846218, 3632.423096>) Entered the safezone
04:52:38.781 [VehicleLeave] Player wiggy [uid=SgADkNjbGaUs8SauxTNPqYQENYs5GlEGD7NNksMh0hI=] left vehicle Olga 24 (id=F21BBEC70541FAFFD71C1DB57F7DA208 pos=<6629.875000, 21.217684, 3647.222656>)
04:52:39.310 [VehicleLeave] Player Slightly Crazed [uid=RjqUafmWjW9Q1BHza4n7WoZ_8uUWujoz2w-ciuQaZcs=] left vehicle Olga 24 (id=F21BBEC70541FAFFD71C1DB57F7DA208 pos=<6629.875000, 21.217661, 3647.222412>)
04:53:00.548 [Market] Player "Slightly Crazed" (id=RjqUafmWjW9Q1BHza4n7WoZ_8uUWujoz2w-ciuQaZcs=) has send a requested to sell cp_cannabisbagblackfrost x1 at the trader "Fishing_Hunting (Helga [HOLLER MARKET])" in market zone "The Holler" (pos=<6614.000000, 0.000000, 3670.000000>).
04:53:00.837 [Market] Player "Slightly Crazed" (id=RjqUafmWjW9Q1BHza4n7WoZ_8uUWujoz2w-ciuQaZcs=) has sold cp_cannabisbagblackfrost x1 at the trader "Fishing_Hunting (Helga [HOLLER MARKET])" in market zone "The Holler" (pos=<6614.000000, 0.000000, 3670.000000>) and got 3375.
04:53:04.980 [Market] Player "Slightly Crazed" (id=RjqUafmWjW9Q1BHza4n7WoZ_8uUWujoz2w-ciuQaZcs=) has send a requested to sell cp_cannabisbagfuture x1 at the trader "Fishing_Hunting (Helga [HOLLER MARKET])" in market zone "The Holler" (pos=<6614.000000, 0.000000, 3670.000000>).
04:53:05.945 [Market] Player "Slightly Crazed" (id=RjqUafmWjW9Q1BHza4n7WoZ_8uUWujoz2w-ciuQaZcs=) has sold cp_cannabisbagfuture x1 at the trader "Fishing_Hunting (Helga [HOLLER MARKET])" in market zone "The Holler" (pos=<6614.000000, 0.000000, 3670.000000>) and got 2250.
04:53:06.937 [Market] Player "Slightly Crazed" (id=RjqUafmWjW9Q1BHza4n7WoZ_8uUWujoz2w-ciuQaZcs=) has send a requested to sell cp_cannabisbagkush x1 at the trader "Fishing_Hunting (Helga [HOLLER MARKET])" in market zone "The Holler" (pos=<6614.000000, 0.000000, 3670.000000>).
04:53:08.521 [Market] Player "Slightly Crazed" (id=RjqUafmWjW9Q1BHza4n7WoZ_8uUWujoz2w-ciuQaZcs=) has sold cp_cannabisbagkush x1 at the trader "Fishing_Hunting (Helga [HOLLER MARKET])" in market zone "The Holler" (pos=<6614.000000, 0.000000, 3670.000000>) and got 1500.
04:53:08.884 [Market] Player "Slightly Crazed" (id=RjqUafmWjW9Q1BHza4n7WoZ_8uUWujoz2w-ciuQaZcs=) has send a requested to sell cp_cannabisbags1 x1 at the trader "Fishing_Hunting (Helga [HOLLER MARKET])" in market zone "The Holler" (pos=<6614.000000, 0.000000, 3670.000000>).
04:53:09.162 [Market] Player "Slightly Crazed" (id=RjqUafmWjW9Q1BHza4n7WoZ_8uUWujoz2w-ciuQaZcs=) has sold cp_cannabisbags1 x1 at the trader "Fishing_Hunting (Helga [HOLLER MARKET])" in market zone "The Holler" (pos=<6614.000000, 0.000000, 3670.000000>) and got 2437.
04:53:13.636 [Market] Player "Slightly Crazed" (id=RjqUafmWjW9Q1BHza4n7WoZ_8uUWujoz2w-ciuQaZcs=) has send a requested to sell cp_cannabisbagskunk x1 at the trader "Fishing_Hunting (Helga [HOLLER MARKET])" in market zone "The Holler" (pos=<6614.000000, 0.000000, 3670.000000>).
04:53:13.968 [Market] Player "Slightly Crazed" (id=RjqUafmWjW9Q1BHza4n7WoZ_8uUWujoz2w-ciuQaZcs=) has sold cp_cannabisbagskunk x1 at the trader "Fishing_Hunting (Helga [HOLLER MARKET])" in market zone "The Holler" (pos=<6614.000000, 0.000000, 3670.000000>) and got 750.
04:53:15.156 [Market] Player "Slightly Crazed" (id=RjqUafmWjW9Q1BHza4n7WoZ_8uUWujoz2w-ciuQaZcs=) has send a requested to sell cp_cannabisbagskunk x1 at the trader "Fishing_Hunting (Helga [HOLLER MARKET])" in market zone "The Holler" (pos=<6614.000000, 0.000000, 3670.000000>).
04:53:15.466 [Market] Player "Slightly Crazed" (id=RjqUafmWjW9Q1BHza4n7WoZ_8uUWujoz2w-ciuQaZcs=) has sold cp_cannabisbagskunk x1 at the trader "Fishing_Hunting (Helga [HOLLER MARKET])" in market zone "The Holler" (pos=<6614.000000, 0.000000, 3670.000000>) and got 750.
04:53:31.701 [Market] Player "wiggy" (id=SgADkNjbGaUs8SauxTNPqYQENYs5GlEGD7NNksMh0hI=) has send a requested to sell cp_cannabisbagskunk x1 at the trader "Fishing_Hunting (Helga [HOLLER MARKET])" in market zone "The Holler" (pos=<6614.000000, 0.000000, 3670.000000>).
04:53:31.873 [Market] Player "wiggy" (id=SgADkNjbGaUs8SauxTNPqYQENYs5GlEGD7NNksMh0hI=) has sold cp_cannabisbagskunk x1 at the trader "Fishing_Hunting (Helga [HOLLER MARKET])" in market zone "The Holler" (pos=<6614.000000, 0.000000, 3670.000000>) and got 750.
04:53:51.056 [Market] Player "Slightly Crazed" (id=RjqUafmWjW9Q1BHza4n7WoZ_8uUWujoz2w-ciuQaZcs=) has send a requested to purchase twp_ruger556_magpul x1 from the trader "Magazines (Oliver [AMMO & MAGAZINES])" in market zone "The Holler" (pos=<6614.000000, 0.000000, 3670.000000>).
04:53:51.392 [Market] Player "Slightly Crazed" (id=RjqUafmWjW9Q1BHza4n7WoZ_8uUWujoz2w-ciuQaZcs=) has bought twp_ruger556_magpul x1 from the trader "Magazines (Oliver [AMMO & MAGAZINES])" in market zone "The Holler" (pos=<6614.000000, 0.000000, 3670.000000>) for a price of 900.
04:54:18.371 [Market] Player "Slightly Crazed" (id=RjqUafmWjW9Q1BHza4n7WoZ_8uUWujoz2w-ciuQaZcs=) has send a requested to purchase mag_stanag_60rnd x1 from the trader "Magazines (Oliver [AMMO & MAGAZINES])" in market zone "The Holler" (pos=<6614.000000, 0.000000, 3670.000000>).
04:54:18.646 [Market] Player "Slightly Crazed" (id=RjqUafmWjW9Q1BHza4n7WoZ_8uUWujoz2w-ciuQaZcs=) has bought mag_stanag_60rnd x1 from the trader "Magazines (Oliver [AMMO & MAGAZINES])" in market zone "The Holler" (pos=<6614.000000, 0.000000, 3670.000000>) for a price of 480.
04:54:52.208 [Market] Player "Slightly Crazed" (id=RjqUafmWjW9Q1BHza4n7WoZ_8uUWujoz2w-ciuQaZcs=) has send a requested to purchase mag_stanag_60rnd x1 from the trader "Magazines (Oliver [AMMO & MAGAZINES])" in market zone "The Holler" (pos=<6614.000000, 0.000000, 3670.000000>).
04:54:52.501 [Market] Player "Slightly Crazed" (id=RjqUafmWjW9Q1BHza4n7WoZ_8uUWujoz2w-ciuQaZcs=) has bought mag_stanag_60rnd x1 from the trader "Magazines (Oliver [AMMO & MAGAZINES])" in market zone "The Holler" (pos=<6614.000000, 0.000000, 3670.000000>) for a price of 480.
04:54:53.953 [Market] Player "Slightly Crazed" (id=RjqUafmWjW9Q1BHza4n7WoZ_8uUWujoz2w-ciuQaZcs=) has send a requested to purchase mag_stanag_60rnd x1 from the trader "Magazines (Oliver [AMMO & MAGAZINES])" in market zone "The Holler" (pos=<6614.000000, 0.000000, 3670.000000>).
04:54:54.251 [Market] Player "Slightly Crazed" (id=RjqUafmWjW9Q1BHza4n7WoZ_8uUWujoz2w-ciuQaZcs=) has bought mag_stanag_60rnd x1 from the trader "Magazines (Oliver [AMMO & MAGAZINES])" in market zone "The Holler" (pos=<6614.000000, 0.000000, 3670.000000>) for a price of 480.
04:54:55.888 [Market] Player "Slightly Crazed" (id=RjqUafmWjW9Q1BHza4n7WoZ_8uUWujoz2w-ciuQaZcs=) has send a requested to purchase mag_stanag_60rnd x1 from the trader "Magazines (Oliver [AMMO & MAGAZINES])" in market zone "The Holler" (pos=<6614.000000, 0.000000, 3670.000000>).
04:54:56.189 [Market] Player "Slightly Crazed" (id=RjqUafmWjW9Q1BHza4n7WoZ_8uUWujoz2w-ciuQaZcs=) has bought mag_stanag_60rnd x1 from the trader "Magazines (Oliver [AMMO & MAGAZINES])" in market zone "The Holler" (pos=<6614.000000, 0.000000, 3670.000000>) for a price of 480.
04:54:58.980 [Market] Player "wiggy" (id=SgADkNjbGaUs8SauxTNPqYQENYs5GlEGD7NNksMh0hI=) has send a requested to purchase ammobox_556x45_20rnd x1 from the trader "Magazines (Oliver [AMMO & MAGAZINES])" in market zone "The Holler" (pos=<6614.000000, 0.000000, 3670.000000>).
04:54:59.156 [Market] Player "wiggy" (id=SgADkNjbGaUs8SauxTNPqYQENYs5GlEGD7NNksMh0hI=) has bought ammobox_556x45_20rnd x1 from the trader "Magazines (Oliver [AMMO & MAGAZINES])" in market zone "The Holler" (pos=<6614.000000, 0.000000, 3670.000000>) for a price of 32.
04:55:00.070 [Market] Player "wiggy" (id=SgADkNjbGaUs8SauxTNPqYQENYs5GlEGD7NNksMh0hI=) has send a requested to purchase ammobox_556x45_20rnd x1 from the trader "Magazines (Oliver [AMMO & MAGAZINES])" in market zone "The Holler" (pos=<6614.000000, 0.000000, 3670.000000>).
04:55:00.250 [Market] Player "wiggy" (id=SgADkNjbGaUs8SauxTNPqYQENYs5GlEGD7NNksMh0hI=) has bought ammobox_556x45_20rnd x1 from the trader "Magazines (Oliver [AMMO & MAGAZINES])" in market zone "The Holler" (pos=<6614.000000, 0.000000, 3670.000000>) for a price of 32.
04:55:01.453 [Market] Player "wiggy" (id=SgADkNjbGaUs8SauxTNPqYQENYs5GlEGD7NNksMh0hI=) has send a requested to purchase ammobox_556x45_20rnd x1 from the trader "Magazines (Oliver [AMMO & MAGAZINES])" in market zone "The Holler" (pos=<6614.000000, 0.000000, 3670.000000>).
04:55:01.621 [Market] Player "wiggy" (id=SgADkNjbGaUs8SauxTNPqYQENYs5GlEGD7NNksMh0hI=) has bought ammobox_556x45_20rnd x1 from the trader "Magazines (Oliver [AMMO & MAGAZINES])" in market zone "The Holler" (pos=<6614.000000, 0.000000, 3670.000000>) for a price of 32.
04:55:02.660 [Market] Player "wiggy" (id=SgADkNjbGaUs8SauxTNPqYQENYs5GlEGD7NNksMh0hI=) has send a requested to purchase ammobox_556x45_20rnd x1 from the trader "Magazines (Oliver [AMMO & MAGAZINES])" in market zone "The Holler" (pos=<6614.000000, 0.000000, 3670.000000>).
04:55:02.835 [Market] Player "wiggy" (id=SgADkNjbGaUs8SauxTNPqYQENYs5GlEGD7NNksMh0hI=) has bought ammobox_556x45_20rnd x1 from the trader "Magazines (Oliver [AMMO & MAGAZINES])" in market zone "The Holler" (pos=<6614.000000, 0.000000, 3670.000000>) for a price of 32.
04:55:03.734 [Market] Player "wiggy" (id=SgADkNjbGaUs8SauxTNPqYQENYs5GlEGD7NNksMh0hI=) has send a requested to purchase ammobox_556x45_20rnd x1 from the trader "Magazines (Oliver [AMMO & MAGAZINES])" in market zone "The Holler" (pos=<6614.000000, 0.000000, 3670.000000>).
04:55:03.865 [Market] Player "wiggy" (id=SgADkNjbGaUs8SauxTNPqYQENYs5GlEGD7NNksMh0hI=) has bought ammobox_556x45_20rnd x1 from the trader "Magazines (Oliver [AMMO & MAGAZINES])" in market zone "The Holler" (pos=<6614.000000, 0.000000, 3670.000000>) for a price of 32.
04:55:04.662 [Market] Player "wiggy" (id=SgADkNjbGaUs8SauxTNPqYQENYs5GlEGD7NNksMh0hI=) has send a requested to purchase ammobox_556x45_20rnd x1 from the trader "Magazines (Oliver [AMMO & MAGAZINES])" in market zone "The Holler" (pos=<6614.000000, 0.000000, 3670.000000>).
04:55:04.826 [Market] Player "wiggy" (id=SgADkNjbGaUs8SauxTNPqYQENYs5GlEGD7NNksMh0hI=) has bought ammobox_556x45_20rnd x1 from the trader "Magazines (Oliver [AMMO & MAGAZINES])" in market zone "The Holler" (pos=<6614.000000, 0.000000, 3670.000000>) for a price of 32.
04:55:05.193 [Market] Player "wiggy" (id=SgADkNjbGaUs8SauxTNPqYQENYs5GlEGD7NNksMh0hI=) has send a requested to purchase ammobox_556x45_20rnd x1 from the trader "Magazines (Oliver [AMMO & MAGAZINES])" in market zone "The Holler" (pos=<6614.000000, 0.000000, 3670.000000>).
04:55:05.324 [Market] Player "wiggy" (id=SgADkNjbGaUs8SauxTNPqYQENYs5GlEGD7NNksMh0hI=) has bought ammobox_556x45_20rnd x1 from the trader "Magazines (Oliver [AMMO & MAGAZINES])" in market zone "The Holler" (pos=<6614.000000, 0.000000, 3670.000000>) for a price of 32.
04:55:39.261 [Market] Player "Slightly Crazed" (id=RjqUafmWjW9Q1BHza4n7WoZ_8uUWujoz2w-ciuQaZcs=) has send a requested to purchase ammobox_556x45_20rnd x1 from the trader "Magazines (Oliver [AMMO & MAGAZINES])" in market zone "The Holler" (pos=<6614.000000, 0.000000, 3670.000000>).
04:55:39.554 [Market] Player "Slightly Crazed" (id=RjqUafmWjW9Q1BHza4n7WoZ_8uUWujoz2w-ciuQaZcs=) has bought ammobox_556x45_20rnd x1 from the trader "Magazines (Oliver [AMMO & MAGAZINES])" in market zone "The Holler" (pos=<6614.000000, 0.000000, 3670.000000>) for a price of 32.
04:55:40.166 [Market] Player "Slightly Crazed" (id=RjqUafmWjW9Q1BHza4n7WoZ_8uUWujoz2w-ciuQaZcs=) has send a requested to purchase ammobox_556x45_20rnd x1 from the trader "Magazines (Oliver [AMMO & MAGAZINES])" in market zone "The Holler" (pos=<6614.000000, 0.000000, 3670.000000>).
04:55:40.468 [Market] Player "Slightly Crazed" (id=RjqUafmWjW9Q1BHza4n7WoZ_8uUWujoz2w-ciuQaZcs=) has bought ammobox_556x45_20rnd x1 from the trader "Magazines (Oliver [AMMO & MAGAZINES])" in market zone "The Holler" (pos=<6614.000000, 0.000000, 3670.000000>) for a price of 32.
04:55:40.972 [Market] Player "Slightly Crazed" (id=RjqUafmWjW9Q1BHza4n7WoZ_8uUWujoz2w-ciuQaZcs=) has send a requested to purchase ammobox_556x45_20rnd x1 from the trader "Magazines (Oliver [AMMO & MAGAZINES])" in market zone "The Holler" (pos=<6614.000000, 0.000000, 3670.000000>).
04:55:41.269 [Market] Player "Slightly Crazed" (id=RjqUafmWjW9Q1BHza4n7WoZ_8uUWujoz2w-ciuQaZcs=) has bought ammobox_556x45_20rnd x1 from the trader "Magazines (Oliver [AMMO & MAGAZINES])" in market zone "The Holler" (pos=<6614.000000, 0.000000, 3670.000000>) for a price of 32.
04:55:42.513 [Market] Player "Slightly Crazed" (id=RjqUafmWjW9Q1BHza4n7WoZ_8uUWujoz2w-ciuQaZcs=) has send a requested to purchase ammobox_556x45_20rnd x1 from the trader "Magazines (Oliver [AMMO & MAGAZINES])" in market zone "The Holler" (pos=<6614.000000, 0.000000, 3670.000000>).
04:55:42.789 [Market] Player "Slightly Crazed" (id=RjqUafmWjW9Q1BHza4n7WoZ_8uUWujoz2w-ciuQaZcs=) has bought ammobox_556x45_20rnd x1 from the trader "Magazines (Oliver [AMMO & MAGAZINES])" in market zone "The Holler" (pos=<6614.000000, 0.000000, 3670.000000>) for a price of 32.
04:55:44.121 [Market] Player "Slightly Crazed" (id=RjqUafmWjW9Q1BHza4n7WoZ_8uUWujoz2w-ciuQaZcs=) has send a requested to purchase ammobox_556x45_20rnd x1 from the trader "Magazines (Oliver [AMMO & MAGAZINES])" in market zone "The Holler" (pos=<6614.000000, 0.000000, 3670.000000>).
04:55:44.419 [Market] Player "Slightly Crazed" (id=RjqUafmWjW9Q1BHza4n7WoZ_8uUWujoz2w-ciuQaZcs=) has bought ammobox_556x45_20rnd x1 from the trader "Magazines (Oliver [AMMO & MAGAZINES])" in market zone "The Holler" (pos=<6614.000000, 0.000000, 3670.000000>) for a price of 32.
04:55:45.572 [Market] Player "Slightly Crazed" (id=RjqUafmWjW9Q1BHza4n7WoZ_8uUWujoz2w-ciuQaZcs=) has send a requested to purchase ammobox_556x45_20rnd x1 from the trader "Magazines (Oliver [AMMO & MAGAZINES])" in market zone "The Holler" (pos=<6614.000000, 0.000000, 3670.000000>).
04:55:45.845 [Market] Player "Slightly Crazed" (id=RjqUafmWjW9Q1BHza4n7WoZ_8uUWujoz2w-ciuQaZcs=) has bought ammobox_556x45_20rnd x1 from the trader "Magazines (Oliver [AMMO & MAGAZINES])" in market zone "The Holler" (pos=<6614.000000, 0.000000, 3670.000000>) for a price of 32.
04:55:46.824 [Market] Player "Slightly Crazed" (id=RjqUafmWjW9Q1BHza4n7WoZ_8uUWujoz2w-ciuQaZcs=) has send a requested to purchase ammobox_556x45_20rnd x1 from the trader "Magazines (Oliver [AMMO & MAGAZINES])" in market zone "The Holler" (pos=<6614.000000, 0.000000, 3670.000000>).
04:55:47.105 [Market] Player "Slightly Crazed" (id=RjqUafmWjW9Q1BHza4n7WoZ_8uUWujoz2w-ciuQaZcs=) has bought ammobox_556x45_20rnd x1 from the trader "Magazines (Oliver [AMMO & MAGAZINES])" in market zone "The Holler" (pos=<6614.000000, 0.000000, 3670.000000>) for a price of 32.
04:55:48.152 [Market] Player "Slightly Crazed" (id=RjqUafmWjW9Q1BHza4n7WoZ_8uUWujoz2w-ciuQaZcs=) has send a requested to purchase ammobox_556x45_20rnd x1 from the trader "Magazines (Oliver [AMMO & MAGAZINES])" in market zone "The Holler" (pos=<6614.000000, 0.000000, 3670.000000>).
04:55:48.453 [Market] Player "Slightly Crazed" (id=RjqUafmWjW9Q1BHza4n7WoZ_8uUWujoz2w-ciuQaZcs=) has bought ammobox_556x45_20rnd x1 from the trader "Magazines (Oliver [AMMO & MAGAZINES])" in market zone "The Holler" (pos=<6614.000000, 0.000000, 3670.000000>) for a price of 32.
04:55:49.484 [Market] Player "Slightly Crazed" (id=RjqUafmWjW9Q1BHza4n7WoZ_8uUWujoz2w-ciuQaZcs=) has send a requested to purchase ammobox_556x45_20rnd x1 from the trader "Magazines (Oliver [AMMO & MAGAZINES])" in market zone "The Holler" (pos=<6614.000000, 0.000000, 3670.000000>).
04:55:49.757 [Market] Player "Slightly Crazed" (id=RjqUafmWjW9Q1BHza4n7WoZ_8uUWujoz2w-ciuQaZcs=) has bought ammobox_556x45_20rnd x1 from the trader "Magazines (Oliver [AMMO & MAGAZINES])" in market zone "The Holler" (pos=<6614.000000, 0.000000, 3670.000000>) for a price of 32.
04:55:50.773 [Market] Player "Slightly Crazed" (id=RjqUafmWjW9Q1BHza4n7WoZ_8uUWujoz2w-ciuQaZcs=) has send a requested to purchase ammobox_556x45_20rnd x1 from the trader "Magazines (Oliver [AMMO & MAGAZINES])" in market zone "The Holler" (pos=<6614.000000, 0.000000, 3670.000000>).
04:55:51.052 [Market] Player "Slightly Crazed" (id=RjqUafmWjW9Q1BHza4n7WoZ_8uUWujoz2w-ciuQaZcs=) has bought ammobox_556x45_20rnd x1 from the trader "Magazines (Oliver [AMMO & MAGAZINES])" in market zone "The Holler" (pos=<6614.000000, 0.000000, 3670.000000>) for a price of 32.
04:55:51.925 [Market] Player "Slightly Crazed" (id=RjqUafmWjW9Q1BHza4n7WoZ_8uUWujoz2w-ciuQaZcs=) has send a requested to purchase ammobox_556x45_20rnd x1 from the trader "Magazines (Oliver [AMMO & MAGAZINES])" in market zone "The Holler" (pos=<6614.000000, 0.000000, 3670.000000>).
04:55:52.208 [Market] Player "Slightly Crazed" (id=RjqUafmWjW9Q1BHza4n7WoZ_8uUWujoz2w-ciuQaZcs=) has bought ammobox_556x45_20rnd x1 from the trader "Magazines (Oliver [AMMO & MAGAZINES])" in market zone "The Holler" (pos=<6614.000000, 0.000000, 3670.000000>) for a price of 32.
04:55:53.087 [Market] Player "Slightly Crazed" (id=RjqUafmWjW9Q1BHza4n7WoZ_8uUWujoz2w-ciuQaZcs=) has send a requested to purchase ammobox_556x45_20rnd x1 from the trader "Magazines (Oliver [AMMO & MAGAZINES])" in market zone "The Holler" (pos=<6614.000000, 0.000000, 3670.000000>).
04:55:53.373 [Market] Player "Slightly Crazed" (id=RjqUafmWjW9Q1BHza4n7WoZ_8uUWujoz2w-ciuQaZcs=) has bought ammobox_556x45_20rnd x1 from the trader "Magazines (Oliver [AMMO & MAGAZINES])" in market zone "The Holler" (pos=<6614.000000, 0.000000, 3670.000000>) for a price of 32.
04:55:54.441 [Market] Player "Slightly Crazed" (id=RjqUafmWjW9Q1BHza4n7WoZ_8uUWujoz2w-ciuQaZcs=) has send a requested to purchase ammobox_556x45_20rnd x1 from the trader "Magazines (Oliver [AMMO & MAGAZINES])" in market zone "The Holler" (pos=<6614.000000, 0.000000, 3670.000000>).
04:55:54.705 [Market] Player "Slightly Crazed" (id=RjqUafmWjW9Q1BHza4n7WoZ_8uUWujoz2w-ciuQaZcs=) has bought ammobox_556x45_20rnd x1 from the trader "Magazines (Oliver [AMMO & MAGAZINES])" in market zone "The Holler" (pos=<6614.000000, 0.000000, 3670.000000>) for a price of 32.
04:55:55.685 [Market] Player "Slightly Crazed" (id=RjqUafmWjW9Q1BHza4n7WoZ_8uUWujoz2w-ciuQaZcs=) has send a requested to purchase ammobox_556x45_20rnd x1 from the trader "Magazines (Oliver [AMMO & MAGAZINES])" in market zone "The Holler" (pos=<6614.000000, 0.000000, 3670.000000>).
04:55:55.984 [Market] Player "Slightly Crazed" (id=RjqUafmWjW9Q1BHza4n7WoZ_8uUWujoz2w-ciuQaZcs=) has bought ammobox_556x45_20rnd x1 from the trader "Magazines (Oliver [AMMO & MAGAZINES])" in market zone "The Holler" (pos=<6614.000000, 0.000000, 3670.000000>) for a price of 32.
04:55:56.845 [Market] Player "Slightly Crazed" (id=RjqUafmWjW9Q1BHza4n7WoZ_8uUWujoz2w-ciuQaZcs=) has send a requested to purchase ammobox_556x45_20rnd x1 from the trader "Magazines (Oliver [AMMO & MAGAZINES])" in market zone "The Holler" (pos=<6614.000000, 0.000000, 3670.000000>).
04:55:57.156 [Market] Player "Slightly Crazed" (id=RjqUafmWjW9Q1BHza4n7WoZ_8uUWujoz2w-ciuQaZcs=) has bought ammobox_556x45_20rnd x1 from the trader "Magazines (Oliver [AMMO & MAGAZINES])" in market zone "The Holler" (pos=<6614.000000, 0.000000, 3670.000000>) for a price of 32.
04:55:58.037 [Market] Player "Slightly Crazed" (id=RjqUafmWjW9Q1BHza4n7WoZ_8uUWujoz2w-ciuQaZcs=) has send a requested to purchase ammobox_556x45_20rnd x1 from the trader "Magazines (Oliver [AMMO & MAGAZINES])" in market zone "The Holler" (pos=<6614.000000, 0.000000, 3670.000000>).
04:55:58.328 [Market] Player "Slightly Crazed" (id=RjqUafmWjW9Q1BHza4n7WoZ_8uUWujoz2w-ciuQaZcs=) has bought ammobox_556x45_20rnd x1 from the trader "Magazines (Oliver [AMMO & MAGAZINES])" in market zone "The Holler" (pos=<6614.000000, 0.000000, 3670.000000>) for a price of 32.
04:55:59.220 [Market] Player "Slightly Crazed" (id=RjqUafmWjW9Q1BHza4n7WoZ_8uUWujoz2w-ciuQaZcs=) has send a requested to purchase ammobox_556x45_20rnd x1 from the trader "Magazines (Oliver [AMMO & MAGAZINES])" in market zone "The Holler" (pos=<6614.000000, 0.000000, 3670.000000>).
04:55:59.503 [Market] Player "Slightly Crazed" (id=RjqUafmWjW9Q1BHza4n7WoZ_8uUWujoz2w-ciuQaZcs=) has bought ammobox_556x45_20rnd x1 from the trader "Magazines (Oliver [AMMO & MAGAZINES])" in market zone "The Holler" (pos=<6614.000000, 0.000000, 3670.000000>) for a price of 32.
04:56:00.488 [Market] Player "Slightly Crazed" (id=RjqUafmWjW9Q1BHza4n7WoZ_8uUWujoz2w-ciuQaZcs=) has send a requested to purchase ammobox_556x45_20rnd x1 from the trader "Magazines (Oliver [AMMO & MAGAZINES])" in market zone "The Holler" (pos=<6614.000000, 0.000000, 3670.000000>).
04:56:00.826 [Market] Player "Slightly Crazed" (id=RjqUafmWjW9Q1BHza4n7WoZ_8uUWujoz2w-ciuQaZcs=) has bought ammobox_556x45_20rnd x1 from the trader "Magazines (Oliver [AMMO & MAGAZINES])" in market zone "The Holler" (pos=<6614.000000, 0.000000, 3670.000000>) for a price of 32.
04:56:01.716 [Market] Player "Slightly Crazed" (id=RjqUafmWjW9Q1BHza4n7WoZ_8uUWujoz2w-ciuQaZcs=) has send a requested to purchase ammobox_556x45_20rnd x1 from the trader "Magazines (Oliver [AMMO & MAGAZINES])" in market zone "The Holler" (pos=<6614.000000, 0.000000, 3670.000000>).
04:56:02.011 [Market] Player "Slightly Crazed" (id=RjqUafmWjW9Q1BHza4n7WoZ_8uUWujoz2w-ciuQaZcs=) has bought ammobox_556x45_20rnd x1 from the trader "Magazines (Oliver [AMMO & MAGAZINES])" in market zone "The Holler" (pos=<6614.000000, 0.000000, 3670.000000>) for a price of 32.
04:56:03.044 [Market] Player "Slightly Crazed" (id=RjqUafmWjW9Q1BHza4n7WoZ_8uUWujoz2w-ciuQaZcs=) has send a requested to purchase ammobox_556x45_20rnd x1 from the trader "Magazines (Oliver [AMMO & MAGAZINES])" in market zone "The Holler" (pos=<6614.000000, 0.000000, 3670.000000>).
04:56:03.332 [Market] Player "Slightly Crazed" (id=RjqUafmWjW9Q1BHza4n7WoZ_8uUWujoz2w-ciuQaZcs=) has bought ammobox_556x45_20rnd x1 from the trader "Magazines (Oliver [AMMO & MAGAZINES])" in market zone "The Holler" (pos=<6614.000000, 0.000000, 3670.000000>) for a price of 32.
04:56:04.289 [Market] Player "Slightly Crazed" (id=RjqUafmWjW9Q1BHza4n7WoZ_8uUWujoz2w-ciuQaZcs=) has send a requested to purchase ammobox_556x45_20rnd x1 from the trader "Magazines (Oliver [AMMO & MAGAZINES])" in market zone "The Holler" (pos=<6614.000000, 0.000000, 3670.000000>).
04:56:04.613 [Market] Player "Slightly Crazed" (id=RjqUafmWjW9Q1BHza4n7WoZ_8uUWujoz2w-ciuQaZcs=) has bought ammobox_556x45_20rnd x1 from the trader "Magazines (Oliver [AMMO & MAGAZINES])" in market zone "The Holler" (pos=<6614.000000, 0.000000, 3670.000000>) for a price of 32.
04:56:05.472 [Market] Player "Slightly Crazed" (id=RjqUafmWjW9Q1BHza4n7WoZ_8uUWujoz2w-ciuQaZcs=) has send a requested to purchase ammobox_556x45_20rnd x1 from the trader "Magazines (Oliver [AMMO & MAGAZINES])" in market zone "The Holler" (pos=<6614.000000, 0.000000, 3670.000000>).
04:56:05.722 [Market] Player "Slightly Crazed" (id=RjqUafmWjW9Q1BHza4n7WoZ_8uUWujoz2w-ciuQaZcs=) has bought ammobox_556x45_20rnd x1 from the trader "Magazines (Oliver [AMMO & MAGAZINES])" in market zone "The Holler" (pos=<6614.000000, 0.000000, 3670.000000>) for a price of 32.
04:56:06.664 [Market] Player "Slightly Crazed" (id=RjqUafmWjW9Q1BHza4n7WoZ_8uUWujoz2w-ciuQaZcs=) has send a requested to purchase ammobox_556x45_20rnd x1 from the trader "Magazines (Oliver [AMMO & MAGAZINES])" in market zone "The Holler" (pos=<6614.000000, 0.000000, 3670.000000>).
04:56:06.912 [Market] Player "Slightly Crazed" (id=RjqUafmWjW9Q1BHza4n7WoZ_8uUWujoz2w-ciuQaZcs=) has bought ammobox_556x45_20rnd x1 from the trader "Magazines (Oliver [AMMO & MAGAZINES])" in market zone "The Holler" (pos=<6614.000000, 0.000000, 3670.000000>) for a price of 32.
04:56:07.777 [Market] Player "Slightly Crazed" (id=RjqUafmWjW9Q1BHza4n7WoZ_8uUWujoz2w-ciuQaZcs=) has send a requested to purchase ammobox_556x45_20rnd x1 from the trader "Magazines (Oliver [AMMO & MAGAZINES])" in market zone "The Holler" (pos=<6614.000000, 0.000000, 3670.000000>).
04:56:08.052 [Market] Player "Slightly Crazed" (id=RjqUafmWjW9Q1BHza4n7WoZ_8uUWujoz2w-ciuQaZcs=) has bought ammobox_556x45_20rnd x1 from the trader "Magazines (Oliver [AMMO & MAGAZINES])" in market zone "The Holler" (pos=<6614.000000, 0.000000, 3670.000000>) for a price of 32.
05:01:02.742 [Market] Player "Slightly Crazed" (id=RjqUafmWjW9Q1BHza4n7WoZ_8uUWujoz2w-ciuQaZcs=) has send a requested to purchase expansioncarkey x1 from the trader "Vehicle_Parts (Lewis [VEHICLE PARTS])" in market zone "The Holler" (pos=<6614.000000, 0.000000, 3670.000000>).
05:01:03.041 [Market] Player "Slightly Crazed" (id=RjqUafmWjW9Q1BHza4n7WoZ_8uUWujoz2w-ciuQaZcs=) has bought expansioncarkey x1 from the trader "Vehicle_Parts (Lewis [VEHICLE PARTS])" in market zone "The Holler" (pos=<6614.000000, 0.000000, 3670.000000>) for a price of 600.
05:01:03.800 [Market] Player "Slightly Crazed" (id=RjqUafmWjW9Q1BHza4n7WoZ_8uUWujoz2w-ciuQaZcs=) has send a requested to purchase expansioncarkey x1 from the trader "Vehicle_Parts (Lewis [VEHICLE PARTS])" in market zone "The Holler" (pos=<6614.000000, 0.000000, 3670.000000>).
05:01:04.136 [Market] Player "Slightly Crazed" (id=RjqUafmWjW9Q1BHza4n7WoZ_8uUWujoz2w-ciuQaZcs=) has bought expansioncarkey x1 from the trader "Vehicle_Parts (Lewis [VEHICLE PARTS])" in market zone "The Holler" (pos=<6614.000000, 0.000000, 3670.000000>) for a price of 600.
05:01:54.740 [Expansion Quests] - CreateQuestInstance - Created new quest instance for with instance key RjqUafmWjW9Q1BHza4n7WoZ_8uUWujoz2w-ciuQaZcs= for quest 60
05:02:35.857 [VehicleCarKey] Player "Slightly Crazed" (id=RjqUafmWjW9Q1BHza4n7WoZ_8uUWujoz2w-ciuQaZcs= pos=<6628.123535, 21.226652, 3646.532227>) paired a  ExpansionCarKey to CivilianSedan_Black (id=F21BBEC70541FAFFD71C1DB57F7DA208 pos=<6629.875000, 21.217663, 3647.222168>)
05:02:40.462 [VehicleCarKey] Player "Slightly Crazed" (id=RjqUafmWjW9Q1BHza4n7WoZ_8uUWujoz2w-ciuQaZcs= pos=<6628.123535, 21.226652, 3646.532227>) used the  ExpansionCarKey to lock CivilianSedan_Black (id=F21BBEC70541FAFFD71C1DB57F7DA208 pos=<6629.875000, 21.217663, 3647.222168>)
05:03:10.208 [Market] Player "Slightly Crazed" (id=RjqUafmWjW9Q1BHza4n7WoZ_8uUWujoz2w-ciuQaZcs=) has send a requested to purchase ammobox_762x54_20rnd x1 from the trader "Magazines (Oliver [AMMO & MAGAZINES])" in market zone "The Holler" (pos=<6614.000000, 0.000000, 3670.000000>).
05:03:10.525 [Market] Player "Slightly Crazed" (id=RjqUafmWjW9Q1BHza4n7WoZ_8uUWujoz2w-ciuQaZcs=) has bought ammobox_762x54_20rnd x1 from the trader "Magazines (Oliver [AMMO & MAGAZINES])" in market zone "The Holler" (pos=<6614.000000, 0.000000, 3670.000000>) for a price of 32.
05:03:10.804 [Market] Player "Slightly Crazed" (id=RjqUafmWjW9Q1BHza4n7WoZ_8uUWujoz2w-ciuQaZcs=) has send a requested to purchase ammobox_762x54_20rnd x1 from the trader "Magazines (Oliver [AMMO & MAGAZINES])" in market zone "The Holler" (pos=<6614.000000, 0.000000, 3670.000000>).
05:03:11.164 [Market] Player "Slightly Crazed" (id=RjqUafmWjW9Q1BHza4n7WoZ_8uUWujoz2w-ciuQaZcs=) has bought ammobox_762x54_20rnd x1 from the trader "Magazines (Oliver [AMMO & MAGAZINES])" in market zone "The Holler" (pos=<6614.000000, 0.000000, 3670.000000>) for a price of 32.
05:04:30.783 [Expansion Quests] - CreateQuestInstance - Created new quest instance for with instance key SgADkNjbGaUs8SauxTNPqYQENYs5GlEGD7NNksMh0hI= for quest 60
05:09:23.482 [Safezone] Player "Slightly Crazed" (id=RjqUafmWjW9Q1BHza4n7WoZ_8uUWujoz2w-ciuQaZcs= pos=<6646.684570, 21.350798, 3636.864258>) Entered the safezone
05:10:18.185 [Safezone] Player "wiggy" (id=SgADkNjbGaUs8SauxTNPqYQENYs5GlEGD7NNksMh0hI= pos=<6661.507813, 21.555687, 3628.988281>) Left the safezone
05:10:23.404 [VehicleCarKey] Player "Slightly Crazed" (id=RjqUafmWjW9Q1BHza4n7WoZ_8uUWujoz2w-ciuQaZcs= pos=<6628.201660, 21.228798, 3646.797852>) used the  ExpansionCarKey to unlock CivilianSedan_Black (id=F21BBEC70541FAFFD71C1DB57F7DA208 pos=<6629.891113, 21.217812, 3647.227783>)
05:10:31.796 [Safezone] Player "wiggy" (id=SgADkNjbGaUs8SauxTNPqYQENYs5GlEGD7NNksMh0hI= pos=<6642.311523, 21.266672, 3635.021240>) Entered the safezone
05:11:03.701 [Safezone] Player "wiggy" (id=SgADkNjbGaUs8SauxTNPqYQENYs5GlEGD7NNksMh0hI= pos=<6534.871582, 23.421860, 3624.211426>) Left the safezone
05:11:21.677 [VehicleAttachments] Player Slightly Crazed (uid=RjqUafmWjW9Q1BHza4n7WoZ_8uUWujoz2w-ciuQaZcs=) detached Olga 24 Front Left Door (type=CivSedanDoors_Driver_Black) from vehicle Olga 24(id=F21BBEC70541FAFFD71C1DB57F7DA208 pos=<6629.891113, 21.217812, 3647.227783>)
05:11:34.169 [Safezone] Player "wiggy" (id=SgADkNjbGaUs8SauxTNPqYQENYs5GlEGD7NNksMh0hI= pos=<6585.270996, 21.315638, 3643.630615>) Entered the safezone
05:11:53.732 [VehicleEnter] Player Slightly Crazed [uid=RjqUafmWjW9Q1BHza4n7WoZ_8uUWujoz2w-ciuQaZcs=] entered vehicle Olga 24 (id=F21BBEC70541FAFFD71C1DB57F7DA208 pos=<6629.891113, 21.217817, 3647.227295>) as driver
05:11:57.416 [VehicleEngine] Player Slightly Crazed [uid=RjqUafmWjW9Q1BHza4n7WoZ_8uUWujoz2w-ciuQaZcs=] started vehicle Olga 24 (id=F21BBEC70541FAFFD71C1DB57F7DA208 pos=<6629.891113, 21.217793, 3647.226318>)
05:12:09.625 [VehicleLeave] Player Slightly Crazed [uid=RjqUafmWjW9Q1BHza4n7WoZ_8uUWujoz2w-ciuQaZcs=] left vehicle Olga 24 (id=F21BBEC70541FAFFD71C1DB57F7DA208 pos=<6629.891113, 21.217789, 3647.222412>)
05:12:17.751 [VehicleEnter] Player Slightly Crazed [uid=RjqUafmWjW9Q1BHza4n7WoZ_8uUWujoz2w-ciuQaZcs=] entered vehicle Olga 24 (id=F21BBEC70541FAFFD71C1DB57F7DA208 pos=<6629.901367, 21.217957, 3647.238037>) as driver
05:12:21.150 [VehicleEngine] Player Slightly Crazed [uid=RjqUafmWjW9Q1BHza4n7WoZ_8uUWujoz2w-ciuQaZcs=] started vehicle Olga 24 (id=F21BBEC70541FAFFD71C1DB57F7DA208 pos=<6629.901367, 21.217932, 3647.237549>)
05:12:22.982 [VehicleEnter] Player wiggy [uid=SgADkNjbGaUs8SauxTNPqYQENYs5GlEGD7NNksMh0hI=] entered vehicle Olga 24 (id=F21BBEC70541FAFFD71C1DB57F7DA208 pos=<6629.901367, 21.217928, 3647.236328>) as passenger
05:12:49.226 [Safezone] Player "wiggy" (id=SgADkNjbGaUs8SauxTNPqYQENYs5GlEGD7NNksMh0hI= pos=<6695.157715, 23.738171, 3621.652832>) Left the safezone
05:12:49.251 [Safezone] Player "Slightly Crazed" (id=RjqUafmWjW9Q1BHza4n7WoZ_8uUWujoz2w-ciuQaZcs= pos=<6694.851074, 23.737753, 3622.470459>) Left the safezone
05:13:32.312 [VehicleLeave] Player Slightly Crazed [uid=RjqUafmWjW9Q1BHza4n7WoZ_8uUWujoz2w-ciuQaZcs=] left vehicle Olga 24 (id=F21BBEC70541FAFFD71C1DB57F7DA208 pos=<6874.954590, 38.619938, 3753.002197>)
05:13:34.314 [VehicleLeave] Player wiggy [uid=SgADkNjbGaUs8SauxTNPqYQENYs5GlEGD7NNksMh0hI=] left vehicle Olga 24 (id=F21BBEC70541FAFFD71C1DB57F7DA208 pos=<6874.954590, 38.619934, 3753.002197>)
05:13:38.484 [VehicleAttachments] Player wiggy (uid=SgADkNjbGaUs8SauxTNPqYQENYs5GlEGD7NNksMh0hI=) detached Olga 24 Wheel (type=CivSedanWheel) from vehicle Olga 24(id=F21BBEC70541FAFFD71C1DB57F7DA208 pos=<6874.954590, 38.619934, 3753.002197>)
05:13:43.417 [VehicleEnter] Player Slightly Crazed [uid=RjqUafmWjW9Q1BHza4n7WoZ_8uUWujoz2w-ciuQaZcs=] entered vehicle Olga 24 (id=F21BBEC70541FAFFD71C1DB57F7DA208 pos=<6874.954590, 38.619938, 3753.002197>) as driver
05:13:45.314 [VehicleEngine] Player Slightly Crazed [uid=RjqUafmWjW9Q1BHza4n7WoZ_8uUWujoz2w-ciuQaZcs=] started vehicle Olga 24 (id=F21BBEC70541FAFFD71C1DB57F7DA208 pos=<6874.949707, 38.615883, 3753.069824>)
05:13:57.609 [VehicleEngine] Player Slightly Crazed [uid=RjqUafmWjW9Q1BHza4n7WoZ_8uUWujoz2w-ciuQaZcs=] stopped vehicle Olga 24 (id=F21BBEC70541FAFFD71C1DB57F7DA208 pos=<6874.857910, 38.617928, 3752.997070>)
05:14:05.064 [VehicleLeave] Player Slightly Crazed [uid=RjqUafmWjW9Q1BHza4n7WoZ_8uUWujoz2w-ciuQaZcs=] left vehicle Olga 24 (id=F21BBEC70541FAFFD71C1DB57F7DA208 pos=<6874.849609, 38.613026, 3753.089844>)
05:14:30.339 [VehicleEnter] Player Slightly Crazed [uid=RjqUafmWjW9Q1BHza4n7WoZ_8uUWujoz2w-ciuQaZcs=] entered vehicle Olga 24 (id=F21BBEC70541FAFFD71C1DB57F7DA208 pos=<6874.811523, 38.601559, 3753.347656>) as driver
05:14:34.486 [VehicleEnter] Player wiggy [uid=SgADkNjbGaUs8SauxTNPqYQENYs5GlEGD7NNksMh0hI=] entered vehicle Olga 24 (id=F21BBEC70541FAFFD71C1DB57F7DA208 pos=<6874.811523, 38.601398, 3753.347412>) as passenger
05:14:37.613 [VehicleEngine] Player Slightly Crazed [uid=RjqUafmWjW9Q1BHza4n7WoZ_8uUWujoz2w-ciuQaZcs=] started vehicle Olga 24 (id=F21BBEC70541FAFFD71C1DB57F7DA208 pos=<6874.812012, 38.601261, 3753.347168>)
05:15:07.046 [VehicleLeave] Player wiggy [uid=SgADkNjbGaUs8SauxTNPqYQENYs5GlEGD7NNksMh0hI=] left vehicle Olga 24 (id=F21BBEC70541FAFFD71C1DB57F7DA208 pos=<6874.716309, 38.605473, 3753.285400>)
05:15:12.357 [VehicleEngine] Player Slightly Crazed [uid=RjqUafmWjW9Q1BHza4n7WoZ_8uUWujoz2w-ciuQaZcs=] stopped vehicle Olga 24 (id=F21BBEC70541FAFFD71C1DB57F7DA208 pos=<6874.716309, 38.605354, 3753.284912>)
05:15:40.041 [VehicleEnter] Player wiggy [uid=SgADkNjbGaUs8SauxTNPqYQENYs5GlEGD7NNksMh0hI=] entered vehicle Olga 24 (id=F21BBEC70541FAFFD71C1DB57F7DA208 pos=<6874.700195, 38.544415, 3753.520996>) as passenger
05:15:46.060 [VehicleEngine] Player Slightly Crazed [uid=RjqUafmWjW9Q1BHza4n7WoZ_8uUWujoz2w-ciuQaZcs=] started vehicle Olga 24 (id=F21BBEC70541FAFFD71C1DB57F7DA208 pos=<6874.700684, 38.544399, 3753.520996>)
05:16:10.929 [VehicleLeave] Player Slightly Crazed [uid=RjqUafmWjW9Q1BHza4n7WoZ_8uUWujoz2w-ciuQaZcs=] left vehicle Olga 24 (id=F21BBEC70541FAFFD71C1DB57F7DA208 pos=<6888.196777, 38.564678, 3764.333252>)
05:16:16.818 [VehicleLeave] Player wiggy [uid=SgADkNjbGaUs8SauxTNPqYQENYs5GlEGD7NNksMh0hI=] left vehicle Olga 24 (id=F21BBEC70541FAFFD71C1DB57F7DA208 pos=<6888.196777, 38.564663, 3764.333252>)
05:16:22.466 [VehicleCarKey] Player "Slightly Crazed" (id=RjqUafmWjW9Q1BHza4n7WoZ_8uUWujoz2w-ciuQaZcs= pos=<6887.181641, 38.592140, 3766.018066>) used the  ExpansionCarKey to lock CivilianSedan_Black (id=F21BBEC70541FAFFD71C1DB57F7DA208 pos=<6888.196777, 38.564663, 3764.333252>)
05:26:26.632 [VehicleCarKey] Player "Slightly Crazed" (id=RjqUafmWjW9Q1BHza4n7WoZ_8uUWujoz2w-ciuQaZcs= pos=<6885.298340, 38.583920, 3762.479492>) used the  ExpansionCarKey to unlock CivilianSedan_Black (id=F21BBEC70541FAFFD71C1DB57F7DA208 pos=<6888.196777, 38.564663, 3764.333252>)
05:27:05.500 [VehicleEnter] Player Slightly Crazed [uid=RjqUafmWjW9Q1BHza4n7WoZ_8uUWujoz2w-ciuQaZcs=] entered vehicle Olga 24 (id=F21BBEC70541FAFFD71C1DB57F7DA208 pos=<6888.196777, 38.564667, 3764.333252>) as driver
05:27:24.904 [VehicleLeave] Player Slightly Crazed [uid=RjqUafmWjW9Q1BHza4n7WoZ_8uUWujoz2w-ciuQaZcs=] left vehicle Olga 24 (id=F21BBEC70541FAFFD71C1DB57F7DA208 pos=<6888.196777, 38.564678, 3764.333252>)
05:28:17.437 [VehicleEnter] Player Slightly Crazed [uid=RjqUafmWjW9Q1BHza4n7WoZ_8uUWujoz2w-ciuQaZcs=] entered vehicle Olga 24 (id=F21BBEC70541FAFFD71C1DB57F7DA208 pos=<6888.196777, 38.564667, 3764.333252>) as driver
05:28:21.865 [VehicleEngine] Player Slightly Crazed [uid=RjqUafmWjW9Q1BHza4n7WoZ_8uUWujoz2w-ciuQaZcs=] started vehicle Olga 24 (id=F21BBEC70541FAFFD71C1DB57F7DA208 pos=<6888.196777, 38.564678, 3764.333252>)
05:29:16.917 [VehicleEnter] Player wiggy [uid=SgADkNjbGaUs8SauxTNPqYQENYs5GlEGD7NNksMh0hI=] entered vehicle Olga 24 (id=F21BBEC70541FAFFD71C1DB57F7DA208 pos=<6888.196289, 38.564686, 3764.333008>) as passenger
05:31:45.753 [VehicleLeave] Player wiggy [uid=SgADkNjbGaUs8SauxTNPqYQENYs5GlEGD7NNksMh0hI=] left vehicle Olga 24 (id=F21BBEC70541FAFFD71C1DB57F7DA208 pos=<6367.496094, 181.506271, 5261.606445>)
05:31:48.017 [VehicleLeave] Player Slightly Crazed [uid=RjqUafmWjW9Q1BHza4n7WoZ_8uUWujoz2w-ciuQaZcs=] left vehicle Olga 24 (id=F21BBEC70541FAFFD71C1DB57F7DA208 pos=<6367.506348, 181.505753, 5261.603516>)
05:34:27.341 [VehicleEnter] Player Slightly Crazed [uid=RjqUafmWjW9Q1BHza4n7WoZ_8uUWujoz2w-ciuQaZcs=] entered vehicle Olga 24 (id=F21BBEC70541FAFFD71C1DB57F7DA208 pos=<6367.522461, 181.504868, 5261.598145>) as driver
05:34:33.449 [VehicleEnter] Player wiggy [uid=SgADkNjbGaUs8SauxTNPqYQENYs5GlEGD7NNksMh0hI=] entered vehicle Olga 24 (id=F21BBEC70541FAFFD71C1DB57F7DA208 pos=<6367.551270, 181.503357, 5261.590820>) as passenger
05:34:35.449 [VehicleLeave] Player Slightly Crazed [uid=RjqUafmWjW9Q1BHza4n7WoZ_8uUWujoz2w-ciuQaZcs=] left vehicle Olga 24 (id=F21BBEC70541FAFFD71C1DB57F7DA208 pos=<6367.557129, 181.503052, 5261.589355>)
05:35:00.880 [VehicleLeave] Player wiggy [uid=SgADkNjbGaUs8SauxTNPqYQENYs5GlEGD7NNksMh0hI=] left vehicle Olga 24 (id=F21BBEC70541FAFFD71C1DB57F7DA208 pos=<6367.557129, 181.503052, 5261.589355>)
05:35:06.816 [VehicleEnter] Player Slightly Crazed [uid=RjqUafmWjW9Q1BHza4n7WoZ_8uUWujoz2w-ciuQaZcs=] entered vehicle Olga 24 (id=F21BBEC70541FAFFD71C1DB57F7DA208 pos=<6367.568848, 181.502472, 5261.586426>) as driver
05:35:10.488 [VehicleEngine] Player Slightly Crazed [uid=RjqUafmWjW9Q1BHza4n7WoZ_8uUWujoz2w-ciuQaZcs=] started vehicle Olga 24 (id=F21BBEC70541FAFFD71C1DB57F7DA208 pos=<6367.579590, 181.501907, 5261.583496>)
05:35:13.912 [VehicleEnter] Player wiggy [uid=SgADkNjbGaUs8SauxTNPqYQENYs5GlEGD7NNksMh0hI=] entered vehicle Olga 24 (id=F21BBEC70541FAFFD71C1DB57F7DA208 pos=<6367.589355, 181.501312, 5261.580078>) as passenger
05:36:27.671 [VehicleLeave] Player Slightly Crazed [uid=RjqUafmWjW9Q1BHza4n7WoZ_8uUWujoz2w-ciuQaZcs=] left vehicle Olga 24 (id=F21BBEC70541FAFFD71C1DB57F7DA208 pos=<5443.482422, 219.734299, 5216.963379>)
05:36:31.916 [VehicleLeave] Player wiggy [uid=SgADkNjbGaUs8SauxTNPqYQENYs5GlEGD7NNksMh0hI=] left vehicle Olga 24 (id=F21BBEC70541FAFFD71C1DB57F7DA208 pos=<5443.482422, 219.734314, 5216.963379>)
05:38:00.599 [VehicleCarKey] Player "Slightly Crazed" (id=RjqUafmWjW9Q1BHza4n7WoZ_8uUWujoz2w-ciuQaZcs= pos=<5443.397949, 219.761932, 5218.932617>) used the  ExpansionCarKey to lock CivilianSedan_Black (id=F21BBEC70541FAFFD71C1DB57F7DA208 pos=<5443.482422, 219.734314, 5216.963379>)
05:40:33.292 [VehicleCarKey] Player "Slightly Crazed" (id=RjqUafmWjW9Q1BHza4n7WoZ_8uUWujoz2w-ciuQaZcs= pos=<5443.888672, 219.756653, 5215.031738>) used the  ExpansionCarKey to unlock CivilianSedan_Black (id=F21BBEC70541FAFFD71C1DB57F7DA208 pos=<5443.482422, 219.734314, 5216.963379>)
05:40:38.621 [VehicleEnter] Player Slightly Crazed [uid=RjqUafmWjW9Q1BHza4n7WoZ_8uUWujoz2w-ciuQaZcs=] entered vehicle Olga 24 (id=F21BBEC70541FAFFD71C1DB57F7DA208 pos=<5443.482422, 219.734314, 5216.963379>) as driver
05:40:41.664 [VehicleEngine] Player Slightly Crazed [uid=RjqUafmWjW9Q1BHza4n7WoZ_8uUWujoz2w-ciuQaZcs=] started vehicle Olga 24 (Locked) (id=F21BBEC70541FAFFD71C1DB57F7DA208 pos=<5443.482910, 219.734299, 5216.963379>)
05:41:20.675 [VehicleLeave] Player Slightly Crazed [uid=RjqUafmWjW9Q1BHza4n7WoZ_8uUWujoz2w-ciuQaZcs=] left vehicle Olga 24 (id=F21BBEC70541FAFFD71C1DB57F7DA208 pos=<5135.697266, 220.720932, 5186.671875>)
05:41:25.074 [VehicleCarKey] Player "Slightly Crazed" (id=RjqUafmWjW9Q1BHza4n7WoZ_8uUWujoz2w-ciuQaZcs= pos=<5136.270020, 220.738800, 5184.815430>) used the  ExpansionCarKey to lock CivilianSedan_Black (id=F21BBEC70541FAFFD71C1DB57F7DA208 pos=<5135.697266, 220.720963, 5186.671875>)
05:46:18.517 [VehicleCarKey] Player "Slightly Crazed" (id=RjqUafmWjW9Q1BHza4n7WoZ_8uUWujoz2w-ciuQaZcs= pos=<5139.194336, 220.700470, 5187.067383>) used the  ExpansionCarKey to unlock CivilianSedan_Black (id=F21BBEC70541FAFFD71C1DB57F7DA208 pos=<5135.697266, 220.720963, 5186.671875>)
05:46:58.033 [VehicleEnter] Player Slightly Crazed [uid=RjqUafmWjW9Q1BHza4n7WoZ_8uUWujoz2w-ciuQaZcs=] entered vehicle Olga 24 (id=F21BBEC70541FAFFD71C1DB57F7DA208 pos=<5135.697266, 220.720932, 5186.671875>) as driver
05:46:59.613 [VehicleEngine] Player Slightly Crazed [uid=RjqUafmWjW9Q1BHza4n7WoZ_8uUWujoz2w-ciuQaZcs=] started vehicle Olga 24 (id=F21BBEC70541FAFFD71C1DB57F7DA208 pos=<5135.697266, 220.720963, 5186.671875>)
05:47:31.253 [VehicleLeave] Player Slightly Crazed [uid=RjqUafmWjW9Q1BHza4n7WoZ_8uUWujoz2w-ciuQaZcs=] left vehicle Olga 24 (id=F21BBEC70541FAFFD71C1DB57F7DA208 pos=<5135.697266, 220.720978, 5186.673828>)
05:47:35.185 [VehicleEnter] Player wiggy [uid=SgADkNjbGaUs8SauxTNPqYQENYs5GlEGD7NNksMh0hI=] entered vehicle Olga 24 (id=F21BBEC70541FAFFD71C1DB57F7DA208 pos=<5135.697266, 220.720993, 5186.673828>) as passenger
05:47:42.234 [VehicleEnter] Player Slightly Crazed [uid=RjqUafmWjW9Q1BHza4n7WoZ_8uUWujoz2w-ciuQaZcs=] entered vehicle Olga 24 (id=F21BBEC70541FAFFD71C1DB57F7DA208 pos=<5135.697266, 220.720978, 5186.674316>) as driver
05:47:46.074 [VehicleEngine] Player Slightly Crazed [uid=RjqUafmWjW9Q1BHza4n7WoZ_8uUWujoz2w-ciuQaZcs=] started vehicle Olga 24 (id=F21BBEC70541FAFFD71C1DB57F7DA208 pos=<5135.696777, 220.720978, 5186.674316>)
05:51:40.357 [VehicleEngine] Player Slightly Crazed [uid=RjqUafmWjW9Q1BHza4n7WoZ_8uUWujoz2w-ciuQaZcs=] stopped vehicle Olga 24 (id=F21BBEC70541FAFFD71C1DB57F7DA208 pos=<1714.355713, 108.829529, 5209.550293>)
05:51:45.564 [VehicleLeave] Player wiggy [uid=SgADkNjbGaUs8SauxTNPqYQENYs5GlEGD7NNksMh0hI=] left vehicle Olga 24 (id=F21BBEC70541FAFFD71C1DB57F7DA208 pos=<1714.287842, 108.821495, 5209.655273>)
05:51:54.457 [VehicleLeave] Player Slightly Crazed [uid=RjqUafmWjW9Q1BHza4n7WoZ_8uUWujoz2w-ciuQaZcs=] left vehicle Olga 24 (id=F21BBEC70541FAFFD71C1DB57F7DA208 pos=<1714.192017, 108.809105, 5209.836426>)
05:52:18.845 [VehicleCarKey] Player "Slightly Crazed" (id=RjqUafmWjW9Q1BHza4n7WoZ_8uUWujoz2w-ciuQaZcs= pos=<1714.369141, 108.783302, 5211.728516>) used the  ExpansionCarKey to lock CivilianSedan_Black (id=F21BBEC70541FAFFD71C1DB57F7DA208 pos=<1714.187134, 108.808456, 5209.846680>)
05:53:35.589 [MissionAirdrop] An airdrop is heading towards "Junkyard" (pos=<3364.919922, 0.000000, 6174.080078> type=Random_Junkyard) with a ExpansionAirdropContainer_Medical
05:56:52.761 [VehicleCarKey] Player "Slightly Crazed" (id=RjqUafmWjW9Q1BHza4n7WoZ_8uUWujoz2w-ciuQaZcs= pos=<1716.817261, 109.035980, 5209.043457>) used the  ExpansionCarKey to unlock CivilianSedan_Black (id=F21BBEC70541FAFFD71C1DB57F7DA208 pos=<1714.187134, 108.808456, 5209.846680>)
05:58:05.009 [VehicleCarKey] Player "Slightly Crazed" (id=RjqUafmWjW9Q1BHza4n7WoZ_8uUWujoz2w-ciuQaZcs= pos=<1714.101440, 108.768959, 5211.621094>) used the  ExpansionCarKey to lock CivilianSedan_Black (id=F21BBEC70541FAFFD71C1DB57F7DA208 pos=<1714.187134, 108.808456, 5209.846680>)
05:59:27.871 [Party] Player "wiggy" (id=SgADkNjbGaUs8SauxTNPqYQENYs5GlEGD7NNksMh0hI=) left the party "GRUMPY OLD GITS" (id=2 ownerUID=SgADkNjbGaUs8SauxTNPqYQENYs5GlEGD7NNksMh0hI= ownerName=wiggy)
05:59:31.732 [Party] Player "Slightly Crazed" (id=RjqUafmWjW9Q1BHza4n7WoZ_8uUWujoz2w-ciuQaZcs=) left the party "GRUMPY OLD GITS" (id=2 ownerUID=SgADkNjbGaUs8SauxTNPqYQENYs5GlEGD7NNksMh0hI= ownerName=wiggy)
