06:01:18.560 [Party] Player "wiggy" (id=SgADkNjbGaUs8SauxTNPqYQENYs5GlEGD7NNksMh0hI=) joinded the party "GRUMPY OLD GITS" (id=2 ownerUID=SgADkNjbGaUs8SauxTNPqYQENYs5GlEGD7NNksMh0hI= ownerName=wiggy)
06:01:18.570 [Expansion Quests] - InitQuestSystemClient - Loaded existing player quest data for player with UID: SgADkNjbGaUs8SauxTNPqYQENYs5GlEGD7NNksMh0hI=
06:01:18.570 [Expansion Quests] - LoadGroupQuestData - Loaded existing group quest data for group with ID: 2
06:01:19.533 [Expansion Quests] - LoadGroupQuestData - Got cached group quest data for group with ID: 2
06:02:10.957 [Party] Player "Slightly Crazed" (id=RjqUafmWjW9Q1BHza4n7WoZ_8uUWujoz2w-ciuQaZcs=) joinded the party "GRUMPY OLD GITS" (id=2 ownerUID=SgADkNjbGaUs8SauxTNPqYQENYs5GlEGD7NNksMh0hI= ownerName=wiggy)
06:02:10.964 [Expansion Quests] - InitQuestSystemClient - Loaded existing player quest data for player with UID: RjqUafmWjW9Q1BHza4n7WoZ_8uUWujoz2w-ciuQaZcs=
06:02:10.964 [Expansion Quests] - LoadGroupQuestData - Got cached group quest data for group with ID: 2
06:02:11.931 [Expansion Quests] - LoadGroupQuestData - Got cached group quest data for group with ID: 2
06:03:36.986 [VehicleCarKey] Player "Slightly Crazed" (id=RjqUafmWjW9Q1BHza4n7WoZ_8uUWujoz2w-ciuQaZcs= pos=<2296.454834, 111.719986, 5323.668457>) used the  ExpansionCarKey to unlock CivilianSedan_Black (id=F21BBEC70541FAFFD71C1DB57F7DA208 pos=<2295.704346, 111.695267, 5321.978516>)
06:04:15.019 [Safezone] Player "Evsy" (id=iVutVB0zyf9_ixQlC7_lUZXRzWS1VfyXb3Cova6YJFo= pos=<6578.041016, 21.497055, 3667.874268>) Entered the safezone
06:04:15.033 [Expansion Quests] - InitQuestSystemClient - Loaded existing player quest data for player with UID: iVutVB0zyf9_ixQlC7_lUZXRzWS1VfyXb3Cova6YJFo=
06:04:15.033 [Expansion Quests] - LoadGroupQuestData - Created new persistent group quest data for group with ID: -1
06:04:29.777 [VehicleEnter] Player Slightly Crazed [uid=RjqUafmWjW9Q1BHza4n7WoZ_8uUWujoz2w-ciuQaZcs=] entered vehicle Olga 24 (id=F21BBEC70541FAFFD71C1DB57F7DA208 pos=<2295.703857, 111.695221, 5321.978516>) as driver
06:04:33.628 [VehicleEngine] Player Slightly Crazed [uid=RjqUafmWjW9Q1BHza4n7WoZ_8uUWujoz2w-ciuQaZcs=] started vehicle Olga 24 (id=F21BBEC70541FAFFD71C1DB57F7DA208 pos=<2295.703369, 111.695259, 5321.978516>)
06:04:41.263 [VehicleEnter] Player wiggy [uid=SgADkNjbGaUs8SauxTNPqYQENYs5GlEGD7NNksMh0hI=] entered vehicle Olga 24 (id=F21BBEC70541FAFFD71C1DB57F7DA208 pos=<2295.701172, 111.695274, 5321.978516>) as passenger
06:06:18.027 [Expansion Quests] - CreateQuestInstance - Created new quest instance for with instance key iVutVB0zyf9_ixQlC7_lUZXRzWS1VfyXb3Cova6YJFo= for quest 31
06:06:23.894 [MissionAirdrop] An airdrop is heading towards "Sweet Water" (pos=<4663.779785, 0.000000, 9148.309570> type=Random_SweetWater) with a ExpansionAirdropContainer
06:06:25.574 [Expansion Quests] - CreateQuestInstance - Created new quest instance for with instance key iVutVB0zyf9_ixQlC7_lUZXRzWS1VfyXb3Cova6YJFo= for quest 32
06:08:30.244 [AI Patrol] Spawning 2 Orting bots at <5300.029785, 220.467270, 4879.686035>
06:08:35.197 [Safezone] Player "Evsy" (id=iVutVB0zyf9_ixQlC7_lUZXRzWS1VfyXb3Cova6YJFo= pos=<6685.169434, 23.206940, 3705.439941>) Left the safezone
06:10:24.480 [VehicleLeave] Player wiggy [uid=SgADkNjbGaUs8SauxTNPqYQENYs5GlEGD7NNksMh0hI=] left vehicle Olga 24 (id=F21BBEC70541FAFFD71C1DB57F7DA208 pos=<6488.352539, 163.480286, 5121.125488>)
06:10:25.521 [VehicleLeave] Player Slightly Crazed [uid=RjqUafmWjW9Q1BHza4n7WoZ_8uUWujoz2w-ciuQaZcs=] left vehicle Olga 24 (id=F21BBEC70541FAFFD71C1DB57F7DA208 pos=<6488.352539, 163.478714, 5121.105469>)
06:12:19.332 [VehicleEnter] Player Slightly Crazed [uid=RjqUafmWjW9Q1BHza4n7WoZ_8uUWujoz2w-ciuQaZcs=] entered vehicle Olga 24 (id=F21BBEC70541FAFFD71C1DB57F7DA208 pos=<6488.352539, 163.475510, 5121.063965>) as driver
06:12:23.183 [VehicleEngine] Player Slightly Crazed [uid=RjqUafmWjW9Q1BHza4n7WoZ_8uUWujoz2w-ciuQaZcs=] started vehicle Olga 24 (id=F21BBEC70541FAFFD71C1DB57F7DA208 pos=<6488.352539, 163.469833, 5120.989746>)
06:12:26.005 [VehicleEnter] Player wiggy [uid=SgADkNjbGaUs8SauxTNPqYQENYs5GlEGD7NNksMh0hI=] entered vehicle Olga 24 (id=F21BBEC70541FAFFD71C1DB57F7DA208 pos=<6488.352539, 163.464645, 5120.923340>) as passenger
06:14:26.148 [Safezone] Player "Slightly Crazed" (id=RjqUafmWjW9Q1BHza4n7WoZ_8uUWujoz2w-ciuQaZcs= pos=<6640.976074, 21.934521, 3640.681641>) Entered the safezone
06:14:26.197 [Safezone] Player "wiggy" (id=SgADkNjbGaUs8SauxTNPqYQENYs5GlEGD7NNksMh0hI= pos=<6641.495605, 21.949417, 3641.452393>) Entered the safezone
06:14:33.529 [VehicleLeave] Player Slightly Crazed [uid=RjqUafmWjW9Q1BHza4n7WoZ_8uUWujoz2w-ciuQaZcs=] left vehicle Olga 24 (id=F21BBEC70541FAFFD71C1DB57F7DA208 pos=<6625.418945, 21.242893, 3655.787842>)
06:14:36.126 [VehicleLeave] Player wiggy [uid=SgADkNjbGaUs8SauxTNPqYQENYs5GlEGD7NNksMh0hI=] left vehicle Olga 24 (id=F21BBEC70541FAFFD71C1DB57F7DA208 pos=<6625.418945, 21.242870, 3655.787842>)
06:15:03.396 [Market] Player "Slightly Crazed" (id=RjqUafmWjW9Q1BHza4n7WoZ_8uUWujoz2w-ciuQaZcs=) has send a requested to sell cp_cannabisbrickblue x1 at the trader "Fishing_Hunting (Helga [HOLLER MARKET])" in market zone "The Holler" (pos=<6614.000000, 0.000000, 3670.000000>).
06:15:03.677 [Market] Player "Slightly Crazed" (id=RjqUafmWjW9Q1BHza4n7WoZ_8uUWujoz2w-ciuQaZcs=) has sold cp_cannabisbrickblue x1 at the trader "Fishing_Hunting (Helga [HOLLER MARKET])" in market zone "The Holler" (pos=<6614.000000, 0.000000, 3670.000000>) and got 18000.
06:16:03.585 [Market] Player "Slightly Crazed" (id=RjqUafmWjW9Q1BHza4n7WoZ_8uUWujoz2w-ciuQaZcs=) has send a requested to purchase mag_expansion_awm_5rnd x1 from the trader "Magazines (Oliver [AMMO & MAGAZINES])" in market zone "The Holler" (pos=<6614.000000, 0.000000, 3670.000000>).
06:16:03.884 [Market] Player "Slightly Crazed" (id=RjqUafmWjW9Q1BHza4n7WoZ_8uUWujoz2w-ciuQaZcs=) has bought mag_expansion_awm_5rnd x1 from the trader "Magazines (Oliver [AMMO & MAGAZINES])" in market zone "The Holler" (pos=<6614.000000, 0.000000, 3670.000000>) for a price of 500.
06:16:06.417 [Market] Player "Slightly Crazed" (id=RjqUafmWjW9Q1BHza4n7WoZ_8uUWujoz2w-ciuQaZcs=) has send a requested to purchase mag_expansion_awm_5rnd x1 from the trader "Magazines (Oliver [AMMO & MAGAZINES])" in market zone "The Holler" (pos=<6614.000000, 0.000000, 3670.000000>).
06:16:06.738 [Market] Player "Slightly Crazed" (id=RjqUafmWjW9Q1BHza4n7WoZ_8uUWujoz2w-ciuQaZcs=) has bought mag_expansion_awm_5rnd x1 from the trader "Magazines (Oliver [AMMO & MAGAZINES])" in market zone "The Holler" (pos=<6614.000000, 0.000000, 3670.000000>) for a price of 500.
06:16:08.156 [Market] Player "Slightly Crazed" (id=RjqUafmWjW9Q1BHza4n7WoZ_8uUWujoz2w-ciuQaZcs=) has send a requested to purchase mag_expansion_awm_5rnd x1 from the trader "Magazines (Oliver [AMMO & MAGAZINES])" in market zone "The Holler" (pos=<6614.000000, 0.000000, 3670.000000>).
06:16:08.451 [Market] Player "Slightly Crazed" (id=RjqUafmWjW9Q1BHza4n7WoZ_8uUWujoz2w-ciuQaZcs=) has bought mag_expansion_awm_5rnd x1 from the trader "Magazines (Oliver [AMMO & MAGAZINES])" in market zone "The Holler" (pos=<6614.000000, 0.000000, 3670.000000>) for a price of 500.
06:16:09.992 [Market] Player "Slightly Crazed" (id=RjqUafmWjW9Q1BHza4n7WoZ_8uUWujoz2w-ciuQaZcs=) has send a requested to purchase mag_expansion_awm_5rnd x1 from the trader "Magazines (Oliver [AMMO & MAGAZINES])" in market zone "The Holler" (pos=<6614.000000, 0.000000, 3670.000000>).
06:16:10.300 [Market] Player "Slightly Crazed" (id=RjqUafmWjW9Q1BHza4n7WoZ_8uUWujoz2w-ciuQaZcs=) has bought mag_expansion_awm_5rnd x1 from the trader "Magazines (Oliver [AMMO & MAGAZINES])" in market zone "The Holler" (pos=<6614.000000, 0.000000, 3670.000000>) for a price of 500.
06:16:16.564 [Safezone] Player "wiggy" (id=SgADkNjbGaUs8SauxTNPqYQENYs5GlEGD7NNksMh0hI= pos=<6654.449219, 21.410677, 3628.317627>) Left the safezone
06:16:19.328 [Safezone] Player "wiggy" (id=SgADkNjbGaUs8SauxTNPqYQENYs5GlEGD7NNksMh0hI= pos=<6644.761719, 21.344912, 3640.079590>) Entered the safezone
06:17:10.480 [Market] Player "Slightly Crazed" (id=RjqUafmWjW9Q1BHza4n7WoZ_8uUWujoz2w-ciuQaZcs=) has send a requested to purchase twp_ammobox_338lapua_20rnd x1 from the trader "Magazines (Oliver [AMMO & MAGAZINES])" in market zone "The Holler" (pos=<6614.000000, 0.000000, 3670.000000>).
06:17:10.763 [Market] Player "Slightly Crazed" (id=RjqUafmWjW9Q1BHza4n7WoZ_8uUWujoz2w-ciuQaZcs=) has bought twp_ammobox_338lapua_20rnd x1 from the trader "Magazines (Oliver [AMMO & MAGAZINES])" in market zone "The Holler" (pos=<6614.000000, 0.000000, 3670.000000>) for a price of 24.
06:17:15.007 [Market] Player "Slightly Crazed" (id=RjqUafmWjW9Q1BHza4n7WoZ_8uUWujoz2w-ciuQaZcs=) has send a requested to purchase twp_ammobox_338lapua_20rnd x1 from the trader "Magazines (Oliver [AMMO & MAGAZINES])" in market zone "The Holler" (pos=<6614.000000, 0.000000, 3670.000000>).
06:17:15.316 [Market] Player "Slightly Crazed" (id=RjqUafmWjW9Q1BHza4n7WoZ_8uUWujoz2w-ciuQaZcs=) has bought twp_ammobox_338lapua_20rnd x1 from the trader "Magazines (Oliver [AMMO & MAGAZINES])" in market zone "The Holler" (pos=<6614.000000, 0.000000, 3670.000000>) for a price of 24.
06:17:23.503 [Market] Player "Slightly Crazed" (id=RjqUafmWjW9Q1BHza4n7WoZ_8uUWujoz2w-ciuQaZcs=) has send a requested to purchase twp_ammobox_338lapua_20rnd x1 from the trader "Magazines (Oliver [AMMO & MAGAZINES])" in market zone "The Holler" (pos=<6614.000000, 0.000000, 3670.000000>).
06:17:23.759 [Market] Player "Slightly Crazed" (id=RjqUafmWjW9Q1BHza4n7WoZ_8uUWujoz2w-ciuQaZcs=) has bought twp_ammobox_338lapua_20rnd x1 from the trader "Magazines (Oliver [AMMO & MAGAZINES])" in market zone "The Holler" (pos=<6614.000000, 0.000000, 3670.000000>) for a price of 24.
06:17:27.849 [Market] Player "Slightly Crazed" (id=RjqUafmWjW9Q1BHza4n7WoZ_8uUWujoz2w-ciuQaZcs=) has send a requested to purchase twp_ammobox_338lapua_20rnd x1 from the trader "Magazines (Oliver [AMMO & MAGAZINES])" in market zone "The Holler" (pos=<6614.000000, 0.000000, 3670.000000>).
06:17:28.087 [Market] Player "Slightly Crazed" (id=RjqUafmWjW9Q1BHza4n7WoZ_8uUWujoz2w-ciuQaZcs=) has bought twp_ammobox_338lapua_20rnd x1 from the trader "Magazines (Oliver [AMMO & MAGAZINES])" in market zone "The Holler" (pos=<6614.000000, 0.000000, 3670.000000>) for a price of 24.
06:21:52.919 [Expansion Quests] - CreateQuestInstance - Created new quest instance for with instance key RjqUafmWjW9Q1BHza4n7WoZ_8uUWujoz2w-ciuQaZcs= for quest 38
06:22:34.746 [VehicleEnter] Player Slightly Crazed [uid=RjqUafmWjW9Q1BHza4n7WoZ_8uUWujoz2w-ciuQaZcs=] entered vehicle Olga 24 (id=F21BBEC70541FAFFD71C1DB57F7DA208 pos=<6625.418945, 21.242870, 3655.787842>) as driver
06:22:38.339 [VehicleEngine] Player Slightly Crazed [uid=RjqUafmWjW9Q1BHza4n7WoZ_8uUWujoz2w-ciuQaZcs=] started vehicle Olga 24 (id=F21BBEC70541FAFFD71C1DB57F7DA208 pos=<6625.418945, 21.242886, 3655.787842>)
06:22:43.275 [VehicleLeave] Player Slightly Crazed [uid=RjqUafmWjW9Q1BHza4n7WoZ_8uUWujoz2w-ciuQaZcs=] left vehicle Olga 24 (id=F21BBEC70541FAFFD71C1DB57F7DA208 pos=<6625.418945, 21.242861, 3655.787842>)
06:23:15.935 [VehicleEnter] Player Slightly Crazed [uid=RjqUafmWjW9Q1BHza4n7WoZ_8uUWujoz2w-ciuQaZcs=] entered vehicle Olga 24 (id=F21BBEC70541FAFFD71C1DB57F7DA208 pos=<6625.418945, 21.242887, 3655.787842>) as driver
06:23:19.636 [VehicleEngine] Player Slightly Crazed [uid=RjqUafmWjW9Q1BHza4n7WoZ_8uUWujoz2w-ciuQaZcs=] started vehicle Olga 24 (id=F21BBEC70541FAFFD71C1DB57F7DA208 pos=<6625.418945, 21.242846, 3655.787598>)
06:23:27.005 [VehicleEnter] Player wiggy [uid=SgADkNjbGaUs8SauxTNPqYQENYs5GlEGD7NNksMh0hI=] entered vehicle Olga 24 (id=F21BBEC70541FAFFD71C1DB57F7DA208 pos=<6625.418945, 21.242874, 3655.787109>) as passenger
06:23:27.076 [VehicleLeave] Player Slightly Crazed [uid=RjqUafmWjW9Q1BHza4n7WoZ_8uUWujoz2w-ciuQaZcs=] left vehicle Olga 24 (id=F21BBEC70541FAFFD71C1DB57F7DA208 pos=<6625.418945, 21.242872, 3655.787109>)
06:23:34.650 [VehicleLeave] Player wiggy [uid=SgADkNjbGaUs8SauxTNPqYQENYs5GlEGD7NNksMh0hI=] left vehicle Olga 24 (id=F21BBEC70541FAFFD71C1DB57F7DA208 pos=<6625.418945, 21.242870, 3655.787109>)
06:23:41.466 [VehicleEnter] Player wiggy [uid=SgADkNjbGaUs8SauxTNPqYQENYs5GlEGD7NNksMh0hI=] entered vehicle Olga 24 (id=F21BBEC70541FAFFD71C1DB57F7DA208 pos=<6625.418945, 21.242870, 3655.787109>) as passenger
06:24:01.861 [VehicleEnter] Player Slightly Crazed [uid=RjqUafmWjW9Q1BHza4n7WoZ_8uUWujoz2w-ciuQaZcs=] entered vehicle Olga 24 (id=F21BBEC70541FAFFD71C1DB57F7DA208 pos=<6625.418945, 21.242884, 3655.787109>) as driver
06:24:05.693 [VehicleEngine] Player Slightly Crazed [uid=RjqUafmWjW9Q1BHza4n7WoZ_8uUWujoz2w-ciuQaZcs=] started vehicle Olga 24 (id=F21BBEC70541FAFFD71C1DB57F7DA208 pos=<6625.418945, 21.242886, 3655.787109>)
06:24:27.958 [Safezone] Player "wiggy" (id=SgADkNjbGaUs8SauxTNPqYQENYs5GlEGD7NNksMh0hI= pos=<6726.241211, 29.310616, 3663.142334>) Left the safezone
06:24:28.863 [Safezone] Player "Slightly Crazed" (id=RjqUafmWjW9Q1BHza4n7WoZ_8uUWujoz2w-ciuQaZcs= pos=<6729.125977, 30.357658, 3672.868896>) Left the safezone
06:26:27.689 [VehicleLeave] Player wiggy [uid=SgADkNjbGaUs8SauxTNPqYQENYs5GlEGD7NNksMh0hI=] left vehicle Olga 24 (id=F21BBEC70541FAFFD71C1DB57F7DA208 pos=<6560.402344, 147.891159, 5038.160645>)
06:26:27.783 [VehicleLeave] Player Slightly Crazed [uid=RjqUafmWjW9Q1BHza4n7WoZ_8uUWujoz2w-ciuQaZcs=] left vehicle Olga 24 (id=F21BBEC70541FAFFD71C1DB57F7DA208 pos=<6560.404297, 147.890747, 5038.158691>)
06:26:34.009 [VehicleEnter] Player wiggy [uid=SgADkNjbGaUs8SauxTNPqYQENYs5GlEGD7NNksMh0hI=] entered vehicle Olga 24 (id=F21BBEC70541FAFFD71C1DB57F7DA208 pos=<6560.414551, 147.888443, 5038.147949>) as passenger
06:26:38.117 [VehicleEnter] Player Slightly Crazed [uid=RjqUafmWjW9Q1BHza4n7WoZ_8uUWujoz2w-ciuQaZcs=] entered vehicle Olga 24 (id=F21BBEC70541FAFFD71C1DB57F7DA208 pos=<6560.445313, 147.881470, 5038.115723>) as driver
06:26:40.960 [VehicleEngine] Player Slightly Crazed [uid=RjqUafmWjW9Q1BHza4n7WoZ_8uUWujoz2w-ciuQaZcs=] started vehicle Olga 24 (id=F21BBEC70541FAFFD71C1DB57F7DA208 pos=<6560.500977, 147.869522, 5038.059570>)
06:31:51.980 [AI Patrol] Spawning 2 Vagabond Army bots at <3697.242432, 99.884567, 7926.423340>
06:34:13.605 [VehicleLeave] Player Slightly Crazed [uid=RjqUafmWjW9Q1BHza4n7WoZ_8uUWujoz2w-ciuQaZcs=] left vehicle Olga 24 (id=F21BBEC70541FAFFD71C1DB57F7DA208 pos=<4451.858398, 136.160431, 8501.575195>)
06:34:15.876 [VehicleLeave] Player wiggy [uid=SgADkNjbGaUs8SauxTNPqYQENYs5GlEGD7NNksMh0hI=] left vehicle Olga 24 (id=F21BBEC70541FAFFD71C1DB57F7DA208 pos=<4451.858398, 136.160385, 8501.575195>)
06:35:49.244 [VehicleEnter] Player Slightly Crazed [uid=RjqUafmWjW9Q1BHza4n7WoZ_8uUWujoz2w-ciuQaZcs=] entered vehicle Olga 24 (id=F21BBEC70541FAFFD71C1DB57F7DA208 pos=<4451.182129, 135.862625, 8500.885742>) as passenger
06:35:53.007 [VehicleLeave] Player Slightly Crazed [uid=RjqUafmWjW9Q1BHza4n7WoZ_8uUWujoz2w-ciuQaZcs=] left vehicle Olga 24 (id=F21BBEC70541FAFFD71C1DB57F7DA208 pos=<4451.182129, 135.862625, 8500.885742>)
06:35:57.308 [VehicleEnter] Player Slightly Crazed [uid=RjqUafmWjW9Q1BHza4n7WoZ_8uUWujoz2w-ciuQaZcs=] entered vehicle Olga 24 (id=F21BBEC70541FAFFD71C1DB57F7DA208 pos=<4451.182129, 135.862625, 8500.885742>) as passenger
06:35:58.689 [VehicleEnter] Player Slightly Crazed [uid=RjqUafmWjW9Q1BHza4n7WoZ_8uUWujoz2w-ciuQaZcs=] switched seats in vehicle Olga 24 (id=F21BBEC70541FAFFD71C1DB57F7DA208 pos=<4451.182129, 135.862625, 8500.885742>) to driver
06:36:04.167 [VehicleEngine] Player Slightly Crazed [uid=RjqUafmWjW9Q1BHza4n7WoZ_8uUWujoz2w-ciuQaZcs=] started vehicle Olga 24 (id=F21BBEC70541FAFFD71C1DB57F7DA208 pos=<4451.182129, 135.862518, 8500.885742>)
06:38:02.896 [VehicleEngine] Player Slightly Crazed [uid=RjqUafmWjW9Q1BHza4n7WoZ_8uUWujoz2w-ciuQaZcs=] stopped vehicle Olga 24 (id=F21BBEC70541FAFFD71C1DB57F7DA208 pos=<4450.822754, 135.531464, 8503.132813>)
06:38:04.468 [VehicleEnter] Player Slightly Crazed [uid=RjqUafmWjW9Q1BHza4n7WoZ_8uUWujoz2w-ciuQaZcs=] switched seats in vehicle Olga 24 (id=F21BBEC70541FAFFD71C1DB57F7DA208 pos=<4450.822754, 135.531326, 8503.132813>) to passenger
06:38:08.761 [VehicleLeave] Player Slightly Crazed [uid=RjqUafmWjW9Q1BHza4n7WoZ_8uUWujoz2w-ciuQaZcs=] left vehicle Olga 24 (id=F21BBEC70541FAFFD71C1DB57F7DA208 pos=<4450.822754, 135.531204, 8503.132813>)
06:38:49.945 [VehicleEnter] Player wiggy [uid=SgADkNjbGaUs8SauxTNPqYQENYs5GlEGD7NNksMh0hI=] entered vehicle Olga 24 (id=F21BBEC70541FAFFD71C1DB57F7DA208 pos=<4450.822754, 135.531204, 8503.132813>) as passenger
06:38:54.111 [VehicleEnter] Player wiggy [uid=SgADkNjbGaUs8SauxTNPqYQENYs5GlEGD7NNksMh0hI=] switched seats in vehicle Olga 24 (id=F21BBEC70541FAFFD71C1DB57F7DA208 pos=<4450.822754, 135.531204, 8503.132813>) to driver
06:38:59.210 [VehicleEngine] Player wiggy [uid=SgADkNjbGaUs8SauxTNPqYQENYs5GlEGD7NNksMh0hI=] started vehicle Olga 24 (id=F21BBEC70541FAFFD71C1DB57F7DA208 pos=<4450.822754, 135.531128, 8503.132813>)
06:40:44.941 [VehicleEngine] Player wiggy [uid=SgADkNjbGaUs8SauxTNPqYQENYs5GlEGD7NNksMh0hI=] stopped vehicle Olga 24 (id=F21BBEC70541FAFFD71C1DB57F7DA208 pos=<4450.759277, 135.460785, 8503.665039>)
06:40:51.210 [VehicleEnter] Player wiggy [uid=SgADkNjbGaUs8SauxTNPqYQENYs5GlEGD7NNksMh0hI=] switched seats in vehicle Olga 24 (id=F21BBEC70541FAFFD71C1DB57F7DA208 pos=<4450.759277, 135.460754, 8503.665039>) to passenger
06:40:56.375 [VehicleLeave] Player wiggy [uid=SgADkNjbGaUs8SauxTNPqYQENYs5GlEGD7NNksMh0hI=] left vehicle Olga 24 (id=F21BBEC70541FAFFD71C1DB57F7DA208 pos=<4450.759766, 135.460999, 8503.665039>)
06:41:46.572 [ExplosionDamageSystem] About to explode M67Grenade_Ammo from M67Grenade<71a52910> at <4449.61, 134.8, 8506.18> EXPLOSION range 20 dropoff 5
06:45:52.613 [ExplosionDamageSystem] About to explode LandFuelFeed_Ammo from Land_FuelStation_Feed<bf44ee70> at <3458.56, 101.04, 8039.98> EXPLOSION range 20 dropoff 5
07:31:29.431 [AI Patrol] Spawning 2 Trench 94 bots at <3142.050293, 99.884567, 9273.191406>
07:38:58.904 [MissionAirdrop] An airdrop is heading towards "Church Camp" (pos=<8075.850098, 0.000000, 6584.669922> type=Random_ChurchCamp) with a ExpansionAirdropContainer_Medical
07:53:46.835 [AI Patrol] Spawning 2 Manhattan Project bots at <1969.380127, 99.884567, 8894.616211>
