04:26:58.947 [ExplosionDamageSystem] About to explode FlashGrenade_Ammo from FlashGrenade<16321070> at <133.33, 105.68, 7061.65> EXPLOSION range 20 dropoff 5
04:26:58.948 [ExplosionDamageSystem] Queued FlashGrenade<16321070> FlashGrenade_Ammo for ExpansionSafeLarge<1e49b810> - count: 1
04:26:58.981 [ExplosionDamageSystem] ExpansionSafeLarge<1e49b810> at <141.66, 105.82, 7069.07> was not hit by FlashGrenade_Ammo from FlashGrenade<16321070> at <133.33, 105.68, 7061.65> - applying direct EXPLOSION damage coef 0.589505
04:26:58.981 [BaseBuildingRaiding] BaseRaiding: ExpansionSafeLarge<1e49b810> at <141.659058, 105.819901, 7069.069824> has been hit by explosive FlashGrenade<16321070>
04:26:58.981 [ExplosionDamageSystem] Dequeued FlashGrenade<16321070> FlashGrenade_Ammo for ExpansionSafeLarge<1e49b810> - count: 0
04:26:58.981 [BaseBuildingRaiding] ------------------------- Expansion Base Raiding Damage Report -------------------------
04:26:58.982 [BaseBuildingRaiding] A player damaged ExpansionSafeLarge at <141.66, 105.82, 7069.07>
04:26:58.982 [BaseBuildingRaiding] They dealt 2.94752 * 17 = 50.1079 damage with FlashGrenade_Ammo from FlashGrenade
04:26:58.982 [BaseBuildingRaiding] GlobalHealth hitpoints decreased from 18154.5 to 18104.4
04:26:58.982 [BaseBuildingRaiding] ----------------------------------------------------------------------------------------
04:32:17.519 [Safezone] Player "Lou Sassole" (id=ebo0O4yOjYkK486s9SoqLuFc3tRe1vP1S2eE1IJxhV4= pos=<6613.607422, 21.471474, 3662.698486>) Entered the safezone
04:32:17.519 [Party] Player "Lou Sassole" (id=ebo0O4yOjYkK486s9SoqLuFc3tRe1vP1S2eE1IJxhV4=) joinded the party "Reaper" (id=4 ownerUID=ebo0O4yOjYkK486s9SoqLuFc3tRe1vP1S2eE1IJxhV4= ownerName=Lou Sassole)
04:32:17.524 [Expansion Quests] - InitQuestSystemClient - Loaded existing player quest data for player with UID: ebo0O4yOjYkK486s9SoqLuFc3tRe1vP1S2eE1IJxhV4=
04:32:17.524 [Expansion Quests] - LoadGroupQuestData - Loaded existing group quest data for group with ID: 4
04:32:17.525 [Expansion Quests] - Create new quest instance for quest: 31 - Player UID: ebo0O4yOjYkK486s9SoqLuFc3tRe1vP1S2eE1IJxhV4=
04:32:18.496 [Expansion Quests] - LoadGroupQuestData - Got cached group quest data for group with ID: 4
04:34:23.496 [Expansion Quests] - CompleteQuest - Player with UID ebo0O4yOjYkK486s9SoqLuFc3tRe1vP1S2eE1IJxhV4= has completed quest 31
04:34:41.992 [Expansion Quests] - CreateQuestInstance - Created new quest instance for with instance key ebo0O4yOjYkK486s9SoqLuFc3tRe1vP1S2eE1IJxhV4= for quest 33
04:37:26.283 [MissionAirdrop] An airdrop is heading towards "Church Camp" (pos=<8075.850098, 0.000000, 6584.669922> type=Random_ChurchCamp) with a ExpansionAirdropContainer_Medical
04:37:48.548 [Market] Player "Lou Sassole" (id=ebo0O4yOjYkK486s9SoqLuFc3tRe1vP1S2eE1IJxhV4=) has send a requested to purchase ammobox_762x54_20rnd x1 from the trader "Magazines (Oliver [AMMO & MAGAZINES])" in market zone "The Holler" (pos=<6614.000000, 0.000000, 3670.000000>).
04:37:48.642 [Market] Player "Lou Sassole" (id=ebo0O4yOjYkK486s9SoqLuFc3tRe1vP1S2eE1IJxhV4=) has bought ammobox_762x54_20rnd x1 from the trader "Magazines (Oliver [AMMO & MAGAZINES])" in market zone "The Holler" (pos=<6614.000000, 0.000000, 3670.000000>) for a price of 32.
04:37:49.412 [Market] Player "Lou Sassole" (id=ebo0O4yOjYkK486s9SoqLuFc3tRe1vP1S2eE1IJxhV4=) has send a requested to purchase ammobox_762x54_20rnd x1 from the trader "Magazines (Oliver [AMMO & MAGAZINES])" in market zone "The Holler" (pos=<6614.000000, 0.000000, 3670.000000>).
04:37:49.507 [Market] Player "Lou Sassole" (id=ebo0O4yOjYkK486s9SoqLuFc3tRe1vP1S2eE1IJxhV4=) has bought ammobox_762x54_20rnd x1 from the trader "Magazines (Oliver [AMMO & MAGAZINES])" in market zone "The Holler" (pos=<6614.000000, 0.000000, 3670.000000>) for a price of 32.
04:37:50.246 [Market] Player "Lou Sassole" (id=ebo0O4yOjYkK486s9SoqLuFc3tRe1vP1S2eE1IJxhV4=) has send a requested to purchase ammobox_762x54_20rnd x1 from the trader "Magazines (Oliver [AMMO & MAGAZINES])" in market zone "The Holler" (pos=<6614.000000, 0.000000, 3670.000000>).
04:37:50.349 [Market] Player "Lou Sassole" (id=ebo0O4yOjYkK486s9SoqLuFc3tRe1vP1S2eE1IJxhV4=) has bought ammobox_762x54_20rnd x1 from the trader "Magazines (Oliver [AMMO & MAGAZINES])" in market zone "The Holler" (pos=<6614.000000, 0.000000, 3670.000000>) for a price of 32.
04:38:44.341 [Market] Player "Lou Sassole" (id=ebo0O4yOjYkK486s9SoqLuFc3tRe1vP1S2eE1IJxhV4=) has send a requested to purchase ammobox_762x39_20rnd x1 from the trader "Magazines (Oliver [AMMO & MAGAZINES])" in market zone "The Holler" (pos=<6614.000000, 0.000000, 3670.000000>).
04:38:44.441 [Market] Player "Lou Sassole" (id=ebo0O4yOjYkK486s9SoqLuFc3tRe1vP1S2eE1IJxhV4=) has bought ammobox_762x39_20rnd x1 from the trader "Magazines (Oliver [AMMO & MAGAZINES])" in market zone "The Holler" (pos=<6614.000000, 0.000000, 3670.000000>) for a price of 32.
04:38:45.224 [Market] Player "Lou Sassole" (id=ebo0O4yOjYkK486s9SoqLuFc3tRe1vP1S2eE1IJxhV4=) has send a requested to purchase ammobox_762x39_20rnd x1 from the trader "Magazines (Oliver [AMMO & MAGAZINES])" in market zone "The Holler" (pos=<6614.000000, 0.000000, 3670.000000>).
04:38:45.326 [Market] Player "Lou Sassole" (id=ebo0O4yOjYkK486s9SoqLuFc3tRe1vP1S2eE1IJxhV4=) has bought ammobox_762x39_20rnd x1 from the trader "Magazines (Oliver [AMMO & MAGAZINES])" in market zone "The Holler" (pos=<6614.000000, 0.000000, 3670.000000>) for a price of 32.
04:38:46.046 [Market] Player "Lou Sassole" (id=ebo0O4yOjYkK486s9SoqLuFc3tRe1vP1S2eE1IJxhV4=) has send a requested to purchase ammobox_762x39_20rnd x1 from the trader "Magazines (Oliver [AMMO & MAGAZINES])" in market zone "The Holler" (pos=<6614.000000, 0.000000, 3670.000000>).
04:38:46.177 [Market] Player "Lou Sassole" (id=ebo0O4yOjYkK486s9SoqLuFc3tRe1vP1S2eE1IJxhV4=) has bought ammobox_762x39_20rnd x1 from the trader "Magazines (Oliver [AMMO & MAGAZINES])" in market zone "The Holler" (pos=<6614.000000, 0.000000, 3670.000000>) for a price of 32.
04:39:22.244 [Market] Player "Lou Sassole" (id=ebo0O4yOjYkK486s9SoqLuFc3tRe1vP1S2eE1IJxhV4=) has send a requested to purchase twp_ammobox_408cheytac_10rnd x1 from the trader "Magazines (Oliver [AMMO & MAGAZINES])" in market zone "The Holler" (pos=<6614.000000, 0.000000, 3670.000000>).
04:39:22.347 [Market] Player "Lou Sassole" (id=ebo0O4yOjYkK486s9SoqLuFc3tRe1vP1S2eE1IJxhV4=) has bought twp_ammobox_408cheytac_10rnd x1 from the trader "Magazines (Oliver [AMMO & MAGAZINES])" in market zone "The Holler" (pos=<6614.000000, 0.000000, 3670.000000>) for a price of 24.
04:39:22.982 [Market] Player "Lou Sassole" (id=ebo0O4yOjYkK486s9SoqLuFc3tRe1vP1S2eE1IJxhV4=) has send a requested to purchase twp_ammobox_408cheytac_10rnd x1 from the trader "Magazines (Oliver [AMMO & MAGAZINES])" in market zone "The Holler" (pos=<6614.000000, 0.000000, 3670.000000>).
04:39:23.062 [Market] Player "Lou Sassole" (id=ebo0O4yOjYkK486s9SoqLuFc3tRe1vP1S2eE1IJxhV4=) has bought twp_ammobox_408cheytac_10rnd x1 from the trader "Magazines (Oliver [AMMO & MAGAZINES])" in market zone "The Holler" (pos=<6614.000000, 0.000000, 3670.000000>) for a price of 24.
04:39:23.560 [Market] Player "Lou Sassole" (id=ebo0O4yOjYkK486s9SoqLuFc3tRe1vP1S2eE1IJxhV4=) has send a requested to purchase twp_ammobox_408cheytac_10rnd x1 from the trader "Magazines (Oliver [AMMO & MAGAZINES])" in market zone "The Holler" (pos=<6614.000000, 0.000000, 3670.000000>).
04:39:23.642 [Market] Player "Lou Sassole" (id=ebo0O4yOjYkK486s9SoqLuFc3tRe1vP1S2eE1IJxhV4=) has bought twp_ammobox_408cheytac_10rnd x1 from the trader "Magazines (Oliver [AMMO & MAGAZINES])" in market zone "The Holler" (pos=<6614.000000, 0.000000, 3670.000000>) for a price of 24.
04:39:24.126 [Market] Player "Lou Sassole" (id=ebo0O4yOjYkK486s9SoqLuFc3tRe1vP1S2eE1IJxhV4=) has send a requested to purchase twp_ammobox_408cheytac_10rnd x1 from the trader "Magazines (Oliver [AMMO & MAGAZINES])" in market zone "The Holler" (pos=<6614.000000, 0.000000, 3670.000000>).
04:39:24.212 [Market] Player "Lou Sassole" (id=ebo0O4yOjYkK486s9SoqLuFc3tRe1vP1S2eE1IJxhV4=) has bought twp_ammobox_408cheytac_10rnd x1 from the trader "Magazines (Oliver [AMMO & MAGAZINES])" in market zone "The Holler" (pos=<6614.000000, 0.000000, 3670.000000>) for a price of 24.
04:39:24.777 [Market] Player "Lou Sassole" (id=ebo0O4yOjYkK486s9SoqLuFc3tRe1vP1S2eE1IJxhV4=) has send a requested to purchase twp_ammobox_408cheytac_10rnd x1 from the trader "Magazines (Oliver [AMMO & MAGAZINES])" in market zone "The Holler" (pos=<6614.000000, 0.000000, 3670.000000>).
04:39:24.892 [Market] Player "Lou Sassole" (id=ebo0O4yOjYkK486s9SoqLuFc3tRe1vP1S2eE1IJxhV4=) has bought twp_ammobox_408cheytac_10rnd x1 from the trader "Magazines (Oliver [AMMO & MAGAZINES])" in market zone "The Holler" (pos=<6614.000000, 0.000000, 3670.000000>) for a price of 24.
04:43:07.195 [ATM] Player "Lou Sassole" (id=ebo0O4yOjYkK486s9SoqLuFc3tRe1vP1S2eE1IJxhV4=) has deposited 168 on his ATM account.
04:44:50.427 [Safezone] Player "Lou Sassole" (id=ebo0O4yOjYkK486s9SoqLuFc3tRe1vP1S2eE1IJxhV4= pos=<6670.081055, 21.702063, 3615.919434>) Left the safezone
04:54:52.482 [Party] Player "Slightly Crazed" (id=RjqUafmWjW9Q1BHza4n7WoZ_8uUWujoz2w-ciuQaZcs=) joinded the party "GRUMPY OLD GITS" (id=2 ownerUID=SgADkNjbGaUs8SauxTNPqYQENYs5GlEGD7NNksMh0hI= ownerName=wiggy)
04:54:52.486 [Expansion Quests] - InitQuestSystemClient - Loaded existing player quest data for player with UID: RjqUafmWjW9Q1BHza4n7WoZ_8uUWujoz2w-ciuQaZcs=
04:54:52.486 [Expansion Quests] - LoadGroupQuestData - Loaded existing group quest data for group with ID: 2
04:54:52.486 [Expansion Quests] - Create new quest instance for quest: 60 - Player UID: RjqUafmWjW9Q1BHza4n7WoZ_8uUWujoz2w-ciuQaZcs=
04:54:53.443 [Expansion Quests] - LoadGroupQuestData - Got cached group quest data for group with ID: 2
04:55:50.250 [Safezone] Player "Lou Sassole" (id=ebo0O4yOjYkK486s9SoqLuFc3tRe1vP1S2eE1IJxhV4= pos=<6646.562012, 21.356894, 3637.858398>) Entered the safezone
04:57:30.253 [Safezone] Player "Lou Sassole" (id=ebo0O4yOjYkK486s9SoqLuFc3tRe1vP1S2eE1IJxhV4= pos=<6577.609375, 23.492813, 3649.308350>) Left the safezone
04:57:35.640 [Safezone] Player "Lou Sassole" (id=ebo0O4yOjYkK486s9SoqLuFc3tRe1vP1S2eE1IJxhV4= pos=<6577.991699, 23.610825, 3649.519531>) Entered the safezone
05:07:04.179 [Party] Player "Lou Sassole" (id=ebo0O4yOjYkK486s9SoqLuFc3tRe1vP1S2eE1IJxhV4=) left the party "Reaper" (id=4 ownerUID=ebo0O4yOjYkK486s9SoqLuFc3tRe1vP1S2eE1IJxhV4= ownerName=Lou Sassole)
05:59:16.130 [Party] Player "Slightly Crazed" (id=RjqUafmWjW9Q1BHza4n7WoZ_8uUWujoz2w-ciuQaZcs=) left the party "GRUMPY OLD GITS" (id=2 ownerUID=SgADkNjbGaUs8SauxTNPqYQENYs5GlEGD7NNksMh0hI= ownerName=wiggy)
