12:01:20.246 [Expansion Quests] - InitQuestSystemClient - Loaded existing player quest data for player with UID: Lz9Kmumu1QnE7HX0I_hIz0vW-Eq-ERMw5EWCTjeKz4U=
12:01:20.246 [Expansion Quests] - Create new quest instance for quest: 32 - Player UID: Lz9Kmumu1QnE7HX0I_hIz0vW-Eq-ERMw5EWCTjeKz4U=
12:06:25.457 [MissionAirdrop] An airdrop is heading towards "Junkyard" (pos=<3364.919922, 0.000000, 6174.080078> type=Random_Junkyard) with a ExpansionAirdropContainer
12:15:48.308 [BaseRaiding] BBP_BDoor (<4631.026855, 102.657104, 9249.193359>) Code set by player "Hooligan-235" (ID = "Lz9Kmumu1QnE7HX0I_hIz0vW-Eq-ERMw5EWCTjeKz4U=" at <4630.287598, 102.668716, 9249.647461>) and the code is 181818
12:27:34.105 [BaseRaiding] BBP_SDoor (<4626.848633, 107.443741, 9249.908203>) Code set by player "Hooligan-235" (ID = "Lz9Kmumu1QnE7HX0I_hIz0vW-Eq-ERMw5EWCTjeKz4U=" at <4627.899414, 107.483673, 9249.839844>) and the code is 181818
12:27:50.863 [BaseRaiding] BBP_SDoor (<4626.538574, 107.443741, 9253.424805>) Code set by player "Hooligan-235" (ID = "Lz9Kmumu1QnE7HX0I_hIz0vW-Eq-ERMw5EWCTjeKz4U=" at <4625.661621, 107.483711, 9253.921875>) and the code is 181818
12:35:56.210 [Expansion Quests] - InitQuestSystemClient - Loaded existing player quest data for player with UID: Lz9Kmumu1QnE7HX0I_hIz0vW-Eq-ERMw5EWCTjeKz4U=
12:35:56.210 [Expansion Quests] - Create new quest instance for quest: 32 - Player UID: Lz9Kmumu1QnE7HX0I_hIz0vW-Eq-ERMw5EWCTjeKz4U=
12:55:34.507 [BaseRaiding] BBP_SDoor (<4630.582520, 102.657104, 9250.647461>) Code set by player "Hooligan-235" (ID = "Lz9Kmumu1QnE7HX0I_hIz0vW-Eq-ERMw5EWCTjeKz4U=" at <4630.656250, 102.743004, 9251.640625>) and the code is 181818
15:20:18.019 [Expansion Quests] - InitQuestSystemClient - Loaded existing player quest data for player with UID: Lz9Kmumu1QnE7HX0I_hIz0vW-Eq-ERMw5EWCTjeKz4U=
15:20:18.019 [Expansion Quests] - Create new quest instance for quest: 32 - Player UID: Lz9Kmumu1QnE7HX0I_hIz0vW-Eq-ERMw5EWCTjeKz4U=
15:20:24.457 [MissionAirdrop] An airdrop is heading towards "Sweet Water" (pos=<4663.779785, 0.000000, 9148.309570> type=Random_SweetWater) with a ExpansionAirdropContainer_Military
15:57:39.484 [Expansion Quests] - InitQuestSystemClient - Loaded existing player quest data for player with UID: Lz9Kmumu1QnE7HX0I_hIz0vW-Eq-ERMw5EWCTjeKz4U=
15:57:39.484 [Expansion Quests] - Create new quest instance for quest: 32 - Player UID: Lz9Kmumu1QnE7HX0I_hIz0vW-Eq-ERMw5EWCTjeKz4U=
16:08:33.363 [Party] Player "wiggy" (id=SgADkNjbGaUs8SauxTNPqYQENYs5GlEGD7NNksMh0hI=) joinded the party "GRUMPY OLD GITS" (id=2 ownerUID=SgADkNjbGaUs8SauxTNPqYQENYs5GlEGD7NNksMh0hI= ownerName=wiggy)
16:08:33.371 [Expansion Quests] - InitQuestSystemClient - Loaded existing player quest data for player with UID: SgADkNjbGaUs8SauxTNPqYQENYs5GlEGD7NNksMh0hI=
16:08:33.371 [Expansion Quests] - LoadGroupQuestData - Loaded existing group quest data for group with ID: 2
16:08:33.375 [AI Patrol] Spawning 2 Vagabond Army bots at <3565.115479, 99.884567, 7857.775391>
16:08:34.328 [Expansion Quests] - LoadGroupQuestData - Got cached group quest data for group with ID: 2
16:09:47.097 [VehicleCover] Player "wiggy" (id=SgADkNjbGaUs8SauxTNPqYQENYs5GlEGD7NNksMh0hI= pos=<4192.698242, 188.368820, 7330.068848>) uncovered vehicle "Truck_01_Covered" (GlobalID=80000000800000008000000080000018 pos=<4186.446289, 187.528000, 7330.090820>)!
16:10:10.355 [VehicleCarKey] Player "wiggy" (id=SgADkNjbGaUs8SauxTNPqYQENYs5GlEGD7NNksMh0hI= pos=<4191.568848, 188.335251, 7330.143555>) used the  ExpansionCarKey to unlock Truck_01_Covered (id=0E77034D5042A73A84BFF18F191B34F3 pos=<4186.337891, 187.513916, 7330.095215>)
16:11:50.746 [VehicleCarKey] Player "wiggy" (id=SgADkNjbGaUs8SauxTNPqYQENYs5GlEGD7NNksMh0hI= pos=<4191.346191, 188.230606, 7329.626465>) used the  ExpansionCarKey to lock Truck_01_Covered (id=0E77034D5042A73A84BFF18F191B34F3 pos=<4186.337891, 187.513916, 7330.095215>)
16:12:08.359 [Party] Player "Hawk" (id=Vq9KG5wXnlxiAZYi9EngBgzAagT-q5gfv9gcAfd4zA4=) joinded the party "GRUMPY OLD GITS" (id=2 ownerUID=SgADkNjbGaUs8SauxTNPqYQENYs5GlEGD7NNksMh0hI= ownerName=wiggy)
16:12:08.363 [Expansion Quests] - InitQuestSystemClient - Loaded existing player quest data for player with UID: Vq9KG5wXnlxiAZYi9EngBgzAagT-q5gfv9gcAfd4zA4=
16:12:08.367 [Expansion Quests] - LoadGroupQuestData - Got cached group quest data for group with ID: 2
16:12:09.328 [Expansion Quests] - LoadGroupQuestData - Got cached group quest data for group with ID: 2
16:12:11.437 [VehicleDeleted] Truck_01_Covered (id=0E77034D5042A73A84BFF18F191B34F3 pos=<4186.337891, 187.513916, 7330.095215>)
16:12:11.437 [VehicleCover] Player "wiggy" (id=SgADkNjbGaUs8SauxTNPqYQENYs5GlEGD7NNksMh0hI= pos=<4191.557129, 188.203339, 7330.239258>) covered vehicle "Truck_01_Covered" (GlobalID=80000000800000008000000080000018 pos=<4186.337891, 187.513916, 7330.095215>)!
16:18:57.500 [VehicleCover] Player "wiggy" (id=SgADkNjbGaUs8SauxTNPqYQENYs5GlEGD7NNksMh0hI= pos=<4192.774414, 188.422455, 7329.582520>) uncovered vehicle "Truck_01_Covered" (GlobalID=80000000800000008000000080000018 pos=<4186.337891, 187.513916, 7330.095215>)!
16:19:17.031 [VehicleCarKey] Player "wiggy" (id=SgADkNjbGaUs8SauxTNPqYQENYs5GlEGD7NNksMh0hI= pos=<4191.239258, 188.183044, 7330.000000>) used the  ExpansionCarKey to unlock Truck_01_Covered (id=ED4AA6C68E43F03A8FA33DBA5890C60D pos=<4186.228027, 187.499207, 7330.100586>)
16:21:04.804 [VehicleDeleted] Truck_01_Covered (id=ED4AA6C68E43F03A8FA33DBA5890C60D pos=<4186.228027, 187.499207, 7330.100586>)
16:21:04.804 [VehicleCover] Player "wiggy" (id=SgADkNjbGaUs8SauxTNPqYQENYs5GlEGD7NNksMh0hI= pos=<4191.568359, 188.242508, 7329.819824>) covered vehicle "Truck_01_Covered" (GlobalID=80000000800000008000000080000018 pos=<4186.228027, 187.499207, 7330.100586>)!
16:26:46.339 [AI Patrol] Spawning 2 Orting bots at <5213.998535, 219.745148, 5186.921875>
16:32:00.691 [Safezone] Player "Hawk" (id=Vq9KG5wXnlxiAZYi9EngBgzAagT-q5gfv9gcAfd4zA4= pos=<6634.877441, 21.685135, 3699.054199>) Entered the safezone
16:34:55.183 [Safezone] Player "Lou Sassole" (id=ebo0O4yOjYkK486s9SoqLuFc3tRe1vP1S2eE1IJxhV4= pos=<6611.124023, 21.479494, 3663.106201>) Entered the safezone
16:34:55.187 [Party] Player "Lou Sassole" (id=ebo0O4yOjYkK486s9SoqLuFc3tRe1vP1S2eE1IJxhV4=) joinded the party "Reaper" (id=4 ownerUID=ebo0O4yOjYkK486s9SoqLuFc3tRe1vP1S2eE1IJxhV4= ownerName=Lou Sassole)
16:34:55.195 [Expansion Quests] - InitQuestSystemClient - Loaded existing player quest data for player with UID: ebo0O4yOjYkK486s9SoqLuFc3tRe1vP1S2eE1IJxhV4=
16:34:55.195 [Expansion Quests] - LoadGroupQuestData - Loaded existing group quest data for group with ID: 4
16:34:55.195 [Expansion Quests] - Create new quest instance for quest: 33 - Player UID: ebo0O4yOjYkK486s9SoqLuFc3tRe1vP1S2eE1IJxhV4=
16:34:56.148 [Expansion Quests] - LoadGroupQuestData - Got cached group quest data for group with ID: 4
16:37:26.320 [Safezone] Player "Lou Sassole" (id=ebo0O4yOjYkK486s9SoqLuFc3tRe1vP1S2eE1IJxhV4= pos=<6577.123047, 23.490593, 3649.812988>) Left the safezone
16:37:31.789 [Safezone] Player "Lou Sassole" (id=ebo0O4yOjYkK486s9SoqLuFc3tRe1vP1S2eE1IJxhV4= pos=<6578.179688, 23.613701, 3649.162842>) Entered the safezone
16:41:28.550 [Safezone] Player "wiggy" (id=SgADkNjbGaUs8SauxTNPqYQENYs5GlEGD7NNksMh0hI= pos=<6583.735840, 21.520880, 3690.429443>) Entered the safezone
16:41:40.203 [Safezone] Player "Hawk" (id=Vq9KG5wXnlxiAZYi9EngBgzAagT-q5gfv9gcAfd4zA4= pos=<6555.923340, 21.852615, 3662.465332>) Left the safezone
16:42:33.085 [ATM] Player "wiggy" (id=SgADkNjbGaUs8SauxTNPqYQENYs5GlEGD7NNksMh0hI=) has withdrawn 23659 from his ATM account.
16:42:51.769 [Market] Player "wiggy" (id=SgADkNjbGaUs8SauxTNPqYQENYs5GlEGD7NNksMh0hI=) has send a requested to purchase ammobox_556x45_20rnd x1 from the trader "Magazines (Oliver [AMMO & MAGAZINES])" in market zone "The Holler" (pos=<6614.000000, 0.000000, 3670.000000>).
16:42:51.945 [Market] Player "wiggy" (id=SgADkNjbGaUs8SauxTNPqYQENYs5GlEGD7NNksMh0hI=) has bought ammobox_556x45_20rnd x1 from the trader "Magazines (Oliver [AMMO & MAGAZINES])" in market zone "The Holler" (pos=<6614.000000, 0.000000, 3670.000000>) for a price of 32.
16:42:52.859 [Market] Player "wiggy" (id=SgADkNjbGaUs8SauxTNPqYQENYs5GlEGD7NNksMh0hI=) has send a requested to purchase ammobox_556x45_20rnd x1 from the trader "Magazines (Oliver [AMMO & MAGAZINES])" in market zone "The Holler" (pos=<6614.000000, 0.000000, 3670.000000>).
16:42:53.031 [Market] Player "wiggy" (id=SgADkNjbGaUs8SauxTNPqYQENYs5GlEGD7NNksMh0hI=) has bought ammobox_556x45_20rnd x1 from the trader "Magazines (Oliver [AMMO & MAGAZINES])" in market zone "The Holler" (pos=<6614.000000, 0.000000, 3670.000000>) for a price of 32.
16:42:53.937 [Market] Player "wiggy" (id=SgADkNjbGaUs8SauxTNPqYQENYs5GlEGD7NNksMh0hI=) has send a requested to purchase ammobox_556x45_20rnd x1 from the trader "Magazines (Oliver [AMMO & MAGAZINES])" in market zone "The Holler" (pos=<6614.000000, 0.000000, 3670.000000>).
16:42:54.128 [Market] Player "wiggy" (id=SgADkNjbGaUs8SauxTNPqYQENYs5GlEGD7NNksMh0hI=) has bought ammobox_556x45_20rnd x1 from the trader "Magazines (Oliver [AMMO & MAGAZINES])" in market zone "The Holler" (pos=<6614.000000, 0.000000, 3670.000000>) for a price of 32.
16:42:55.000 [Market] Player "wiggy" (id=SgADkNjbGaUs8SauxTNPqYQENYs5GlEGD7NNksMh0hI=) has send a requested to purchase ammobox_556x45_20rnd x1 from the trader "Magazines (Oliver [AMMO & MAGAZINES])" in market zone "The Holler" (pos=<6614.000000, 0.000000, 3670.000000>).
16:42:55.210 [Market] Player "wiggy" (id=SgADkNjbGaUs8SauxTNPqYQENYs5GlEGD7NNksMh0hI=) has bought ammobox_556x45_20rnd x1 from the trader "Magazines (Oliver [AMMO & MAGAZINES])" in market zone "The Holler" (pos=<6614.000000, 0.000000, 3670.000000>) for a price of 32.
16:42:56.062 [Market] Player "wiggy" (id=SgADkNjbGaUs8SauxTNPqYQENYs5GlEGD7NNksMh0hI=) has send a requested to purchase ammobox_556x45_20rnd x1 from the trader "Magazines (Oliver [AMMO & MAGAZINES])" in market zone "The Holler" (pos=<6614.000000, 0.000000, 3670.000000>).
16:42:56.210 [Market] Player "wiggy" (id=SgADkNjbGaUs8SauxTNPqYQENYs5GlEGD7NNksMh0hI=) has bought ammobox_556x45_20rnd x1 from the trader "Magazines (Oliver [AMMO & MAGAZINES])" in market zone "The Holler" (pos=<6614.000000, 0.000000, 3670.000000>) for a price of 32.
16:42:57.023 [Market] Player "wiggy" (id=SgADkNjbGaUs8SauxTNPqYQENYs5GlEGD7NNksMh0hI=) has send a requested to purchase ammobox_556x45_20rnd x1 from the trader "Magazines (Oliver [AMMO & MAGAZINES])" in market zone "The Holler" (pos=<6614.000000, 0.000000, 3670.000000>).
16:42:57.187 [Market] Player "wiggy" (id=SgADkNjbGaUs8SauxTNPqYQENYs5GlEGD7NNksMh0hI=) has bought ammobox_556x45_20rnd x1 from the trader "Magazines (Oliver [AMMO & MAGAZINES])" in market zone "The Holler" (pos=<6614.000000, 0.000000, 3670.000000>) for a price of 32.
16:42:57.972 [Market] Player "wiggy" (id=SgADkNjbGaUs8SauxTNPqYQENYs5GlEGD7NNksMh0hI=) has send a requested to purchase ammobox_556x45_20rnd x1 from the trader "Magazines (Oliver [AMMO & MAGAZINES])" in market zone "The Holler" (pos=<6614.000000, 0.000000, 3670.000000>).
16:42:58.125 [Market] Player "wiggy" (id=SgADkNjbGaUs8SauxTNPqYQENYs5GlEGD7NNksMh0hI=) has bought ammobox_556x45_20rnd x1 from the trader "Magazines (Oliver [AMMO & MAGAZINES])" in market zone "The Holler" (pos=<6614.000000, 0.000000, 3670.000000>) for a price of 32.
16:42:58.898 [Market] Player "wiggy" (id=SgADkNjbGaUs8SauxTNPqYQENYs5GlEGD7NNksMh0hI=) has send a requested to purchase ammobox_556x45_20rnd x1 from the trader "Magazines (Oliver [AMMO & MAGAZINES])" in market zone "The Holler" (pos=<6614.000000, 0.000000, 3670.000000>).
16:42:59.085 [Market] Player "wiggy" (id=SgADkNjbGaUs8SauxTNPqYQENYs5GlEGD7NNksMh0hI=) has bought ammobox_556x45_20rnd x1 from the trader "Magazines (Oliver [AMMO & MAGAZINES])" in market zone "The Holler" (pos=<6614.000000, 0.000000, 3670.000000>) for a price of 32.
16:43:00.195 [Market] Player "wiggy" (id=SgADkNjbGaUs8SauxTNPqYQENYs5GlEGD7NNksMh0hI=) has send a requested to purchase ammobox_556x45_20rnd x1 from the trader "Magazines (Oliver [AMMO & MAGAZINES])" in market zone "The Holler" (pos=<6614.000000, 0.000000, 3670.000000>).
16:43:00.328 [Market] Player "wiggy" (id=SgADkNjbGaUs8SauxTNPqYQENYs5GlEGD7NNksMh0hI=) has bought ammobox_556x45_20rnd x1 from the trader "Magazines (Oliver [AMMO & MAGAZINES])" in market zone "The Holler" (pos=<6614.000000, 0.000000, 3670.000000>) for a price of 32.
16:43:03.203 [Market] Player "wiggy" (id=SgADkNjbGaUs8SauxTNPqYQENYs5GlEGD7NNksMh0hI=) has send a requested to purchase ammobox_556x45_20rnd x1 from the trader "Magazines (Oliver [AMMO & MAGAZINES])" in market zone "The Holler" (pos=<6614.000000, 0.000000, 3670.000000>).
16:43:03.375 [Market] Player "wiggy" (id=SgADkNjbGaUs8SauxTNPqYQENYs5GlEGD7NNksMh0hI=) has bought ammobox_556x45_20rnd x1 from the trader "Magazines (Oliver [AMMO & MAGAZINES])" in market zone "The Holler" (pos=<6614.000000, 0.000000, 3670.000000>) for a price of 32.
16:43:04.988 [Market] Player "wiggy" (id=SgADkNjbGaUs8SauxTNPqYQENYs5GlEGD7NNksMh0hI=) has send a requested to purchase ammobox_762x39_20rnd x1 from the trader "Magazines (Oliver [AMMO & MAGAZINES])" in market zone "The Holler" (pos=<6614.000000, 0.000000, 3670.000000>).
16:43:05.156 [Market] Player "wiggy" (id=SgADkNjbGaUs8SauxTNPqYQENYs5GlEGD7NNksMh0hI=) has bought ammobox_762x39_20rnd x1 from the trader "Magazines (Oliver [AMMO & MAGAZINES])" in market zone "The Holler" (pos=<6614.000000, 0.000000, 3670.000000>) for a price of 32.
16:43:06.429 [Market] Player "wiggy" (id=SgADkNjbGaUs8SauxTNPqYQENYs5GlEGD7NNksMh0hI=) has send a requested to purchase ammobox_762x39_20rnd x1 from the trader "Magazines (Oliver [AMMO & MAGAZINES])" in market zone "The Holler" (pos=<6614.000000, 0.000000, 3670.000000>).
16:43:06.609 [Market] Player "wiggy" (id=SgADkNjbGaUs8SauxTNPqYQENYs5GlEGD7NNksMh0hI=) has bought ammobox_762x39_20rnd x1 from the trader "Magazines (Oliver [AMMO & MAGAZINES])" in market zone "The Holler" (pos=<6614.000000, 0.000000, 3670.000000>) for a price of 32.
16:43:07.742 [Market] Player "wiggy" (id=SgADkNjbGaUs8SauxTNPqYQENYs5GlEGD7NNksMh0hI=) has send a requested to purchase ammobox_762x39_20rnd x1 from the trader "Magazines (Oliver [AMMO & MAGAZINES])" in market zone "The Holler" (pos=<6614.000000, 0.000000, 3670.000000>).
16:43:07.906 [Market] Player "wiggy" (id=SgADkNjbGaUs8SauxTNPqYQENYs5GlEGD7NNksMh0hI=) has bought ammobox_762x39_20rnd x1 from the trader "Magazines (Oliver [AMMO & MAGAZINES])" in market zone "The Holler" (pos=<6614.000000, 0.000000, 3670.000000>) for a price of 32.
16:43:08.667 [Market] Player "wiggy" (id=SgADkNjbGaUs8SauxTNPqYQENYs5GlEGD7NNksMh0hI=) has send a requested to purchase ammobox_762x39_20rnd x1 from the trader "Magazines (Oliver [AMMO & MAGAZINES])" in market zone "The Holler" (pos=<6614.000000, 0.000000, 3670.000000>).
16:43:08.843 [Market] Player "wiggy" (id=SgADkNjbGaUs8SauxTNPqYQENYs5GlEGD7NNksMh0hI=) has bought ammobox_762x39_20rnd x1 from the trader "Magazines (Oliver [AMMO & MAGAZINES])" in market zone "The Holler" (pos=<6614.000000, 0.000000, 3670.000000>) for a price of 32.
16:43:11.054 [Market] Player "wiggy" (id=SgADkNjbGaUs8SauxTNPqYQENYs5GlEGD7NNksMh0hI=) has send a requested to purchase ammobox_762x39_20rnd x1 from the trader "Magazines (Oliver [AMMO & MAGAZINES])" in market zone "The Holler" (pos=<6614.000000, 0.000000, 3670.000000>).
16:43:11.218 [Market] Player "wiggy" (id=SgADkNjbGaUs8SauxTNPqYQENYs5GlEGD7NNksMh0hI=) has bought ammobox_762x39_20rnd x1 from the trader "Magazines (Oliver [AMMO & MAGAZINES])" in market zone "The Holler" (pos=<6614.000000, 0.000000, 3670.000000>) for a price of 32.
16:43:12.171 [Market] Player "wiggy" (id=SgADkNjbGaUs8SauxTNPqYQENYs5GlEGD7NNksMh0hI=) has send a requested to purchase ammobox_762x39_20rnd x1 from the trader "Magazines (Oliver [AMMO & MAGAZINES])" in market zone "The Holler" (pos=<6614.000000, 0.000000, 3670.000000>).
16:43:12.343 [Market] Player "wiggy" (id=SgADkNjbGaUs8SauxTNPqYQENYs5GlEGD7NNksMh0hI=) has bought ammobox_762x39_20rnd x1 from the trader "Magazines (Oliver [AMMO & MAGAZINES])" in market zone "The Holler" (pos=<6614.000000, 0.000000, 3670.000000>) for a price of 32.
16:43:13.179 [Market] Player "wiggy" (id=SgADkNjbGaUs8SauxTNPqYQENYs5GlEGD7NNksMh0hI=) has send a requested to purchase ammobox_762x39_20rnd x1 from the trader "Magazines (Oliver [AMMO & MAGAZINES])" in market zone "The Holler" (pos=<6614.000000, 0.000000, 3670.000000>).
16:43:13.320 [Market] Player "wiggy" (id=SgADkNjbGaUs8SauxTNPqYQENYs5GlEGD7NNksMh0hI=) has bought ammobox_762x39_20rnd x1 from the trader "Magazines (Oliver [AMMO & MAGAZINES])" in market zone "The Holler" (pos=<6614.000000, 0.000000, 3670.000000>) for a price of 32.
16:43:22.359 [Market] Player "wiggy" (id=SgADkNjbGaUs8SauxTNPqYQENYs5GlEGD7NNksMh0hI=) has send a requested to purchase ammobox_308win_20rnd x1 from the trader "Magazines (Oliver [AMMO & MAGAZINES])" in market zone "The Holler" (pos=<6614.000000, 0.000000, 3670.000000>).
16:43:22.527 [Market] Player "wiggy" (id=SgADkNjbGaUs8SauxTNPqYQENYs5GlEGD7NNksMh0hI=) has bought ammobox_308win_20rnd x1 from the trader "Magazines (Oliver [AMMO & MAGAZINES])" in market zone "The Holler" (pos=<6614.000000, 0.000000, 3670.000000>) for a price of 32.
16:43:23.148 [Market] Player "wiggy" (id=SgADkNjbGaUs8SauxTNPqYQENYs5GlEGD7NNksMh0hI=) has send a requested to purchase ammobox_308win_20rnd x1 from the trader "Magazines (Oliver [AMMO & MAGAZINES])" in market zone "The Holler" (pos=<6614.000000, 0.000000, 3670.000000>).
16:43:23.296 [Market] Player "wiggy" (id=SgADkNjbGaUs8SauxTNPqYQENYs5GlEGD7NNksMh0hI=) has bought ammobox_308win_20rnd x1 from the trader "Magazines (Oliver [AMMO & MAGAZINES])" in market zone "The Holler" (pos=<6614.000000, 0.000000, 3670.000000>) for a price of 32.
16:43:23.796 [Market] Player "wiggy" (id=SgADkNjbGaUs8SauxTNPqYQENYs5GlEGD7NNksMh0hI=) has send a requested to purchase ammobox_308win_20rnd x1 from the trader "Magazines (Oliver [AMMO & MAGAZINES])" in market zone "The Holler" (pos=<6614.000000, 0.000000, 3670.000000>).
16:43:23.937 [Market] Player "wiggy" (id=SgADkNjbGaUs8SauxTNPqYQENYs5GlEGD7NNksMh0hI=) has bought ammobox_308win_20rnd x1 from the trader "Magazines (Oliver [AMMO & MAGAZINES])" in market zone "The Holler" (pos=<6614.000000, 0.000000, 3670.000000>) for a price of 32.
16:43:25.109 [Market] Player "wiggy" (id=SgADkNjbGaUs8SauxTNPqYQENYs5GlEGD7NNksMh0hI=) has send a requested to purchase ammobox_308win_20rnd x1 from the trader "Magazines (Oliver [AMMO & MAGAZINES])" in market zone "The Holler" (pos=<6614.000000, 0.000000, 3670.000000>).
16:43:25.265 [Market] Player "wiggy" (id=SgADkNjbGaUs8SauxTNPqYQENYs5GlEGD7NNksMh0hI=) has bought ammobox_308win_20rnd x1 from the trader "Magazines (Oliver [AMMO & MAGAZINES])" in market zone "The Holler" (pos=<6614.000000, 0.000000, 3670.000000>) for a price of 32.
16:48:08.585 [Market] Player "wiggy" (id=SgADkNjbGaUs8SauxTNPqYQENYs5GlEGD7NNksMh0hI=) has send a requested to purchase ammobox_556x45_20rnd x1 from the trader "Magazines (Oliver [AMMO & MAGAZINES])" in market zone "The Holler" (pos=<6614.000000, 0.000000, 3670.000000>).
16:48:08.761 [Market] Player "wiggy" (id=SgADkNjbGaUs8SauxTNPqYQENYs5GlEGD7NNksMh0hI=) has bought ammobox_556x45_20rnd x1 from the trader "Magazines (Oliver [AMMO & MAGAZINES])" in market zone "The Holler" (pos=<6614.000000, 0.000000, 3670.000000>) for a price of 32.
16:48:09.476 [Market] Player "wiggy" (id=SgADkNjbGaUs8SauxTNPqYQENYs5GlEGD7NNksMh0hI=) has send a requested to purchase ammobox_556x45_20rnd x1 from the trader "Magazines (Oliver [AMMO & MAGAZINES])" in market zone "The Holler" (pos=<6614.000000, 0.000000, 3670.000000>).
16:48:09.601 [Market] Player "wiggy" (id=SgADkNjbGaUs8SauxTNPqYQENYs5GlEGD7NNksMh0hI=) has bought ammobox_556x45_20rnd x1 from the trader "Magazines (Oliver [AMMO & MAGAZINES])" in market zone "The Holler" (pos=<6614.000000, 0.000000, 3670.000000>) for a price of 32.
16:48:10.316 [Market] Player "wiggy" (id=SgADkNjbGaUs8SauxTNPqYQENYs5GlEGD7NNksMh0hI=) has send a requested to purchase ammobox_556x45_20rnd x1 from the trader "Magazines (Oliver [AMMO & MAGAZINES])" in market zone "The Holler" (pos=<6614.000000, 0.000000, 3670.000000>).
16:48:10.460 [Market] Player "wiggy" (id=SgADkNjbGaUs8SauxTNPqYQENYs5GlEGD7NNksMh0hI=) has bought ammobox_556x45_20rnd x1 from the trader "Magazines (Oliver [AMMO & MAGAZINES])" in market zone "The Holler" (pos=<6614.000000, 0.000000, 3670.000000>) for a price of 32.
16:48:11.105 [Market] Player "wiggy" (id=SgADkNjbGaUs8SauxTNPqYQENYs5GlEGD7NNksMh0hI=) has send a requested to purchase ammobox_556x45_20rnd x1 from the trader "Magazines (Oliver [AMMO & MAGAZINES])" in market zone "The Holler" (pos=<6614.000000, 0.000000, 3670.000000>).
16:48:11.246 [Market] Player "wiggy" (id=SgADkNjbGaUs8SauxTNPqYQENYs5GlEGD7NNksMh0hI=) has bought ammobox_556x45_20rnd x1 from the trader "Magazines (Oliver [AMMO & MAGAZINES])" in market zone "The Holler" (pos=<6614.000000, 0.000000, 3670.000000>) for a price of 32.
16:48:11.914 [Market] Player "wiggy" (id=SgADkNjbGaUs8SauxTNPqYQENYs5GlEGD7NNksMh0hI=) has send a requested to purchase ammobox_556x45_20rnd x1 from the trader "Magazines (Oliver [AMMO & MAGAZINES])" in market zone "The Holler" (pos=<6614.000000, 0.000000, 3670.000000>).
16:48:12.062 [Market] Player "wiggy" (id=SgADkNjbGaUs8SauxTNPqYQENYs5GlEGD7NNksMh0hI=) has bought ammobox_556x45_20rnd x1 from the trader "Magazines (Oliver [AMMO & MAGAZINES])" in market zone "The Holler" (pos=<6614.000000, 0.000000, 3670.000000>) for a price of 32.
16:48:12.601 [Market] Player "wiggy" (id=SgADkNjbGaUs8SauxTNPqYQENYs5GlEGD7NNksMh0hI=) has send a requested to purchase ammobox_556x45_20rnd x1 from the trader "Magazines (Oliver [AMMO & MAGAZINES])" in market zone "The Holler" (pos=<6614.000000, 0.000000, 3670.000000>).
16:48:12.734 [Market] Player "wiggy" (id=SgADkNjbGaUs8SauxTNPqYQENYs5GlEGD7NNksMh0hI=) has bought ammobox_556x45_20rnd x1 from the trader "Magazines (Oliver [AMMO & MAGAZINES])" in market zone "The Holler" (pos=<6614.000000, 0.000000, 3670.000000>) for a price of 32.
16:49:47.148 [Market] Player "wiggy" (id=SgADkNjbGaUs8SauxTNPqYQENYs5GlEGD7NNksMh0hI=) has send a requested to purchase twp_ruger556_magpul x1 from the trader "Magazines (Oliver [AMMO & MAGAZINES])" in market zone "The Holler" (pos=<6614.000000, 0.000000, 3670.000000>).
16:49:47.320 [Market] Player "wiggy" (id=SgADkNjbGaUs8SauxTNPqYQENYs5GlEGD7NNksMh0hI=) has bought twp_ruger556_magpul x1 from the trader "Magazines (Oliver [AMMO & MAGAZINES])" in market zone "The Holler" (pos=<6614.000000, 0.000000, 3670.000000>) for a price of 900.
16:50:32.480 [MissionAirdrop] An airdrop is heading towards "Base Camp Charlie" (pos=<2675.060059, 0.000000, 2487.120117> type=Random_BaseCampCharlie) with a ExpansionAirdropContainer_Basebuilding
16:51:11.039 [Party] Player "Lou Sassole" (id=ebo0O4yOjYkK486s9SoqLuFc3tRe1vP1S2eE1IJxhV4=) left the party "Reaper" (id=4 ownerUID=ebo0O4yOjYkK486s9SoqLuFc3tRe1vP1S2eE1IJxhV4= ownerName=Lou Sassole)
16:51:27.007 [Expansion Quests] - InitQuestSystemClient - Created new persistent player quest data for player UID: 6RzF8eFJbfb-v-C0CjF4eDGtnRSrtjMJ6Eh6LgHVAoI=
16:52:40.828 [ATM] Player "wiggy" (id=SgADkNjbGaUs8SauxTNPqYQENYs5GlEGD7NNksMh0hI=) has deposited 21895 on his ATM account.
16:55:12.683 [Safezone] Player "wiggy" (id=SgADkNjbGaUs8SauxTNPqYQENYs5GlEGD7NNksMh0hI= pos=<6526.913574, 22.686768, 3689.742432>) Left the safezone
16:55:44.281 [VehicleEnter] Player Poe Tater [uid=6RzF8eFJbfb-v-C0CjF4eDGtnRSrtjMJ6Eh6LgHVAoI=] entered vehicle M3S Covered (id=6DBD0DAE0F480E7B0FF125AC658549CA pos=<954.699463, 7.233711, 818.365417>) as driver
16:55:55.566 [VehicleLeave] Player Poe Tater [uid=6RzF8eFJbfb-v-C0CjF4eDGtnRSrtjMJ6Eh6LgHVAoI=] left vehicle M3S Covered (id=6DBD0DAE0F480E7B0FF125AC658549CA pos=<954.699768, 7.233664, 818.365662>)
17:01:18.195 [Party] Player "(ADMIN)BLUE" (id=OAdpPkJP2Ps_W7h2ttR1bK23ekHCzrxw0mDT3zqLMdU=) joinded the party "ddd" (id=0 ownerUID=OAdpPkJP2Ps_W7h2ttR1bK23ekHCzrxw0mDT3zqLMdU= ownerName=(ADMIN)BLUE)
17:01:18.207 [Expansion Quests] - InitQuestSystemClient - Loaded existing player quest data for player with UID: OAdpPkJP2Ps_W7h2ttR1bK23ekHCzrxw0mDT3zqLMdU=
17:01:18.210 [Expansion Quests] - LoadGroupQuestData - Loaded existing group quest data for group with ID: 0
17:01:19.179 [Expansion Quests] - LoadGroupQuestData - Got cached group quest data for group with ID: 0
17:03:41.875 [AdminTools] Player "(ADMIN)BLUE" (id=OAdpPkJP2Ps_W7h2ttR1bK23ekHCzrxw0mDT3zqLMdU= pos=<653.443237, 117.103142, 6969.699219>) used the Admin CarKey to unpair Nissan_warrior (id=23CEDC63DF4A6683AEF8C9AAAFBF2D4F pos=<656.017395, 117.180054, 6970.051270>)
17:03:51.156 [Chat - Global]("wiggy"(id=SgADkNjbGaUs8SauxTNPqYQENYs5GlEGD7NNksMh0hI=)): evening all
17:04:10.046 [AdminTools] Player "(ADMIN)BLUE" (id=OAdpPkJP2Ps_W7h2ttR1bK23ekHCzrxw0mDT3zqLMdU= pos=<654.188049, 117.207527, 6969.394531>) used the  ExpansionCarAdminKey to lock Nissan_warrior (id=23CEDC63DF4A6683AEF8C9AAAFBF2D4F pos=<656.017395, 117.180054, 6970.051270>)
17:04:48.203 [Chat - Admin]("(ADMIN)BLUE"(id=OAdpPkJP2Ps_W7h2ttR1bK23ekHCzrxw0mDT3zqLMdU=)): sir its the afternoon lol
17:05:10.503 [Chat - Global]("wiggy"(id=SgADkNjbGaUs8SauxTNPqYQENYs5GlEGD7NNksMh0hI=)): im in uk its night lol
17:06:30.464 [Chat - Global]("wiggy"(id=SgADkNjbGaUs8SauxTNPqYQENYs5GlEGD7NNksMh0hI=)): mr blue i put a ticket in the other day about our vehicle being shot up over night just wanted some clarificication on vehicle griefing
17:09:09.562 [Chat - Admin]("(ADMIN)BLUE"(id=OAdpPkJP2Ps_W7h2ttR1bK23ekHCzrxw0mDT3zqLMdU=)): gettin that taken care of.  Rules on vehicle griefing are not very clear. when ever i have played on pvp it was no rules when raiding
17:09:23.804 [Chat - Admin]("(ADMIN)BLUE"(id=OAdpPkJP2Ps_W7h2ttR1bK23ekHCzrxw0mDT3zqLMdU=)): but like i said its unclear yet what is going to happen with that
17:09:32.976 [Chat - Admin]("(ADMIN)BLUE"(id=OAdpPkJP2Ps_W7h2ttR1bK23ekHCzrxw0mDT3zqLMdU=)): so just keep your eyes on the discord
17:12:15.031 [Chat - Global]("wiggy"(id=SgADkNjbGaUs8SauxTNPqYQENYs5GlEGD7NNksMh0hI=)): okbud thanks just a shame didnt get to enjoy the truck for very long that you kindly let me and crazed try out lol
17:12:48.195 [Chat - Admin]("(ADMIN)BLUE"(id=OAdpPkJP2Ps_W7h2ttR1bK23ekHCzrxw0mDT3zqLMdU=)): Im currently putting some more out there as we speak
17:13:42.726 [VehicleEnter] Player (ADMIN)BLUE [uid=OAdpPkJP2Ps_W7h2ttR1bK23ekHCzrxw0mDT3zqLMdU=] entered vehicle Land Rover Defender (id=A983F0A927418DECDCEC6290F9305DEE pos=<4259.349121, 2.999215, 589.519409>) as driver
17:13:44.351 [VehicleEngine] Player (ADMIN)BLUE [uid=OAdpPkJP2Ps_W7h2ttR1bK23ekHCzrxw0mDT3zqLMdU=] started vehicle Land Rover Defender (id=A983F0A927418DECDCEC6290F9305DEE pos=<4259.348633, 2.999213, 589.519409>)
17:13:59.898 [VehicleLeave] Player (ADMIN)BLUE [uid=OAdpPkJP2Ps_W7h2ttR1bK23ekHCzrxw0mDT3zqLMdU=] left vehicle Land Rover Defender (id=A983F0A927418DECDCEC6290F9305DEE pos=<4252.386230, 3.203189, 602.254578>)
17:14:41.750 [VehicleAttachments] Player (ADMIN)BLUE (uid=OAdpPkJP2Ps_W7h2ttR1bK23ekHCzrxw0mDT3zqLMdU=) detached Land Rover Defender Wheel (type=Expansion_Landrover_Wheel) from vehicle Land Rover Defender(id=A983F0A927418DECDCEC6290F9305DEE pos=<4252.386230, 3.203190, 602.254578>)
17:14:46.785 [VehicleAttachments] Player (ADMIN)BLUE (uid=OAdpPkJP2Ps_W7h2ttR1bK23ekHCzrxw0mDT3zqLMdU=) detached Land Rover Defender Wheel (type=Expansion_Landrover_Wheel) from vehicle Land Rover Defender(id=A983F0A927418DECDCEC6290F9305DEE pos=<4252.400391, 3.138261, 602.269531>)
17:15:20.382 [VehicleAttachments] Player (ADMIN)BLUE (uid=OAdpPkJP2Ps_W7h2ttR1bK23ekHCzrxw0mDT3zqLMdU=) detached Land Rover Defender Wheel (type=Expansion_Landrover_Wheel) from vehicle Land Rover Defender(id=A983F0A927418DECDCEC6290F9305DEE pos=<4252.401367, 3.126440, 602.259888>)
17:15:47.148 [VehicleEnter] Player Poe Tater [uid=6RzF8eFJbfb-v-C0CjF4eDGtnRSrtjMJ6Eh6LgHVAoI=] entered vehicle M3S Covered (id=6DBD0DAE0F480E7B0FF125AC658549CA pos=<954.699890, 7.233665, 818.365417>) as driver
17:16:02.320 [VehicleLeave] Player Poe Tater [uid=6RzF8eFJbfb-v-C0CjF4eDGtnRSrtjMJ6Eh6LgHVAoI=] left vehicle M3S Covered (id=6DBD0DAE0F480E7B0FF125AC658549CA pos=<954.699402, 7.233664, 818.366028>)
17:16:45.886 [VehicleEnter] Player Poe Tater [uid=6RzF8eFJbfb-v-C0CjF4eDGtnRSrtjMJ6Eh6LgHVAoI=] entered vehicle M3S Covered (id=6DBD0DAE0F480E7B0FF125AC658549CA pos=<954.699402, 7.233664, 818.365967>) as driver
17:16:49.437 [VehicleLeave] Player Poe Tater [uid=6RzF8eFJbfb-v-C0CjF4eDGtnRSrtjMJ6Eh6LgHVAoI=] left vehicle M3S Covered (id=6DBD0DAE0F480E7B0FF125AC658549CA pos=<954.699158, 7.233679, 818.366089>)
17:16:57.734 [VehicleEnter] Player Poe Tater [uid=6RzF8eFJbfb-v-C0CjF4eDGtnRSrtjMJ6Eh6LgHVAoI=] entered vehicle M3S Covered (id=6DBD0DAE0F480E7B0FF125AC658549CA pos=<954.699219, 7.233665, 818.366028>) as driver
17:17:13.019 [VehicleEngine] Player Poe Tater [uid=6RzF8eFJbfb-v-C0CjF4eDGtnRSrtjMJ6Eh6LgHVAoI=] started vehicle M3S Covered (id=6DBD0DAE0F480E7B0FF125AC658549CA pos=<954.699951, 7.233665, 818.365906>)
17:17:45.472 [VehicleLeave] Player Poe Tater [uid=6RzF8eFJbfb-v-C0CjF4eDGtnRSrtjMJ6Eh6LgHVAoI=] left vehicle M3S Covered (id=6DBD0DAE0F480E7B0FF125AC658549CA pos=<943.748901, 7.326641, 827.989441>)
17:18:16.867 [VehicleEnter] Player Poe Tater [uid=6RzF8eFJbfb-v-C0CjF4eDGtnRSrtjMJ6Eh6LgHVAoI=] entered vehicle M3S Covered (id=6DBD0DAE0F480E7B0FF125AC658549CA pos=<943.750793, 7.326843, 827.989807>) as driver
17:18:19.292 [VehicleEngine] Player Poe Tater [uid=6RzF8eFJbfb-v-C0CjF4eDGtnRSrtjMJ6Eh6LgHVAoI=] stopped vehicle M3S Covered (id=6DBD0DAE0F480E7B0FF125AC658549CA pos=<943.750671, 7.326838, 827.989807>)
17:18:22.578 [VehicleLeave] Player Poe Tater [uid=6RzF8eFJbfb-v-C0CjF4eDGtnRSrtjMJ6Eh6LgHVAoI=] left vehicle M3S Covered (id=6DBD0DAE0F480E7B0FF125AC658549CA pos=<943.750671, 7.326838, 827.989807>)
17:18:44.007 [VehicleEnter] Player Poe Tater [uid=6RzF8eFJbfb-v-C0CjF4eDGtnRSrtjMJ6Eh6LgHVAoI=] entered vehicle M3S Covered (id=6DBD0DAE0F480E7B0FF125AC658549CA pos=<945.833496, 7.217752, 823.418091>) as driver
17:18:46.195 [VehicleEngine] Player Poe Tater [uid=6RzF8eFJbfb-v-C0CjF4eDGtnRSrtjMJ6Eh6LgHVAoI=] started vehicle M3S Covered (id=6DBD0DAE0F480E7B0FF125AC658549CA pos=<945.833679, 7.217732, 823.420776>)
17:19:25.972 [VehicleEngine] Player Poe Tater [uid=6RzF8eFJbfb-v-C0CjF4eDGtnRSrtjMJ6Eh6LgHVAoI=] stopped vehicle M3S Covered (id=6DBD0DAE0F480E7B0FF125AC658549CA pos=<990.912170, 6.153246, 1006.580811>)
17:19:29.433 [VehicleLeave] Player Poe Tater [uid=6RzF8eFJbfb-v-C0CjF4eDGtnRSrtjMJ6Eh6LgHVAoI=] left vehicle M3S Covered (id=6DBD0DAE0F480E7B0FF125AC658549CA pos=<990.920959, 6.150914, 1006.614441>)
17:24:01.796 [VehicleEnter] Player Poe Tater [uid=6RzF8eFJbfb-v-C0CjF4eDGtnRSrtjMJ6Eh6LgHVAoI=] entered vehicle Olga 24 (id=A73D73F124471C95B5FC43B1B1466F0F pos=<1014.921875, 5.608480, 1013.461731>) as driver
17:24:06.941 [VehicleEngine] Player Poe Tater [uid=6RzF8eFJbfb-v-C0CjF4eDGtnRSrtjMJ6Eh6LgHVAoI=] started vehicle Olga 24 (id=A73D73F124471C95B5FC43B1B1466F0F pos=<1014.923096, 5.608489, 1013.462769>)
17:26:22.593 [VehicleEngine] Player Poe Tater [uid=6RzF8eFJbfb-v-C0CjF4eDGtnRSrtjMJ6Eh6LgHVAoI=] stopped vehicle Olga 24 (id=A73D73F124471C95B5FC43B1B1466F0F pos=<1120.432251, 11.132555, 2575.481201>)
17:26:27.234 [VehicleLeave] Player Poe Tater [uid=6RzF8eFJbfb-v-C0CjF4eDGtnRSrtjMJ6Eh6LgHVAoI=] left vehicle Olga 24 (id=A73D73F124471C95B5FC43B1B1466F0F pos=<1120.406982, 11.132426, 2575.480713>)
17:27:14.593 [Safezone] Player "Lou Sassole" (id=ebo0O4yOjYkK486s9SoqLuFc3tRe1vP1S2eE1IJxhV4= pos=<6627.120117, 21.891117, 3667.382813>) Entered the safezone
17:27:14.593 [Party] Player "Lou Sassole" (id=ebo0O4yOjYkK486s9SoqLuFc3tRe1vP1S2eE1IJxhV4=) joinded the party "Reaper" (id=4 ownerUID=ebo0O4yOjYkK486s9SoqLuFc3tRe1vP1S2eE1IJxhV4= ownerName=Lou Sassole)
17:27:14.609 [Expansion Quests] - InitQuestSystemClient - Loaded existing player quest data for player with UID: ebo0O4yOjYkK486s9SoqLuFc3tRe1vP1S2eE1IJxhV4=
17:27:14.609 [Expansion Quests] - LoadGroupQuestData - Got cached group quest data for group with ID: 4
17:27:14.609 [Expansion Quests] - Create new quest instance for quest: 33 - Player UID: ebo0O4yOjYkK486s9SoqLuFc3tRe1vP1S2eE1IJxhV4=
17:27:15.562 [Expansion Quests] - LoadGroupQuestData - Got cached group quest data for group with ID: 4
17:29:14.179 [Chat - Global]("wiggy"(id=SgADkNjbGaUs8SauxTNPqYQENYs5GlEGD7NNksMh0hI=)): ty
17:29:55.292 [Safezone] Player "Lou Sassole" (id=ebo0O4yOjYkK486s9SoqLuFc3tRe1vP1S2eE1IJxhV4= pos=<6666.840820, 22.854895, 3744.252686>) Left the safezone
17:32:07.820 [Party] Player "Captain Chaos" (id=KWl3ojgjStHOe3-iLRChpUG8crsNiNfei3BT6NCIfaw=) joinded the party "dirtymike" (id=1 ownerUID=eZvdqnhxQZeB4Wvp7ko5cFy79bCUMACrCdUKq6S9F3w= ownerName=DirtyMike)
17:32:07.828 [Expansion Quests] - InitQuestSystemClient - Loaded existing player quest data for player with UID: KWl3ojgjStHOe3-iLRChpUG8crsNiNfei3BT6NCIfaw=
17:32:07.828 [Expansion Quests] - LoadGroupQuestData - Loaded existing group quest data for group with ID: 1
17:32:07.828 [Expansion Quests] - Create new quest instance for quest: 55 - Player UID: KWl3ojgjStHOe3-iLRChpUG8crsNiNfei3BT6NCIfaw=
17:32:08.781 [Expansion Quests] - LoadGroupQuestData - Got cached group quest data for group with ID: 1
17:32:18.023 [AI Patrol] Spawning 2 Trench 94 bots at <3191.984619, 99.884567, 9300.552734>
17:32:43.089 [VehicleAttachments] Player (ADMIN)BLUE (uid=OAdpPkJP2Ps_W7h2ttR1bK23ekHCzrxw0mDT3zqLMdU=) detached HAMMER_H1 Wheel (type=HAMMER_Wheel) from vehicle HAMMER_H1 black(id=A80F8DEE27472334D00117B608970D20 pos=<3242.929932, 99.924919, 8546.505859>)
17:32:43.156 [VehicleEnter] Player Poe Tater [uid=6RzF8eFJbfb-v-C0CjF4eDGtnRSrtjMJ6Eh6LgHVAoI=] entered vehicle Olga 24 (id=A73D73F124471C95B5FC43B1B1466F0F pos=<1120.395020, 11.131955, 2575.486816>) as driver
17:32:51.269 [VehicleAttachments] Player (ADMIN)BLUE (uid=OAdpPkJP2Ps_W7h2ttR1bK23ekHCzrxw0mDT3zqLMdU=) detached HAMMER_H1 Wheel (type=HAMMER_Wheel) from vehicle HAMMER_H1 black(id=A80F8DEE27472334D00117B608970D20 pos=<3242.937500, 99.851280, 8546.501953>)
17:32:56.820 [VehicleAttachments] Player (ADMIN)BLUE (uid=OAdpPkJP2Ps_W7h2ttR1bK23ekHCzrxw0mDT3zqLMdU=) detached HAMMER_H1 Wheel (type=HAMMER_Wheel) from vehicle HAMMER_H1 black(id=A80F8DEE27472334D00117B608970D20 pos=<3242.940430, 99.801300, 8546.506836>)
17:33:00.500 [VehicleEngine] Player Poe Tater [uid=6RzF8eFJbfb-v-C0CjF4eDGtnRSrtjMJ6Eh6LgHVAoI=] started vehicle Olga 24 (id=A73D73F124471C95B5FC43B1B1466F0F pos=<1120.294556, 11.124104, 2575.592285>)
17:33:01.597 [VehicleAttachments] Player (ADMIN)BLUE (uid=OAdpPkJP2Ps_W7h2ttR1bK23ekHCzrxw0mDT3zqLMdU=) detached HAMMER_H1 Wheel (type=HAMMER_Wheel) from vehicle HAMMER_H1 black(id=A80F8DEE27472334D00117B608970D20 pos=<3242.911621, 99.674324, 8546.506836>)
17:33:02.000 [VehicleEngine] Player Poe Tater [uid=6RzF8eFJbfb-v-C0CjF4eDGtnRSrtjMJ6Eh6LgHVAoI=] stopped vehicle Olga 24 (id=A73D73F124471C95B5FC43B1B1466F0F pos=<1120.287109, 11.123478, 2575.601074>)
17:33:05.089 [VehicleEngine] Player Poe Tater [uid=6RzF8eFJbfb-v-C0CjF4eDGtnRSrtjMJ6Eh6LgHVAoI=] started vehicle Olga 24 (id=A73D73F124471C95B5FC43B1B1466F0F pos=<1120.272095, 11.122437, 2575.615479>)
17:33:10.031 [VehicleAttachments] Player (ADMIN)BLUE (uid=OAdpPkJP2Ps_W7h2ttR1bK23ekHCzrxw0mDT3zqLMdU=) detached HAMMER_H1 black Right Door (type=HAMMER_Doors_coDriver_black) from vehicle HAMMER_H1 black(id=A80F8DEE27472334D00117B608970D20 pos=<3242.913574, 99.677315, 8546.506836>)
17:33:22.992 [VehicleAttachments] Player (ADMIN)BLUE (uid=OAdpPkJP2Ps_W7h2ttR1bK23ekHCzrxw0mDT3zqLMdU=) detached HAMMER_H1 black Left Door (type=HAMMER_Doors_Driver_black) from vehicle HAMMER_H1 black(id=A80F8DEE27472334D00117B608970D20 pos=<3242.913574, 99.677315, 8546.506836>)
17:37:01.785 [VehicleCover] Player "wiggy" (id=SgADkNjbGaUs8SauxTNPqYQENYs5GlEGD7NNksMh0hI= pos=<4192.827637, 188.367676, 7330.271484>) uncovered vehicle "Truck_01_Covered" (GlobalID=80000000800000008000000080000018 pos=<4186.228027, 187.499207, 7330.100586>)!
17:37:28.250 [VehicleEngine] Player Poe Tater [uid=6RzF8eFJbfb-v-C0CjF4eDGtnRSrtjMJ6Eh6LgHVAoI=] stopped vehicle Olga 24 (id=A73D73F124471C95B5FC43B1B1466F0F pos=<3528.463867, 4.323878, 1333.035889>)
17:37:28.546 [Chat - Admin]("(ADMIN)BLUE"(id=OAdpPkJP2Ps_W7h2ttR1bK23ekHCzrxw0mDT3zqLMdU=)): damn this open raid house is still up!!
17:37:30.785 [VehicleLeave] Player Poe Tater [uid=6RzF8eFJbfb-v-C0CjF4eDGtnRSrtjMJ6Eh6LgHVAoI=] left vehicle Olga 24 (id=A73D73F124471C95B5FC43B1B1466F0F pos=<3528.463867, 4.323899, 1333.037842>)
17:37:48.796 [Chat - Global]("Lou Sassole"(id=ebo0O4yOjYkK486s9SoqLuFc3tRe1vP1S2eE1IJxhV4=)): where is it? lol
17:38:10.210 [Chat - Admin]("(ADMIN)BLUE"(id=OAdpPkJP2Ps_W7h2ttR1bK23ekHCzrxw0mDT3zqLMdU=)): wouldnt you like to know!!!!!
17:38:25.308 [Chat - Global]("Lou Sassole"(id=ebo0O4yOjYkK486s9SoqLuFc3tRe1vP1S2eE1IJxhV4=)): maybe.....
17:38:55.375 [Safezone] Player "(ADMIN)BLUE" (id=OAdpPkJP2Ps_W7h2ttR1bK23ekHCzrxw0mDT3zqLMdU= pos=<6620.264648, 21.184521, 3650.120850>) Entered the safezone
17:41:43.593 [Safezone] Player "(ADMIN)BLUE" (id=OAdpPkJP2Ps_W7h2ttR1bK23ekHCzrxw0mDT3zqLMdU= pos=<6581.423340, 21.351774, 3643.930908>) Entered the safezone
17:41:45.484 [Expansion Quests] - InitQuestSystemClient - Loaded existing player quest data for player with UID: Lz9Kmumu1QnE7HX0I_hIz0vW-Eq-ERMw5EWCTjeKz4U=
17:41:45.484 [Expansion Quests] - Create new quest instance for quest: 32 - Player UID: Lz9Kmumu1QnE7HX0I_hIz0vW-Eq-ERMw5EWCTjeKz4U=
17:41:55.371 [Safezone] Player "(ADMIN)BLUE" (id=OAdpPkJP2Ps_W7h2ttR1bK23ekHCzrxw0mDT3zqLMdU= pos=<6578.035645, 21.385973, 3641.761230>) Left the safezone
17:41:57.765 [VehicleCarKey] Player "wiggy" (id=SgADkNjbGaUs8SauxTNPqYQENYs5GlEGD7NNksMh0hI= pos=<4191.341309, 188.124191, 7330.805176>) used the  ExpansionCarKey to lock Truck_01_Covered (id=69864EC47C4697E8802C889CE21EF28D pos=<4186.116699, 187.484375, 7330.105469>)
17:42:16.671 [VehicleDeleted] Truck_01_Covered (id=69864EC47C4697E8802C889CE21EF28D pos=<4186.116699, 187.484375, 7330.105469>)
17:42:16.671 [VehicleCover] Player "wiggy" (id=SgADkNjbGaUs8SauxTNPqYQENYs5GlEGD7NNksMh0hI= pos=<4191.388184, 188.181885, 7330.231445>) covered vehicle "Truck_01_Covered" (GlobalID=80000000800000008000000080000018 pos=<4186.116699, 187.484375, 7330.105469>)!
17:42:39.968 [Safezone] Player "(ADMIN)BLUE" (id=OAdpPkJP2Ps_W7h2ttR1bK23ekHCzrxw0mDT3zqLMdU= pos=<6586.253906, 21.325563, 3647.844238>) Entered the safezone
17:45:03.601 [Party] Player "wiggy" (id=SgADkNjbGaUs8SauxTNPqYQENYs5GlEGD7NNksMh0hI=) left the party "GRUMPY OLD GITS" (id=2 ownerUID=SgADkNjbGaUs8SauxTNPqYQENYs5GlEGD7NNksMh0hI= ownerName=wiggy)
17:45:08.867 [Safezone] Player "(ADMIN)BLUE" (id=OAdpPkJP2Ps_W7h2ttR1bK23ekHCzrxw0mDT3zqLMdU= pos=<6545.537598, 22.122271, 3621.573486>) Left the safezone
17:51:06.671 [VehicleEnter] Player Poe Tater [uid=6RzF8eFJbfb-v-C0CjF4eDGtnRSrtjMJ6Eh6LgHVAoI=] entered vehicle Olga 24 (id=A73D73F124471C95B5FC43B1B1466F0F pos=<3528.463867, 4.323942, 1333.038330>) as driver
17:51:15.523 [VehicleEngine] Player Poe Tater [uid=6RzF8eFJbfb-v-C0CjF4eDGtnRSrtjMJ6Eh6LgHVAoI=] started vehicle Olga 24 (id=A73D73F124471C95B5FC43B1B1466F0F pos=<3528.463867, 4.323936, 1333.038086>)
17:52:00.144 [AI Patrol] Spawning 2 FOB Alpha bots at <160.445831, 146.877243, 4900.687500>
17:55:26.039 [Party] Player "Lou Sassole" (id=ebo0O4yOjYkK486s9SoqLuFc3tRe1vP1S2eE1IJxhV4=) left the party "Reaper" (id=4 ownerUID=ebo0O4yOjYkK486s9SoqLuFc3tRe1vP1S2eE1IJxhV4= ownerName=Lou Sassole)
17:56:42.101 [AI Patrol] Spawning 2 Airfield bots at <6537.949707, 20.466259, 1723.584839>
17:57:11.992 [AI Patrol] Spawning 2 Police Academy bots at <5221.984375, 56.129997, 2189.108154>
17:57:33.757 [VehicleEngine] Player Poe Tater [uid=6RzF8eFJbfb-v-C0CjF4eDGtnRSrtjMJ6Eh6LgHVAoI=] stopped vehicle Olga 24 (id=A73D73F124471C95B5FC43B1B1466F0F pos=<5756.544922, 95.690788, 1490.445435>)
17:57:36.289 [VehicleLeave] Player Poe Tater [uid=6RzF8eFJbfb-v-C0CjF4eDGtnRSrtjMJ6Eh6LgHVAoI=] left vehicle Olga 24 (id=A73D73F124471C95B5FC43B1B1466F0F pos=<5756.533203, 95.685692, 1490.396118>)
17:59:15.437 [Party] Player "Hawk" (id=Vq9KG5wXnlxiAZYi9EngBgzAagT-q5gfv9gcAfd4zA4=) left the party "GRUMPY OLD GITS" (id=2 ownerUID=SgADkNjbGaUs8SauxTNPqYQENYs5GlEGD7NNksMh0hI= ownerName=wiggy)
17:59:15.453 [Party] Player "Captain Chaos" (id=KWl3ojgjStHOe3-iLRChpUG8crsNiNfei3BT6NCIfaw=) left the party "dirtymike" (id=1 ownerUID=eZvdqnhxQZeB4Wvp7ko5cFy79bCUMACrCdUKq6S9F3w= ownerName=DirtyMike)
17:59:15.457 [Party] Player "(ADMIN)BLUE" (id=OAdpPkJP2Ps_W7h2ttR1bK23ekHCzrxw0mDT3zqLMdU=) left the party "ddd" (id=0 ownerUID=OAdpPkJP2Ps_W7h2ttR1bK23ekHCzrxw0mDT3zqLMdU= ownerName=(ADMIN)BLUE)
