02:14:07.056 [Party] Player "Slightly Crazed" (id=RjqUafmWjW9Q1BHza4n7WoZ_8uUWujoz2w-ciuQaZcs=) joinded the party "GRUMPY OLD GITS" (id=2 ownerUID=SgADkNjbGaUs8SauxTNPqYQENYs5GlEGD7NNksMh0hI= ownerName=wiggy)
02:14:07.062 [Expansion Quests] - InitQuestSystemClient - Loaded existing player quest data for player with UID: RjqUafmWjW9Q1BHza4n7WoZ_8uUWujoz2w-ciuQaZcs=
02:14:07.062 [Expansion Quests] - LoadGroupQuestData - Loaded existing group quest data for group with ID: 2
02:14:07.062 [Expansion Quests] - Create new quest instance for quest: 38 - Player UID: RjqUafmWjW9Q1BHza4n7WoZ_8uUWujoz2w-ciuQaZcs=
02:14:08.026 [Expansion Quests] - LoadGroupQuestData - Got cached group quest data for group with ID: 2
02:19:09.202 [MissionAirdrop] An airdrop is heading towards "Black Lake Campground" (pos=<6870.850098, 0.000000, 3747.250000> type=Random_BlackLakeCampground) with a ExpansionAirdropContainer_Basebuilding
03:45:09.200 [MissionAirdrop] An airdrop is heading towards "Base Camp Bravo" (pos=<3690.439941, 0.000000, 4909.049805> type=Random_BaseCampBravo) with a ExpansionAirdropContainer_Medical
05:10:19.201 [MissionAirdrop] An airdrop is heading towards "Base Camp Charlie" (pos=<2675.060059, 0.000000, 2487.120117> type=Random_BaseCampCharlie) with a ExpansionAirdropContainer_Basebuilding
05:11:12.181 [VehicleDeleted] Velociraptor6x6 (id=82856272F846E5C22831389914EE55D2 pos=<-0.003506, 0.780768, -0.834344>)
05:11:12.214 [VirtualGarage] Player "Slightly Crazed" (id=RjqUafmWjW9Q1BHza4n7WoZ_8uUWujoz2w-ciuQaZcs= pos=<4330.986328, 9.113220, 1090.438110>) retrieved a vehicle "Velociraptor6x6" (GlobalID=8000000080000000800000008000D051 pos=<4336.218750, 9.134228, 1090.512817>)
05:11:22.990 [VehicleEnter] Player Slightly Crazed [uid=RjqUafmWjW9Q1BHza4n7WoZ_8uUWujoz2w-ciuQaZcs=] entered vehicle Velociraptor6x6 (id=0042493E2343DCC89E4781838A715EF5 pos=<4336.221191, 9.134238, 1090.515015>) as driver
05:11:32.320 [VehicleEngine] Player Slightly Crazed [uid=RjqUafmWjW9Q1BHza4n7WoZ_8uUWujoz2w-ciuQaZcs=] started vehicle Velociraptor6x6 (id=0042493E2343DCC89E4781838A715EF5 pos=<4336.218750, 9.134229, 1090.511963>)
05:16:01.603 [VehicleLeave] Player Slightly Crazed [uid=RjqUafmWjW9Q1BHza4n7WoZ_8uUWujoz2w-ciuQaZcs=] left vehicle Velociraptor6x6 (id=0042493E2343DCC89E4781838A715EF5 pos=<2592.206299, 4.371877, 2384.015381>)
05:16:14.234 [VehicleCarKey] Player "Slightly Crazed" (id=RjqUafmWjW9Q1BHza4n7WoZ_8uUWujoz2w-ciuQaZcs= pos=<2590.012939, 4.232908, 2383.026611>) used the  ExpansionCarKey to lock Velociraptor6x6 (id=0042493E2343DCC89E4781838A715EF5 pos=<2592.205566, 4.371821, 2384.014160>)
05:20:38.166 [VehicleCarKey] Player "Slightly Crazed" (id=RjqUafmWjW9Q1BHza4n7WoZ_8uUWujoz2w-ciuQaZcs= pos=<2589.753906, 4.225805, 2383.203857>) used the  ExpansionCarKey to unlock Velociraptor6x6 (id=0042493E2343DCC89E4781838A715EF5 pos=<2592.205566, 4.371821, 2384.014160>)
05:20:49.601 [VehicleEnter] Player Slightly Crazed [uid=RjqUafmWjW9Q1BHza4n7WoZ_8uUWujoz2w-ciuQaZcs=] entered vehicle Velociraptor6x6 (id=0042493E2343DCC89E4781838A715EF5 pos=<2592.205811, 4.371823, 2384.013672>) as driver
05:20:53.255 [VehicleEngine] Player Slightly Crazed [uid=RjqUafmWjW9Q1BHza4n7WoZ_8uUWujoz2w-ciuQaZcs=] started vehicle Velociraptor6x6 (id=0042493E2343DCC89E4781838A715EF5 pos=<2592.205566, 4.371812, 2384.013428>)
05:21:40.478 [VehicleLeave] Player Slightly Crazed [uid=RjqUafmWjW9Q1BHza4n7WoZ_8uUWujoz2w-ciuQaZcs=] left vehicle Velociraptor6x6 (id=0042493E2343DCC89E4781838A715EF5 pos=<2792.208740, 4.245444, 2444.533936>)
05:21:50.472 [VehicleCarKey] Player "Slightly Crazed" (id=RjqUafmWjW9Q1BHza4n7WoZ_8uUWujoz2w-ciuQaZcs= pos=<2794.091797, 4.198727, 2445.916260>) used the  ExpansionCarKey to lock Velociraptor6x6 (id=0042493E2343DCC89E4781838A715EF5 pos=<2792.208008, 4.245497, 2444.531250>)
05:25:39.173 [VehicleCarKey] Player "Slightly Crazed" (id=RjqUafmWjW9Q1BHza4n7WoZ_8uUWujoz2w-ciuQaZcs= pos=<2793.305420, 4.198558, 2447.041504>) used the  ExpansionCarKey to unlock Velociraptor6x6 (id=0042493E2343DCC89E4781838A715EF5 pos=<2792.208008, 4.245497, 2444.531250>)
05:30:45.744 [VehicleEnter] Player Slightly Crazed [uid=RjqUafmWjW9Q1BHza4n7WoZ_8uUWujoz2w-ciuQaZcs=] entered vehicle Velociraptor6x6 (id=0042493E2343DCC89E4781838A715EF5 pos=<2792.208740, 4.245448, 2444.533691>) as driver
05:30:49.224 [VehicleEngine] Player Slightly Crazed [uid=RjqUafmWjW9Q1BHza4n7WoZ_8uUWujoz2w-ciuQaZcs=] started vehicle Velociraptor6x6 (id=0042493E2343DCC89E4781838A715EF5 pos=<2792.208252, 4.245467, 2444.532471>)
05:33:37.712 [VehicleLeave] Player Slightly Crazed [uid=RjqUafmWjW9Q1BHza4n7WoZ_8uUWujoz2w-ciuQaZcs=] left vehicle Velociraptor6x6 (id=0042493E2343DCC89E4781838A715EF5 pos=<4339.332031, 9.134353, 1088.035156>)
05:39:51.794 [BaseRaiding] BBP_BDoor (<4324.074219, 9.145354, 1088.719116>) Code set by player "Slightly Crazed" (ID = "RjqUafmWjW9Q1BHza4n7WoZ_8uUWujoz2w-ciuQaZcs=" at <4323.469727, 9.185309, 1089.187988>) and the code is 7477
05:42:09.236 [BaseRaiding] BBP_BDoor (<4324.074219, 9.145354, 1088.719116>) Code set by player "Slightly Crazed" (ID = "RjqUafmWjW9Q1BHza4n7WoZ_8uUWujoz2w-ciuQaZcs=" at <4323.609375, 9.185309, 1088.802612>) and the code is 7477
05:45:10.728 [VehicleCarKey] Player "Slightly Crazed" (id=RjqUafmWjW9Q1BHza4n7WoZ_8uUWujoz2w-ciuQaZcs= pos=<4337.179199, 9.113524, 1086.631836>) used the  ExpansionCarKey to lock Velociraptor6x6 (id=0042493E2343DCC89E4781838A715EF5 pos=<4339.333984, 9.134363, 1088.038330>)
05:45:16.205 [VehicleDeleted] Velociraptor6x6 (id=0042493E2343DCC89E4781838A715EF5 pos=<4339.333984, 9.134363, 1088.038330>)
05:45:16.207 [VirtualGarage] Player "Slightly Crazed" (id=RjqUafmWjW9Q1BHza4n7WoZ_8uUWujoz2w-ciuQaZcs= pos=<4331.046387, 9.113226, 1090.522583>) stored a vehicle "Velociraptor6x6" (GlobalID=8000000080000000800000008000D051 pos=<4339.333984, 9.134363, 1088.038330>)
05:47:14.396 [BaseRaiding] ExpansionSafeLarge (<4309.256348, 10.579586, 1088.223511>) Code set by player "Slightly Crazed" (ID = "RjqUafmWjW9Q1BHza4n7WoZ_8uUWujoz2w-ciuQaZcs=" at <4309.657715, 9.185326, 1088.948120>) and the code is 7477
05:48:20.025 [BaseRaiding] ExpansionSafeMini (<4308.621094, 10.023276, 1088.578857>) Code set by player "Slightly Crazed" (ID = "RjqUafmWjW9Q1BHza4n7WoZ_8uUWujoz2w-ciuQaZcs=" at <4309.457031, 9.185325, 1089.387695>) and the code is 7477
05:59:16.015 [Party] Player "Slightly Crazed" (id=RjqUafmWjW9Q1BHza4n7WoZ_8uUWujoz2w-ciuQaZcs=) left the party "GRUMPY OLD GITS" (id=2 ownerUID=SgADkNjbGaUs8SauxTNPqYQENYs5GlEGD7NNksMh0hI= ownerName=wiggy)
