06:03:14.339 [Party] Player "wiggy" (id=SgADkNjbGaUs8SauxTNPqYQENYs5GlEGD7NNksMh0hI=) joinded the party "GRUMPY OLD GITS" (id=2 ownerUID=SgADkNjbGaUs8SauxTNPqYQENYs5GlEGD7NNksMh0hI= ownerName=wiggy)
06:03:14.345 [Expansion Quests] - InitQuestSystemClient - Loaded existing player quest data for player with UID: SgADkNjbGaUs8SauxTNPqYQENYs5GlEGD7NNksMh0hI=
06:03:14.345 [Expansion Quests] - LoadGroupQuestData - Loaded existing group quest data for group with ID: 2
06:03:15.304 [Expansion Quests] - LoadGroupQuestData - Got cached group quest data for group with ID: 2
06:07:57.851 [VehicleDeleted] G65 (id=66079E697D4826CCB1992F86493D57DF pos=<0.005821, 0.644712, 0.207772>)
06:07:57.894 [VirtualGarage] Player "wiggy" (id=SgADkNjbGaUs8SauxTNPqYQENYs5GlEGD7NNksMh0hI= pos=<4332.308105, 9.113311, 1090.880127>) retrieved a vehicle "G65" (GlobalID=80000000800000008000000080008CE8 pos=<4329.595703, 9.033690, 1086.322632>)
06:08:16.285 [MissionAirdrop] An airdrop is heading towards "Point No Point" (pos=<9186.969727, 0.000000, 6223.310059> type=Random_PointNoPoint) with a ExpansionAirdropContainer_Medical
06:09:48.457 [VehicleDeleted] G65 (id=7342FCE5CA4E95DDE0EDDCA994DDD893 pos=<4329.595703, 9.033689, 1086.322876>)
06:09:48.457 [VirtualGarage] Player "wiggy" (id=SgADkNjbGaUs8SauxTNPqYQENYs5GlEGD7NNksMh0hI= pos=<4331.829102, 9.113287, 1091.135254>) stored a vehicle "G65" (GlobalID=80000000800000008000000080008CE8 pos=<4329.595703, 9.033689, 1086.322876>)
06:09:58.710 [VirtualGarage] Player "wiggy" (id=SgADkNjbGaUs8SauxTNPqYQENYs5GlEGD7NNksMh0hI= pos=<4331.829102, 9.113287, 1091.135254>) retrieved a vehicle "G65" (GlobalID=80000000800000008000000080008CE8 pos=<4329.595703, 9.033689, 1086.322876>)
06:11:48.353 [VehicleDeleted] G65 (id=4FE7D68830423EDB22A45AB8B116A28E pos=<4329.595703, 9.033690, 1086.323120>)
06:11:48.353 [VirtualGarage] Player "wiggy" (id=SgADkNjbGaUs8SauxTNPqYQENYs5GlEGD7NNksMh0hI= pos=<4331.917480, 9.113282, 1090.663452>) stored a vehicle "G65" (GlobalID=80000000800000008000000080008CE8 pos=<4329.595703, 9.033690, 1086.323120>)
06:13:26.105 [Party] Player "wiggy" (id=SgADkNjbGaUs8SauxTNPqYQENYs5GlEGD7NNksMh0hI=) left the party "GRUMPY OLD GITS" (id=2 ownerUID=SgADkNjbGaUs8SauxTNPqYQENYs5GlEGD7NNksMh0hI= ownerName=wiggy)
06:39:27.482 [Party] Player "Lets_G0_Brandon" (id=RjqUafmWjW9Q1BHza4n7WoZ_8uUWujoz2w-ciuQaZcs=) joinded the party "GRUMPY OLD GITS" (id=2 ownerUID=SgADkNjbGaUs8SauxTNPqYQENYs5GlEGD7NNksMh0hI= ownerName=wiggy)
06:39:27.488 [Expansion Quests] - InitQuestSystemClient - Loaded existing player quest data for player with UID: RjqUafmWjW9Q1BHza4n7WoZ_8uUWujoz2w-ciuQaZcs=
06:39:27.488 [Expansion Quests] - LoadGroupQuestData - Got cached group quest data for group with ID: 2
06:39:28.447 [Expansion Quests] - LoadGroupQuestData - Got cached group quest data for group with ID: 2
06:39:52.050 [Party] Player "wiggy" (id=SgADkNjbGaUs8SauxTNPqYQENYs5GlEGD7NNksMh0hI=) joinded the party "GRUMPY OLD GITS" (id=2 ownerUID=SgADkNjbGaUs8SauxTNPqYQENYs5GlEGD7NNksMh0hI= ownerName=wiggy)
06:39:52.056 [Expansion Quests] - InitQuestSystemClient - Loaded existing player quest data for player with UID: SgADkNjbGaUs8SauxTNPqYQENYs5GlEGD7NNksMh0hI=
06:39:52.056 [Expansion Quests] - LoadGroupQuestData - Got cached group quest data for group with ID: 2
06:39:53.015 [Expansion Quests] - LoadGroupQuestData - Got cached group quest data for group with ID: 2
06:48:14.605 [VirtualGarage] Player "wiggy" (id=SgADkNjbGaUs8SauxTNPqYQENYs5GlEGD7NNksMh0hI= pos=<4331.559570, 9.113253, 1090.291992>) retrieved a vehicle "G65" (GlobalID=80000000800000008000000080008CE8 pos=<4329.595703, 9.033690, 1086.323120>)
06:48:24.359 [VehicleEnter] Player wiggy [uid=SgADkNjbGaUs8SauxTNPqYQENYs5GlEGD7NNksMh0hI=] entered vehicle G65 (id=77A55CB2704B5B8DF0A00890423A63AC pos=<4329.595703, 9.033690, 1086.322754>) as driver
06:48:28.425 [VehicleEngine] Player wiggy [uid=SgADkNjbGaUs8SauxTNPqYQENYs5GlEGD7NNksMh0hI=] started vehicle G65 (id=77A55CB2704B5B8DF0A00890423A63AC pos=<4329.595703, 9.033690, 1086.322876>)
06:50:11.195 [VehicleLeave] Player wiggy [uid=SgADkNjbGaUs8SauxTNPqYQENYs5GlEGD7NNksMh0hI=] left vehicle G65 (id=77A55CB2704B5B8DF0A00890423A63AC pos=<4491.872070, 2.817104, 758.063293>)
07:03:35.125 [VehicleEnter] Player wiggy [uid=SgADkNjbGaUs8SauxTNPqYQENYs5GlEGD7NNksMh0hI=] entered vehicle G65 (id=77A55CB2704B5B8DF0A00890423A63AC pos=<4491.872070, 2.817148, 758.063293>) as driver
07:03:37.685 [VehicleEngine] Player wiggy [uid=SgADkNjbGaUs8SauxTNPqYQENYs5GlEGD7NNksMh0hI=] started vehicle G65 (id=77A55CB2704B5B8DF0A00890423A63AC pos=<4491.872070, 2.817148, 758.063293>)
07:08:45.570 [VehicleLeave] Player wiggy [uid=SgADkNjbGaUs8SauxTNPqYQENYs5GlEGD7NNksMh0hI=] left vehicle G65 (id=77A55CB2704B5B8DF0A00890423A63AC pos=<4216.180664, 3.097671, 733.365295>)
07:09:02.964 [VehicleEnter] Player wiggy [uid=SgADkNjbGaUs8SauxTNPqYQENYs5GlEGD7NNksMh0hI=] entered vehicle G65 (id=77A55CB2704B5B8DF0A00890423A63AC pos=<4216.180664, 3.097645, 733.363159>) as driver
07:09:06.222 [VehicleEngine] Player wiggy [uid=SgADkNjbGaUs8SauxTNPqYQENYs5GlEGD7NNksMh0hI=] started vehicle G65 (id=77A55CB2704B5B8DF0A00890423A63AC pos=<4216.180664, 3.097600, 733.359192>)
07:10:40.224 [VehicleLeave] Player wiggy [uid=SgADkNjbGaUs8SauxTNPqYQENYs5GlEGD7NNksMh0hI=] left vehicle G65 (id=77A55CB2704B5B8DF0A00890423A63AC pos=<4331.748535, 9.033765, 1087.947632>)
07:12:04.462 [VehicleCarKey] Player "wiggy" (id=SgADkNjbGaUs8SauxTNPqYQENYs5GlEGD7NNksMh0hI= pos=<4330.747070, 9.113229, 1086.285156>) used the  ExpansionCarKey to lock G65 (id=77A55CB2704B5B8DF0A00890423A63AC pos=<4331.748535, 9.033764, 1087.947998>)
07:14:41.246 [BaseRaiding] BBP_BDoor (<4317.169434, 9.145354, 1091.249023>) Code set by player "Lets_G0_Brandon" (ID = "RjqUafmWjW9Q1BHza4n7WoZ_8uUWujoz2w-ciuQaZcs=" at <4316.548828, 9.185338, 1090.363647>) and the code is 7477
07:15:07.216 [BaseRaiding] BBP_BDoor (<4314.753418, 9.145355, 1088.911011>) Code set by player "Lets_G0_Brandon" (ID = "RjqUafmWjW9Q1BHza4n7WoZ_8uUWujoz2w-ciuQaZcs=" at <4315.937500, 9.185346, 1088.130127>) and the code is 7477
07:29:02.013 [BaseRaiding] BBP_BDoor (<4313.987305, 9.145356, 1083.828003>) Code set by player "Lets_G0_Brandon" (ID = "RjqUafmWjW9Q1BHza4n7WoZ_8uUWujoz2w-ciuQaZcs=" at <4315.192383, 9.185351, 1083.120117>) and the code is 7477
07:35:10.578 [VehicleCarKey] Player "wiggy" (id=SgADkNjbGaUs8SauxTNPqYQENYs5GlEGD7NNksMh0hI= pos=<4331.064941, 9.113243, 1085.882568>) used the  ExpansionCarKey to unlock G65 (id=77A55CB2704B5B8DF0A00890423A63AC pos=<4331.748535, 9.033764, 1087.947998>)
07:35:16.285 [MissionAirdrop] An airdrop is heading towards "Base Camp Charlie" (pos=<2675.060059, 0.000000, 2487.120117> type=Random_BaseCampCharlie) with a ExpansionAirdropContainer_Medical
07:35:23.281 [VehicleEnter] Player wiggy [uid=SgADkNjbGaUs8SauxTNPqYQENYs5GlEGD7NNksMh0hI=] entered vehicle G65 (id=77A55CB2704B5B8DF0A00890423A63AC pos=<4331.748535, 9.033764, 1087.947998>) as driver
07:35:37.759 [VehicleEnter] Player Lets_G0_Brandon [uid=RjqUafmWjW9Q1BHza4n7WoZ_8uUWujoz2w-ciuQaZcs=] entered vehicle G65 (id=77A55CB2704B5B8DF0A00890423A63AC pos=<4331.748535, 9.033765, 1087.947998>) as passenger
07:35:47.935 [VehicleEngine] Player wiggy [uid=SgADkNjbGaUs8SauxTNPqYQENYs5GlEGD7NNksMh0hI=] started vehicle G65 (id=77A55CB2704B5B8DF0A00890423A63AC pos=<4331.748535, 9.033765, 1087.947754>)
07:39:29.457 [VehicleLeave] Player Lets_G0_Brandon [uid=RjqUafmWjW9Q1BHza4n7WoZ_8uUWujoz2w-ciuQaZcs=] left vehicle G65 (Locked) (id=77A55CB2704B5B8DF0A00890423A63AC pos=<2942.853760, 14.635438, 2378.039795>)
07:39:39.072 [VehicleLeave] Player wiggy [uid=SgADkNjbGaUs8SauxTNPqYQENYs5GlEGD7NNksMh0hI=] left vehicle G65 (id=77A55CB2704B5B8DF0A00890423A63AC pos=<2942.572510, 14.606931, 2378.134277>)
07:39:50.820 [VehicleCarKey] Player "wiggy" (id=SgADkNjbGaUs8SauxTNPqYQENYs5GlEGD7NNksMh0hI= pos=<2941.677246, 14.685287, 2376.201416>) used the  ExpansionCarKey to lock G65 (id=77A55CB2704B5B8DF0A00890423A63AC pos=<2942.557373, 14.605419, 2378.139160>)
07:45:15.142 [VehicleCarKey] Player "wiggy" (id=SgADkNjbGaUs8SauxTNPqYQENYs5GlEGD7NNksMh0hI= pos=<2941.710449, 14.705900, 2375.724854>) used the  ExpansionCarKey to unlock G65 (id=77A55CB2704B5B8DF0A00890423A63AC pos=<2942.557373, 14.605419, 2378.139160>)
07:45:23.851 [VehicleEnter] Player wiggy [uid=SgADkNjbGaUs8SauxTNPqYQENYs5GlEGD7NNksMh0hI=] entered vehicle G65 (id=77A55CB2704B5B8DF0A00890423A63AC pos=<2942.510986, 14.600695, 2378.155273>) as driver
07:45:27.144 [VehicleEngine] Player wiggy [uid=SgADkNjbGaUs8SauxTNPqYQENYs5GlEGD7NNksMh0hI=] started vehicle G65 (id=77A55CB2704B5B8DF0A00890423A63AC pos=<2942.414795, 14.590930, 2378.187500>)
07:45:45.751 [VehicleEnter] Player Lets_G0_Brandon [uid=RjqUafmWjW9Q1BHza4n7WoZ_8uUWujoz2w-ciuQaZcs=] entered vehicle G65 (id=77A55CB2704B5B8DF0A00890423A63AC pos=<2888.321289, 9.485199, 2393.734375>) as passenger
07:49:52.687 [VehicleLeave] Player wiggy [uid=SgADkNjbGaUs8SauxTNPqYQENYs5GlEGD7NNksMh0hI=] left vehicle G65 (id=77A55CB2704B5B8DF0A00890423A63AC pos=<977.605835, 37.649612, 3810.854736>)
07:50:02.380 [VehicleEnter] Player wiggy [uid=SgADkNjbGaUs8SauxTNPqYQENYs5GlEGD7NNksMh0hI=] entered vehicle G65 (id=77A55CB2704B5B8DF0A00890423A63AC pos=<977.603210, 37.649513, 3810.850342>) as driver
07:50:05.251 [VehicleEngine] Player wiggy [uid=SgADkNjbGaUs8SauxTNPqYQENYs5GlEGD7NNksMh0hI=] started vehicle G65 (id=77A55CB2704B5B8DF0A00890423A63AC pos=<977.601807, 37.649475, 3810.847900>)
07:50:57.320 [VehicleLeave] Player wiggy [uid=SgADkNjbGaUs8SauxTNPqYQENYs5GlEGD7NNksMh0hI=] left vehicle G65 (id=77A55CB2704B5B8DF0A00890423A63AC pos=<849.059753, 37.824734, 3853.710938>)
07:51:14.763 [VehicleLeave] Player Lets_G0_Brandon [uid=RjqUafmWjW9Q1BHza4n7WoZ_8uUWujoz2w-ciuQaZcs=] left vehicle G65 (id=77A55CB2704B5B8DF0A00890423A63AC pos=<849.059631, 37.824734, 3853.710938>)
07:56:34.205 [VehicleEnter] Player Lets_G0_Brandon [uid=RjqUafmWjW9Q1BHza4n7WoZ_8uUWujoz2w-ciuQaZcs=] entered vehicle G65 (id=77A55CB2704B5B8DF0A00890423A63AC pos=<849.059631, 37.824734, 3853.710938>) as passenger
07:56:50.109 [VehicleLeave] Player Lets_G0_Brandon [uid=RjqUafmWjW9Q1BHza4n7WoZ_8uUWujoz2w-ciuQaZcs=] left vehicle G65 (id=77A55CB2704B5B8DF0A00890423A63AC pos=<849.059631, 37.824734, 3853.710938>)
07:57:00.441 [VehicleEnter] Player wiggy [uid=SgADkNjbGaUs8SauxTNPqYQENYs5GlEGD7NNksMh0hI=] entered vehicle G65 (id=77A55CB2704B5B8DF0A00890423A63AC pos=<849.059692, 37.824738, 3853.710938>) as driver
07:57:24.970 [VehicleEnter] Player Lets_G0_Brandon [uid=RjqUafmWjW9Q1BHza4n7WoZ_8uUWujoz2w-ciuQaZcs=] entered vehicle G65 (id=77A55CB2704B5B8DF0A00890423A63AC pos=<849.059753, 37.824738, 3853.710938>) as passenger
07:57:26.800 [VehicleEngine] Player wiggy [uid=SgADkNjbGaUs8SauxTNPqYQENYs5GlEGD7NNksMh0hI=] started vehicle G65 (id=77A55CB2704B5B8DF0A00890423A63AC pos=<849.059692, 37.824734, 3853.710938>)
08:03:51.283 [AI Patrol] Spawning 2 Orting bots at <5345.622559, 219.698181, 4987.125000>
08:07:02.416 [VehicleLeave] Player Lets_G0_Brandon [uid=RjqUafmWjW9Q1BHza4n7WoZ_8uUWujoz2w-ciuQaZcs=] left vehicle G65 (id=77A55CB2704B5B8DF0A00890423A63AC pos=<6918.789063, 39.664211, 3939.263184>)
08:07:03.466 [VehicleLeave] Player wiggy [uid=SgADkNjbGaUs8SauxTNPqYQENYs5GlEGD7NNksMh0hI=] left vehicle G65 (id=77A55CB2704B5B8DF0A00890423A63AC pos=<6918.769043, 39.660469, 3939.292969>)
08:08:46.363 [VehicleEnter] Player Lets_G0_Brandon [uid=RjqUafmWjW9Q1BHza4n7WoZ_8uUWujoz2w-ciuQaZcs=] entered vehicle G65 (id=77A55CB2704B5B8DF0A00890423A63AC pos=<6918.758301, 39.658577, 3939.308105>) as passenger
08:09:03.273 [VehicleEnter] Player wiggy [uid=SgADkNjbGaUs8SauxTNPqYQENYs5GlEGD7NNksMh0hI=] entered vehicle G65 (id=77A55CB2704B5B8DF0A00890423A63AC pos=<6918.728516, 39.653000, 3939.353760>) as driver
08:09:11.134 [VehicleEngine] Player wiggy [uid=SgADkNjbGaUs8SauxTNPqYQENYs5GlEGD7NNksMh0hI=] started vehicle G65 (id=77A55CB2704B5B8DF0A00890423A63AC pos=<6918.575195, 39.625019, 3939.577881>)
08:10:27.396 [Safezone] Player "wiggy" (id=SgADkNjbGaUs8SauxTNPqYQENYs5GlEGD7NNksMh0hI= pos=<6641.831055, 22.235378, 3635.854248>) Entered the safezone
08:10:27.396 [Safezone] Player "Lets_G0_Brandon" (id=RjqUafmWjW9Q1BHza4n7WoZ_8uUWujoz2w-ciuQaZcs= pos=<6642.557129, 22.249718, 3636.308594>) Entered the safezone
08:10:35.406 [VehicleLeave] Player Lets_G0_Brandon [uid=RjqUafmWjW9Q1BHza4n7WoZ_8uUWujoz2w-ciuQaZcs=] left vehicle G65 (id=77A55CB2704B5B8DF0A00890423A63AC pos=<6630.275879, 21.215153, 3654.254150>)
08:10:35.634 [VehicleLeave] Player wiggy [uid=SgADkNjbGaUs8SauxTNPqYQENYs5GlEGD7NNksMh0hI=] left vehicle G65 (id=77A55CB2704B5B8DF0A00890423A63AC pos=<6630.275879, 21.215151, 3654.254150>)
08:10:45.832 [VehicleCarKey] Player "wiggy" (id=SgADkNjbGaUs8SauxTNPqYQENYs5GlEGD7NNksMh0hI= pos=<6628.420898, 21.269386, 3652.874268>) used the  ExpansionCarKey to lock G65 (id=77A55CB2704B5B8DF0A00890423A63AC pos=<6630.275879, 21.215147, 3654.254150>)
08:11:56.355 [ATM] Player "Lets_G0_Brandon" (id=RjqUafmWjW9Q1BHza4n7WoZ_8uUWujoz2w-ciuQaZcs=) has withdrawn 25703 from his ATM account.
08:12:20.361 [Market] Player "Lets_G0_Brandon" (id=RjqUafmWjW9Q1BHza4n7WoZ_8uUWujoz2w-ciuQaZcs=) has send a requested to purchase twp_dmr25_mag_20rnd x1 from the trader "Magazines (Oliver [AMMO & MAGAZINES])" in market zone "The Holler" (pos=<6614.000000, 0.000000, 3670.000000>).
08:12:20.652 [Market] Player "Lets_G0_Brandon" (id=RjqUafmWjW9Q1BHza4n7WoZ_8uUWujoz2w-ciuQaZcs=) has bought twp_dmr25_mag_20rnd x1 from the trader "Magazines (Oliver [AMMO & MAGAZINES])" in market zone "The Holler" (pos=<6614.000000, 0.000000, 3670.000000>) for a price of 1000.
08:12:21.734 [Market] Player "Lets_G0_Brandon" (id=RjqUafmWjW9Q1BHza4n7WoZ_8uUWujoz2w-ciuQaZcs=) has send a requested to purchase twp_dmr25_mag_20rnd x1 from the trader "Magazines (Oliver [AMMO & MAGAZINES])" in market zone "The Holler" (pos=<6614.000000, 0.000000, 3670.000000>).
08:12:22.033 [Market] Player "Lets_G0_Brandon" (id=RjqUafmWjW9Q1BHza4n7WoZ_8uUWujoz2w-ciuQaZcs=) has bought twp_dmr25_mag_20rnd x1 from the trader "Magazines (Oliver [AMMO & MAGAZINES])" in market zone "The Holler" (pos=<6614.000000, 0.000000, 3670.000000>) for a price of 1000.
08:13:52.375 [Market] Player "Lets_G0_Brandon" (id=RjqUafmWjW9Q1BHza4n7WoZ_8uUWujoz2w-ciuQaZcs=) has send a requested to purchase ammobox_9x39ap_20rnd x1 from the trader "Magazines (Oliver [AMMO & MAGAZINES])" in market zone "The Holler" (pos=<6614.000000, 0.000000, 3670.000000>).
08:13:52.634 [Market] Player "Lets_G0_Brandon" (id=RjqUafmWjW9Q1BHza4n7WoZ_8uUWujoz2w-ciuQaZcs=) has bought ammobox_9x39ap_20rnd x1 from the trader "Magazines (Oliver [AMMO & MAGAZINES])" in market zone "The Holler" (pos=<6614.000000, 0.000000, 3670.000000>) for a price of 64.
08:13:53.794 [Market] Player "Lets_G0_Brandon" (id=RjqUafmWjW9Q1BHza4n7WoZ_8uUWujoz2w-ciuQaZcs=) has send a requested to purchase ammobox_9x39ap_20rnd x1 from the trader "Magazines (Oliver [AMMO & MAGAZINES])" in market zone "The Holler" (pos=<6614.000000, 0.000000, 3670.000000>).
08:13:54.087 [Market] Player "Lets_G0_Brandon" (id=RjqUafmWjW9Q1BHza4n7WoZ_8uUWujoz2w-ciuQaZcs=) has bought ammobox_9x39ap_20rnd x1 from the trader "Magazines (Oliver [AMMO & MAGAZINES])" in market zone "The Holler" (pos=<6614.000000, 0.000000, 3670.000000>) for a price of 64.
08:13:55.000 [Market] Player "Lets_G0_Brandon" (id=RjqUafmWjW9Q1BHza4n7WoZ_8uUWujoz2w-ciuQaZcs=) has send a requested to purchase ammobox_9x39ap_20rnd x1 from the trader "Magazines (Oliver [AMMO & MAGAZINES])" in market zone "The Holler" (pos=<6614.000000, 0.000000, 3670.000000>).
08:13:55.316 [Market] Player "Lets_G0_Brandon" (id=RjqUafmWjW9Q1BHza4n7WoZ_8uUWujoz2w-ciuQaZcs=) has bought ammobox_9x39ap_20rnd x1 from the trader "Magazines (Oliver [AMMO & MAGAZINES])" in market zone "The Holler" (pos=<6614.000000, 0.000000, 3670.000000>) for a price of 64.
08:14:01.630 [Market] Player "Lets_G0_Brandon" (id=RjqUafmWjW9Q1BHza4n7WoZ_8uUWujoz2w-ciuQaZcs=) has send a requested to purchase ammobox_9x39ap_20rnd x1 from the trader "Magazines (Oliver [AMMO & MAGAZINES])" in market zone "The Holler" (pos=<6614.000000, 0.000000, 3670.000000>).
08:14:01.925 [Market] Player "Lets_G0_Brandon" (id=RjqUafmWjW9Q1BHza4n7WoZ_8uUWujoz2w-ciuQaZcs=) has bought ammobox_9x39ap_20rnd x1 from the trader "Magazines (Oliver [AMMO & MAGAZINES])" in market zone "The Holler" (pos=<6614.000000, 0.000000, 3670.000000>) for a price of 64.
08:14:02.734 [Market] Player "Lets_G0_Brandon" (id=RjqUafmWjW9Q1BHza4n7WoZ_8uUWujoz2w-ciuQaZcs=) has send a requested to purchase ammobox_9x39ap_20rnd x1 from the trader "Magazines (Oliver [AMMO & MAGAZINES])" in market zone "The Holler" (pos=<6614.000000, 0.000000, 3670.000000>).
08:14:03.029 [Market] Player "Lets_G0_Brandon" (id=RjqUafmWjW9Q1BHza4n7WoZ_8uUWujoz2w-ciuQaZcs=) has bought ammobox_9x39ap_20rnd x1 from the trader "Magazines (Oliver [AMMO & MAGAZINES])" in market zone "The Holler" (pos=<6614.000000, 0.000000, 3670.000000>) for a price of 64.
08:14:03.871 [Market] Player "Lets_G0_Brandon" (id=RjqUafmWjW9Q1BHza4n7WoZ_8uUWujoz2w-ciuQaZcs=) has send a requested to purchase ammobox_9x39ap_20rnd x1 from the trader "Magazines (Oliver [AMMO & MAGAZINES])" in market zone "The Holler" (pos=<6614.000000, 0.000000, 3670.000000>).
08:14:04.166 [Market] Player "Lets_G0_Brandon" (id=RjqUafmWjW9Q1BHza4n7WoZ_8uUWujoz2w-ciuQaZcs=) has bought ammobox_9x39ap_20rnd x1 from the trader "Magazines (Oliver [AMMO & MAGAZINES])" in market zone "The Holler" (pos=<6614.000000, 0.000000, 3670.000000>) for a price of 64.
08:14:08.345 [Market] Player "Lets_G0_Brandon" (id=RjqUafmWjW9Q1BHza4n7WoZ_8uUWujoz2w-ciuQaZcs=) has send a requested to purchase ammobox_9x39ap_20rnd x1 from the trader "Magazines (Oliver [AMMO & MAGAZINES])" in market zone "The Holler" (pos=<6614.000000, 0.000000, 3670.000000>).
08:14:08.628 [Market] Player "Lets_G0_Brandon" (id=RjqUafmWjW9Q1BHza4n7WoZ_8uUWujoz2w-ciuQaZcs=) has bought ammobox_9x39ap_20rnd x1 from the trader "Magazines (Oliver [AMMO & MAGAZINES])" in market zone "The Holler" (pos=<6614.000000, 0.000000, 3670.000000>) for a price of 64.
08:14:09.414 [Market] Player "Lets_G0_Brandon" (id=RjqUafmWjW9Q1BHza4n7WoZ_8uUWujoz2w-ciuQaZcs=) has send a requested to purchase ammobox_9x39ap_20rnd x1 from the trader "Magazines (Oliver [AMMO & MAGAZINES])" in market zone "The Holler" (pos=<6614.000000, 0.000000, 3670.000000>).
08:14:09.695 [Market] Player "Lets_G0_Brandon" (id=RjqUafmWjW9Q1BHza4n7WoZ_8uUWujoz2w-ciuQaZcs=) has bought ammobox_9x39ap_20rnd x1 from the trader "Magazines (Oliver [AMMO & MAGAZINES])" in market zone "The Holler" (pos=<6614.000000, 0.000000, 3670.000000>) for a price of 64.
08:14:10.416 [Market] Player "Lets_G0_Brandon" (id=RjqUafmWjW9Q1BHza4n7WoZ_8uUWujoz2w-ciuQaZcs=) has send a requested to purchase ammobox_9x39ap_20rnd x1 from the trader "Magazines (Oliver [AMMO & MAGAZINES])" in market zone "The Holler" (pos=<6614.000000, 0.000000, 3670.000000>).
08:14:10.714 [Market] Player "Lets_G0_Brandon" (id=RjqUafmWjW9Q1BHza4n7WoZ_8uUWujoz2w-ciuQaZcs=) has bought ammobox_9x39ap_20rnd x1 from the trader "Magazines (Oliver [AMMO & MAGAZINES])" in market zone "The Holler" (pos=<6614.000000, 0.000000, 3670.000000>) for a price of 64.
08:17:13.058 [Expansion Quests] - CreateQuestInstance - Created new quest instance for with instance key SgADkNjbGaUs8SauxTNPqYQENYs5GlEGD7NNksMh0hI= for quest 38
08:17:25.070 [Expansion Quests] - CreateQuestInstance - Created new quest instance for with instance key RjqUafmWjW9Q1BHza4n7WoZ_8uUWujoz2w-ciuQaZcs= for quest 38
08:17:49.933 [VehicleCarKey] Player "wiggy" (id=SgADkNjbGaUs8SauxTNPqYQENYs5GlEGD7NNksMh0hI= pos=<6628.403320, 21.269030, 3652.845459>) used the  ExpansionCarKey to unlock G65 (id=77A55CB2704B5B8DF0A00890423A63AC pos=<6630.275879, 21.215147, 3654.254150>)
08:17:57.884 [VehicleEnter] Player wiggy [uid=SgADkNjbGaUs8SauxTNPqYQENYs5GlEGD7NNksMh0hI=] entered vehicle G65 (id=77A55CB2704B5B8DF0A00890423A63AC pos=<6630.275879, 21.215149, 3654.254150>) as driver
08:18:00.386 [VehicleEnter] Player Lets_G0_Brandon [uid=RjqUafmWjW9Q1BHza4n7WoZ_8uUWujoz2w-ciuQaZcs=] entered vehicle G65 (id=77A55CB2704B5B8DF0A00890423A63AC pos=<6630.275879, 21.215149, 3654.254150>) as passenger
08:18:01.199 [VehicleEngine] Player wiggy [uid=SgADkNjbGaUs8SauxTNPqYQENYs5GlEGD7NNksMh0hI=] started vehicle G65 (id=77A55CB2704B5B8DF0A00890423A63AC pos=<6630.275879, 21.215149, 3654.254150>)
08:18:28.097 [Safezone] Player "wiggy" (id=SgADkNjbGaUs8SauxTNPqYQENYs5GlEGD7NNksMh0hI= pos=<6716.536133, 27.422083, 3649.670654>) Left the safezone
08:18:28.097 [Safezone] Player "Lets_G0_Brandon" (id=RjqUafmWjW9Q1BHza4n7WoZ_8uUWujoz2w-ciuQaZcs= pos=<6717.207520, 27.492756, 3649.143799>) Left the safezone
08:26:20.611 [AI Patrol] Spawning 2 Vagabond Army bots at <3628.483154, 99.884567, 7939.875000>
08:27:37.402 [VehicleLeave] Player Lets_G0_Brandon [uid=RjqUafmWjW9Q1BHza4n7WoZ_8uUWujoz2w-ciuQaZcs=] left vehicle G65 (id=77A55CB2704B5B8DF0A00890423A63AC pos=<3186.480225, 99.817566, 7885.525879>)
08:27:40.375 [VehicleLeave] Player wiggy [uid=SgADkNjbGaUs8SauxTNPqYQENYs5GlEGD7NNksMh0hI=] left vehicle G65 (id=77A55CB2704B5B8DF0A00890423A63AC pos=<3186.480225, 99.817558, 7885.525879>)
08:27:53.730 [VehicleEnter] Player wiggy [uid=SgADkNjbGaUs8SauxTNPqYQENYs5GlEGD7NNksMh0hI=] entered vehicle G65 (id=77A55CB2704B5B8DF0A00890423A63AC pos=<3186.480225, 99.817558, 7885.525879>) as driver
08:27:56.667 [VehicleEngine] Player wiggy [uid=SgADkNjbGaUs8SauxTNPqYQENYs5GlEGD7NNksMh0hI=] started vehicle G65 (id=77A55CB2704B5B8DF0A00890423A63AC pos=<3186.480225, 99.817558, 7885.525879>)
08:28:15.742 [VehicleLeave] Player wiggy [uid=SgADkNjbGaUs8SauxTNPqYQENYs5GlEGD7NNksMh0hI=] left vehicle G65 (id=77A55CB2704B5B8DF0A00890423A63AC pos=<3176.604736, 99.817596, 7908.566406>)
08:28:25.027 [VehicleCarKey] Player "wiggy" (id=SgADkNjbGaUs8SauxTNPqYQENYs5GlEGD7NNksMh0hI= pos=<3176.703125, 99.897057, 7906.684082>) used the  ExpansionCarKey to lock G65 (id=77A55CB2704B5B8DF0A00890423A63AC pos=<3176.604736, 99.817596, 7908.566406>)
08:57:14.886 [VehicleCarKey] Player "wiggy" (id=SgADkNjbGaUs8SauxTNPqYQENYs5GlEGD7NNksMh0hI= pos=<3177.178223, 99.897057, 7906.698242>) used the  ExpansionCarKey to unlock G65 (id=77A55CB2704B5B8DF0A00890423A63AC pos=<3176.604736, 99.817596, 7908.566406>)
09:01:14.208 [VehicleEnter] Player wiggy [uid=SgADkNjbGaUs8SauxTNPqYQENYs5GlEGD7NNksMh0hI=] entered vehicle G65 (id=77A55CB2704B5B8DF0A00890423A63AC pos=<3176.604980, 99.817551, 7908.566406>) as driver
09:01:16.664 [VehicleEnter] Player Lets_G0_Brandon [uid=RjqUafmWjW9Q1BHza4n7WoZ_8uUWujoz2w-ciuQaZcs=] entered vehicle G65 (id=77A55CB2704B5B8DF0A00890423A63AC pos=<3176.604980, 99.817566, 7908.566406>) as passenger
09:01:17.587 [VehicleEngine] Player wiggy [uid=SgADkNjbGaUs8SauxTNPqYQENYs5GlEGD7NNksMh0hI=] started vehicle G65 (id=77A55CB2704B5B8DF0A00890423A63AC pos=<3176.604980, 99.817558, 7908.566406>)
09:01:57.968 [VehicleLeave] Player Lets_G0_Brandon [uid=RjqUafmWjW9Q1BHza4n7WoZ_8uUWujoz2w-ciuQaZcs=] left vehicle G65 (id=77A55CB2704B5B8DF0A00890423A63AC pos=<2985.650391, 99.817551, 8091.931152>)
09:02:00.339 [VehicleLeave] Player wiggy [uid=SgADkNjbGaUs8SauxTNPqYQENYs5GlEGD7NNksMh0hI=] left vehicle G65 (id=77A55CB2704B5B8DF0A00890423A63AC pos=<2985.650391, 99.817551, 8091.931152>)
09:02:02.285 [MissionAirdrop] An airdrop is heading towards "Base Camp Bravo" (pos=<3690.439941, 0.000000, 4909.049805> type=Random_BaseCampBravo) with a ExpansionAirdropContainer_Basebuilding
09:03:08.984 [VehicleEnter] Player wiggy [uid=SgADkNjbGaUs8SauxTNPqYQENYs5GlEGD7NNksMh0hI=] entered vehicle G65 (id=77A55CB2704B5B8DF0A00890423A63AC pos=<2985.650391, 99.817558, 8091.931152>) as driver
09:03:21.730 [VehicleEngine] Player wiggy [uid=SgADkNjbGaUs8SauxTNPqYQENYs5GlEGD7NNksMh0hI=] started vehicle G65 (id=77A55CB2704B5B8DF0A00890423A63AC pos=<2985.650391, 99.817558, 8091.931152>)
09:03:41.652 [VehicleLeave] Player wiggy [uid=SgADkNjbGaUs8SauxTNPqYQENYs5GlEGD7NNksMh0hI=] left vehicle G65 (id=77A55CB2704B5B8DF0A00890423A63AC pos=<2985.650391, 99.817558, 8091.931152>)
09:04:12.822 [VehicleEnter] Player wiggy [uid=SgADkNjbGaUs8SauxTNPqYQENYs5GlEGD7NNksMh0hI=] entered vehicle G65 (id=77A55CB2704B5B8DF0A00890423A63AC pos=<2985.650391, 99.817558, 8091.931152>) as driver
09:04:15.320 [VehicleEnter] Player Lets_G0_Brandon [uid=RjqUafmWjW9Q1BHza4n7WoZ_8uUWujoz2w-ciuQaZcs=] entered vehicle G65 (id=77A55CB2704B5B8DF0A00890423A63AC pos=<2985.650391, 99.817558, 8091.931152>) as passenger
09:04:18.808 [VehicleEngine] Player wiggy [uid=SgADkNjbGaUs8SauxTNPqYQENYs5GlEGD7NNksMh0hI=] started vehicle G65 (id=77A55CB2704B5B8DF0A00890423A63AC pos=<2985.650391, 99.817558, 8091.931152>)
09:05:16.765 [VehicleLeave] Player Lets_G0_Brandon [uid=RjqUafmWjW9Q1BHza4n7WoZ_8uUWujoz2w-ciuQaZcs=] left vehicle G65 (id=77A55CB2704B5B8DF0A00890423A63AC pos=<2835.072998, 99.817551, 7940.182617>)
09:05:52.792 [VehicleEnter] Player Lets_G0_Brandon [uid=RjqUafmWjW9Q1BHza4n7WoZ_8uUWujoz2w-ciuQaZcs=] entered vehicle G65 (id=77A55CB2704B5B8DF0A00890423A63AC pos=<2820.873291, 99.817551, 7915.211914>) as passenger
09:06:32.339 [AI Patrol] Spawning 2 Manhattan Project bots at <1921.300781, 99.884567, 8788.996094>
09:06:33.140 [AI Patrol] Spawning 2 Trench 94 bots at <3140.093506, 99.884567, 9297.029297>
09:07:27.171 [VehicleLeave] Player Lets_G0_Brandon [uid=RjqUafmWjW9Q1BHza4n7WoZ_8uUWujoz2w-ciuQaZcs=] left vehicle G65 (id=77A55CB2704B5B8DF0A00890423A63AC pos=<2772.460449, 100.024857, 8913.300781>)
09:07:30.269 [VehicleLeave] Player wiggy [uid=SgADkNjbGaUs8SauxTNPqYQENYs5GlEGD7NNksMh0hI=] left vehicle G65 (id=77A55CB2704B5B8DF0A00890423A63AC pos=<2772.460449, 100.024857, 8913.300781>)
09:07:38.488 [VehicleCarKey] Player "wiggy" (id=SgADkNjbGaUs8SauxTNPqYQENYs5GlEGD7NNksMh0hI= pos=<2771.068604, 100.142769, 8911.567383>) used the  ExpansionCarKey to lock G65 (id=77A55CB2704B5B8DF0A00890423A63AC pos=<2772.460449, 100.024857, 8913.300781>)
09:29:28.046 [VehicleCarKey] Player "wiggy" (id=SgADkNjbGaUs8SauxTNPqYQENYs5GlEGD7NNksMh0hI= pos=<2770.859375, 100.148521, 8911.524414>) used the  ExpansionCarKey to unlock G65 (id=77A55CB2704B5B8DF0A00890423A63AC pos=<2772.460449, 100.024857, 8913.300781>)
09:33:22.707 [VehicleEnter] Player Lets_G0_Brandon [uid=RjqUafmWjW9Q1BHza4n7WoZ_8uUWujoz2w-ciuQaZcs=] entered vehicle G65 (id=77A55CB2704B5B8DF0A00890423A63AC pos=<2772.460449, 100.024857, 8913.300781>) as passenger
09:33:24.914 [VehicleEnter] Player wiggy [uid=SgADkNjbGaUs8SauxTNPqYQENYs5GlEGD7NNksMh0hI=] entered vehicle G65 (id=77A55CB2704B5B8DF0A00890423A63AC pos=<2772.460938, 100.024841, 8913.300781>) as driver
09:33:27.859 [VehicleEngine] Player wiggy [uid=SgADkNjbGaUs8SauxTNPqYQENYs5GlEGD7NNksMh0hI=] started vehicle G65 (id=77A55CB2704B5B8DF0A00890423A63AC pos=<2772.460938, 100.024841, 8913.300781>)
09:34:10.773 [VehicleLeave] Player Lets_G0_Brandon [uid=RjqUafmWjW9Q1BHza4n7WoZ_8uUWujoz2w-ciuQaZcs=] left vehicle G65 (id=77A55CB2704B5B8DF0A00890423A63AC pos=<2602.291260, 99.817566, 8971.876953>)
09:34:11.945 [VehicleLeave] Player wiggy [uid=SgADkNjbGaUs8SauxTNPqYQENYs5GlEGD7NNksMh0hI=] left vehicle G65 (id=77A55CB2704B5B8DF0A00890423A63AC pos=<2602.291016, 99.817566, 8971.876953>)
09:35:56.167 [VehicleEnter] Player Lets_G0_Brandon [uid=RjqUafmWjW9Q1BHza4n7WoZ_8uUWujoz2w-ciuQaZcs=] entered vehicle G65 (id=77A55CB2704B5B8DF0A00890423A63AC pos=<2602.291016, 99.817566, 8971.876953>) as passenger
09:36:09.929 [VehicleEnter] Player wiggy [uid=SgADkNjbGaUs8SauxTNPqYQENYs5GlEGD7NNksMh0hI=] entered vehicle G65 (id=77A55CB2704B5B8DF0A00890423A63AC pos=<2602.291260, 99.817558, 8971.876953>) as driver
09:36:12.449 [VehicleEngine] Player wiggy [uid=SgADkNjbGaUs8SauxTNPqYQENYs5GlEGD7NNksMh0hI=] started vehicle G65 (id=77A55CB2704B5B8DF0A00890423A63AC pos=<2602.291016, 99.817566, 8971.876953>)
09:37:10.933 [VehicleLeave] Player wiggy [uid=SgADkNjbGaUs8SauxTNPqYQENYs5GlEGD7NNksMh0hI=] left vehicle G65 (id=77A55CB2704B5B8DF0A00890423A63AC pos=<1891.690796, 99.817558, 8979.356445>)
09:37:13.742 [VehicleLeave] Player Lets_G0_Brandon [uid=RjqUafmWjW9Q1BHza4n7WoZ_8uUWujoz2w-ciuQaZcs=] left vehicle G65 (id=77A55CB2704B5B8DF0A00890423A63AC pos=<1891.690918, 99.817551, 8979.356445>)
09:37:21.109 [VehicleCarKey] Player "wiggy" (id=SgADkNjbGaUs8SauxTNPqYQENYs5GlEGD7NNksMh0hI= pos=<1892.829834, 99.897049, 8977.650391>) used the  ExpansionCarKey to lock G65 (id=77A55CB2704B5B8DF0A00890423A63AC pos=<1891.690918, 99.817551, 8979.356445>)
