14:20:07.460 [Expansion Quests] - InitQuestSystemClient - Loaded existing player quest data for player with UID: BlCTbSRV5QYaEKP-S_Hg4CG7zCAg90tKLTciEKHy8Pc=
14:20:07.460 [Expansion Quests] - LoadGroupQuestData - Created new persistent group quest data for group with ID: -1
14:20:07.460 [Expansion Quests] - Create new quest instance for quest: 9 - Player UID: BlCTbSRV5QYaEKP-S_Hg4CG7zCAg90tKLTciEKHy8Pc=
14:20:07.460 [Expansion Quests] - Create new quest instance for quest: 11 - Player UID: BlCTbSRV5QYaEKP-S_Hg4CG7zCAg90tKLTciEKHy8Pc=
14:20:28.281 [Market] Player "Bunker" (id=BlCTbSRV5QYaEKP-S_Hg4CG7zCAg90tKLTciEKHy8Pc=) has send a requested to purchase expansionuh1h x1 from the trader "Vehicles (Lewis [Vehicle Trader])" in market zone "The Holler" (pos=<5632.000000, 32.000000, 5392.000000>).
14:20:28.351 [VehicleDeleted] ExpansionUh1h (id=B4150E1F894BB66728E1BFB14A5E2FD2 pos=<-0.010394, 1.483437, 1.416728>)
14:20:28.359 [Market] Player "Bunker" (id=BlCTbSRV5QYaEKP-S_Hg4CG7zCAg90tKLTciEKHy8Pc=) has bought expansionuh1h x1 from the trader "Vehicles (Lewis [Vehicle Trader])" in market zone "The Holler" (pos=<5632.000000, 32.000000, 5392.000000>) for a price of 1702590.
14:21:13.160 [Market] Player "Bunker" (id=BlCTbSRV5QYaEKP-S_Hg4CG7zCAg90tKLTciEKHy8Pc=) has send a requested to sell expansionuh1h x1 at the trader "Vehicles (Lewis [Vehicle Trader])" in market zone "The Holler" (pos=<5632.000000, 32.000000, 5392.000000>).
14:21:13.199 [VehicleDeleted] ExpansionUh1h (id=97FA3300BD45EC05E1A461BFE3FB5B67 pos=<5611.106934, 28.848238, 5354.173340>)
14:21:13.203 [Market] Player "Bunker" (id=BlCTbSRV5QYaEKP-S_Hg4CG7zCAg90tKLTciEKHy8Pc=) has sold expansionuh1h x1 at the trader "Vehicles (Lewis [Vehicle Trader])" in market zone "The Holler" (pos=<5632.000000, 32.000000, 5392.000000>) and got 1278441.
14:22:02.917 [Market] Player "Bunker" (id=BlCTbSRV5QYaEKP-S_Hg4CG7zCAg90tKLTciEKHy8Pc=) has send a requested to purchase expansionmerlin x1 from the trader "Vehicles (Lewis [Vehicle Trader])" in market zone "The Holler" (pos=<5632.000000, 32.000000, 5392.000000>).
14:22:02.960 [VehicleDeleted] ExpansionMerlin (id=1BB029D527473E2645DC3CBDA5B1284A pos=<0.014144, 2.379129, 3.654344>)
14:22:02.968 [Market] Player "Bunker" (id=BlCTbSRV5QYaEKP-S_Hg4CG7zCAg90tKLTciEKHy8Pc=) has bought expansionmerlin x1 from the trader "Vehicles (Lewis [Vehicle Trader])" in market zone "The Holler" (pos=<5632.000000, 32.000000, 5392.000000>) for a price of 2002990.
14:22:23.882 [VehicleCarKey] Player "Bunker" (id=BlCTbSRV5QYaEKP-S_Hg4CG7zCAg90tKLTciEKHy8Pc= pos=<5618.110840, 28.722496, 5358.320801>) used the  ExpansionCarKey to unlock ExpansionMerlin (id=21E3910CB84E1EEE50BA0D98015A6C8D pos=<5611.151855, 28.694683, 5356.326660>)
14:22:25.539 [VehicleCarKey] Player "Bunker" (id=BlCTbSRV5QYaEKP-S_Hg4CG7zCAg90tKLTciEKHy8Pc= pos=<5617.965820, 28.722469, 5358.907715>) used the  ExpansionCarKey to lock ExpansionMerlin (id=21E3910CB84E1EEE50BA0D98015A6C8D pos=<5611.151855, 28.694672, 5356.326660>)
14:22:29.199 [VehicleCarKey] Player "Bunker" (id=BlCTbSRV5QYaEKP-S_Hg4CG7zCAg90tKLTciEKHy8Pc= pos=<5615.866211, 28.723171, 5358.396484>) used the  ExpansionCarKey to unlock ExpansionMerlin (id=21E3910CB84E1EEE50BA0D98015A6C8D pos=<5611.151855, 28.694656, 5356.326660>)
14:22:38.101 [VehicleEnter] Player Bunker [uid=BlCTbSRV5QYaEKP-S_Hg4CG7zCAg90tKLTciEKHy8Pc=] entered vehicle Merlin (id=21E3910CB84E1EEE50BA0D98015A6C8D pos=<5611.151855, 28.694656, 5356.326660>) as passenger
14:23:09.570 [VehicleLeave] Player Bunker [uid=BlCTbSRV5QYaEKP-S_Hg4CG7zCAg90tKLTciEKHy8Pc=] left vehicle Merlin (Locked) (id=21E3910CB84E1EEE50BA0D98015A6C8D pos=<5611.151855, 28.694735, 5356.326660>)
14:23:10.867 [VehicleCarKey] Player "Bunker" (id=BlCTbSRV5QYaEKP-S_Hg4CG7zCAg90tKLTciEKHy8Pc= pos=<5617.599609, 30.024525, 5356.422363>) used the  ExpansionCarKey to unlock ExpansionMerlin (id=21E3910CB84E1EEE50BA0D98015A6C8D pos=<5611.151855, 28.694733, 5356.326660>)
14:23:16.039 [VehicleEnter] Player Bunker [uid=BlCTbSRV5QYaEKP-S_Hg4CG7zCAg90tKLTciEKHy8Pc=] entered vehicle Merlin (id=21E3910CB84E1EEE50BA0D98015A6C8D pos=<5611.151855, 28.694731, 5356.326660>) as pilot
14:23:19.132 [VehicleEngine] Player Bunker [uid=BlCTbSRV5QYaEKP-S_Hg4CG7zCAg90tKLTciEKHy8Pc=] started vehicle Merlin (id=21E3910CB84E1EEE50BA0D98015A6C8D pos=<5611.151855, 28.694683, 5356.326660>)
14:23:47.687 [VehicleEngine] Player Bunker [uid=BlCTbSRV5QYaEKP-S_Hg4CG7zCAg90tKLTciEKHy8Pc=] stopped vehicle Merlin (id=21E3910CB84E1EEE50BA0D98015A6C8D pos=<5611.150879, 28.694834, 5356.340820>)
14:23:51.121 [VehicleLeave] Player Bunker [uid=BlCTbSRV5QYaEKP-S_Hg4CG7zCAg90tKLTciEKHy8Pc=] left vehicle Merlin (id=21E3910CB84E1EEE50BA0D98015A6C8D pos=<5611.150879, 28.694975, 5356.339844>)
14:24:13.472 [Market] Player "Bunker" (id=BlCTbSRV5QYaEKP-S_Hg4CG7zCAg90tKLTciEKHy8Pc=) has send a requested to sell expansionmerlin x1 at the trader "Vehicles (Lewis [Vehicle Trader])" in market zone "The Holler" (pos=<5632.000000, 32.000000, 5392.000000>).
14:24:13.542 [VehicleDeleted] ExpansionMerlin (id=21E3910CB84E1EEE50BA0D98015A6C8D pos=<5611.150879, 28.694914, 5356.339844>)
14:24:13.554 [Market] Player "Bunker" (id=BlCTbSRV5QYaEKP-S_Hg4CG7zCAg90tKLTciEKHy8Pc=) has sold expansionmerlin x1 at the trader "Vehicles (Lewis [Vehicle Trader])" in market zone "The Holler" (pos=<5632.000000, 32.000000, 5392.000000>) and got 1502241.
14:24:32.070 [Market] Player "Bunker" (id=BlCTbSRV5QYaEKP-S_Hg4CG7zCAg90tKLTciEKHy8Pc=) has send a requested to purchase expansion_landrover x1 from the trader "Vehicles (Lewis [Vehicle Trader])" in market zone "The Holler" (pos=<5632.000000, 32.000000, 5392.000000>).
14:24:32.113 [VehicleDeleted] Expansion_Landrover (id=42B5B18D69410006B6198EB47075BD74 pos=<0.003483, 1.001841, 0.340070>)
14:24:32.125 [Market] Player "Bunker" (id=BlCTbSRV5QYaEKP-S_Hg4CG7zCAg90tKLTciEKHy8Pc=) has bought expansion_landrover x1 from the trader "Vehicles (Lewis [Vehicle Trader])" in market zone "The Holler" (pos=<5632.000000, 32.000000, 5392.000000>) for a price of 84520.
14:24:52.011 [Market] Player "Bunker" (id=BlCTbSRV5QYaEKP-S_Hg4CG7zCAg90tKLTciEKHy8Pc=) has send a requested to sell expansion_landrover x1 at the trader "Vehicles (Lewis [Vehicle Trader])" in market zone "The Holler" (pos=<5632.000000, 32.000000, 5392.000000>).
14:24:52.085 [VehicleDeleted] Expansion_Landrover (id=942CFDFE55476D6DC2C1D89FE363A52C pos=<5601.254883, 28.678497, 5358.299805>)
14:24:52.089 [Market] Player "Bunker" (id=BlCTbSRV5QYaEKP-S_Hg4CG7zCAg90tKLTciEKHy8Pc=) has sold expansion_landrover x1 at the trader "Vehicles (Lewis [Vehicle Trader])" in market zone "The Holler" (pos=<5632.000000, 32.000000, 5392.000000>) and got 63389.
14:26:08.839 [Market] Player "Bunker" (id=BlCTbSRV5QYaEKP-S_Hg4CG7zCAg90tKLTciEKHy8Pc=) has send a requested to purchase pelt_ghosthound x1 from the trader "Hunting (Helga [Hunting Trader])" in market zone "The Holler" (pos=<5632.000000, 32.000000, 5392.000000>).
14:26:08.886 [Market] Player "Bunker" (id=BlCTbSRV5QYaEKP-S_Hg4CG7zCAg90tKLTciEKHy8Pc=) has bought pelt_ghosthound x1 from the trader "Hunting (Helga [Hunting Trader])" in market zone "The Holler" (pos=<5632.000000, 32.000000, 5392.000000>) for a price of 2.
