************************** 2024-03-17T10:00:26+00:00 **************************
2024-03-17T10:00:26+00:00 | [INFO	] GameLabs v1.932 start for server b5de121d-c4a6-4b13-8608-0fb8d49d515f
2024-03-17T10:00:29+00:00 | [INFO	] Server up (GameLabs v1.932)
2024-03-17T10:00:29+00:00 | [INFO	] RPC interface initiated and handler registered
2024-03-17T10:00:29+00:00 | [INFO	] Experimental speed check is enabled
2024-03-17T10:00:29+00:00 | [WARN	] "ActionDismantleBBP" has been added as monitored action by a third party application
2024-03-17T11:00:29+00:00 | [ERROR	] ServerPoll2 errorCode(5)
2024-03-17T11:00:29+00:00 | [ERROR	] GameLabs API error, reauthenticating...
2024-03-17T11:00:29+00:00 | [WARN	] RegisterAsync re-authorized
2024-03-17T12:00:34+00:00 | [ERROR	] ServerPoll2 errorCode(5)
2024-03-17T12:00:34+00:00 | [ERROR	] GameLabs API error, reauthenticating...
2024-03-17T12:00:35+00:00 | [WARN	] RegisterAsync re-authorized
2024-03-17T13:00:39+00:00 | [ERROR	] ServerPoll2 errorCode(5)
2024-03-17T13:00:39+00:00 | [ERROR	] GameLabs API error, reauthenticating...
2024-03-17T13:00:40+00:00 | [WARN	] RegisterAsync re-authorized
2024-03-17T13:40:20+00:00 | [WARN	] [Heal] SurvivorBase<10179360>
2024-03-17T13:41:55+00:00 | [WARN	] [Spawn] Spawning Shovel (x1) for SurvivorBase<10179360>
2024-03-17T13:53:39+00:00 | [ERROR	] ServerPoll2 errorCode(8)
2024-03-17T13:53:44+00:00 | [ERROR	] ServerPoll2 errorCode(8)
2024-03-17T13:53:49+00:00 | [ERROR	] ServerPoll2 errorCode(8)
2024-03-17T13:53:54+00:00 | [ERROR	] ServerPoll2 errorCode(8)
2024-03-17T13:53:59+00:00 | [ERROR	] ServerPoll2 errorCode(8)
2024-03-17T13:54:04+00:00 | [ERROR	] ServerPoll2 errorCode(8)
2024-03-17T13:54:09+00:00 | [ERROR	] ServerPoll2 errorCode(8)
2024-03-17T13:54:14+00:00 | [ERROR	] ServerPoll2 errorCode(8)
2024-03-17T13:54:19+00:00 | [ERROR	] ServerPoll2 errorCode(8)
2024-03-17T13:54:24+00:00 | [ERROR	] ServerPoll2 errorCode(8)
2024-03-17T13:54:29+00:00 | [ERROR	] ServerPoll2 errorCode(8)
2024-03-17T13:54:34+00:00 | [ERROR	] ServerPoll2 errorCode(8)
2024-03-17T14:00:45+00:00 | [ERROR	] ServerPoll2 errorCode(5)
2024-03-17T14:00:45+00:00 | [ERROR	] GameLabs API error, reauthenticating...
2024-03-17T14:00:45+00:00 | [WARN	] RegisterAsync re-authorized
2024-03-17T14:12:35+00:00 | [WARN	] [Spawn] Spawning BBP_Cement_Mixer_Kit (x1) for SurvivorBase<10179360>
2024-03-17T14:19:35+00:00 | [WARN	] [Spawn] Spawning CableReel (x1) for SurvivorBase<10179360>
2024-03-17T14:50:26+00:00 | [WARN	] ********* EXPERIMENTAL FEATURE *********
2024-03-17T14:50:26+00:00 | [WARN	] THIS MAY BE A FALSE POSITIVE; DO NOT BLANKET BAN
2024-03-17T14:50:26+00:00 | [WARN	] [SPEED-HACK] Potential speed-hack player=76561197967990536, distance=21.388u, unitsPerSecond=8.55522 [threshold=8, inVehicle=0, triggers=1])
2024-03-17T14:50:26+00:00 | [WARN	] THIS MAY BE A FALSE POSITIVE; DO NOT BLANKET BAN
2024-03-17T14:50:26+00:00 | [WARN	] ****************************************
